 -0.4815 -180.0091    0.0964   -0.1493    0.0636    0.0000    0.0000    0.0000    0.0000    0.0000    0.0000    4.2240   -0.0085    0.0059   -1.0122    0.0026    0.0000    0.0000    0.0000    0.0000    0.0204 
   8.6967    0.0025   -0.4159   -0.4698 -180.0080   -0.0256   -0.0272   -0.0584    0.0000    0.0000    0.0000    0.0000    0.0000    0.0000    4.2320   -0.0085    0.0073   -1.0103    0.0026    0.0000    0.0000    0.0000    0.0000    0.0204 
   8.7258    0.0025   -0.4503   -0.4519 -180.0070   -0.0256   -0.0883    0.0636    0.0000    0.0000    0.0000    0.0000    0.0000    0.0000    4.2320   -0.0071    0.0081   -1.0063    0.0022    0.0000    0.0000    0.0000    0.0000    0.0204 
   8.7508    0.0025   -0.3993   -0.4876 -180.0090    0.1575   -0.0272    0.0026    0.0000    0.0000    0.0000    0.0000    0.0000    0.0000    4.2240   -0.0088    0.0078   -1.0110    0.0020    0.0000    0.0000    0.0000    0.0000    0.0204 
   8.7797    0.0025   -0.3916   -0.4801 -180.0091    0.0354   -0.0272    0.0026    0.0000    0.0000    0.0000    0.0000    0.0000    0.0000    4.2320   -0.0071    0.0066   -1.0125    0.0020    0.0000    0.0000    0.0000    0.0000    0.0204 
   8.8087    0.0025   -0.3797   -0.4851 -180.0091    0.0354    0.0948    0.0026    0.0000    0.0000    0.0000    0.0000    0.0000    0.0000    4.2320   -0.0098    0.0068   -1.0139    0.0022    0.0000    0.0000    0.0000    0.0000    0.0203 
   8.8337    0.0025   -0.3996   -0.4445 -180.0083    0.0964    0.0338    0.1857    0.0000    0.0000    0.0000    0.0000    0.0000    0.0000    4.2320   -0.0063    0.0063   -1.0151    0.0022    0.0000    0.0000    0.0000    0.0000    0.0203 
   8.8628    0.0025   -0.3948   -0.4601 -180.0087   -0.0256    0.1559   -0.1195    0.0000    0.0000    0.0000    0.0000    0.0000    0.0000    4.2320   -0.0061    0.0088   -1.0098    0.0019    0.0000    0.0000    0.0000    0.0000    0.0203 
   8.8919    0.0025   -0.3610   -0.4961 -180.0081   -0.0867    0.0338    0.0026    0.0000    0.0000    0.0000    0.0000    0.0000    0.0000    4.2320   -0.0093    0.0068   -1.0132    0.0029    0.0000    0.0000    0.0000    0.0000    0.0203 
   8.9170    0.0026   -0.4190   -0.4808 -180.0087    0.0964   -0.0883    0.0026    0.0000    0.0000    0.0000    0.0000    0.0000    0.0000    4.2320   -0.0090    0.0083   -1.0122    0.0029    0.0000    0.0000    0.0000    0.0000    0.0203 
   8.9460    0.0025   -0.3450   -0.4564 -180.0075    0.1575   -0.0272    0.1247    0.0000    0.0000    0.0000    0.0000    0.0000    0.0000    4.2320   -0.0071    0.0034   -1.0132    0.0028    0.0000    0.0000    0.0000    0.0000    0.0203 
   8.9710    0.0025   -0.3381   -0.4983 -180.0103    0.0354    0.0338    0.0026    0.0000    0.0000    0.0000    0.0000    0.0000    0.0000    4.2240   -0.0098    0.0054   -1.0134    0.0042    0.0000    0.0000    0.0000    0.0000    0.0205 
   9.0000    0.0025   -0.3437   -0.4276 -180.0084    0.0354   -0.0272    0.0026    0.0000    0.0000    0.0000    0.0000    0.0000    0.0000    4.2320   -0.0071    0.0042   -1.0103    0.0042    0.0000    0.0000    0.0000    0.0000    0.0205 
   9.0290    0.0025   -0.3849   -0.4245 -180.0085   -0.0256   -0.0272   -0.0584    0.0000    0.0000    0.0000    0.0000    0.0000    0.0000    4.2320   -0.0054    0.0078   -1.0149    0.0040    0.0000    0.0000    0.0000    0.0000    0.0205 
   9.0541    0.0025   -0.3688   -0.4632 -180.0088    0.0964    0.0338    0.0026    0.0000    0.0000    0.0000    0.0000    0.0000    0.0000    4.2320   -0.0068    0.0068   -1.0103    0.0040    0.0000    0.0000    0.0000    0.0000    0.0205 
   9.0831    0.0025   -0.3116   -0.4871 -180.0084   -0.0867    0.0948    0.0636    0.0000    0.0000    0.0000    0.0000    0.0000    0.0000    4.2320   -0.0085    0.0032   -1.0105    0.0062    0.0000    0.0000    0.0000    0.0000    0.0210 
   9.1122    0.0025   -0.3872   -0.4869 -180.0088    0.0964   -0.0883    0.0026    0.0000    0.0000    0.0000    0.0000    0.0000    0.0000    4.2320   -0.0081    0.0073   -1.0117    0.0059    0.0000    0.0000    0.0000    0.0000    0.0209 
   9.1372    0.0025   -0.4251   -0.5086 -180.0082    0.0354    0.0338    0.0026    0.0000    0.0000    0.0000    0.0000    0.0000    0.0000    4.2320   -0.0085    0.0076   -1.0125    0.0059    0.0000    0.0000    0.0000    0.0000    0.0209 
   9.1662    0.0025   -0.3787   -0.4955 -180.0084   -0.0256    0.0338    0.0026    0.0000    0.0000    0.0000    0.0000    0.0000    0.0000    4.2320   -0.0085    0.0066   -1.0100    0.0064    0.0000    0.0000    0.0000    0.0000    0.0211 
   9.1912    0.0025   -0.4040   -0.4543 -180.0083    0.0354   -0.0272   -0.0584    0.0000    0.0000    0.0000    0.0000    0.0000    0.0000    4.2240   -0.0071    0.0051   -1.0095    0.0051    0.0000    0.0000    0.0000    0.0000    0.0210 
   9.2202    0.0025   -0.3420   -0.4551 -180.0077    0.1575   -0.0272    0.0026    0.0000    0.0000    0.0000    0.0000    0.0000    0.0000    4.2320   -0.0120    0.0071   -1.0129    0.0051    0.0000    0.0000    0.0000    0.0000    0.0210 
   9.2492    0.0025   -0.3691   -0.5330 -180.0091    0.0964   -0.0272   -0.1195    0.0000    0.0000    0.0000    0.0000    0.0000    0.0000    4.2320   -0.0103    0.0071   -1.0132    0.0053    0.0000    0.0000    0.0000    0.0000    0.0212 
   9.2742    0.0025   -0.3753   -0.4777 -180.0096   -0.0256    0.0338   -0.0584    0.0000    0.0000    0.0000    0.0000    0.0000    0.0000    4.2320   -0.0066    0.0054   -1.0166    0.0053    0.0000    0.0000    0.0000    0.0000    0.0212 
   9.3033    0.0025   -0.3697   -0.5015 -180.0096   -0.0867   -0.0272    0.0636    0.0000    0.0000    0.0000    0.0000    0.0000    0.0000    4.2320   -0.0083    0.0059   -1.0112    0.0051    0.0000    0.0000    0.0000    0.0000    0.0211 
   9.3323    0.0025   -0.4158   -0.4814 -180.0090    0.0964   -0.0272    0.0636    0.0000    0.0000    0.0000    0.0000    0.0000    0.0000    4.2320   -0.0100    0.0081   -1.0095    0.0045    0.0000    0.0000    0.0000    0.0000    0.0212 
   9.3573    0.0025   -0.4004   -0.4592 -180.0069    0.0964    0.0338    0.0636    0.0000    0.0000    0.0000    0.0000    0.0000    0.0000    4.2320   -0.0076    0.0083   -1.0073    0.0045    0.0000    0.0000    0.0000    0.0000    0.0212 
   9.3864    0.0025   -0.4002   -0.4643 -180.0075    0.0354   -0.0883   -0.0584    0.0000    0.0000    0.0000    0.0000    0.0000    0.0000    4.2240   -0.0090    0.0056   -1.0149    0.0044    0.0000    0.0000    0.0000    0.0000    0.0211 
   9.4116    0.0025   -0.3558   -0.4047 -180.0079   -0.0256    0.0338    0.0026    0.0000    0.0000    0.0000    0.0000    0.0000    0.0000    4.2320   -0.0073    0.0063   -1.0115    0.0053    0.0000    0.0000    0.0000    0.0000    0.0214 
   9.4406    0.0025   -0.3253   -0.4330 -180.0075    0.0354   -0.0272   -0.1195    0.0000    0.0000    0.0000    0.0000    0.0000    0.0000    4.2320   -0.0054    0.0063   -1.0149    0.0053    0.0000    0.0000    0.0000    0.0000    0.0214 
   9.4696    0.0025   -0.4409   -0.4341 -180.0062   -0.0256   -0.0272    0.0026    0.0000    0.0000    0.0000    0.0000    0.0000    0.0000    4.2320   -0.0068    0.0083   -1.0127    0.0051    0.0000    0.0000    0.0000    0.0000    0.0215 
   9.4945    0.0025   -0.4052   -0.4843 -180.0076    0.0354   -0.0272   -0.0584    0.0000    0.0000    0.0000    0.0000    0.0000    0.0000    4.2320   -0.0093    0.0056   -1.0095    0.0051    0.0000    0.0000    0.0000    0.0000    0.0215 
   9.5236    0.0025   -0.3771   -0.4938 -180.0080    0.0354    0.0948    0.0636    0.0000    0.0000    0.0000    0.0000    0.0000    0.0000    4.2320   -0.0115    0.0063   -1.0117    0.0056    0.0000    0.0000    0.0000    0.0000    0.0215 
   9.5526    0.0025   -0.3552   -0.4849 -180.0078    0.0354    0.0338    0.0636    0.0000    0.0000    0.0000    0.0000    0.0000    0.0000    4.2320   -0.0085    0.0063   -1.0142    0.0046    0.0000    0.0000    0.0000    0.0000    0.0215 
   9.5776    0.0025   -0.3842   -0.5013 -180.0074    0.0354   -0.1493    0.0026    0.0000    0.0000    0.0000    0.0000    0.0000    0.0000    4.2320   -0.0095    0.0073   -1.0134    0.0046    0.0000    0.0000    0.0000    0.0000    0.0215 
   9.6066    0.0025   -0.3581   -0.4317 -180.0076    0.0964   -0.1493    0.0636    0.0000    0.0000    0.0000    0.0000    0.0000    0.0000    4.2320   -0.0056    0.0061   -1.0129    0.0036    0.0000    0.0000    0.0000    0.0000    0.0216 
   9.6316    0.0025   -0.4048   -0.4432 -180.0082    0.0964   -0.0272    0.1247    0.0000    0.0000    0.0000    0.0000    0.0000    0.0000    4.2320   -0.0078    0.0066   -1.0156    0.0055    0.0000    0.0000    0.0000    0.0000    0.0218 
   9.6606    0.0025   -0.4241   -0.4184 -180.0095    0.0354    0.0338    0.0026    0.0000    0.0000    0.0000    0.0000    0.0000    0.0000    4.2320   -0.0054    0.0073   -1.0122    0.0055    0.0000    0.0000    0.0000    0.0000    0.0218 
   9.6896    0.0024   -0.3112   -0.4436 -180.0099    0.0354   -0.0272   -0.0584    0.0000    0.0000    0.0000    0.0000    0.0000    0.0000    4.2320   -0.0056    0.0054   -1.0134    0.0048    0.0000    0.0000    0.0000    0.0000    0.0217 
   9.7146    0.0025   -0.3969   -0.4994 -180.0115    0.0964    0.0338   -0.1195    0.0000    0.0000    0.0000    0.0000    0.0000    0.0000    4.2320   -0.0093    0.0100   -1.0105    0.0048    0.0000    0.0000    0.0000    0.0000    0.0217 
   9.7436    0.0025   -0.3872   -0.4392 -180.0113    0.1575   -0.0883    0.0636    0.0000    0.0000    0.0000    0.0000    0.0000    0.0000    4.2320   -0.0081    0.0059   -1.0122    0.0054    0.0000    0.0000    0.0000    0.0000    0.0219 
   9.7726    0.0025   -0.4522   -0.4397 -180.0114    0.0964    0.0948   -0.0584    0.0000    0.0000    0.0000    0.0000    0.0000    0.0000    4.2240   -0.0066    0.0088   -1.0129    0.0054    0.0000    0.0000    0.0000    0.0000    0.0219 
   9.7977    0.0025   -0.4023   -0.4651 -180.0123    0.0964   -0.0883   -0.0584    0.0000    0.0000    0.0000    0.0000    0.0000    0.0000    4.2320   -0.0093    0.0063   -1.0156    0.0054    0.0000    0.0000    0.0000    0.0000    0.0219 
   9.8267    0.0025   -0.3855   -0.4217 -180.0112    0.0964   -0.0883   -0.0584    0.0000    0.0000    0.0000    0.0000    0.0000    0.0000    4.2320   -0.0095    0.0056   -1.0093    0.0062    0.0000    0.0000    0.0000    0.0000    0.0221 
   9.8517    0.0025   -0.4041   -0.4594 -180.0116   -0.0256    0.1559    0.0636    0.0000    0.0000    0.0000    0.0000    0.0000    0.0000    4.2320   -0.0081    0.0059   -1.0093    0.0049    0.0000    0.0000    0.0000    0.0000    0.0220 
   9.8807    0.0025   -0.4072   -0.4966 -180.0130    0.0354   -0.0272    0.0636    0.0000    0.0000    0.0000    0.0000    0.0000    0.0000    4.2320   -0.0088    0.0073   -1.0129    0.0049    0.0000    0.0000    0.0000    0.0000    0.0220 
   9.9097    0.0025   -0.3636   -0.3876 -180.0122    0.0964    0.0948    0.0026    0.0000    0.0000    0.0000    0.0000    0.0000    0.0000    4.2320   -0.0061    0.0056   -1.0110    0.0037    0.0000    0.0000    0.0000    0.0000    0.0219 
   9.9347    0.0025   -0.4270   -0.5258 -180.0129    0.0354    0.1559    0.0026    0.0000    0.0000    0.0000    0.0000    0.0000    0.0000    4.2320   -0.0088    0.0093   -1.0115    0.0037    0.0000    0.0000    0.0000    0.0000    0.0219 
   9.9637    0.0025   -0.3796   -0.4109 -180.0120    0.0964    0.0948   -0.0584    0.0000    0.0000    0.0000    0.0000    0.0000    0.0000    4.2320   -0.0073    0.0068   -1.0142    0.0033    0.0000    0.0000    0.0000    0.0000    0.0216 
   9.9927    0.0025   -0.3427   -0.5227 -180.0129   -0.0256   -0.0272    0.0636    0.0000    0.0000    0.0000    0.0000    0.0000    0.0000    4.2320   -0.0105    0.0071   -1.0142    0.0024    0.0000    0.0000    0.0000    0.0000    0.0216 
  10.0177    0.0025   -0.4011   -0.4424 -180.0125    0.0964   -0.0272    0.0636    0.0000    0.0000    0.0000    0.0000    0.0000    0.0000    4.2320   -0.0071    0.0088   -1.0098    0.0024    0.0000    0.0000    0.0000    0.0000    0.0216 
  10.0468    0.0026   -0.3901   -0.4627 -180.0118    0.0964   -0.0883    0.1247    0.0000    0.0000    0.0000    0.0000    0.0000    0.0000    4.2320   -0.0071    0.0068   -1.0105    0.0007    0.0000    0.0000    0.0000    0.0000    0.0213 
  10.0717    0.0025   -0.3963   -0.4192 -180.0119    0.0354   -0.0272    0.0636    0.0000    0.0000    0.0000    0.0000    0.0000    0.0000    4.2320   -0.0071    0.0073   -1.0132    0.0013    0.0000    0.0000    0.0000    0.0000    0.0213 
  10.1007    0.0025   -0.3315   -0.5289 -180.0124    0.1575    0.0338    0.0026    0.0000    0.0000    0.0000    0.0000    0.0000    0.0000    4.2320   -0.0090    0.0061   -1.0105    0.0013    0.0000    0.0000    0.0000    0.0000    0.0213 
  10.1297    0.0025   -0.3580   -0.4681 -180.0119    0.0354   -0.1493    0.0636    0.0000    0.0000    0.0000    0.0000    0.0000    0.0000    4.2320   -0.0090    0.0098   -1.0098    0.0020    0.0000    0.0000    0.0000    0.0000    0.0212 
  10.1547    0.0025   -0.3788   -0.5117 -180.0126   -0.0256    0.0948    0.0026    0.0000    0.0000    0.0000    0.0000    0.0000    0.0000    4.2320   -0.0100    0.0017   -1.0115    0.0020    0.0000    0.0000    0.0000    0.0000    0.0212 
  10.1838    0.0025   -0.4323   -0.4562 -180.0128   -0.0256   -0.0272   -0.1195    0.0000    0.0000    0.0000    0.0000    0.0000    0.0000    4.2320   -0.0076    0.0063   -1.0110    0.0006    0.0000    0.0000    0.0000    0.0000    0.0210 
  10.2128    0.0025   -0.3815   -0.4513 -180.0140    0.0964   -0.0272    0.0026    0.0000    0.0000    0.0000    0.0000    0.0000    0.0000    4.2320   -0.0073    0.0081   -1.0127    0.0002    0.0000    0.0000    0.0000    0.0000    0.0208 
  10.2379    0.0026   -0.3741   -0.4028 -180.0146    0.0354    0.0338   -0.0584    0.0000    0.0000    0.0000    0.0000    0.0000    0.0000    4.2240   -0.0046    0.0061   -1.0107    0.0002    0.0000    0.0000    0.0000    0.0000    0.0208 
  10.2670    0.0025   -0.3691   -0.4876 -180.0144   -0.0867   -0.0272   -0.0584    0.0000    0.0000    0.0000    0.0000    0.0000    0.0000    4.2320   -0.0095    0.0078   -1.0132   -0.0008    0.0000    0.0000    0.0000    0.0000    0.0207 
  10.2920    0.0025   -0.4297   -0.4647 -180.0151    0.1575   -0.0272    0.0636    0.0000    0.0000    0.0000    0.0000    0.0000    0.0000    4.2320   -0.0103    0.0098   -1.0100   -0.0015    0.0000    0.0000    0.0000    0.0000    0.0205 
  10.3209    0.0025   -0.3914   -0.4614 -180.0141   -0.0256    0.0948    0.0636    0.0000    0.0000    0.0000    0.0000    0.0000    0.0000    4.2320   -0.0073    0.0061   -1.0112   -0.0015    0.0000    0.0000    0.0000    0.0000    0.0205 
  10.3500    0.0025   -0.4304   -0.4535 -180.0137    0.0964    0.0338    0.0636    0.0000    0.0000    0.0000    0.0000    0.0000    0.0000    4.2320   -0.0095    0.0090   -1.0081   -0.0019    0.0000    0.0000    0.0000    0.0000    0.0204 
  10.3750    0.0025   -0.3994   -0.4758 -180.0136   -0.0256    0.0338    0.0026    0.0000    0.0000    0.0000    0.0000    0.0000    0.0000    4.2320   -0.0100    0.0061   -1.0085   -0.0019    0.0000    0.0000    0.0000    0.0000    0.0204 
  10.4041    0.0025   -0.4597   -0.4590 -180.0144    0.1575   -0.0272    0.0026    0.0000    0.0000    0.0000    0.0000    0.0000    0.0000    4.2320   -0.0068    0.0120   -1.0132   -0.0017    0.0000    0.0000    0.0000    0.0000    0.0202 
  10.4331    0.0025   -0.3605   -0.4821 -180.0149   -0.2087   -0.0272   -0.0584    0.0000    0.0000    0.0000    0.0000    0.0000    0.0000    4.2320   -0.0090    0.0066   -1.0134   -0.0021    0.0000    0.0000    0.0000    0.0000    0.0201 
  10.4581    0.0025   -0.4078   -0.4898 -180.0154    0.0964    0.0338    0.0026    0.0000    0.0000    0.0000    0.0000    0.0000    0.0000    4.2320   -0.0083    0.0061   -1.0151   -0.0021    0.0000    0.0000    0.0000    0.0000    0.0201 
  10.4872    0.0025   -0.4280   -0.4444 -180.0151   -0.0256    0.0948    0.0026    0.0000    0.0000    0.0000    0.0000    0.0000    0.0000    4.2320   -0.0081    0.0093   -1.0142   -0.0009    0.0000    0.0000    0.0000    0.0000    0.0203 
  10.5122    0.0025   -0.3716   -0.4998 -180.0154    0.0354    0.0338    0.0636    0.0000    0.0000    0.0000    0.0000    0.0000    0.0000    4.2320   -0.0095    0.0066   -1.0100   -0.0013    0.0000    0.0000    0.0000    0.0000    0.0202 
  10.5411    0.0025   -0.4168   -0.4586 -180.0146   -0.0256    0.0338    0.0026    0.0000    0.0000    0.0000    0.0000    0.0000    0.0000    4.2320   -0.0083    0.0068   -1.0117   -0.0013    0.0000    0.0000    0.0000    0.0000    0.0202 
  10.5702    0.0025   -0.4535   -0.4350 -180.0146    0.0964   -0.0272    0.1247    0.0000    0.0000    0.0000    0.0000    0.0000    0.0000    4.2240   -0.0059    0.0088   -1.0127    0.0001    0.0000    0.0000    0.0000    0.0000    0.0203 
  10.5952    0.0025   -0.4159   -0.4708 -180.0145    0.0354   -0.0883   -0.1195    0.0000    0.0000    0.0000    0.0000    0.0000    0.0000    4.2320   -0.0034    0.0078   -1.0103    0.0001    0.0000    0.0000    0.0000    0.0000    0.0203 
  10.6243    0.0025   -0.3855   -0.4429 -180.0151   -0.0256   -0.0272   -0.0584    0.0000    0.0000    0.0000    0.0000    0.0000    0.0000    4.2320   -0.0071    0.0049   -1.0103   -0.0002    0.0000    0.0000    0.0000    0.0000    0.0203 
  10.6532    0.0025   -0.4248   -0.5134 -180.0173    0.0964    0.0338    0.0026    0.0000    0.0000    0.0000    0.0000    0.0000    0.0000    4.2320   -0.0098    0.0083   -1.0139   -0.0007    0.0000    0.0000    0.0000    0.0000    0.0204 
  10.6783    0.0025   -0.3994   -0.4615 -180.0178    0.0354    0.0338   -0.0584    0.0000    0.0000    0.0000    0.0000    0.0000    0.0000    4.2240   -0.0083    0.0078   -1.0127   -0.0007    0.0000    0.0000    0.0000    0.0000    0.0204 
  10.7073    0.0025   -0.5094   -0.4787 -180.0191    0.0354   -0.0272    0.0026    0.0000    0.0000    0.0000    0.0000    0.0000    0.0000    4.2320   -0.0088    0.0105   -1.0090    0.0000    0.0000    0.0000    0.0000    0.0000    0.0203 
  10.7323    0.0025   -0.3398   -0.5152 -180.0187    0.0354   -0.0883   -0.0584    0.0000    0.0000    0.0000    0.0000    0.0000    0.0000    4.2320   -0.0107    0.0049   -1.0125    0.0018    0.0000    0.0000    0.0000    0.0000    0.0207 
  10.7613    0.0025   -0.3340   -0.4815 -180.0185    0.1575    0.0338    0.1857    0.0000    0.0000    0.0000    0.0000    0.0000    0.0000    4.2320   -0.0100    0.0095   -1.0122    0.0018    0.0000    0.0000    0.0000    0.0000    0.0207 
  10.7904    0.0025   -0.4147   -0.5467 -180.0190    0.0354    0.0948   -0.1805    0.0000    0.0000    0.0000    0.0000    0.0000    0.0000    4.2320   -0.0095    0.0076   -1.0105    0.0028    0.0000    0.0000    0.0000    0.0000    0.0206 
  10.8154    0.0025   -0.4074   -0.4250 -180.0183   -0.0256   -0.1493    0.0636    0.0000    0.0000    0.0000    0.0000    0.0000    0.0000    4.2320   -0.0056    0.0068   -1.0142    0.0028    0.0000    0.0000    0.0000    0.0000    0.0206 
  10.8446    0.0025   -0.3690   -0.5126 -180.0185    0.1575   -0.0272    0.0636    0.0000    0.0000    0.0000    0.0000    0.0000    0.0000    4.2320   -0.0093    0.0046   -1.0110    0.0037    0.0000    0.0000    0.0000    0.0000    0.0212 
  10.8735    0.0025   -0.4289   -0.4083 -180.0169    0.0964    0.0338    0.1247    0.0000    0.0000    0.0000    0.0000    0.0000    0.0000    4.2320   -0.0066    0.0090   -1.0134    0.0035    0.0000    0.0000    0.0000    0.0000    0.0210 
  10.8985    0.0025   -0.3749   -0.4846 -180.0165    0.0354   -0.0883    0.0026    0.0000    0.0000    0.0000    0.0000    0.0000    0.0000    4.2320   -0.0098    0.0073   -1.0125    0.0035    0.0000    0.0000    0.0000    0.0000    0.0210 
  10.9276    0.0025   -0.4569   -0.4423 -180.0161   -0.0867   -0.0272    0.1247    0.0000    0.0000    0.0000    0.0000    0.0000    0.0000    4.2320   -0.0081    0.0081   -1.0078    0.0057    0.0000    0.0000    0.0000    0.0000    0.0215 
  10.9526    0.0025   -0.4496   -0.4714 -180.0169    0.0354   -0.0272   -0.0584    0.0000    0.0000    0.0000    0.0000    0.0000    0.0000    4.2320   -0.0083    0.0083   -1.0125    0.0051    0.0000    0.0000    0.0000    0.0000    0.0214 
  10.9817    0.0025   -0.3967   -0.4236 -180.0165   -0.0867   -0.0272    0.0026    0.0000    0.0000    0.0000    0.0000    0.0000    0.0000    4.2320   -0.0051    0.0059   -1.0115    0.0051    0.0000    0.0000    0.0000    0.0000    0.0214 
  11.0107    0.0025   -0.3853   -0.4441 -180.0172    0.0964    0.0338   -0.0584    0.0000    0.0000    0.0000    0.0000    0.0000    0.0000    4.2320   -0.0076    0.0085   -1.0127    0.0051    0.0000    0.0000    0.0000    0.0000    0.0219 
  11.0357    0.0025   -0.3834   -0.4764 -180.0163    0.0964   -0.0272    0.1247    0.0000    0.0000    0.0000    0.0000    0.0000    0.0000    4.2320   -0.0085    0.0083   -1.0115    0.0051    0.0000    0.0000    0.0000    0.0000    0.0219 
  11.0648    0.0025   -0.4314   -0.5410 -180.0168    0.0964   -0.0272    0.1247    0.0000    0.0000    0.0000    0.0000    0.0000    0.0000    4.2320   -0.0117    0.0044   -1.0110    0.0048    0.0000    0.0000    0.0000    0.0000    0.0218 
  11.0938    0.0025   -0.4294   -0.4631 -180.0163    0.0964   -0.0883   -0.0584    0.0000    0.0000    0.0000    0.0000    0.0000    0.0000    4.2320   -0.0085    0.0054   -1.0098    0.0063    0.0000    0.0000    0.0000    0.0000    0.0222 
  11.1189    0.0025   -0.4707   -0.4710 -180.0163    0.0354   -0.0883    0.1857    0.0000    0.0000    0.0000    0.0000    0.0000    0.0125    4.2320   -0.0083    0.0083   -1.0098    0.0063    0.0228    0.0000    0.0000    0.0000    0.0222 
  11.1480    0.0025   -0.4824   -0.5211 -180.0170    0.0964   -0.1493    0.0636    0.0000    0.0000    0.0000    0.0000    0.0000    0.0250    4.2240   -0.0100    0.0085   -1.0125    0.0062    0.0228    0.0000    0.0000    0.0000    0.0219 
  11.1730    0.0025   -0.3706   -0.4773 -180.0169    0.1575   -0.0272    0.0026    0.0000    0.0000    0.0000    0.0000    0.0000    0.0458    4.2160   -0.0090    0.0051   -1.0088    0.0062    0.0228    0.0000    0.0000    0.0000    0.0223 
  11.2022    0.0025   -0.3760   -0.4721 -180.0163    0.0354    0.0338    0.0026    0.0000    0.0000    0.0000    0.0000    0.0000    0.0500    4.2240   -0.0078    0.0076   -1.0122    0.0062    0.0228    0.0000    0.0000    0.0000    0.0223 
  11.2313    0.0025   -0.3477   -0.4519 -180.0170   -0.0256    0.0338   -0.1195    0.0000    0.0000    0.0000    0.0000    0.0000    0.0625    4.2240   -0.0076    0.0076   -1.0127    0.0050    0.0228    0.0000    0.0000    0.0000    0.0220 
  11.2563    0.0025   -0.3847   -0.3977 -180.0170    0.0354   -0.0883    0.1247    0.0000    0.0000    0.0000    0.0000    0.0000    0.0750    4.2320   -0.0054    0.0071   -1.0137    0.0050    0.0228    0.0000    0.0000    0.0000    0.0220 
  11.2855    0.0025   -0.3671   -0.4670 -180.0177    0.0964    0.0338   -0.1195    0.0000    0.0000    0.0000    0.0000    0.0000    0.0875    4.2320   -0.0083    0.0063   -1.0132    0.0057    0.0228    0.0000    0.0000    0.0000    0.0223 
  11.3146    0.0025   -0.4193   -0.4155 -180.0171   -0.0867    0.0338   -0.0584    0.0352    0.0176   14.0542   11.0795   -0.1318    0.1089    4.2240    0.0027    0.0176   -1.0134    0.0050    0.0228    0.0937    0.1137    0.1345    0.0222 
  11.3397    0.0024   -0.4452   -0.4370 -180.0130   -0.3308    1.5597    0.3078    0.0176   -0.0176    3.3408    2.4487    0.0000    0.1214    4.1200    0.0134   -0.0193   -1.0547    0.0050    0.0228    0.0803    0.1146    0.1595    0.0222 
  11.3688    0.0025   -0.4204   -0.4451 -180.0283   -0.1477    0.2169   -5.4295   -0.0703    0.0176    1.8019    4.1152   -0.3955    0.1357    4.0880    0.0039    0.0266   -1.0115    0.0013    0.0227    0.0831    0.0646    0.2097    0.0225 
  11.3938    0.0025   -0.4163   -0.4478 -180.0154    0.0354   -0.0272   -2.6830   -0.0176    0.0176    1.7650    2.1021    0.1318    0.1483    4.0880    0.1079    0.0308   -1.0112    0.0011    0.0228    0.0810    0.1095    0.2117    0.0224 
  11.4230    0.0025   -0.4258   -0.4720 -180.0288   -3.5657    0.0948   -8.1151   -0.0703    0.0527    2.6878    4.9127   -0.1318    0.1608    4.0160   -0.2175   -0.0901   -1.0300    0.0011    0.0228    0.0000    0.0000    0.3964    0.0224 
  11.4521    0.0025   -0.3980   -0.3623 -179.9973   11.0217    9.0670   11.4772   -0.0176    0.0352    1.7971   -0.0075    0.3955    0.1870    3.9600    0.2419    0.1553   -0.8669   -0.0263    0.0228    0.3818    0.5303    0.0000    0.0224 
  11.4771    0.0025   -0.3677   -0.4161 -179.9083   11.9373   -1.9804   23.8063   -0.0352    0.0352    0.1421    4.9294    0.0000    0.1995    3.9520   -0.1653   -0.1135   -0.9202   -0.0263    0.0228    0.7509    0.7795    0.0000    0.0224 
  11.5065    0.0025   -0.4664   -0.4294 -179.6805  -11.3171    2.7193   -3.8426   -0.0703    0.0352    5.7331    2.9806    0.0000    0.2436    3.8480   -0.1760    0.2969   -0.9902   -0.0893    0.0228    0.3075    0.3814    0.2034    0.0216 
  11.5358    0.0025   -0.5767   -0.4568 -179.6142    1.6833  -11.8070    0.0636   -0.0352    0.0000    7.8199    3.4201   -0.3955    0.2716    3.9680   -0.0522   -0.0347   -1.1128   -0.1201    0.0231    0.3746    0.2298    0.1612    0.0192 
  11.5608    0.0025   -0.5679   -0.5029 -179.7079   -3.8708   -4.9100   -4.0868   -0.0879    0.0879    3.8556    8.1853    0.0000    0.2841    3.9680   -0.1094   -0.0696   -0.9919   -0.1201    0.0231    0.3789    0.2755    0.2367    0.0192 
  11.5900    0.0025   -0.6077   -0.5289 -179.8006   -1.6125   -2.7128   -0.1805   -0.0879    0.0527    5.2235    5.6399    0.0000    0.2760    3.9760    0.1042    0.2024   -0.9417   -0.0787    0.0233    0.1791    0.2250    0.3603    0.0167 
  11.6150    0.0025   -0.5624   -0.4693 -179.8137    4.6741   16.2081   -1.5233   -0.1230    0.0352    2.4986    2.9687   -0.1318    0.2646    3.9680   -0.0618   -0.1411   -1.1370   -0.0308    0.0235    0.1530    0.4357    0.3195    0.0154 
  11.6442    0.0025   -0.5629   -0.5401 -179.8296   -8.5095   -5.4594   -0.4857   -0.1055    0.0176    3.3430    4.7535   -0.1318    0.2771    3.9840    0.1343   -0.0837   -1.1218   -0.0308    0.0235    0.3710    0.1964    0.3060    0.0154 
  11.6733    0.0025   -0.5587   -0.3834 -180.0135   10.6555    0.1559  -13.3641   -0.0879    0.0176    1.0440    2.1030    0.0000    0.3016    3.9600   -0.1504   -0.1709   -0.7415   -0.0548    0.0234    0.2863    0.1847    0.2970    0.0160 
  11.6983    0.0025   -0.5505   -0.3648 -180.3044    5.3455    0.5831  -12.6317   -0.0527    0.0176    4.7471    0.5260   -0.1318    0.3141    3.9440    0.1143   -0.0178   -0.9395   -0.0548    0.0234    0.2050    0.3774    0.3043    0.0160 
  11.7276    0.0025   -0.5797   -0.3852 -180.4834   11.5710    2.5362  -10.8617   -0.1055    0.0176    3.0705    3.2100   -0.2637    0.3557    3.9120   -0.0654   -0.1582   -1.0261   -0.1128    0.0235    0.2089    0.3701    0.3801    0.0155 
  11.7568    0.0025   -0.5089   -0.3633 -180.7455    4.9182    0.5221   -5.0633   -0.1230    0.0176    1.2035    2.8098    0.2637    0.3981    3.8960    0.0210   -0.2148   -1.0793   -0.1725    0.0236    0.4205    0.4504    0.3581    0.0138 
  11.7818    0.0025   -0.5641   -0.2762 -180.9983  -10.2185   -3.3231  -10.3734   -0.0527    0.0527    6.1114    2.6774   -0.1318    0.4106    3.8720    0.0618    0.0288   -0.8923   -0.1725    0.0236    0.4241    0.3058    0.5158    0.0138 
  11.8110    0.0025   -0.5698   -0.2712 -181.1608    5.8948   -6.1308   -5.7957   -0.1230    0.0000    6.3063    1.0105    0.3955    0.4294    3.8640    0.0090    0.0432   -0.9900   -0.1848    0.0240    0.4001    0.3809    0.3729    0.0103 
  11.8360    0.0025   -0.4557   -0.1974 -181.3194    4.8572   -3.7504   -4.1478   -0.1582    0.0703   -1.0918    5.6266   -0.2637    0.4453    3.8400   -0.0171   -0.0847   -0.9539   -0.1913    0.0242    0.4670    0.4182    0.3555    0.0077 
  11.8652    0.0025   -0.3830   -0.2274 -181.3748   -3.5046    3.6349    1.6505   -0.0703    0.0527    6.0756    2.9978   -0.1318    0.4578    3.8400    0.1028    0.1143   -1.0544   -0.1913    0.0242    0.5465    0.4363    0.4918    0.0077 
  11.8943    0.0025   -0.5155   -0.4662 -181.2860    2.7820  -18.5819    8.9137   -0.1055    0.0352    4.4975    9.9531   -0.2637    0.4657    3.8160   -0.0881   -0.0481   -0.8394   -0.1819    0.0245    0.5898    0.5026    0.2839    0.0050 
  11.9194    0.0024   -0.2665   -0.4263 -181.0959   -3.3215    5.4049    9.5851   -0.1406    0.0176   -1.3873    1.4268    0.2637    0.4782    3.8240   -0.0454   -0.1060   -0.8318   -0.1819    0.0245    0.5639    0.5234    0.3793    0.0050 
  11.9486    0.0025   -0.4747   -0.5793 -180.8168    1.7444  -15.5302   13.2472   -0.1406    0.0176    2.5941   11.8968   -0.2637    0.4829    3.8320   -0.1116   -0.0813   -1.0339   -0.1662    0.0247    0.5999    0.4892    0.3039    0.0034 
  11.9778    0.0025   -0.3292   -0.7808 -180.4723   10.0452   -2.7128   15.0783   -0.0352    0.0176    3.6053    7.5442   -0.2637    0.4898    3.8080    0.0850   -0.0979   -1.0732   -0.1547    0.0248    0.5264    0.5788    0.4699    0.0021 
  12.0028    0.0025   -0.2371   -0.8120 -180.0963   -8.5706    1.1324   14.8952   -0.1230    0.0703    0.6368    7.3832   -0.2637    0.5023    3.8080    0.0129   -0.1360   -0.8677   -0.1547    0.0248    0.5586    0.5424    0.4865    0.0021 
  12.0321    0.0025   -0.6202   -0.9809 -179.7408  -10.6458  -13.3939   13.6134   -0.1758    0.0176   11.0975   10.1588    0.0000    0.4773    3.8240    0.0481    0.0876   -1.1362   -0.0798    0.0249    0.5835    0.4771    0.3940    0.0016 
  12.0571    0.0026   -0.7691   -1.1789 -179.4646   -1.8567    2.4752    8.6696   -0.1934    0.0703    6.2472   13.0838   -0.2637    0.4918    3.8080   -0.0149    0.0618   -0.9568   -0.0837    0.0247    0.5168    0.5466    0.4744    0.0031 
  12.0863    0.0025   -0.7042   -1.2766 -179.3448    4.0637  -12.7225    3.3595   -0.1758    0.0703    2.1246   15.1773   -0.1318    0.5043    3.8080   -0.0564    0.0015   -1.1794   -0.0837    0.0247    0.5766    0.4543    0.4208    0.0031 
  12.1155    0.0025   -0.7724   -1.4623 -179.2601    4.7961   -9.1215    4.1530   -0.2461    0.0352    3.2556   15.4037    0.0000    0.5287    3.7840    0.1814    0.0916   -1.1726   -0.1078    0.0246    0.5783    0.5494    0.4621    0.0042 
  12.1405    0.0025   -0.5346   -1.5358 -179.0798    7.4207   -5.2152    7.8761   -0.2988    0.0176   -3.9986   12.1628   -0.2637    0.5412    3.7680    0.0767    0.0308   -1.0435   -0.1078    0.0246    0.5520    0.5832    0.4855    0.0042 
  12.1698    0.0025   -0.6668   -1.7150 -178.8110  -11.3782   -7.1684   11.0500   -0.2285    0.0352    9.5562   18.2272    0.0000    0.5704    3.7520   -0.1013    0.0327   -1.0498   -0.1411    0.0246    0.6840    0.5288    0.5067    0.0043 
  12.1990    0.0025   -0.8532   -1.7428 -178.5709    2.8430    1.1324   10.1955   -0.2637    0.0352    5.5132   13.8008   -0.2637    0.6124    3.7040    0.4207   -0.0439   -1.2166   -0.2000    0.0247    0.6160    0.6822    0.5967    0.0035 
  12.2241    0.0025   -0.4908   -1.7329 -178.3259   14.8669   17.2457    9.4630   -0.2109    0.0352   -1.5250   11.9922    0.0000    0.6249    3.7120    0.0840   -0.1123   -0.7739   -0.2000    0.0247    0.5710    0.7386    0.6589    0.0035 
  12.2534    0.0025   -0.3851   -1.4608 -178.1105   -2.8943    0.2779    7.3878   -0.1934    0.0176    3.6354   11.1446   -0.3955    0.7754    3.5920    0.1858   -0.2925   -1.3550   -0.4757    0.0249    0.8723    0.7785    0.6672    0.0011 
  12.2784    0.0025   -0.4415   -1.5654 -177.9736   11.2048    0.8883    6.0451   -0.2637    0.0352   -1.5217   14.7962   -0.2637    0.7898    3.5840   -0.0034   -0.3247   -0.9275   -0.4787    0.0258    0.7947    0.8793    0.7301   -0.0080 
  12.3075    0.0025    0.5405   -1.5761 -177.8134   25.6091    9.8605    7.5099   -0.2461    0.0527  -16.0478   13.5289   -0.1318    0.8023    3.5680    0.0183    0.0198   -1.0588   -0.4787    0.0258    0.8430    0.9011    0.7848   -0.0080 
  12.3369    0.0025    0.3280   -1.5228 -177.8385  -40.3699   -6.3139    1.1623   -0.1758    0.0527   10.2189   18.9082   -0.3955    0.8306    3.4720   -0.2185    0.0737    0.1558   -0.5095    0.0265    0.9500    0.8693    0.6078   -0.0151 
  12.3618    0.0025   -0.4775   -1.5779 -177.7905   -7.7161   -2.5907    4.4582   -0.2637    0.1055    7.9623   16.2197   -0.5273    0.8431    3.5440    1.6099    0.2690   -2.0454   -0.5095    0.0265    0.8020    0.7791    0.8323   -0.0151 
  12.3911    0.0025   -0.4232   -1.5540 -177.7301   28.2336    2.7804   -2.3167   -0.1582    0.0352   -1.3828   14.6416    0.2637    0.7479    3.6720   -1.7241    0.2729   -0.9824   -0.3085    0.0272    0.6793    0.7898    0.6402   -0.0213 
  12.4202    0.0025    0.1023   -1.2990 -177.7077    8.0920   12.0577    0.9792   -0.1758    0.0352   -6.9297    8.8719   -0.1318    0.6411    3.7280   -0.0471   -0.1775   -1.0388   -0.0951    0.0270    0.6594    0.6776    0.6141   -0.0196 
  12.4453    0.0025   -0.0891   -1.0649 -177.7130  -19.0076    8.3346   -0.9740   -0.1582    0.0176    5.5957    7.8175   -0.1318    0.6411    3.7200   -0.0481    0.2888   -0.8472   -0.0951    0.0270    0.6832    0.5778    0.6797   -0.0196 
  12.4744    0.0025   -0.5552   -0.9097 -177.7541  -20.7166    3.8790   -2.3167   -0.1934    0.0352    9.7599    7.3851   -0.2637    0.6145    3.7360    0.2041    0.2107   -2.2910   -0.0437    0.0251    0.6488    0.5604    0.6299   -0.0007 
  12.4994    0.0024   -0.9024   -0.7287 -177.8238   -8.8147    8.3346   -4.2699   -0.2109    0.0352    8.5728    3.4180   -0.5273    0.5981    3.7120    0.1570    0.1836   -0.8635   -0.0132    0.0229    0.6057    0.5498    0.6502    0.0217 
  12.5285    0.0025   -0.8297   -0.5865 -177.9230    5.7117    2.9025   -3.7206   -0.1582    0.0176    3.1439    5.1810    0.1318    0.5981    3.7280    0.0234   -0.2700   -1.2844   -0.0132    0.0229    0.6194    0.5690    0.5801    0.0217 
  12.5577    0.0025   -0.6806   -0.4930 -178.0218    7.7258    3.1466   -3.5374   -0.2109    0.0703    0.2221    8.3103   -0.3955    0.5755    3.7440   -0.3347   -0.1169   -0.4795    0.0294    0.0203    0.5920    0.5381    0.5425    0.0472 
  12.5827    0.0025   -0.6145   -0.3938 -178.1435    0.6458    3.5738   -5.1854   -0.1758    0.0176    4.8706    4.4499    0.1318    0.5755    3.7520   -0.0627    0.0820   -1.0044    0.0294    0.0203    0.6033    0.5259    0.5803    0.0472 
  12.6119    0.0025   -0.6978   -0.2624 -178.2687   -7.4109    8.6398   -4.6971   -0.1582    0.0352    7.1107    0.5328   -0.6592    0.5286    3.7760    0.1206   -0.0623   -0.3923    0.1204    0.0174    0.5388    0.5373    0.5380    0.0766 
  12.6410    0.0025   -0.8215   -0.0980 -178.3930   -4.9695    6.8697   -4.8192   -0.1758    0.0176    8.1403   -0.6028   -0.1318    0.5135    3.7840    1.1484    0.0891   -0.9126    0.1469    0.0137    0.5191    0.5006    0.5284    0.1128 
  12.6660    0.0025   -0.8904    0.0170 -178.5036    0.0964    5.4659   -4.3309   -0.1758    0.0000    7.8710   -2.6387   -0.6592    0.5135    3.7920   -0.0083    0.0764   -0.9399    0.1469    0.0137    0.5064    0.5009    0.5687    0.1128 
  12.6952    0.0025   -0.7656    0.0318 -178.6130   10.0452    1.5597   -3.6595   -0.1582    0.0176    3.4197    1.5613    0.1318    0.4527    3.8480   -0.0874   -0.0371   -0.7417    0.2646    0.0100    0.4696    0.4278    0.4187    0.1507 
  12.7203    0.0025   -0.5561    0.0675 -178.7106    6.5662    3.2687   -3.9647   -0.1582    0.0000    0.2601   -0.7009   -0.3955    0.3962    3.8320    0.0642   -0.0176   -0.9919    0.3733    0.0056    0.3848    0.3917    0.4018    0.1943 
  12.7494    0.0024   -0.5864    0.0942 -178.8131    2.1106    5.2828   -3.3543   -0.1934    0.0000    5.2202   -0.8026   -0.1318    0.3962    3.8800   -0.0139    0.0269   -0.6926    0.3733    0.0056    0.4043    0.3927    0.3949    0.1943 
  12.7785    0.0025   -0.6159    0.0986 -178.9052   -1.9788    5.0387   -3.2933   -0.1406    0.0352    8.0514    0.5968   -0.5273    0.3817    3.8880   -0.0061    0.0444   -0.7170    0.3979    0.0013    0.4020    0.3686    0.3880    0.2373 
  12.8035    0.0025   -0.6361   -0.0115 -178.9762   -1.6125    6.8087   -2.0726   -0.1230    0.0176    5.1493    3.2597    0.1318    0.3817    3.8880   -0.0508    0.0012   -0.7112    0.3979    0.0013    0.4006    0.3579    0.3878    0.2373 
  12.8328    0.0025   -0.7436    0.0063 -179.0298    0.1575    9.6163   -2.0116   -0.1406    0.0352    8.2982   -0.1182   -0.2637    0.3747    3.8960    0.0090    0.0242   -0.6721    0.4077   -0.0029    0.3762    0.3745    0.4011    0.2795 
  12.8621    0.0025   -0.5127    0.2340 -179.0673    3.3923    6.8697   -1.4622   -0.1406    0.1230    1.5580    2.5421    0.0000    0.3904    3.8960   -0.0312   -0.0120   -0.6133    0.3721   -0.0072    0.4043    0.3777    0.3787    0.3226 
  12.8871    0.0026   -0.4171    0.1316 -179.1087    1.9275    7.2970   -1.8285   -0.1582    0.0176    2.6343    1.9827   -0.1318    0.3904    3.8800   -0.0315    0.0142   -0.6777    0.3721   -0.0072    0.4024    0.3708    0.3984    0.3226 
  12.9162    0.0025   -0.3935    0.0935 -179.1502    1.3782    6.5646   -1.7064   -0.1934    0.0527    1.1066    1.9077   -0.5273    0.3978    3.8720   -0.0071    0.0173   -0.6667    0.3533   -0.0112    0.4102    0.3866    0.3859    0.3620 
  12.9412    0.0025   -0.2496    0.1150 -179.1902    1.1951    5.5880   -1.4622   -0.1406    0.0176    0.4352   -0.8082   -0.2637    0.4206    3.8720   -0.0173   -0.0110   -0.6494    0.3042   -0.0146    0.4293    0.4148    0.4253    0.3963 
  12.9703    0.0025   -0.2423   -0.0609 -179.2201   -0.3308    3.1466   -0.9129   -0.1934    0.0879    0.6194    7.2002   -0.2637    0.4206    3.8560   -0.0259    0.0027   -0.7202    0.3042   -0.0146    0.4475    0.4067    0.4067    0.3963 
  12.9995    0.0025   -0.4233   -0.1105 -179.2443   -1.3684    4.9776   -0.9129   -0.1406    0.0352    7.0937    3.3385    0.0000    0.4376    3.8480    0.0039    0.0203   -0.6909    0.2674   -0.0174    0.4427    0.4261    0.4497    0.4241 
  13.0245    0.0025   -0.2779   -0.2125 -179.2669   -0.1477    2.8414   -1.6454   -0.1406    0.0879    1.4613    7.2242   -0.3955    0.4376    3.8480   -0.0540   -0.0054   -0.7695    0.2674   -0.0174    0.4539    0.3930    0.4579    0.4241 
  13.0537    0.0025   -0.4482   -0.1993 -179.2971    0.0964    2.4142   -0.5467   -0.1582    0.0176    4.2402    4.5413    0.2637    0.4464    3.8400   -0.0391   -0.0212   -0.6770    0.2476   -0.0197    0.4769    0.4201    0.4180    0.4475 
  13.0828    0.0025   -0.3763   -0.2266 -179.3280   -1.1853   -0.0272   -1.6454   -0.1934    0.0000    3.8762    1.8928   -0.3955    0.4669    3.8160    0.0110    0.0430   -0.7615    0.2047   -0.0214    0.5070    0.4295    0.4723    0.4644 
  13.1078    0.0025   -0.3079   -0.3512 -179.3729   -2.4060   -0.7597   -2.3167   -0.1582    0.0000    3.7741    4.9472    0.2637    0.4669    3.8160   -0.0320    0.0513   -0.8699    0.2047   -0.0214    0.4949    0.4267    0.4771    0.4644 
  13.1370    0.0026   -0.4088   -0.3111 -179.4361    1.5002    1.6207   -2.3778   -0.1582    0.0000    4.2415    1.2299   -0.3955    0.4989    3.7840    0.0212    0.0388   -0.8159    0.1393   -0.0229    0.5033    0.5101    0.5080    0.4797 
  13.1619    0.0025   -0.4055   -0.3084 -179.4957    2.4158    0.7052   -1.8285   -0.1406    0.0527    4.4786    5.6139   -0.6592    0.5352    3.8000    0.0308    0.2517   -0.7732    0.0661   -0.0237    0.5615    0.5362    0.5164    0.4868 
  13.1910    0.0025   -0.2916   -0.3640 -179.5461    4.4910   -1.1259   -0.7298   -0.1406    0.0176   -0.2244    6.1194   -0.2637    0.5352    3.7520    0.0330   -0.1604   -1.1350    0.0661   -0.0237    0.5486    0.5230    0.5167    0.4868 
  13.2202    0.0024   -0.2393   -0.4782 -179.5750   -4.1760   -4.5438   -0.8519   -0.1934    0.0879   -0.7780   10.6769   -0.1318    0.5532    3.7600   -0.0103   -0.0723   -1.0762    0.0300   -0.0237    0.5759    0.5124    0.5555    0.4867 
  13.2452    0.0025   -0.4587   -0.4940 -179.6065   -9.4861    2.4142   -1.5233   -0.1582    0.0000    5.4082    4.4900   -0.2637    0.5532    3.7600   -0.1406   -0.0281   -1.0801    0.0300   -0.0237    0.5662    0.5351    0.5870    0.4867 
  13.2744    0.0025   -0.5939   -0.5310 -179.6370  -10.0354    0.2779   -0.6688   -0.1230    0.0352    5.4481    6.1716   -0.3955    0.5865    3.7200    0.0093   -0.1157   -1.1887   -0.0362   -0.0233    0.6401    0.5324    0.6090    0.4830 
  13.3036    0.0025   -0.7792   -0.5594 -179.6649   -3.7488   -1.9804   -0.7909   -0.0879    0.0000    9.4325    7.5528   -0.1318    0.6007    3.7200   -0.3274   -0.0991   -0.5884   -0.0640   -0.0225    0.6464    0.5627    0.5625    0.4754 
  13.3286    0.0025   -0.8570   -0.5658 -179.6943   -4.1150   -1.6142   -0.7909   -0.2109    0.0527    3.0593    8.3942   -0.5273    0.6007    3.7120   -0.0569   -0.0254   -0.9873   -0.0640   -0.0225    0.6509    0.5418    0.5905    0.4754 
  13.3579    0.0025   -0.9123   -0.5313 -179.7172   -2.4060    1.8649   -1.4012   -0.1230    0.0352    8.4270    6.8420   -0.1318    0.6926    3.6560   -0.1584    0.2283   -1.0103   -0.2468   -0.0216    0.7222    0.6401    0.7190    0.4666 
  13.3829    0.0025   -0.8765   -0.4966 -179.7422    5.5286   -3.0180   -2.0116   -0.1582    0.0000    6.6057    1.6950   -0.5273    0.6718    3.6560    1.4231   -0.0417   -1.1851   -0.2039   -0.0203    0.6379    0.6880    0.6971    0.4531 
  13.4121    0.0025   -0.8116   -0.6433 -179.7781    4.0637   -5.1542   -0.7909   -0.1582    0.0352    4.4249    8.9145   -0.1318    0.6718    3.6720   -0.0806   -0.1045   -0.9595   -0.2039   -0.0203    0.7170    0.6266    0.6304    0.4531 
  13.4413    0.0025   -0.7604   -0.4994 -179.7931    2.3547    0.3390   -0.9740   -0.1055    0.0703    5.8454    4.6618   -0.5273    0.6987    3.6560    0.1721    0.0059   -1.1719   -0.2564   -0.0190    0.7023    0.6999    0.7053    0.4405 
  13.4664    0.0025   -0.7793   -0.5718 -179.8165   -1.9177   -6.0697   -0.6688   -0.1055    0.0000    8.7971   10.3597   -0.1318    0.6987    3.6560   -0.3440   -0.0847   -0.1685   -0.2564   -0.0190    0.7800    0.6220    0.6684    0.4405 
