#PID Gain P Ti Td Eta    0.6000    0.7000    0.0100    0.1250    0.7500    0.7000    0.0250    0.1250    3.0000    0.8000    0.0100    0.1250    8.0000    4.0000    0.0400    0.1250    8.0000    4.0000    0.0400    0.1250    0.0000    0.0000    0.0000    0.0000 
   0.0027    0.0027   -0.0368   -0.0432 -180.0001    0.1031    0.0129    0.0075    0.0000    0.0000    0.0000    0.0000    0.0000    0.0000    4.0960   -0.0071    0.0063   -1.0156    0.0039    0.0000    0.0000    0.0000    0.0000    0.0210 
   0.0276    0.0025   -0.1568   -0.2803 -180.0007    0.0420    0.0129    0.0685    0.0000    0.0000    0.0000    0.0000    0.0000    0.0000    4.0960   -0.0083    0.0056   -1.0144    0.0039    0.0000    0.0000    0.0000    0.0000    0.0210 
   0.0566    0.0025   -0.2604   -0.4311 -180.0027    0.1031   -0.0481    0.0075    0.0000    0.0000    0.0000    0.0000    0.0000    0.0000    4.1040   -0.0117    0.0037   -1.0134    0.0020    0.0000    0.0000    0.0000    0.0000    0.0207 
   0.0856    0.0025   -0.2872   -0.3586 -180.0032    0.0420    0.0129    0.0075    0.0000    0.0000    0.0000    0.0000    0.0000    0.0000    4.1040   -0.0054    0.0046   -1.0081    0.0033    0.0000    0.0000    0.0000    0.0000    0.0212 
   0.1106    0.0025   -0.2508   -0.3936 -180.0035   -0.0800   -0.1092   -0.1146    0.0000    0.0000    0.0000    0.0000    0.0000    0.0000    4.1040   -0.0051    0.0029   -1.0107    0.0033    0.0000    0.0000    0.0000    0.0000    0.0212 
   0.1396    0.0025   -0.3196   -0.4440 -180.0020   -0.0190   -0.0481    0.1295    0.0000    0.0000    0.0000    0.0000    0.0000    0.0000    4.0960   -0.0068    0.0034   -1.0103    0.0031    0.0000    0.0000    0.0000    0.0000    0.0210 
   0.1646    0.0025   -0.2937   -0.4625 -180.0020   -0.0190    0.0129    0.0075    0.0000    0.0000    0.0000    0.0000    0.0000    0.0000    4.1040   -0.0068    0.0054   -1.0088    0.0036    0.0000    0.0000    0.0000    0.0000    0.0215 
   0.1936    0.0025   -0.3148   -0.4550 -180.0015    0.1031    0.0739    0.0075    0.0000    0.0000    0.0000    0.0000    0.0000    0.0000    4.1040   -0.0081    0.0054   -1.0093    0.0036    0.0000    0.0000    0.0000    0.0000    0.0215 
   0.2225    0.0025   -0.3203   -0.4917 -180.0021   -0.0190    0.0129    0.0685    0.0000    0.0000    0.0000    0.0000    0.0000    0.0000    4.1040   -0.0073    0.0071   -1.0132    0.0022    0.0000    0.0000    0.0000    0.0000    0.0213 
   0.2476    0.0025   -0.3358   -0.4254 -180.0019    0.0420   -0.0481    0.0075    0.0000    0.0000    0.0000    0.0000    0.0000    0.0000    4.1040   -0.0076    0.0061   -1.0125    0.0022    0.0000    0.0000    0.0000    0.0000    0.0213 
   0.2766    0.0025   -0.2813   -0.3901 -180.0030   -0.0190    0.0739   -0.1146    0.0000    0.0000    0.0000    0.0000    0.0000    0.0000    4.1040   -0.0039    0.0073   -1.0095    0.0038    0.0000    0.0000    0.0000    0.0000    0.0217 
   0.3056    0.0025   -0.2883   -0.4032 -180.0038    0.0420    0.0739   -0.1146    0.0000    0.0000    0.0000    0.0000    0.0000    0.0000    4.1040   -0.0073    0.0066   -1.0090    0.0030    0.0000    0.0000    0.0000    0.0000    0.0217 
   0.3306    0.0025   -0.3132   -0.4289 -180.0051   -0.1411   -0.0481   -0.1146    0.0000    0.0000    0.0000    0.0000    0.0000    0.0000    4.1040   -0.0081    0.0046   -1.0110    0.0030    0.0000    0.0000    0.0000    0.0000    0.0217 
   0.3597    0.0025   -0.2798   -0.4457 -180.0047    0.0420   -0.1092    0.0075    0.0000    0.0000    0.0000    0.0000    0.0000    0.0000    4.1040   -0.0081    0.0046   -1.0115    0.0040    0.0000    0.0000    0.0000    0.0000    0.0220 
   0.3847    0.0026   -0.2404   -0.4317 -180.0055   -0.0800    0.1350    0.0075    0.0000    0.0000    0.0000    0.0000    0.0000    0.0000    4.1040   -0.0066    0.0044   -1.0078    0.0027    0.0000    0.0000    0.0000    0.0000    0.0221 
   0.4137    0.0025   -0.2402   -0.4124 -180.0067   -0.0800   -0.0481    0.0075    0.0000    0.0000    0.0000    0.0000    0.0000    0.0000    4.1040   -0.0068    0.0032   -1.0100    0.0027    0.0000    0.0000    0.0000    0.0000    0.0221 
   0.4427    0.0025   -0.3375   -0.4445 -180.0055   -0.0190   -0.0481    0.0075    0.0000    0.0000    0.0000    0.0000    0.0000    0.0000    4.1040   -0.0078    0.0063   -1.0093    0.0030    0.0000    0.0000    0.0000    0.0000    0.0222 
   0.4677    0.0025   -0.2510   -0.3740 -180.0047   -0.0190   -0.0481    0.0685    0.0000    0.0000    0.0000    0.0000    0.0000    0.0000    4.1040   -0.0068    0.0049   -1.0139    0.0030    0.0000    0.0000    0.0000    0.0000    0.0222 
   0.4969    0.0025   -0.3198   -0.4872 -180.0052    0.1031   -0.0481   -0.0536    0.0000    0.0000    0.0000    0.0000    0.0000    0.0000    4.1040   -0.0083    0.0059   -1.0105    0.0029    0.0000    0.0000    0.0000    0.0000    0.0222 
   0.5259    0.0025   -0.3145   -0.4601 -180.0044    0.1641   -0.1092    0.1906    0.0000    0.0000    0.0000    0.0000    0.0000    0.0000    4.1040   -0.0085    0.0054   -1.0117    0.0027    0.0000    0.0000    0.0000    0.0000    0.0220 
   0.5509    0.0025   -0.3040   -0.4399 -180.0049   -0.1411    0.0129   -0.0536    0.0000    0.0000    0.0000    0.0000    0.0000    0.0000    4.1040   -0.0105    0.0059   -1.0122    0.0027    0.0000    0.0000    0.0000    0.0000    0.0220 
   0.5799    0.0025   -0.3003   -0.4392 -180.0041    0.0420   -0.0481    0.0075    0.0000    0.0000    0.0000    0.0000    0.0000    0.0000    4.1040   -0.0085    0.0015   -1.0100    0.0029    0.0000    0.0000    0.0000    0.0000    0.0221 
   0.6049    0.0025   -0.2266   -0.4526 -180.0041   -0.0190   -0.0481    0.1295    0.0000    0.0000    0.0000    0.0000    0.0000    0.0000    4.1040   -0.0081    0.0027   -1.0112    0.0021    0.0000    0.0000    0.0000    0.0000    0.0220 
   0.6339    0.0025   -0.2419   -0.4258 -180.0050    0.1031   -0.0481   -0.0536    0.0000    0.0000    0.0000    0.0000    0.0000    0.0000    4.1040   -0.0083    0.0034   -1.0100    0.0021    0.0000    0.0000    0.0000    0.0000    0.0220 
   0.6628    0.0025   -0.2973   -0.4770 -180.0057   -0.0800   -0.1092   -0.0536    0.0000    0.0000    0.0000    0.0000    0.0000    0.0000    4.1040   -0.0037    0.0044   -1.0120    0.0017    0.0000    0.0000    0.0000    0.0000    0.0220 
   0.6878    0.0025   -0.3237   -0.4663 -180.0062    0.0420   -0.0481   -0.1146    0.0000    0.0000    0.0000    0.0000    0.0000    0.0000    4.1040   -0.0083    0.0061   -1.0115    0.0017    0.0000    0.0000    0.0000    0.0000    0.0220 
   0.7169    0.0025   -0.2725   -0.4213 -180.0060    0.1031    0.0739    0.0075    0.0000    0.0000    0.0000    0.0000    0.0000    0.0000    4.1040   -0.0063    0.0054   -1.0100    0.0011    0.0000    0.0000    0.0000    0.0000    0.0219 
   0.7458    0.0025   -0.3171   -0.4780 -180.0066   -0.0800   -0.0481    0.0075    0.0000    0.0000    0.0000    0.0000    0.0000    0.0000    4.1040   -0.0098    0.0076   -1.0139    0.0021    0.0000    0.0000    0.0000    0.0000    0.0219 
   0.7708    0.0025   -0.3095   -0.4170 -180.0066    0.0420    0.0739   -0.0536    0.0000    0.0000    0.0000    0.0000    0.0000    0.0000    4.1040   -0.0068    0.0063   -1.0149    0.0021    0.0000    0.0000    0.0000    0.0000    0.0219 
   0.7999    0.0025   -0.2535   -0.4613 -180.0074   -0.0190    0.1350   -0.0536    0.0000    0.0000    0.0000    0.0000    0.0000    0.0000    4.1040   -0.0088    0.0061   -1.0093    0.0030    0.0000    0.0000    0.0000    0.0000    0.0220 
   0.8249    0.0025   -0.2568   -0.4477 -180.0072   -0.0800   -0.0481    0.0685    0.0000    0.0000    0.0000    0.0000    0.0000    0.0000    4.0960   -0.0066    0.0017   -1.0120    0.0025    0.0000    0.0000    0.0000    0.0000    0.0219 
   0.8538    0.0025   -0.1998   -0.4092 -180.0059   -0.1411    0.0739    0.0685    0.0000    0.0000    0.0000    0.0000    0.0000    0.0000    4.1040   -0.0071    0.0032   -1.0120    0.0025    0.0000    0.0000    0.0000    0.0000    0.0219 
   0.8828    0.0025   -0.2465   -0.4310 -180.0068    0.0420    0.1350   -0.0536    0.0000    0.0000    0.0000    0.0000    0.0000    0.0000    4.1040   -0.0090    0.0083   -1.0100    0.0026    0.0000    0.0000    0.0000    0.0000    0.0220 
   0.9078    0.0025   -0.2588   -0.4341 -180.0060   -0.0190   -0.0481   -0.0536    0.0000    0.0000    0.0000    0.0000    0.0000    0.0000    4.1040   -0.0076    0.0044   -1.0073    0.0026    0.0000    0.0000    0.0000    0.0000    0.0220 
   0.9368    0.0025   -0.2042   -0.4098 -180.0047    0.0420   -0.1092    0.0685    0.0000    0.0000    0.0000    0.0000    0.0000    0.0000    4.1040   -0.0066    0.0046   -1.0112    0.0022    0.0000    0.0000    0.0000    0.0000    0.0218 
   0.9658    0.0025   -0.2817   -0.4120 -180.0049   -0.1411    0.0739    0.0075    0.0000    0.0000    0.0000    0.0000    0.0000    0.0000    4.1040   -0.0063    0.0061   -1.0120    0.0030    0.0000    0.0000    0.0000    0.0000    0.0221 
   0.9908    0.0025   -0.2583   -0.3923 -180.0045    0.1031    0.1350    0.0685    0.0000    0.0000    0.0000    0.0000    0.0000    0.0000    4.1040   -0.0039    0.0012   -1.0129    0.0030    0.0000    0.0000    0.0000    0.0000    0.0221 
   1.0198    0.0025   -0.2843   -0.4771 -180.0049   -0.0190   -0.0481   -0.0536    0.0000    0.0000    0.0000    0.0000    0.0000    0.0000    4.1040   -0.0098    0.0054   -1.0127    0.0009    0.0000    0.0000    0.0000    0.0000    0.0218 
   1.0448    0.0025   -0.2639   -0.4448 -180.0050    0.0420   -0.0481    0.0075    0.0000    0.0000    0.0000    0.0000    0.0000    0.0000    4.0960   -0.0073    0.0032   -1.0085    0.0009    0.0000    0.0000    0.0000    0.0000    0.0221 
   1.0738    0.0025   -0.3489   -0.4707 -180.0058   -0.2021    0.0739   -0.1146    0.0000    0.0000    0.0000    0.0000    0.0000    0.0000    4.1040   -0.0083    0.0061   -1.0112    0.0009    0.0000    0.0000    0.0000    0.0000    0.0221 
   1.1027    0.0025   -0.3023   -0.4572 -180.0063   -0.0190   -0.0481   -0.1146    0.0000    0.0000    0.0000    0.0000    0.0000    0.0000    4.1040   -0.0083    0.0051   -1.0103    0.0001    0.0000    0.0000    0.0000    0.0000    0.0216 
   1.1277    0.0025   -0.2773   -0.3814 -180.0076   -0.0800    0.0739   -0.2367    0.0000    0.0000    0.0000    0.0000    0.0000    0.0000    4.1040   -0.0078    0.0063   -1.0100    0.0001    0.0000    0.0000    0.0000    0.0000    0.0216 
   1.1568    0.0025   -0.2653   -0.4329 -180.0083    0.1031    0.0129    0.0685    0.0000    0.0000    0.0000    0.0000    0.0000    0.0000    4.1040   -0.0083    0.0068   -1.0098    0.0009    0.0000    0.0000    0.0000    0.0000    0.0219 
   1.1858    0.0025   -0.3438   -0.4166 -180.0075   -0.1411    0.0129    0.1295    0.0000    0.0000    0.0000    0.0000    0.0000    0.0000    4.1040   -0.0068    0.0059   -1.0095    0.0002    0.0000    0.0000    0.0000    0.0000    0.0216 
   1.2108    0.0025   -0.3436   -0.3582 -180.0070    0.0420    0.0739   -0.1146    0.0000    0.0000    0.0000    0.0000    0.0000    0.0000    4.1040   -0.0054    0.0034   -1.0100    0.0002    0.0000    0.0000    0.0000    0.0000    0.0216 
   1.2398    0.0025   -0.2607   -0.3845 -180.0071    0.0420   -0.0481   -0.1146    0.0000    0.0000    0.0000    0.0000    0.0000    0.0000    4.1040   -0.0085    0.0042   -1.0146    0.0023    0.0000    0.0000    0.0000    0.0000    0.0219 
   1.2648    0.0025   -0.2363   -0.4264 -180.0074   -0.0800    0.0129   -0.1756    0.0000    0.0000    0.0000    0.0000    0.0000    0.0000    4.1040   -0.0100    0.0027   -1.0093    0.0003    0.0000    0.0000    0.0000    0.0000    0.0215 
   1.2938    0.0025   -0.3214   -0.3648 -180.0069   -0.0190   -0.1092   -0.0536    0.0000    0.0000    0.0000    0.0000    0.0000    0.0000    4.1040   -0.0056    0.0071   -1.0076    0.0003    0.0000    0.0000    0.0000    0.0000    0.0215 
   1.3227    0.0025   -0.3269   -0.4060 -180.0070    0.0420   -0.1092    0.0075    0.0000    0.0000    0.0000    0.0000    0.0000    0.0000    4.1040   -0.0076    0.0061   -1.0137    0.0024    0.0000    0.0000    0.0000    0.0000    0.0219 
   1.3477    0.0025   -0.2358   -0.4668 -180.0088    0.0420    0.0129   -0.0536    0.0000    0.0000    0.0000    0.0000    0.0000    0.0000    4.1040   -0.0103    0.0020   -1.0112    0.0024    0.0000    0.0000    0.0000    0.0000    0.0219 
   1.3768    0.0025   -0.2924   -0.4289 -180.0091   -0.0190    0.0129   -0.0536    0.0000    0.0000    0.0000    0.0000    0.0000    0.0000    4.1040   -0.0076    0.0051   -1.0142    0.0007    0.0000    0.0000    0.0000    0.0000    0.0217 
   1.4058    0.0025   -0.2305   -0.3898 -180.0086   -0.0800   -0.0481    0.0685    0.0000    0.0000    0.0000    0.0000    0.0000    0.0000    4.1040   -0.0061    0.0056   -1.0139    0.0011    0.0000    0.0000    0.0000    0.0000    0.0218 
   1.4307    0.0025   -0.2967   -0.4313 -180.0091    0.0420    0.0129   -0.0536    0.0000    0.0000    0.0000    0.0000    0.0000    0.0000    4.0960   -0.0088    0.0051   -1.0117    0.0011    0.0000    0.0000    0.0000    0.0000    0.0218 
   1.4597    0.0025   -0.2550   -0.4500 -180.0097   -0.0190   -0.0481    0.0075    0.0000    0.0000    0.0000    0.0000    0.0000    0.0000    4.1040   -0.0081    0.0049   -1.0142    0.0003    0.0000    0.0000    0.0000    0.0000    0.0217 
   1.4848    0.0025   -0.2760   -0.4241 -180.0096   -0.0190    0.1350   -0.0536    0.0000    0.0000    0.0000    0.0000    0.0000    0.0000    4.1040   -0.0061    0.0042   -1.0122    0.0009    0.0000    0.0000    0.0000    0.0000    0.0217 
   1.5138    0.0025   -0.3017   -0.3881 -180.0104   -0.0190    0.0129    0.0075    0.0000    0.0000    0.0000    0.0000    0.0000    0.0000    4.1040   -0.0063    0.0071   -1.0115    0.0009    0.0000    0.0000    0.0000    0.0000    0.0217 
   1.5427    0.0025   -0.2761   -0.3816 -180.0116    0.1031   -0.0481    0.0685    0.0000    0.0000    0.0000    0.0000    0.0000    0.0000    4.1040   -0.0066    0.0051   -1.0127    0.0001    0.0000    0.0000    0.0000    0.0000    0.0216 
   1.5677    0.0025   -0.3102   -0.4575 -180.0116   -0.0800    0.0129   -0.0536    0.0000    0.0000    0.0000    0.0000    0.0000    0.0000    4.0960   -0.0083    0.0061   -1.0125    0.0001    0.0000    0.0000    0.0000    0.0000    0.0216 
   1.5968    0.0025   -0.3321   -0.3464 -180.0104   -0.0190   -0.1092   -0.0536    0.0000    0.0000    0.0000    0.0000    0.0000    0.0000    4.1040   -0.0061    0.0059   -1.0107   -0.0006    0.0000    0.0000    0.0000    0.0000    0.0217 
   1.6259    0.0025   -0.2647   -0.4527 -180.0109   -0.1411   -0.0481    0.0685    0.0000    0.0000    0.0000    0.0000    0.0000    0.0000    4.1040   -0.0085    0.0044   -1.0110    0.0000    0.0000    0.0000    0.0000    0.0000    0.0215 
   1.6509    0.0025   -0.3041   -0.4181 -180.0113   -0.0190    0.0129   -0.1146    0.0000    0.0000    0.0000    0.0000    0.0000    0.0000    4.1040   -0.0073    0.0020   -1.0107    0.0000    0.0000    0.0000    0.0000    0.0000    0.0215 
   1.6798    0.0025   -0.2266   -0.4644 -180.0115    0.1031   -0.1092   -0.0536    0.0000    0.0000    0.0000    0.0000    0.0000    0.0000    4.1040   -0.0095    0.0029   -1.0105   -0.0001    0.0000    0.0000    0.0000    0.0000    0.0214 
   1.7048    0.0025   -0.2252   -0.4623 -180.0115    0.1031    0.1350    0.0075    0.0000    0.0000    0.0000    0.0000    0.0000    0.0000    4.1040   -0.0110    0.0044   -1.0107   -0.0013    0.0000    0.0000    0.0000    0.0000    0.0211 
   1.7338    0.0025   -0.3217   -0.4555 -180.0102   -0.0190   -0.0481    0.1295    0.0000    0.0000    0.0000    0.0000    0.0000    0.0000    4.1040   -0.0066    0.0059   -1.0103   -0.0013    0.0000    0.0000    0.0000    0.0000    0.0211 
   1.7627    0.0025   -0.2215   -0.4248 -180.0097    0.1031   -0.1092    0.0685    0.0000    0.0000    0.0000    0.0000    0.0000    0.0000    4.1040   -0.0098    0.0022   -1.0098   -0.0009    0.0000    0.0000    0.0000    0.0000    0.0211 
   1.7878    0.0025   -0.1958   -0.3634 -180.0105   -0.0190   -0.0481   -0.1146    0.0000    0.0000    0.0000    0.0000    0.0000    0.0000    4.1040   -0.0066    0.0027   -1.0173   -0.0009    0.0000    0.0000    0.0000    0.0000    0.0211 
   1.8167    0.0025   -0.2927   -0.4577 -180.0110   -0.0800   -0.1092    0.0075    0.0000    0.0000    0.0000    0.0000    0.0000    0.0000    4.1040   -0.0083    0.0054   -1.0085   -0.0021    0.0000    0.0000    0.0000    0.0000    0.0208 
   1.8458    0.0025   -0.2500   -0.4263 -180.0107    0.1031   -0.0481    0.0685    0.0000    0.0000    0.0000    0.0000    0.0000    0.0000    4.0960   -0.0063    0.0046   -1.0125   -0.0016    0.0000    0.0000    0.0000    0.0000    0.0208 
   1.8707    0.0025   -0.2591   -0.4787 -180.0110   -0.1411   -0.0481    0.0685    0.0000    0.0000    0.0000    0.0000    0.0000    0.0000    4.1040   -0.0083    0.0049   -1.0134   -0.0016    0.0000    0.0000    0.0000    0.0000    0.0208 
   1.8998    0.0025   -0.2915   -0.4068 -180.0117    0.1031    0.0739    0.0075    0.0000    0.0000    0.0000    0.0000    0.0000    0.0000    4.1040   -0.0071    0.0046   -1.0139   -0.0018    0.0000    0.0000    0.0000    0.0000    0.0206 
   1.9248    0.0025   -0.3344   -0.4215 -180.0119   -0.0190   -0.1702    0.0075    0.0000    0.0000    0.0000    0.0000    0.0000    0.0000    4.1040   -0.0073    0.0066   -1.0125   -0.0010    0.0000    0.0000    0.0000    0.0000    0.0206 
   1.9537    0.0025   -0.2751   -0.3836 -180.0124   -0.1411   -0.1702   -0.0536    0.0000    0.0000    0.0000    0.0000    0.0000    0.0000    4.1040   -0.0071    0.0042   -1.0134   -0.0010    0.0000    0.0000    0.0000    0.0000    0.0206 
   1.9827    0.0025   -0.2648   -0.4618 -180.0126    0.0420    0.0129   -0.1146    0.0000    0.0000    0.0000    0.0000    0.0000    0.0000    4.1040   -0.0105    0.0049   -1.0110   -0.0018    0.0000    0.0000    0.0000    0.0000    0.0205 
   2.0077    0.0025   -0.2141   -0.3899 -180.0127   -0.0800    0.0739    0.0685    0.0000    0.0000    0.0000    0.0000    0.0000    0.0000    4.1040   -0.0071    0.0029   -1.0151   -0.0018    0.0000    0.0000    0.0000    0.0000    0.0205 
   2.0367    0.0025   -0.2361   -0.4590 -180.0131   -0.1411   -0.1092   -0.0536    0.0000    0.0000    0.0000    0.0000    0.0000    0.0000    4.1040   -0.0066    0.0039   -1.0137   -0.0009    0.0000    0.0000    0.0000    0.0000    0.0207 
   2.0657    0.0025   -0.2597   -0.3624 -180.0129   -0.0800   -0.1702    0.0075    0.0000    0.0000    0.0000    0.0000    0.0000    0.0000    4.1040   -0.0054    0.0056   -1.0093   -0.0015    0.0000    0.0000    0.0000    0.0000    0.0208 
   2.0907    0.0025   -0.2257   -0.3881 -180.0142   -0.0800   -0.0481   -0.0536    0.0000    0.0000    0.0000    0.0000    0.0000    0.0000    4.1040   -0.0105    0.0049   -1.0129   -0.0015    0.0000    0.0000    0.0000    0.0000    0.0208 
   2.1198    0.0025   -0.2721   -0.3954 -180.0139    0.1031    0.1350   -0.0536    0.0000    0.0000    0.0000    0.0000    0.0000    0.0000    4.0960   -0.0073    0.0049   -1.0095   -0.0015    0.0000    0.0000    0.0000    0.0000    0.0210 
   2.1448    0.0025   -0.2392   -0.3796 -180.0138    0.0420    0.0129   -0.0536    0.0000    0.0000    0.0000    0.0000    0.0000    0.0000    4.1040   -0.0051    0.0032   -1.0134   -0.0007    0.0000    0.0000    0.0000    0.0000    0.0209 
   2.1738    0.0025   -0.2480   -0.4379 -180.0132    0.0420   -0.0481    0.0075    0.0000    0.0000    0.0000    0.0000    0.0000    0.0000    4.1040   -0.0095    0.0024   -1.0122   -0.0007    0.0000    0.0000    0.0000    0.0000    0.0209 
   2.2027    0.0025   -0.2934   -0.4690 -180.0136    0.0420   -0.0481   -0.0536    0.0000    0.0000    0.0000    0.0000    0.0000    0.0000    4.1040   -0.0076    0.0068   -1.0110   -0.0001    0.0000    0.0000    0.0000    0.0000    0.0212 
   2.2277    0.0025   -0.2901   -0.5159 -180.0134    0.0420    0.0129   -0.0536    0.0000    0.0000    0.0000    0.0000    0.0000    0.0000    4.0960   -0.0098    0.0042   -1.0134   -0.0001    0.0000    0.0000    0.0000    0.0000    0.0212 
   2.2568    0.0025   -0.2440   -0.3915 -180.0136   -0.0800   -0.0481    0.0075    0.0000    0.0000    0.0000    0.0000    0.0000    0.0000    4.1040   -0.0044    0.0046   -1.0122    0.0004    0.0000    0.0000    0.0000    0.0000    0.0211 
   2.2858    0.0025   -0.3274   -0.3997 -180.0146   -0.0190    0.0129   -0.1756    0.0000    0.0000    0.0000    0.0000    0.0000    0.0000    4.1040   -0.0066    0.0054   -1.0117    0.0026    0.0000    0.0000    0.0000    0.0000    0.0215 
   2.3107    0.0025   -0.3288   -0.5082 -180.0138    0.0420   -0.0481    0.0075    0.0000    0.0000    0.0000    0.0000    0.0000    0.0000    4.1040   -0.0098    0.0073   -1.0112    0.0026    0.0000    0.0000    0.0000    0.0000    0.0215 
   2.3397    0.0025   -0.2786   -0.4641 -180.0138   -0.0800    0.0739    0.0075    0.0000    0.0000    0.0000    0.0000    0.0000    0.0000    4.0960   -0.0076    0.0039   -1.0112    0.0026    0.0000    0.0000    0.0000    0.0000    0.0215 
   2.3647    0.0025   -0.3424   -0.4003 -180.0141    0.0420    0.0129   -0.0536    0.0000    0.0000    0.0000    0.0000    0.0000    0.0000    4.1040   -0.0073    0.0071   -1.0100    0.0032    0.0000    0.0000    0.0000    0.0000    0.0219 
   2.3937    0.0025   -0.2966   -0.4388 -180.0144   -0.0190   -0.1092    0.0075    0.0000    0.0000    0.0000    0.0000    0.0000    0.0075    4.0960   -0.0063    0.0037   -1.0115    0.0032    0.0000    0.0000    0.0000    0.0000    0.0219 
   2.4228    0.0025   -0.3828   -0.4010 -180.0146   -0.0190    0.0129    0.1906    0.0000    0.0000    0.0000    0.0000    0.0000    0.0200    4.0960   -0.0068    0.0071   -1.0110    0.0025    0.0000    0.0000    0.0000    0.0000    0.0218 
   2.4478    0.0025   -0.3420   -0.4012 -180.0150   -0.1411    0.0129   -0.0536    0.0000    0.0000    0.0000    0.0000    0.0000    0.0325    4.0880   -0.0066    0.0078   -1.0132    0.0025    0.0000    0.0000    0.0000    0.0000    0.0218 
   2.4770    0.0025   -0.2775   -0.4019 -180.0135    0.0420    0.1350    0.1295    0.0000    0.0000    0.0000    0.0000    0.0000    0.0450    4.0960   -0.0054    0.0029   -1.0151    0.0025    0.0000    0.0000    0.0000    0.0000    0.0219 
   2.5061    0.0025   -0.3158   -0.4241 -180.0141    0.0420    0.0739    0.1295    0.0000    0.0000    0.0000    0.0000    0.0000    0.0575    4.1040   -0.0081    0.0037   -1.0105    0.0021    0.0000    0.0000    0.0000    0.0000    0.0216 
   2.5311    0.0025   -0.3353   -0.4801 -180.0144    0.0420    0.0129   -0.0536    0.0000    0.0000    0.0000    0.0000    0.0000    0.0700    4.0960   -0.0063    0.0046   -1.0122    0.0021    0.0000    0.0000    0.0000    0.0000    0.0216 
   2.5602    0.0025   -0.2381   -0.4167 -180.0135   -0.0190   -0.1092    0.0075    0.0000    0.0000    0.0000    0.0000    0.0000    0.0825    4.0960   -0.0059    0.0015   -1.0125    0.0013    0.0000    0.0000    0.0000    0.0000    0.0215 
   2.5852    0.0025   -0.2568   -0.3806 -180.0138    0.0420   -0.0481    0.0075    0.0000    0.0000    0.0000    0.0000    0.0000    0.0950    4.0960   -0.0078    0.0066   -1.0154    0.0016    0.0000    0.0000    0.0000    0.0000    0.0212 
   2.6143    0.0025   -0.2393   -0.4124 -180.0159    0.4082   -1.8792    0.2516    0.0352    0.0879    2.4222    7.9059   -0.5273    0.1075    4.0240   -0.0344    0.0059   -1.0310    0.0016    0.1133    0.1432    0.1122    0.0613    0.0212 
   2.6435    0.0025   -0.3018   -0.4617 -180.0124   -0.2631   -0.9026    1.2282   -0.0352    0.0352    0.0631    4.3989   -0.2637    0.1200    4.0160   -0.0271   -0.0037   -1.0344   -0.0104    0.1455    0.1289    0.1109    0.0947    0.0212 
   2.6685    0.0025   -0.3014   -0.4351 -180.0058   -0.5073   -0.3533    4.7682   -0.1406    0.0879   -1.1437    6.6493   -1.7139    0.1325    4.0000   -0.0261   -0.0352   -1.0063   -0.0104    0.1073    0.1766    0.1588    0.0873    0.0212 
   2.6976    0.0025   -0.2573   -0.4243 -180.0266   -1.2397    1.3557  -16.8993   -0.0703    0.0703   -0.7470    5.4161   -1.9775    0.1450    3.9680   -0.1343   -0.1245   -0.9980   -0.0095    0.5088    0.0000    0.0000    0.4853    0.0207 
   2.7268    0.0025   -0.2899   -0.4754 -180.0834   -2.9487   -1.3909  -17.8758    0.0000    0.0703    1.2191    7.1367   -2.2412    0.1575    3.8560   -0.1870   -0.0007   -1.0894   -0.0412    0.2375    0.1126    0.0443    0.2356    0.0205 
   2.7518    0.0025   -0.2511   -0.4494 -180.0569   -2.6435    1.6608   -7.6830    0.0879    0.0176    4.5277    1.2558   -1.5820    0.1700    3.6720    0.0928   -0.0203   -0.9641   -0.0412    0.3524    0.0000    0.0033    0.3488    0.0205 
   2.7809    0.0025   -0.2371   -0.4721 -180.1833   -5.3901    0.0129  -14.7630   -0.0176    0.0000    3.2452    3.7270   -1.8457    0.1825    3.8480   -0.1018    0.7324   -1.0664   -0.0571    0.5043    0.0000    0.0000    0.5732    0.0195 
   2.8059    0.0025   -0.1674   -0.4609 -180.1725   11.0894   -2.1233   12.5197   -0.0352    0.0879   -2.0230    8.2273   -0.5273    0.1950    3.8720   -0.0859   -0.2791   -1.0713   -0.0349    0.0671    0.3616    0.4533    0.0000    0.0180 
   2.8352    0.0026   -0.1914   -0.4512 -180.0342   -1.7280    2.0881    3.4865   -0.0527    0.0703    0.9990    4.5603   -1.8457    0.2075    3.9600   -0.0737    0.1289   -0.8660   -0.0349    0.2136    0.1933    0.2067    0.2164    0.0180 
   2.8643    0.0025   -0.1377   -0.4893 -179.7962    1.0796    1.2336   10.8717    0.0176    0.0527    1.7898    7.5697   -1.4502    0.2200    3.9520   -0.0828    0.0117   -1.1079   -0.0481    0.2615    0.2059    0.2077    0.2049    0.0175 
   2.8893    0.0025   -0.1233   -0.5228 -179.7777   -6.1835   -2.7947    2.6930    0.0000    0.0352    4.0517    5.0345   -1.8457    0.2325    3.9520   -0.0132    0.1575   -0.9663   -0.0481    0.2124    0.3051    0.1925    0.2201    0.0175 
   2.9185    0.0025    0.0157   -0.5176 -179.7339    1.6900    1.7829    4.5241   -0.0527    0.0703   -1.0238    4.9946   -1.9775    0.2450    3.9360   -0.0969    0.1050   -0.9678   -0.0541    0.2108    0.2733    0.2967    0.1992    0.0167 
   2.9477    0.0024   -0.0837   -0.5044 -179.5416   -0.3852    1.1726   -3.3495    0.0176    0.0176    4.3674    3.9174   -1.8457    0.2575    3.9200   -0.0242    0.1248   -0.8796   -0.0769    0.3268    0.2013    0.1925    0.3094    0.0159 
   2.9727    0.0025   -0.0250   -0.5386 -179.5636   -0.4462    1.9050   -0.2977   -0.0703    0.0527   -3.1513    5.6778   -1.8457    0.2700    3.9120   -0.0361    0.1074   -0.9714   -0.0769    0.2403    0.2915    0.2841    0.2640    0.0159 
   3.0018    0.0025   -0.0447   -0.5057 -179.6004   -2.9487    5.0178   -0.5418    0.0000    0.0176    2.6540    3.3848   -2.2412    0.2825    3.9040    0.0610    0.0598   -1.0491   -0.0639    0.2425    0.2461    0.2896    0.3518    0.0146 
   3.0268    0.0025   -0.0034   -0.4468 -179.4901    1.2627    0.2570    9.4069    0.0703    0.0527    1.1256    5.6131   -2.2412    0.2950    3.8960    0.0303   -0.1738   -1.0229   -0.0545    0.2688    0.3522    0.3321    0.2269    0.0140 
   3.0560    0.0025   -0.0741   -0.5126 -179.1481   -4.0473    8.8630    4.2799    0.1230   -0.0176    3.7894    3.2573   -2.1094    0.3075    3.8880   -0.0420    0.1179   -1.0991   -0.0545    0.2022    0.2602    0.3239    0.4437    0.0140 
   3.0851    0.0025   -0.1338   -0.4561 -179.0012   -4.0473   12.5861   -2.3119    0.0879    0.0352    3.3909    1.6845   -2.3730    0.3200    3.8800    0.0518    0.0203   -1.0237   -0.0383    0.2487    0.1940    0.3220    0.5153    0.0138 
   3.1101    0.0025   -0.1211   -0.4301 -178.9832   -7.4653   -0.7195   -5.3026    0.1055    0.0176    2.4807    1.8861   -1.0547    0.3325    3.8800    0.1301    0.1160   -0.9863   -0.0383    0.3284    0.3356    0.2238    0.4421    0.0138 
   3.1393    0.0025   -0.1916   -0.4845 -179.2382   -2.7656   11.5485  -14.5189    0.0703    0.0879    4.5336    6.9852   -2.2412    0.3450    3.8640   -0.0361    0.0713   -0.8728   -0.0527    0.3278    0.1390    0.3281    0.5852    0.0142 
   3.1685    0.0025   -0.1893   -0.4338 -179.6416    4.8028    5.0788  -19.0355    0.0879    0.0527    2.6239    2.9630   -1.3184    0.3575    3.8320    0.1858   -0.0581   -1.0110   -0.0615    0.3356    0.2803    0.4327    0.3814    0.0140 
   3.1935    0.0025   -0.2010   -0.5141 -180.0576    3.7041   -2.0623   -7.8661    0.2988   -0.0176   13.5130    4.0781   -1.9775    0.3700    3.8400   -0.1079    0.0408   -0.8977   -0.0615    0.2924    0.3612    0.4288    0.3975    0.0140 
   3.2228    0.0025   -0.1608   -0.4269 -180.2477    1.0186   10.7551   -7.9881    0.3691    0.0703    8.3033    0.5512   -2.2412    0.3825    3.8400    0.1208    0.0020   -1.0703    0.0106    0.3895    0.2394    0.4092    0.4919    0.0136 
   3.2478    0.0025   -0.1723   -0.5289 -180.5936   -5.6953   -8.4100  -15.4344    0.3164    0.1055    5.3543    7.1135   -2.3730    0.3950    3.8080   -0.0286    0.0015   -0.9043   -0.0221    0.5410    0.4435    0.1698    0.4257    0.0150 
   3.2769    0.0025   -0.1944   -0.5590 -180.9241   -3.8032    3.7360  -10.3075    0.3340    0.0352    5.3683    7.7280   -1.8457    0.4075    3.8160   -0.1685    0.0479   -0.9280   -0.0221    0.3507    0.3696    0.4525    0.4572    0.0150 
   3.3061    0.0025   -0.1457   -0.4518 -181.1539    5.6573   -7.9827   -8.2933    0.2812    0.0527    5.5255    3.9915   -2.1094    0.4200    3.8160    0.0444    0.0459   -1.1270   -0.0101    0.5062    0.4184    0.4173    0.3382    0.0155 
   3.3311    0.0025   -0.1847   -0.4585 -181.2918   -7.8315   -7.3113   -4.8143    0.3164    0.0352    7.8098    6.6577   -1.8457    0.4325    3.8080   -0.1025    0.0952   -1.1541   -0.0101    0.5023    0.4260    0.3288    0.4729    0.0155 
   3.3603    0.0025   -0.1226   -0.4944 -181.4385    4.0704   -2.7947   -4.1429    0.2461    0.1406    1.9407    7.3917   -2.3730    0.4450    3.7920   -0.0249   -0.0449   -1.0923   -0.0522    0.4313    0.4970    0.4823    0.3694    0.0161 
   3.3894    0.0025   -0.1401   -0.4872 -181.4802    2.9107    3.0036   -0.4808    0.2109    0.1582    2.1015    5.2186   -1.9775    0.4575    3.7840   -0.0063    0.1160   -0.8838   -0.1071    0.4859    0.3984    0.3975    0.5482    0.0155 
   3.4144    0.0025   -0.2551   -0.6656 -181.5096   -2.0332  -10.6683    4.0358    0.1758    0.1230    4.5931    9.5200   -1.7139    0.4700    3.7840    0.0071    0.0134   -1.0259   -0.1071    0.4697    0.5332    0.4638    0.4133    0.0155 
   3.4436    0.0025   -0.3168   -0.6083 -181.4921   -1.3007   13.5017   -0.4198    0.2109    0.1582    6.8323    3.1617   -2.1094    0.4825    3.7680   -0.0034    0.1182   -1.0864   -0.1424    0.4450    0.4703    0.5057    0.5090    0.0135 
   3.4686    0.0025   -0.3787   -0.4926 -181.4753    9.9908   -2.9778    0.9230    0.2109    0.1582    6.6516    2.3270   -2.1094    0.4950    3.7680    0.1013    0.0066   -0.9243   -0.1630    0.4723    0.4852    0.5533    0.4692    0.0112 
   3.4978    0.0025   -0.1984   -0.6832 -181.3828    2.7886   -3.7103    4.5851    0.1934    0.1758    2.4089    8.2683   -3.6914    0.5075    3.7520    0.0227   -0.0256   -0.9812   -0.1630    0.4653    0.5500    0.5452    0.4694    0.0112 
   3.5270    0.0025   -0.1306   -0.6873 -181.3141   -4.1084   -0.4754    1.8385    0.2461    0.1582    1.6706    8.4093   -3.8232    0.5200    3.7440   -0.0002   -0.0339   -1.1897   -0.1381    0.4988    0.5505    0.5511    0.4797    0.0085 
   3.5520    0.0025   -0.4513   -0.6074 -181.2859   -8.5639   -3.4661    0.8009    0.2812    0.1230   12.2010    5.9416   -4.4824    0.5325    3.7440    0.1509    0.0762   -1.1184   -0.1381    0.5328    0.5855    0.5395    0.4722    0.0085 
   3.5812    0.0025   -0.1219   -0.7742 -181.2381   14.1412   -8.0437    3.4254    0.2812    0.1582   -2.7681   12.6966   -3.0322    0.5450    3.7280   -0.2734   -0.0754   -1.0808   -0.1371    0.5540    0.5939    0.5345    0.4977    0.0074 
   3.6105    0.0025    0.0429   -0.9389 -181.1642    1.5069   -8.8372    0.6178    0.2461    0.1934   -0.4513   14.1329   -3.6914    0.5575    3.7120   -0.0496   -0.0588   -0.9968   -0.0790    0.5748    0.6208    0.5293    0.5051    0.0063 
   3.6356    0.0025   -0.1244   -1.0672 -181.1112  -10.2729   -1.3909    2.3878    0.3340    0.1406    9.6892    9.1297   -2.9004    0.5700    3.7120   -0.0237   -0.0352   -1.1824   -0.0790    0.5506    0.6059    0.5825    0.5410    0.0063 
   3.6648    0.0026   -0.2284   -1.2828 -181.0770    3.5821   -8.7762    0.5568    0.4570    0.1934    9.9388   18.4811   -3.0322    0.5825    3.6960   -0.1658    0.0164   -1.0994   -0.0364    0.6140    0.6189    0.5990    0.4980    0.0070 
   3.6898    0.0025   -0.0972   -1.4801 -181.0613   14.3243   -9.0813   -0.6029    0.6504    0.1582    7.7530   16.1233   -3.2959    0.5950    3.6960   -0.1360   -0.0022   -0.9319   -0.0525    0.6001    0.6382    0.6189    0.5229    0.0089 
   3.7189    0.0025    0.3053   -1.4637 -181.1204   11.7608    5.9333   -4.7533    0.7910    0.1055    2.5104   10.9438   -2.7686    0.6000    3.6800   -0.1140    0.1887   -1.1086   -0.0525    0.5814    0.6160    0.5914    0.6112    0.0089 
   3.7481    0.0025    0.3791   -1.4888 -181.2684   -4.1694   -6.5789   -8.2323    1.0195    0.1582   10.6310   17.0027   -3.1641    0.6000    3.6960   -0.1716    0.1528   -1.4705    0.0338    0.6488    0.6450    0.5158    0.5904    0.0100 
   3.7731    0.0025    0.2075   -1.5235 -181.4858   -4.1084    2.6374   -9.5140    0.8613    0.1582    7.9956   13.1070   -4.3506    0.6000    3.6880   -0.3145    0.0996   -0.9390    0.0338    0.6330    0.6095    0.5894    0.5681    0.0100 
   3.8024    0.0025    0.2198   -1.3994 -181.7928    4.3755    0.4401  -12.6878    0.8789    0.1582    6.9416   14.3952   -3.8232    0.6000    3.6880   -0.0256    0.1357   -0.7400    0.1286    0.6444    0.6179    0.5493    0.5884    0.0139 
   3.8315    0.0025    0.2567   -1.3157 -182.1449    2.9717    4.1022  -12.9320    0.5977    0.1758    0.4956   11.3992   -1.1865    0.6000    3.6880    0.1255   -0.0027   -1.0818    0.1132    0.5872    0.6030    0.5898    0.6201    0.0196 
   3.8565    0.0025    0.2658   -1.2447 -182.4861   -8.3198   -0.0481  -13.7865   -0.2988    0.1934   -5.0631   14.7868    1.8457    0.6000    3.6960    0.0076    0.0830   -0.8435    0.1132    0.6620    0.5958    0.4472    0.6951    0.0196 
   3.8857    0.0025   -0.0308   -1.2494 -182.8004  -17.5361   -6.8230  -12.3827   -0.0352    0.1758   11.8506   15.8465    2.9004    0.6000    3.6960   -0.5798   -0.0784   -1.2117   -0.1613    0.7155    0.6186    0.4547    0.6113    0.0247 
   3.9107    0.0025   -0.3646   -1.3505 -183.1120  -12.3481    2.2102  -12.7489    0.1582    0.1055    9.9846   12.5311    2.9004    0.6000    3.6880    0.3469    0.1865   -0.8696   -0.2009    0.6246    0.5273    0.5358    0.7123    0.0216 
   3.9399    0.0025   -0.4869   -1.2042 -183.4110    0.2251    6.0554  -10.4906    0.1230    0.1230    5.1963   10.1402    4.0869    0.6000    3.6880   -0.1162   -0.2676   -1.4395   -0.2009    0.6872    0.5626    0.5209    0.6292    0.0216 
   3.9690    0.0025   -0.4186   -1.0536 -183.6611    7.3052    4.6516   -9.7581    0.1406    0.1406    2.7849   11.0066    4.3506    0.6000    3.6880   -0.2705    0.0422   -0.7244   -0.0901    0.7071    0.5579    0.4980    0.6370    0.0197 
   3.9941    0.0025   -0.3132   -0.9741 -183.8742   -0.5683    3.9191   -7.0116    0.1406    0.1758    5.2780   12.7608    4.3506    0.6000    3.6880   -0.2219   -0.1614   -0.7041   -0.0901    0.6359    0.6262    0.5278    0.6101    0.0197 
   4.0233    0.0025   -0.4202   -0.7775 -184.0521   -6.9160    1.9660   -6.3402    0.1406    0.1406    8.9908    9.1134    4.2188    0.6000    3.6880   -0.4836   -0.0842   -1.4607    0.0256    0.6558    0.6280    0.5109    0.6053    0.0222 
   4.0524    0.0025   -0.6669   -0.6952 -184.2207   -8.0756    1.7829   -6.0960    0.1406    0.1582   11.4628    7.5138    4.7461    0.6000    3.6880    0.0452    0.1143   -0.4329    0.0549    0.6325    0.5918    0.5225    0.6532    0.0296 
   4.0774    0.0025   -0.8065   -0.6807 -184.3547   -3.9863    5.8112   -5.4247    0.0879    0.2109    9.1346   10.6184    4.4824    0.6000    3.6800   -0.0544    0.1733   -0.9763    0.0549    0.6193    0.5555    0.5390    0.6862    0.0296 
   4.1066    0.0025   -0.7657   -0.4884 -184.4679    0.7134    3.9191   -3.3495    0.1582    0.1758    6.5041    6.0914    4.0869    0.6000    3.6880   -0.0122   -0.1714   -1.5571    0.3960    0.6417    0.5841    0.5620    0.6122    0.0380 
   4.1316    0.0025   -0.8174   -0.4637 -184.5783    0.5914    0.1960   -4.2039    0.1758    0.1230    9.6151    6.0118    4.2188    0.6000    3.6800   -0.1692   -0.2253   -1.3706    0.5331    0.6555    0.5807    0.5193    0.6445    0.0563 
   4.1607    0.0025   -0.8798   -0.3675 -184.6734   -3.6811    8.9851   -4.3260    0.1934    0.2109   12.8517    5.8289    4.4824    0.6000    3.6800    0.0652    0.3103   -0.8286    0.5331    0.6301    0.5423    0.5266    0.7011    0.0563 
   4.1899    0.0025   -0.7579   -0.2431 -184.7589   -0.0800    6.9709   -2.1288    0.1406    0.1230    6.3207    3.7155    2.9004    0.6000    3.6800   -0.1038   -0.1455   -0.2869    0.5067    0.6396    0.5894    0.5444    0.6267    0.0771 
   4.2149    0.0025   -0.7030   -0.0788 -184.8475    0.2251    8.4968   -3.0443    0.1582    0.1758    7.6363    5.0738    2.7686    0.6000    3.6800   -0.3149   -0.2410   -1.0002    0.5067    0.6320    0.5858    0.5497    0.6325    0.0771 
   4.2443    0.0025   -0.7601    0.1080 -184.9258    1.6900    4.1022   -3.1053    0.1758    0.1582    9.3468    1.8059    2.3730    0.6000    3.6800    0.6318    0.2322   -0.5652    0.4490    0.6219    0.5886    0.5396    0.6498    0.0934 
   4.2734    0.0025   -0.7312    0.1376 -184.9825    1.5679   -0.9026   -2.0067    0.2461    0.1582   15.3209    1.1574    1.4502    0.6000    3.6720    0.0776    0.0342   -1.3562    0.0104    0.6054    0.6315    0.5222    0.6409    0.1078 
   4.2984    0.0025   -0.6936    0.1177 -185.0450   -0.3852   -1.5740   -2.5560    0.1582    0.1406    7.7874    3.3031    0.5273    0.6000    3.6720   -0.3845   -0.0171   -0.0632    0.0104    0.6411    0.6232    0.5337    0.6020    0.1078 
   4.3276    0.0025   -0.6974    0.0944 -185.1093    1.9952   -2.2454   -1.1522    0.1758    0.1582    8.1712    3.8368    0.6592    0.6000    3.6800   -0.3276   -0.2102   -0.6875   -0.1209    0.6524    0.6256    0.5518    0.5703    0.1081 
   4.3526    0.0025   -0.6672    0.0990 -185.1533    2.4224    3.4919   -1.4574    0.1406    0.1758    7.3828    4.2340    0.6592    0.6000    3.6800    0.2603    0.0569   -0.7771   -0.1854    0.6354    0.6146    0.5678    0.5822    0.1084 
   4.3817    0.0025   -0.6015    0.0736 -185.1617    4.3755   -2.0623    0.7399    0.1582    0.2109    5.1979    4.2698    0.3955    0.6000    3.6720    0.0854   -0.1792   -1.2507   -0.1854    0.6326    0.6175    0.5709    0.5790    0.1084 
   4.4109    0.0025   -0.5892    0.0791 -185.1496    4.4366    0.6232    1.9606    0.1582    0.1582    7.0655    4.5543    1.1865    0.6000    3.6720   -0.6301   -0.0725   -1.2598   -0.2204    0.6331    0.6131    0.5662    0.5876    0.1072 
   4.4359    0.0025   -0.5624   -0.0232 -185.1047    3.2769   -3.4661    2.0827    0.1582    0.1055    7.1702    3.6496    1.9775    0.6000    3.6800   -0.0378    0.0864   -1.3037   -0.2204    0.6366    0.6180    0.5358    0.6096    0.1072 
   4.4652    0.0025   -0.5421    0.0621 -185.0260    1.2627    4.0412    4.0358    0.2109    0.1758    8.0104    4.3331    1.9775    0.6000    3.6720    0.1816   -0.1780   -0.7588   -0.6219    0.6021    0.5994    0.5892    0.6093    0.1087 
   4.4944    0.0025   -0.4955    0.1899 -184.9336   -0.0190    6.1164    3.0592    0.1582    0.1406    6.5555   -2.2139    1.7139    0.6000    3.6800    0.3748    0.0474   -0.8787   -0.5795    0.6004    0.5956    0.5469    0.6571    0.1001 
   4.5194    0.0025   -0.3900    0.2293 -184.8139    2.2393    1.9660    5.1955    0.1934    0.1758    3.9643    1.6755    2.5049    0.6000    3.6640    0.0242   -0.0293   -1.0625   -0.5795    0.6045    0.5986    0.5851    0.6119    0.1001 
   4.5485    0.0025   -0.3025    0.2411 -184.6764    0.5914    5.7502    6.0500    0.1230    0.1934    2.7772   -0.0722    2.5049    0.6000    3.6640   -0.0688   -0.3064   -1.1489   -0.4859    0.6077    0.6130    0.5826    0.5967    0.0976 
   4.5735    0.0025   -0.3823    0.3561 -184.5308   -2.2773    5.8112    5.3175    0.2109    0.1582    9.2598   -1.5369    2.6367    0.6000    3.6720    0.3274    0.0996   -0.6375   -0.5429    0.5946    0.6075    0.5459    0.6520    0.1014 
   4.6028    0.0025   -0.3477    0.4119 -184.3865   -0.1411   -0.9637    5.3786    0.1582    0.1934    7.0610    3.6470    2.6367    0.6000    3.6640   -0.1365   -0.0671   -1.2522   -0.5429    0.6507    0.6703    0.4843    0.5947    0.1014 
   4.6319    0.0025   -0.2495    0.4564 -184.2346    2.4224    2.0271    6.7824    0.2461    0.2109    6.9349    1.3319    2.3730    0.6000    3.6720   -0.3223    0.2083   -0.9121   -0.1562    0.6079    0.6076    0.5826    0.6020    0.1350 
   4.6569    0.0025   -0.1015    0.4438 -184.0875    5.5352   -0.1702    5.6227    0.1758    0.2109    4.2707    1.9407    3.1641    0.6000    3.6640    0.2739    0.2476   -1.0364   -0.1562    0.6029    0.5954    0.5834    0.6183    0.1350 
   4.6861    0.0025   -0.0245    0.4654 -183.9229    1.9952   -4.5037    6.6603    0.1934    0.1582    4.4113    0.1036    2.9004    0.6000    3.6640    0.0720    0.1323   -0.5325    0.0109    0.6309    0.6258    0.5682    0.5751    0.1754 
   4.7152    0.0025   -0.1206    0.4247 -183.7717   -6.7939    0.6232    5.0124    0.1582    0.1406    5.6291   -1.1389    2.7686    0.6000    3.6640    0.2283    0.0684   -1.0042    0.1689    0.5891    0.5998    0.5565    0.6545    0.2173 
   4.7402    0.0025   -0.2805    0.4362 -183.6257   -6.6718   -1.8792    6.0500    0.1582    0.1582    7.0766    0.1752    3.0322    0.6000    3.6640   -0.8235   -0.1672   -1.1882    0.1689    0.6303    0.6615    0.5373    0.5710    0.2173 
   4.7694    0.0025   -0.3261    0.4688 -183.4805    2.0562    1.5998    5.7448    0.1934    0.1582    6.5183    1.0724    3.1641    0.6000    3.6560   -0.0391   -0.1072   -1.0664    0.3279    0.6103    0.6034    0.5929    0.5935    0.2585 
   4.7944    0.0025   -0.2603    0.5862 -183.3387    3.5821    2.5764    5.1955    0.1406    0.1934    2.2682    0.4547    3.4277    0.6000    3.6640    0.1804    0.2690   -1.0168    0.4393    0.6222    0.5876    0.5731    0.6171    0.3026 
   4.8236    0.0025   -0.1978    0.6077 -183.1847    4.6807   -0.4144    6.2331    0.1758    0.2109    3.2426    2.7725    2.9004    0.6000    3.6640    0.1375    0.1855    0.4951    0.4393    0.6017    0.6131    0.6007    0.5845    0.3026 
   4.8526    0.0025   -0.1559    0.5434 -183.0116   -4.7797   -0.4754    6.1720    0.1406    0.1758    4.8113   -0.2888    3.2959    0.6000    3.6640   -0.1753    0.1331   -0.8987    0.5538    0.6087    0.6050    0.5429    0.6434    0.3457 
   4.8777    0.0025   -0.1376    0.5273 -182.8314   -0.2021    1.5998    7.2096    0.1406    0.1758    2.7115    0.7456    4.4824    0.6000    3.6640   -0.2869   -0.1619   -0.4495    0.5538    0.6307    0.6060    0.5614    0.6019    0.3457 
   4.9069    0.0025   -0.2352    0.5603 -182.6386   -2.0942   -3.7713    7.8200    0.1758    0.1758    7.7826    0.2809    3.6914    0.6000    3.6640   -0.3540   -0.0872   -1.4048    0.6952    0.6344    0.6577    0.5360    0.5719    0.3879 
   4.9360    0.0025   -0.2639    0.5532 -182.4152   -0.7514    0.2570    9.9562    0.2285    0.1758    9.0238   -2.4721    3.4277    0.6000    3.6560    0.3250   -0.0896   -0.7363    0.4358    0.5583    0.6165    0.6264    0.5988    0.4287 
   4.9610    0.0025   -0.2414    0.4926 -182.1931   -0.2021   -3.2220    8.9186    0.1230    0.2109    3.1860   -0.0003    3.6914    0.6000    3.6640    0.1248   -0.0759   -1.2097    0.4358    0.5922    0.6390    0.5648    0.6040    0.4287 
   4.9902    0.0025   -0.2159    0.4476 -181.9644   -1.6669    3.8581    9.8341    0.1406    0.0703    4.2610   -1.6547    3.9551    0.6000    3.6560   -0.3789   -0.1570   -1.2605    0.5981    0.5710    0.6398    0.5836    0.6057    0.4592 
   5.0153    0.0026   -0.2901    0.5015 -181.7337   -2.5825    3.3088    8.5524    0.1582    0.1230    8.0321   -1.9595    4.6143    0.6000    3.6560    0.0598    0.3118   -0.8342    0.5905    0.5704    0.6107    0.5863    0.6326    0.4958 
   5.0444    0.0025   -0.2463    0.4565 -181.4876    4.6807   -0.5975    8.9796    0.1406    0.1758    2.1077    0.6915    3.8232    0.6000    3.6560    0.2305    0.1479   -1.0237    0.5905    0.6196    0.6014    0.6032    0.5758    0.4958 
   5.0736    0.0025   -0.1461    0.3621 -181.2824    2.4834   -1.6961    7.3927    0.1230    0.1406    2.7565    1.8442    4.2188    0.6000    3.6640   -0.0286    0.0657   -1.2942    0.0511    0.6032    0.6462    0.5338    0.6168    0.5218 
   5.0986    0.0025   -0.0927    0.3418 -181.0898    1.4458   -0.2312    7.0265    0.1934    0.1758    5.4923    1.4619    4.4824    0.6000    3.6560   -0.0415    0.2122   -0.9058    0.0511    0.6016    0.6291    0.5575    0.6118    0.5218 
   5.1279    0.0025   -0.0507    0.3220 -180.9070   -2.6435    5.2619    7.5758    0.1582    0.1582    4.7875    0.5888    4.4824    0.6000    3.6560   -0.0063    0.1296   -0.2590    0.1550    0.5688    0.6222    0.5827    0.6262    0.5330 
   5.1572    0.0024   -0.1111    0.4012 -180.7304   -3.8032    2.6984    6.0500    0.0879    0.2109    4.4002    1.8522    3.5596    0.6000    3.6640   -0.0493    0.0884   -0.9565    0.2486    0.5934    0.6243    0.5683    0.6139    0.5432 
   5.1822    0.0025   -0.1102    0.3914 -180.5785    2.8497   -0.2312    6.4162    0.1582    0.1230    4.1135   -1.9675    4.2188    0.6000    3.6560    0.4299   -0.0874   -0.4355    0.2486    0.6105    0.6158    0.5960    0.5777    0.5432 
   5.2114    0.0025   -0.0058    0.3793 -180.4453    6.5728   -3.0389    4.4020    0.1582    0.1582    1.6001    1.4817    4.0869    0.6000    3.6560   -0.2627   -0.0486   -1.1096    0.1836    0.6490    0.6457    0.5324    0.5729    0.5602 
   5.2364    0.0025    0.1581    0.3659 -180.3410    5.4131   -0.1092    3.8527    0.1758    0.1582    2.0393    2.6908    4.4824    0.6000    3.6640    0.3618    0.2217   -0.3733    0.0461    0.6278    0.6256    0.5438    0.6028    0.5902 
   5.2656    0.0025    0.2389    0.3331 -180.2605    1.2627   -2.1844    2.2047    0.1934    0.1230    3.2960   -5.4844    4.0869    0.6000    3.6560    0.0762   -0.1360   -1.2175    0.0461    0.5943    0.5757    0.5654    0.6645    0.5902 
   5.2948    0.0025    0.1834    0.3354 -180.1971   -1.6059    0.2570    1.5944    0.1582    0.2285    4.1391    5.6012    3.8232    0.6000    3.6560    0.2571    0.1411   -1.1177   -0.0648    0.6368    0.6604    0.5070    0.5957    0.6155 
   5.3198    0.0025    0.1712    0.2149 -180.1299    1.9341   -3.2830    3.7917    0.1230    0.1230    1.1485    2.4891    3.9551    0.6000    3.6560   -0.2092   -0.3408   -0.8062   -0.0648    0.6172    0.6221    0.5968    0.5638    0.6155 
   5.3490    0.0025    0.2113    0.1479 -180.0624    0.4082    1.9050    2.3268    0.1758    0.1406    2.2811    1.4179    4.2188    0.6000    3.6560   -0.4062    0.0615   -0.8240    0.0495    0.6215    0.6158    0.5388    0.6239    0.6411 
   5.3781    0.0025    0.2636    0.2111 -179.9812    9.0142    3.9802    3.7917    0.1934    0.1582    0.7918    0.6364    3.6914    0.6000    3.6560   -0.1548   -0.1072   -1.1802    0.1903    0.6304    0.5699    0.6228    0.5770    0.6700 
   5.4031    0.0025    0.3575    0.2685 -179.8970    2.6055   -1.1468    3.8527    0.1582    0.2812    1.7587    8.8884    4.3506    0.6000    3.6480   -0.3105    0.1841   -0.8269    0.1903    0.6561    0.6851    0.5052    0.5536    0.6700 
   5.4322    0.0025    0.3702    0.3098 -179.7958   -0.7514    2.8205    3.7306    0.1758    0.1406    1.6730   -2.1919    5.1416    0.6000    3.6560    0.3186    0.3682   -0.9497    0.1571    0.6036    0.5840    0.5551    0.6573    0.7040 
   5.4573    0.0024    0.4353    0.1809 -179.6815    2.7886   -0.6585    4.6461    0.1406    0.2109   -2.9302    6.2852    4.7461    0.6000    3.6560   -0.2422   -0.1721   -1.2251    0.2983    0.6260    0.6083    0.5843    0.5814    0.7299 
   5.4864    0.0025    0.4225    0.1929 -179.5668   -0.0800    4.9567    5.5617    0.1758    0.1055    2.9913   -1.3939    5.5371    0.6000    3.6560   -0.1956   -0.1858   -1.0366    0.2983    0.6177    0.6043    0.5977    0.5803    0.7299 
   5.5155    0.0025    0.3141    0.3865 -179.4301   -3.4370   -0.1092    6.8434    0.1758    0.1582    1.3093   -0.5348    4.7461    0.6000    3.6480    0.1748   -0.3171   -1.1042    0.2342    0.6142    0.6610    0.5678    0.5570    0.7674 
   5.5406    0.0025    0.2280    0.3152 -179.2852   -2.8876   -0.8416    6.2331    0.1055    0.1934    0.6126    2.4160    5.5371    0.6000    3.6480   -0.0127   -0.0022    0.0774    0.2342    0.5999    0.6355    0.5454    0.6191    0.7674 
   5.5698    0.0025    0.2267    0.3101 -179.1304   -6.7329    6.9099    5.8669    0.2109    0.1934    4.1417   -0.2104    5.0098    0.6000    3.6560   -0.1218    0.1978   -0.9053    0.5674    0.5565    0.6181    0.5625    0.6629    0.7992 
   5.5989    0.0024    0.1632    0.4581 -178.9678    0.2251   -3.5882    6.5993    0.1406    0.1758    3.9829   -3.1676    5.0098    0.6000    3.6560    0.2974    0.1472   -0.7854    0.5637    0.6436    0.6528    0.5558    0.5479    0.8400 
   5.6239    0.0025    0.2149    0.2485 -178.8025    5.3521   -8.0437    5.8058    0.1406    0.2285    2.4346    3.2009    4.8779    0.6000    3.6560    0.1482   -0.0667   -1.5710    0.5637    0.6136    0.6050    0.5841    0.5972    0.8400 
   5.6531    0.0025    0.2774    0.1147 -178.6495   -1.9111    0.3181    6.7824    0.1934    0.1758   -0.7496    4.2826    5.2734    0.6000    3.6560    0.0671   -0.1226   -1.0200    0.7631    0.5996    0.6584    0.5712    0.5708    0.8796 
   5.6781    0.0025    0.2031    0.1767 -178.4859   -1.6669   -2.6116    5.9889    0.1582    0.1758    2.9625    0.2355    5.2734    0.6000    3.6480    0.2305    0.0825    0.0906    0.4597    0.6528    0.6306    0.5189    0.5976    0.9274 
   5.7073    0.0024    0.1064    0.1955 -178.3128   -5.0849   -0.8416    6.2941    0.1758    0.1758    4.4291    1.8841    5.0098    0.6000    3.6400    0.0828    0.3625   -0.8787    0.4597    0.5958    0.6057    0.5465    0.6520    0.9274 
   5.7364    0.0025    0.0500    0.1112 -178.1312   -0.8125    0.4401    8.0641    0.1406    0.1934    3.1857    6.1959    4.8779    0.6000    3.6480   -0.1711   -0.0122   -1.3318    0.0527    0.6049    0.6425    0.5634    0.5892    0.8241 
   5.7614    0.0025    0.0509    0.1551 -177.9481    1.5679    2.5153    7.1486    0.1582    0.1758    3.5227    2.7058    5.5371    0.6000    3.6480   -0.1577    0.2039   -0.8389    0.0527    0.6071    0.6353    0.5461    0.6115    0.8241 
   5.7907    0.0025    0.1637    0.1983 -177.7801    2.5445   -2.3675    7.1486    0.1582    0.1230    1.3238    2.1474    5.9326    0.6000    3.6480   -0.2261   -0.1230   -0.9294   -0.2078    0.6314    0.6465    0.5618    0.5603    0.7256 
   5.8199    0.0025    0.1125    0.1793 -177.5885   -1.4228    1.5388    8.4303    0.0879    0.1582    2.1345    2.1239    6.4600    0.6000    3.6480   -0.4172   -0.0344   -1.0693   -0.4792    0.6116    0.6301    0.5994    0.5589    0.6326 
   5.8449    0.0025   -0.0044    0.1633 -177.3902   -4.5966    1.3557    8.2472    0.1758    0.1758    4.7150    2.5929    6.5918    0.6000    3.6400    0.0750   -0.3457   -0.9670   -0.4792    0.5885    0.6229    0.5668    0.6219    0.6326 
   5.8741    0.0025   -0.0596    0.2481 -177.1832    0.9576   -1.2688    8.9796    0.1055    0.1934    0.4042    3.1835   12.2607    0.6000    3.6400   -0.1282   -0.1050   -0.0149   -0.6688    0.7397    0.5776    0.4792    0.6034    0.5481 
   5.8991    0.0025   -0.0475    0.2594 -176.9127   -0.2631    2.1491    9.8341    0.1406    0.1582    2.1561    1.6138    4.4824    0.6000    3.6480   -0.3396    0.2937   -0.6738   -0.9451    0.5607    0.6832    0.6098    0.5463    0.4765 
   5.9282    0.0025    0.0167    0.3628 -176.7085    7.2442   -2.6116    6.7213    0.4746    0.0176    5.1892   -2.8024    2.9004    0.6000    3.6400    0.7363   -0.0310   -0.8367   -0.9451    0.6515    0.6425    0.5708    0.5352    0.4765 
   5.9573    0.0025    0.1603    0.2811 -176.5443    3.5821   -1.2688    4.8903    0.4746    0.0176    3.1745    2.6370    2.9004    0.6000    3.6480   -0.0183    0.0056   -1.0801   -1.0466    0.6141    0.6385    0.5333    0.6141    0.4108 
   5.9823    0.0025    0.2013    0.2747 -176.3755    4.0093   -4.0765    7.1486    0.4746    0.0176    2.5715    0.4253    2.9004    0.6000    3.6400   -0.0696   -0.1021   -0.6406   -1.0466    0.6251    0.6522    0.5813    0.5414    0.4108 
   6.0115    0.0025    0.2099    0.2019 -176.1964    9.0752    0.3181    7.0876    0.4746    0.0176    2.1091    0.1976    2.9004    0.6000    3.6400    0.0364   -0.0513   -0.8384   -1.0041    0.5800    0.6032    0.6653    0.5515    0.3563 
   6.0407    0.0025    0.3702    0.1106 -175.9672    4.2535    1.5998   15.5714    0.4395    0.0000    0.1233    2.8438   23.7305    0.6000    3.6480   -0.1018    0.1174   -1.0051   -1.1283    0.5733    0.6336    0.5672    0.6260    0.3148 
   6.0657    0.0025    0.5350    0.1440 -175.4320    8.2207    0.0129   25.7643    0.5273    0.0352    0.6647    3.4546   33.6182    0.6000    3.6480   -0.9675   -0.1035   -1.3320   -1.1283    0.6557    0.6404    0.5446    0.5592    0.3148 
   6.0946    0.0026    0.6821    0.2302 -174.7815    3.3990    3.2478   25.2150    0.5273    0.0352    0.1767   -2.4686   33.6182    0.6000    3.9920   -0.0808   -0.0557   -0.6470   -1.0272    0.5916    0.5646    0.6003    0.6436    0.2824 
   6.1196    0.0025    0.6180    0.1665 -174.1792   -3.9252    1.0505   23.4450    0.5273    0.0352    0.1767   -2.4686   33.6182    0.6000    4.0080    0.0110   -0.0410   -0.5706   -1.1389    0.5916    0.5646    0.6003    0.6436    0.2578 
   6.1485    0.0025    0.4600    0.0661 -173.6192  -12.0429   -1.5740   22.7736    0.5273    0.0352    0.1767   -2.4686   33.6182    0.6000    4.0160   -0.0312    0.0979   -0.3723   -1.1389    0.5916    0.5646    0.6003    0.6436    0.2578 
   6.1776    0.0025    0.2685    0.0502 -173.0914  -15.1557   -3.4051   22.8346    0.5273    0.0352    0.1767   -2.4686   33.6182    0.6000    4.0160    0.0813   -0.1116   -0.1152   -1.3500    0.5916    0.5646    0.6003    0.6436    0.2385 
   6.2026    0.0025   -0.1562   -0.0132 -172.5818   -9.9677   -2.0623   28.6940    0.5273    0.0352    0.1767   -2.4686   33.6182    0.6000    4.0160   -0.0105   -0.3267    0.0078   -1.3500    0.5916    0.5646    0.6003    0.6436    0.2385 
   6.2316    0.0025   -0.6337   -0.1001 -172.0919  -23.8227   -1.3299   30.8913    0.5273    0.0352    0.1767   -2.4686   33.6182    0.6000    4.0160    0.0139   -0.1299   -0.1799   -1.5886    0.5916    0.5646    0.6003    0.6436    0.2151 
   6.2605    0.0025   -1.2258   -0.1802 -171.6306  -49.5185   -5.4803   14.4118    0.5273    0.0352    0.1767   -2.4686   33.6182    0.6000    4.0240    0.0930   -0.0918   -0.1379   -1.7543    0.5916    0.5646    0.6003    0.6436    0.1922 
   6.2856    0.0025   -1.8572   -0.2900 -171.1618  -15.0947   -1.2078   21.4308    0.5273    0.0352    0.1767   -2.4686   33.6182    0.6000    4.0240    0.1145   -0.1736   -0.1401   -1.7543    0.5916    0.5646    0.6003    0.6436    0.1922 
   6.3147    0.0026   -2.6523   -0.3900 -170.7083  -21.3813    3.8581   22.7126    0.5273    0.0352    0.1767   -2.4686   33.6182    0.6000    4.0240   -0.2202   -0.0078   -0.1013   -1.9483    0.5916    0.5646    0.6003    0.6436    0.1666 
   6.3396    0.0025   -3.4756   -0.4032 -170.2521  -36.9453    6.5437   15.6325    0.5273    0.0352    0.1767   -2.4686   33.6182    0.6000    4.0160    0.0093   -0.0188    0.0286   -2.1866    0.5916    0.5646    0.6003    0.6436    0.1326 
   6.3685    0.0025   -4.2965   -0.4715 -169.7933  -42.5605    8.7409   15.6325    0.5273    0.0352    0.1767   -2.4686   33.6182    0.6000    4.0240   -0.2773    0.2263    0.1960   -2.1866    0.5916    0.5646    0.6003    0.6436    0.1326 
   6.3975    0.0025   -5.0342   -0.4880 -169.3132  -10.8833    0.3181   22.1022    0.5273    0.0352    0.1767   -2.4686   33.6182    0.6000    4.0240    0.0415   -0.6165    0.0186   -2.3990    0.5916    0.5646    0.6003    0.6436    0.0882 
   6.4225    0.0025   -5.6151   -0.6263 -168.8288  118.9385  -60.4729   21.0036    0.5273    0.0352    0.1767   -2.4686   33.6182    0.6000    4.0240    1.3076    1.7168   -5.8840   -2.3990    0.5916    0.5646    0.6003    0.6436    0.0882 
   6.4515    0.0025    7.3626    2.4326 -172.1064  426.3116  216.2605 -158.9281    0.5273    0.0352    0.1767   -2.4686   33.6182    0.6000    4.0240   -0.1040   -0.4109    1.7100    0.0786    0.5916    0.5646    0.6003    0.6436    0.0368 
   6.4804    0.0025   18.0656    7.5506 -177.1921  454.7540  154.1877 -167.8392    0.5273    0.0352    0.1767   -2.4686   33.6182    0.6000    4.0160    0.0569   -0.1128    0.2822   -0.3168    0.5916    0.5646    0.6003    0.6436    0.0470 
   6.5056    0.0025   28.3589   12.6182 -179.5822  302.1661  359.7541  425.0563    0.5273    0.0352    0.1767   -2.4686   33.6182    0.6000    4.0240   -1.5830   -2.2129    1.0605   -0.3168    0.5916    0.5646    0.6003    0.6436    0.0470 
   6.5345    0.0025   35.3102   10.7339 -163.2142   91.1675  216.3215  507.3927    0.5273    0.0352    0.1767   -2.4686   33.6182    0.6000    4.0160    0.3149   -0.5117    0.1321   -0.9344    0.5916    0.5646    0.6003    0.6436    0.0324 
   6.5595    0.0025   39.1506    7.3677 -150.0643   68.0962  190.6257  433.8454    0.5273    0.0352    0.1767   -2.4686   33.6182    0.6000    4.0240   -0.0422   -0.0747    0.0054   -1.2325    0.5916    0.5646    0.6003    0.6436    0.0137 
   6.5885    0.0025   41.4015    2.8168 -136.0618   35.0762  184.8273  430.7936    0.5273    0.0352    0.1767   -2.4686   33.6182    0.6000    4.0240   -0.0068   -0.1016    0.0095   -1.2325    0.5916    0.5646    0.6003    0.6436    0.0137 
   6.6174    0.0025   41.4576   -2.0051 -122.0680 -107.9902  215.8332  317.3293    0.5273    0.0352    0.1767   -2.4686   33.6182    0.6000    4.0240    2.4543   -5.4011   -2.9065   -1.4926    0.5916    0.5646    0.6003    0.6436   -0.0063 
   6.6425    0.0025   32.7243   12.9606 -128.3112 -109.4550  227.1247   98.3351    0.5273    0.0352    0.1767   -2.4686   33.6182    0.6000    4.0240    0.7422    0.4937   -0.9836   -1.4926    0.5916    0.5646    0.6003    0.6436   -0.0063 
   6.6715    0.0025   31.2126   16.0143 -121.3954 -185.0776  227.3078  234.0163    0.5273    0.0352    0.1767   -2.4686   33.6182    0.6000    4.0240   -0.4448    0.2629   -0.3733   -1.4130    0.5916    0.5646    0.6003    0.6436   -0.0248 
   6.7004    0.0024   29.9670   13.2702 -112.0649  -56.9038  -40.3924  317.9396    0.5273    0.0352    0.1767   -2.4686   33.6182    0.6000    4.0320   -0.2698   -0.0396   -0.1736   44.9038    0.5916    0.5646    0.6003    0.6436   13.7948 
   6.7256    0.0025   30.8411    7.0079 -103.5228   62.1758  -56.8108  230.4762    0.5273    0.0352    0.1767   -2.4686   33.6182    0.6000    4.0320   -0.0757   -0.4578   -0.8296   44.9038    0.5916    0.5646    0.6003    0.6436   13.7948 
   6.7546    0.0026   36.8721    0.2330  -98.2627  265.2398 -312.0599  289.9245    0.5273    0.0352    0.1767   -2.4686   33.6182    0.6000    4.0240   -1.0347   -1.4531   -0.6643   80.4552    0.5916    0.5646    0.6003    0.6436   25.9657 
   6.7796    0.0025   42.6918   -9.3475  -90.5496  154.5220 -104.4183  136.9093    0.5273    0.0352    0.1767   -2.4686   33.6182    0.6000    4.0320   -0.7544   -0.8018   -0.5107   59.8571    0.5916    0.5646    0.6003    0.6436   22.6961 
   6.8085    0.0025   43.1214  -13.8588  -86.7112  -68.6835  -49.6697   84.2970    0.5273    0.0352    0.1767   -2.4686   33.6182    0.6000    4.0320   -0.3372   -0.9270   -0.5454   59.8571    0.5916    0.5646    0.6003    0.6436   22.6961 
   6.8374    0.0025   39.5043  -17.3987  -85.2665 -219.7456  -90.2581   67.5734    0.5273    0.0352    0.1767   -2.4686   33.6182    0.6000    4.0320   -0.3889   -0.9863   -0.8833   42.1099    0.5916    0.5646    0.6003    0.6436   19.5475 
   6.8624    0.0025   34.1145  -19.2520  -84.7014 -129.7797  -77.0135  145.5153    0.5273    0.0352    0.1767   -2.4686   33.6182    0.6000    4.0320   -0.5969   -0.3547   -1.0920   42.1099    0.5916    0.5646    0.6003    0.6436   19.5475 
   6.8914    0.0025   32.5591  -22.8732  -80.7881   10.6622  -22.1429   72.6393    0.5273    0.0352    0.1767   -2.4686   33.6182    0.6000    4.0320   -1.2371   -0.6245   -0.8267   27.2353    0.5916    0.5646    0.6003    0.6436   16.5798 
   6.9203    0.0025   31.2750  -20.8357  -81.6431 -105.5488  143.3234  -52.1165    0.5273    0.0352    0.1767   -2.4686   33.6182    0.6000    4.0320   -0.3857   -0.8853   -1.3286   14.8049    0.5916    0.5646    0.6003    0.6436   13.8286 
   6.9453    0.0025   29.8814  -18.1415  -83.3101  -35.4804   -7.7996  -31.2425    0.5273    0.0352    0.1767   -2.4686   33.6182    0.6000    4.0320   -0.4988   -0.4802   -0.9495   14.8049    0.5916    0.5646    0.6003    0.6436   13.8286 
   6.9743    0.0025   29.4436  -18.1318  -84.7693  -43.3540  -14.5135  -52.7269    0.5273    0.0352    0.1767   -2.4686   33.6182    0.6000    4.0320   -0.6531   -0.7534   -0.5505    4.5298    0.5916    0.5646    0.6003    0.6436   11.3166 
   6.9993    0.0025   27.8470  -17.4829  -87.0082 -148.5175   -6.6399  -64.6288    0.5273    0.0352    0.1767   -2.4686   33.6182    0.6000    4.0320   -0.5325   -0.8723   -0.4893   -3.7830    0.5916    0.5646    0.6003    0.6436    9.0516 
   7.0282    0.0025   22.7199  -17.2634  -88.4651 -250.2631   11.0603   57.4416    0.5273    0.0352    0.1767   -2.4686   33.6182    0.6000    4.0240   -0.4583   -0.7903   -0.9749   -3.7830    0.5916    0.5646    0.6003    0.6436    9.0516 
   7.0572    0.0024   15.5336  -17.5723  -89.4366 -348.6518  -68.8958   -5.8519    0.5273    0.0352    0.1767   -2.4686   33.6182    0.6000    4.0320   -0.5071   -0.5615   -0.9060  -10.0949    0.5916    0.5646    0.6003    0.6436    7.0378 
   7.0822    0.0025    5.1261  -20.0507  -95.9365 -587.2993 -196.1541 -144.2796    0.5273    0.0352    0.1767   -2.4686   33.6182    0.6000    4.0320   -0.4290   -0.1621   -0.9026  -10.0949    0.5916    0.5646    0.6003    0.6436    7.0378 
   7.1112    0.0025   -1.9581  -27.7738 -102.9237 -222.6142 -291.9183 -170.2806    0.5273    0.0352    0.1767   -2.4686   33.6182    0.6000    4.0320   -0.7529    0.4663   -1.1116  -14.7900    0.5916    0.5646    0.6003    0.6436    5.2750 
   7.1403    0.0025   -3.3654  -33.1241 -108.2938 -122.0283 -137.3772 -116.6917    0.5273    0.0352    0.1767   -2.4686   33.6182    0.6000    4.0240   -0.6804   -0.2734   -0.6118  -18.2905    0.5916    0.5646    0.6003    0.6436    3.7551 
   7.1653    0.0025   -4.7702  -36.6040 -111.5723  -97.0649 -124.0716  -62.1263    0.5273    0.0352    0.1767   -2.4686   33.6182    0.6000    4.0320   -1.0698    0.0952   -1.0264  -18.2905    0.5916    0.5646    0.6003    0.6436    3.7551 
   7.1943    0.0025   -5.3092  -38.7032 -114.0913  -72.1626  -35.2654  -75.4930    0.5273    0.0352    0.1767   -2.4686   33.6182    0.6000    4.0320   -0.9114   -0.0583   -0.6772  -20.5146    0.5916    0.5646    0.6003    0.6436    2.4605 
   7.2193    0.0025   -5.1013  -39.6920 -116.8267  -63.1904   -0.5975  -76.7137    0.5273    0.0352    0.1767   -2.4686   33.6182    0.6000    4.0320   -0.8208   -0.0667   -0.7568  -21.8217    0.5916    0.5646    0.6003    0.6436    1.3788 
   7.2482    0.0025   -5.5628  -39.6846 -119.5265 -115.7417   18.7507  -71.1595    0.5273    0.0352    0.1767   -2.4686   33.6182    0.6000    4.0240   -0.6313   -0.1755   -0.8198  -21.8217    0.5916    0.5646    0.6003    0.6436    1.3788 
   7.2772    0.0025   -6.6205  -39.3631 -122.5639  -92.0600    0.6843  -75.4320    0.5273    0.0352    0.1767   -2.4686   33.6182    0.6000    4.0320   -0.5442    0.1567   -0.8926  -22.2737    0.5916    0.5646    0.6003    0.6436    0.4898 
   7.3022    0.0025   -6.9150  -40.0784 -125.4981  -84.2475  -21.3494  -78.4227    0.5273    0.0352    0.1767   -2.4686   33.6182    0.6000    4.0320   -0.6450    0.0427   -0.8440  -22.2737    0.5916    0.5646    0.6003    0.6436    0.4898 
   7.3313    0.0025   -7.4094  -40.3675 -127.9125  -77.3505    0.6843  -41.5575    0.5273    0.0352    0.1767   -2.4686   33.6182    0.6000    4.0320   -0.6887    0.1248   -0.9277  -22.0954    0.5916    0.5646    0.6003    0.6436   -0.2232 
   7.3603    0.0025   -7.7658  -40.5332 -130.0867  -46.2836   -4.2596  -73.8451    0.5273    0.0352    0.1767   -2.4686   33.6182    0.6000    4.0400   -0.6750    0.1321   -0.7952  -21.4235    0.5916    0.5646    0.6003    0.6436   -0.7808 
   7.3853    0.0025   -6.7565  -40.9792 -132.1137  -27.3627  -23.3636  -88.7987    0.5273    0.0352    0.1767   -2.4686   33.6182    0.6000    4.0400   -0.5010   -0.0710   -0.8127  -21.4235    0.5916    0.5646    0.6003    0.6436   -0.7808 
   7.4143    0.0025   -6.0364  -41.9682 -134.5046  -65.2656  -31.2981  -68.4740    0.5273    0.0352    0.1767   -2.4686   33.6182    0.6000    4.0400   -0.4702   -0.1228   -0.7241  -20.4245    0.5916    0.5646    0.6003    0.6436   -1.2012 
   7.4393    0.0025   -6.4122  -43.3689 -136.5896  -76.8623  -85.2532  -43.3275    0.5273    0.0352    0.1767   -2.4686   33.6182    0.6000    4.0400   -0.5366    0.0232   -0.8154  -19.1136    0.5916    0.5646    0.6003    0.6436   -1.5058 
   7.4682    0.0025   -6.7418  -45.8560 -138.7474  -72.5898  -58.5198  -35.8812    0.5273    0.0352    0.1767   -2.4686   33.6182    0.6000    4.0400   -0.8169    0.0486   -0.5891  -19.1136    0.5916    0.5646    0.6003    0.6436   -1.5058 
   7.4972    0.0025   -7.2066  -46.5433 -140.1204  -42.0722   11.7316  -14.0916    0.5273    0.0352    0.1767   -2.4686   33.6182    0.6000    4.0320   -0.8030    0.0693   -0.8152  -17.6670    0.5916    0.5646    0.6003    0.6436   -1.7093 
   7.5222    0.0025   -7.3764  -46.4189 -141.0344  -31.9404  -15.6731  -16.2279    0.5273    0.0352    0.1767   -2.4686   33.6182    0.6000    4.0400   -0.6855    0.0742   -0.6921  -17.6670    0.5916    0.5646    0.6003    0.6436   -1.7093 
   7.5512    0.0025   -7.5676  -47.4310 -141.9591  -47.9926  -40.3313   -4.8753    0.5273    0.0352    0.1767   -2.4686   33.6182    0.6000    4.0400   -0.7385   -0.0291   -0.6331  -16.1120    0.5916    0.5646    0.6003    0.6436   -1.8302 
   7.5803    0.0025   -8.9496  -48.6135 -143.3778 -125.1411  -24.3401   24.1164    0.5273    0.0352    0.1767   -2.4686   33.6182    0.6000    4.0400   -0.8140    0.0532   -0.6650  -14.5434    0.5916    0.5646    0.6003    0.6436   -1.8822 
   7.6053    0.0025  -11.6343  -49.3222 -145.6784 -139.7285  -16.8328    8.5524    0.5273    0.0352    0.1767   -2.4686   33.6182    0.6000    4.0400   -0.8218    0.2593   -0.7490  -14.5434    0.5916    0.5646    0.6003    0.6436   -1.8822 
   7.6342    0.0025  -13.0166  -50.5639 -147.9723  -72.5898  -30.4437  -27.6414    0.5273    0.0352    0.1767   -2.4686   33.6182    0.6000    4.0400   -0.8738    0.2371   -0.7168  -12.9288    0.5916    0.5646    0.6003    0.6436   -1.8802 
   7.6592    0.0025  -13.3884  -51.5230 -149.6088  -66.8525  -35.8147  -29.2284    0.5273    0.0352    0.1767   -2.4686   33.6182    0.6000    4.0400   -0.6260    0.0791   -0.7676  -11.3361    0.5916    0.5646    0.6003    0.6436   -1.8335 
   7.6882    0.0025  -13.3220  -53.5979 -151.5647  -48.9082  -87.6946  -50.1634    0.5273    0.0352    0.1767   -2.4686   33.6182    0.6000    4.0400   -0.8489    0.2065   -0.5793  -11.3361    0.5916    0.5646    0.6003    0.6436   -1.8335 
   7.7171    0.0025  -12.7377  -56.3201 -152.6742   -6.4277  -90.0140  -16.6551    0.5273    0.0352    0.1767   -2.4686   33.6182    0.6000    4.0400   -0.9297    0.1230   -0.5745   -9.8987    0.5916    0.5646    0.6003    0.6436   -1.7533 
   7.7421    0.0025  -12.4227  -58.2453 -152.5764   14.8736  -59.4964    7.5758    0.5273    0.0352    0.1767   -2.4686   33.6182    0.6000    4.0400   -0.9248    0.0779   -0.5464   -9.8987    0.5916    0.5646    0.6003    0.6436   -1.7533 
   7.7712    0.0025  -12.1565  -59.4400 -152.0377   17.1929  -37.8289    6.3551    0.5273    0.0352    0.1767   -2.4686   33.6182    0.6000    4.0400   -0.9783    0.1484   -0.4907   -8.5627    0.5916    0.5646    0.6003    0.6436   -1.6501 
   7.8001    0.0025  -12.0138  -60.1092 -152.1268   -7.6484    6.7268   -9.0868    0.5273    0.0352    0.1767   -2.4686   33.6182    0.6000    4.0400   -1.1228    0.2776   -0.5386   -7.3227    0.5916    0.5646    0.6003    0.6436   -1.5321 
   7.8251    0.0025  -11.9209  -59.2601 -152.0536   16.3384   58.1794   11.4211    0.5273    0.0352    0.1767   -2.4686   33.6182    0.6000    4.0400   -0.9346    0.2595   -0.4065   -7.3227    0.5916    0.5646    0.6003    0.6436   -1.5321 
   7.8541    0.0025  -11.8562  -57.6807 -151.3347   31.7803   46.1555   12.4586    0.5273    0.0352    0.1767   -2.4686   33.6182    0.6000    4.0400   -0.6343    0.1379   -0.4788   -6.2465    0.5916    0.5646    0.6003    0.6436   -1.4047 
   7.8791    0.0025  -11.1479  -57.0461 -150.0885   78.4722  -22.6311   -8.2933    0.5273    0.0352    0.1767   -2.4686   33.6182    0.6000    4.0400   -0.6750    0.1646   -0.5676   -5.2262    0.5916    0.5646    0.6003    0.6436   -1.2745 
   7.9081    0.0025  -10.5337  -56.7997 -148.7172   23.0523   61.9025   68.6110    0.5273    0.0352    0.1767   -2.4686   33.6182    0.6000    4.0400   -1.3079    0.0750   -0.3464   -5.2262    0.5916    0.5646    0.6003    0.6436   -1.2745 
   7.9371    0.0024  -11.4592  -53.5182 -146.4595   57.3540  186.0480   74.8976    0.5273    0.0352    0.1767   -2.4686   33.6182    0.6000    4.0320   -0.8574    0.1526   -0.3804   -4.4302    0.5916    0.5646    0.6003    0.6436   -1.1433 
   7.9621    0.0025  -12.6395  -48.8902 -146.9524 -107.4409  165.7844  -26.1766    0.5273    0.0352    0.1767   -2.4686   33.6182    0.6000    4.0400   -0.7209    0.1936   -0.8772   -4.4302    0.5916    0.5646    0.6003    0.6436   -1.1433 
   7.9911    0.0025  -12.8092  -46.3339 -148.8739  -44.8798   69.1657  -41.8016    0.5273    0.0352    0.1767   -2.4686   33.6182    0.6000    4.0400   -0.5642    0.2278   -0.5935   -3.5614    0.5916    0.5646    0.6003    0.6436   -1.0179 
   8.0202    0.0025  -12.7493  -45.5390 -149.3074   44.2925   22.1076  -15.5565    0.5273    0.0352    0.1767   -2.4686   33.6182    0.6000    4.0400   -0.8662    0.2629   -0.7644   -2.8201    0.5916    0.5646    0.6003    0.6436   -0.8947 
   8.0453    0.0025  -11.3974  -44.5144 -148.8640   38.2500   72.5227  -19.2186    0.5273    0.0352    0.1767   -2.4686   33.6182    0.6000    4.0400   -0.8564    0.0117   -0.5842   -2.8201    0.5916    0.5646    0.6003    0.6436   -0.8947 
   8.0743    0.0025  -11.1962  -41.6708 -149.1125  -54.8896  145.8869    3.0592    0.5273    0.0352    0.1767   -2.4686   33.6182    0.6000    4.0400   -0.6331   -0.0781   -0.6750   -2.2475    0.5916    0.5646    0.6003    0.6436   -0.7770 
   8.0993    0.0025  -12.4164  -38.7248 -150.6695  -91.0835  108.5334  -37.2240    0.5273    0.0352    0.1767   -2.4686   33.6182    0.6000    4.0400   -0.5815    0.1409   -0.9221   -1.6479    0.5916    0.5646    0.6003    0.6436   -0.6681 
   8.1283    0.0025  -12.1335  -37.3559 -153.1251   17.4371   53.3576  -96.7943    0.5273    0.0352    0.1767   -2.4686   33.6182    0.6000    4.0400   -0.4023    0.2393   -0.8728   -1.6479    0.5916    0.5646    0.6003    0.6436   -0.6681 
   8.1573    0.0025   -9.8918  -37.4201 -153.5840   85.6133  -35.3265  -35.5760    0.5273    0.0352    0.1767   -2.4686   33.6182    0.6000    4.0400   -0.7964    0.0952   -0.9016   -1.2066    0.5916    0.5646    0.6003    0.6436   -0.5654 
   8.1823    0.0025   -8.7841  -37.0994 -153.3907   -7.4653   60.3156   -3.7767    0.5273    0.0352    0.1767   -2.4686   33.6182    0.6000    4.0400   -0.6592   -0.0859   -0.6040   -1.2066    0.5916    0.5646    0.6003    0.6436   -0.5654 
   8.2113    0.0025   -8.6893  -35.3610 -152.9536   31.9634   58.6677   43.2814    0.5273    0.0352    0.1767   -2.4686   33.6182    0.6000    4.0400   -0.7893   -0.0859   -0.7766   -0.8972    0.5916    0.5646    0.6003    0.6436   -0.4716 
   8.2403    0.0025   -8.7208  -33.7513 -151.9094    0.1641   48.1696   31.8068    0.5273    0.0352    0.1767   -2.4686   33.6182    0.6000    4.0400   -0.5322    0.0564   -0.8347   -0.5813    0.5916    0.5646    0.6003    0.6436   -0.3892 
   8.2653    0.0025   -8.6503  -33.0857 -151.6604   -3.7421   17.2248   -2.2508    0.5273    0.0352    0.1767   -2.4686   33.6182    0.6000    4.0400   -0.6179   -0.0173   -0.7507   -0.5813    0.5916    0.5646    0.6003    0.6436   -0.3892 
   8.2943    0.0025   -8.5901  -32.8280 -152.0831  -16.8037   28.2722   -9.3919    0.5273    0.0352    0.1767   -2.4686   33.6182    0.6000    4.0480   -0.6389    0.0662   -0.8171   -0.3545    0.5916    0.5646    0.6003    0.6436   -0.3146 
   8.3193    0.0025   -8.6391  -32.3550 -152.4416  -15.9492   25.3425   -0.4808    0.5273    0.0352    0.1767   -2.4686   33.6182    0.6000    4.0400   -0.5420    0.0625   -0.7627   -0.1789    0.5916    0.5646    0.6003    0.6436   -0.2496 
   8.3482    0.0025   -8.9427  -32.1819 -152.7257  -32.4287   10.1447    0.9840    0.5273    0.0352    0.1767   -2.4686   33.6182    0.6000    4.0480   -0.5396    0.0576   -0.7422   -0.1789    0.5916    0.5646    0.6003    0.6436   -0.2496 
   8.3772    0.0024   -9.4835  -31.8804 -153.3000  -44.3916   33.3381   -4.9974    0.5273    0.0352    0.1767   -2.4686   33.6182    0.6000    4.0480   -0.5134    0.0950   -0.7771   -0.0528    0.5916    0.5646    0.6003    0.6436   -0.1928 
   8.4022    0.0025  -10.2677  -31.1446 -153.8785  -29.2548   43.4699   -1.2132    0.5273    0.0352    0.1767   -2.4686   33.6182    0.6000    4.0480   -0.5149    0.2595   -0.7930   -0.0528    0.5916    0.5646    0.6003    0.6436   -0.1928 
   8.4313    0.0025  -10.6965  -30.5617 -153.6597   13.7749   15.6379   19.4167    0.5273    0.0352    0.1767   -2.4686   33.6182    0.6000    4.0400   -0.4697    0.1650   -0.7795    0.0405    0.5916    0.5646    0.6003    0.6436   -0.1448 
   8.4603    0.0025  -10.6395  -30.2921 -153.2567  -11.1274    7.5813   15.3883    0.5273    0.0352    0.1767   -2.4686   33.6182    0.6000    4.0480   -0.4937    0.1431   -0.7698    0.0964    0.5916    0.5646    0.6003    0.6436   -0.1037 
   8.4853    0.0025  -11.1845  -30.3456 -153.0439   -7.6484    3.7360   20.1491    0.5273    0.0352    0.1767   -2.4686   33.6182    0.6000    4.0480   -0.5310    0.2134   -0.8188    0.0964    0.5916    0.5646    0.6003    0.6436   -0.1037 
   8.5143    0.0025  -11.6575  -30.5397 -152.9044  -21.0151    2.0271   12.0924    0.5273    0.0352    0.1767   -2.4686   33.6182    0.6000    4.0480   -0.5640    0.1934   -0.7971    0.1309    0.5916    0.5646    0.6003    0.6436   -0.0704 
   8.5393    0.0025  -12.3116  -30.6838 -153.0224  -22.7241    8.2526   13.1300    0.5273    0.0352    0.1767   -2.4686   33.6182    0.6000    4.0400   -0.6101    0.2351   -0.8386    0.1510    0.5916    0.5646    0.6003    0.6436   -0.0424 
   8.5683    0.0025  -13.2488  -30.1410 -152.8526  -24.4941   26.3190   26.0085    0.5273    0.0352    0.1767   -2.4686   33.6182    0.6000    4.0480   -0.4966    0.3103   -0.9951    0.1510    0.5916    0.5646    0.6003    0.6436   -0.0424 
   8.5972    0.0024  -14.0020  -29.7370 -152.5296   -3.3149  -26.0491    3.9748    0.5273    0.0352    0.1767   -2.4686   33.6182    0.6000    4.0480   -0.4971    0.3523   -0.8787    0.1921    0.5916    0.5646    0.6003    0.6436   -0.0204 
   8.6222    0.0025  -13.7893  -30.6089 -152.5085   16.1553  -33.2513   -4.3260    0.5273    0.0352    0.1767   -2.4686   33.6182    0.6000    4.0480   -0.5217    0.2305   -0.8672    0.1921    0.5916    0.5646    0.6003    0.6436   -0.0204 
   8.6513    0.0025  -13.7203  -31.2313 -152.3236    2.4834   -4.9920   19.8439    0.5273    0.0352    0.1767   -2.4686   33.6182    0.6000    4.0480   -0.5803    0.2693   -0.8997    0.1958    0.5916    0.5646    0.6003    0.6436   -0.0010 
   8.6803    0.0025  -14.2960  -31.1686 -151.7728  -10.1508   -7.4334   22.1022    0.5273    0.0352    0.1767   -2.4686   33.6182    0.6000    4.0480   -0.5811    0.2290   -0.8184    0.1668    0.5916    0.5646    0.6003    0.6436    0.0135 
   8.7053    0.0025  -14.6699  -31.3198 -151.5810  -12.3481   -0.4144   16.4870    0.5273    0.0352    0.1767   -2.4686   33.6182    0.6000    4.0480   -0.5574    0.2991   -0.8984    0.1668    0.5916    0.5646    0.6003    0.6436    0.0135 
   8.7342    0.0025  -15.1919  -31.2815 -151.2321    7.3663   -6.9451   18.8063    0.5273    0.0352    0.1767   -2.4686   33.6182    0.6000    4.0480   -0.5105    0.3477   -0.9404    0.1463    0.5916    0.5646    0.6003    0.6436    0.0245 
   8.7593    0.0025  -15.4106  -31.3360 -150.6219   11.5777  -27.0867   15.9377    0.5273    0.0352    0.1767   -2.4686   33.6182    0.6000    4.0400   -0.4912    0.3010   -0.8362    0.0949    0.5916    0.5646    0.6003    0.6436    0.0321 
   8.7882    0.0025  -15.3077  -32.5836 -150.4987   10.3570  -38.7444   -1.0301    0.5273    0.0352    0.1767   -2.4686   33.6182    0.6000    4.0480   -0.6475    0.2910   -0.8376    0.0949    0.5916    0.5646    0.6003    0.6436    0.0321 
   8.8172    0.0025  -15.1160  -33.4893 -150.2616   22.6250  -16.5276   11.9093    0.5273    0.0352    0.1767   -2.4686   33.6182    0.6000    4.0480   -0.7202    0.2737   -0.8237    0.0385    0.5916    0.5646    0.6003    0.6436    0.0370 
   8.8421    0.0025  -14.6358  -33.6777 -149.5757   26.5923    3.1867   15.9377    0.5273    0.0352    0.1767   -2.4686   33.6182    0.6000    4.0480   -0.7256    0.1653   -0.8000    0.0385    0.5916    0.5646    0.6003    0.6436    0.0370 
   8.8712    0.0025  -14.1444  -33.9104 -149.4187    6.3897   -6.5789  -13.9696    0.5273    0.0352    0.1767   -2.4686   33.6182    0.6000    4.0480   -0.6689    0.1946   -0.7861   -0.0374    0.5916    0.5646    0.6003    0.6436    0.0389 
   8.9003    0.0025  -13.9120  -34.3597 -150.1595  -15.3999   -8.0437  -28.8622    0.5273    0.0352    0.1767   -2.4686   33.6182    0.6000    4.0480   -0.6350   -0.1802   -0.5388   -0.0879    0.5916    0.5646    0.6003    0.6436    0.0385 
   8.9253    0.0025  -13.1244  -34.8667 -150.2915   -3.3759    3.9802    0.1295    0.5273    0.0352    0.1767   -2.4686   33.6182    0.6000    4.0480   -0.4995    0.3618   -0.8206   -0.0879    0.5916    0.5646    0.6003    0.6436    0.0385 
   8.9543    0.0025  -13.7845  -34.9391 -150.4548  -21.8696  -20.6780   -3.7157    0.5273    0.0352    0.1767   -2.4686   33.6182    0.6000    4.0480   -0.5532    0.2639   -0.8647   -0.1844    0.5916    0.5646    0.6003    0.6436    0.0366 
   8.9794    0.0026  -13.6411  -35.2731 -150.7792   -0.4462    1.6608  -22.8197    0.5273    0.0352    0.1767   -2.4686   33.6182    0.6000    4.0480   -0.6504    0.1851   -0.9790   -0.1877    0.5916    0.5646    0.6003    0.6436    0.0325 
   9.0084    0.0025  -13.1388  -32.3577 -150.5423   11.5777  219.4953   28.6940    0.5273    0.0352    0.1767   -2.4686   33.6182    0.6000    4.0480   -0.4536   -0.1018   -0.7986   -0.1877    0.5916    0.5646    0.6003    0.6436    0.0325 
   9.0373    0.0025  -12.4036  -25.3918 -149.2574   82.1343  252.4543   21.1256    0.5273    0.0352    0.1767   -2.4686   33.6182    0.6000    4.0480   -0.2544   -0.1851   -1.3828   -0.1423    0.5916    0.5646    0.6003    0.6436    0.0291 
   9.0623    0.0025  -10.6591  -20.3155 -147.4201   77.0074  109.6320   46.1501    0.5273    0.0352    0.1767   -2.4686   33.6182    0.6000    4.0480   -0.0691   -0.3982   -1.4053   -0.1423    0.5916    0.5646    0.6003    0.6436    0.0291 
   9.0913    0.0025   -9.2612  -19.5614 -145.5500   67.8521  -23.6687   61.3478    0.5273    0.0352    0.1767   -2.4686   33.6182    0.6000    4.0480   -0.0027   -0.4465   -1.1062   -0.0070    0.5916    0.5646    0.6003    0.6436    0.0275 
   9.1203    0.0025   -7.6962  -18.9011 -143.0961   93.1817   41.4558   91.6823    0.5273    0.0352    0.1767   -2.4686   33.6182    0.6000    4.0480    0.0659   -0.4438   -1.0188    0.0046    0.5916    0.5646    0.6003    0.6436    0.0301 
   9.1453    0.0025   -6.3575  -17.2865 -139.6192   77.9229   32.1784  132.5148    0.5273    0.0352    0.1767   -2.4686   33.6182    0.6000    4.0480    0.0361   -0.2727   -1.0200    0.0046    0.5916    0.5646    0.6003    0.6436    0.0301 
   9.1743    0.0025   -5.4610  -16.0994 -135.7184   78.7774   19.4831  138.6183    0.5273    0.0352    0.1767   -2.4686   33.6182    0.6000    4.0480    0.1326   -0.1113   -0.8655   -0.0047    0.5916    0.5646    0.6003    0.6436    0.0326 
   9.1993    0.0025   -4.0885  -14.4082 -131.7708   99.4683   65.3815  138.9845    0.5273    0.0352    0.1767   -2.4686   33.6182    0.6000    4.0480    0.0696    0.0168   -0.8479   -0.0541    0.5916    0.5646    0.6003    0.6436    0.0342 
   9.2283    0.0025   -2.9546  -12.0283 -127.7206   58.7579   68.6775  156.6237    0.5273    0.0352    0.1767   -2.4686   33.6182    0.6000    4.0480   -0.0171    0.1038   -0.9531   -0.0541    0.5916    0.5646    0.6003    0.6436    0.0342 
   9.2573    0.0024   -2.9798  -10.4104 -123.6726   29.7051   41.4558  142.6466    0.5273    0.0352    0.1767   -2.4686   33.6182    0.6000    4.0480   -0.0947    0.4292   -0.7493   -0.0613    0.5916    0.5646    0.6003    0.6436    0.0378 
   9.2823    0.0025   -2.4524   -8.7270 -120.5822   71.9415   83.0207   95.8327    0.5273    0.0352    0.1767   -2.4686   33.6182    0.6000    4.0480   -0.0510    0.4143   -0.8206   -0.0613    0.5916    0.5646    0.6003    0.6436    0.0378 
   9.3113    0.0025   -1.5910   -6.1867 -118.1456   41.5459   89.7956   92.7199    0.5273    0.0352    0.1767   -2.4686   33.6182    0.6000    4.0480   -0.0723    0.3274   -0.9041   -0.0540    0.5916    0.5646    0.6003    0.6436    0.0518 
   9.3403    0.0025   -1.1454   -4.0249 -115.7993   51.5557   93.3967   80.8791    0.5273    0.0352    0.1767   -2.4686   33.6182    0.6000    4.0400    0.0312    0.2776   -0.7227   -0.0969    0.5916    0.5646    0.6003    0.6436    0.0613 
   9.3653    0.0025    0.4266   -0.7644 -114.0137   84.0874  146.2531   61.4088    0.5273    0.0352    0.1767   -2.4686   33.6182    0.6000    4.0480    0.0381    0.3013   -0.9392   -0.0969    0.5916    0.5646    0.6003    0.6436    0.0613 
   9.3943    0.0025    1.5011    2.3391 -112.6690   18.4747  100.8430   48.7746    0.5273    0.0352    0.1767   -2.4686   33.6182    0.6000    4.0480   -0.1816    0.4614   -1.2358   -0.0715    0.5916    0.5646    0.6003    0.6436    0.0645 
   9.4193    0.0025    0.9977    3.9919 -111.6499  -29.1938   46.6437   32.7834    0.5273    0.0352    0.1767   -2.4686   33.6182    0.6000    4.0480   -0.1951    0.3762   -1.2651    0.0218    0.5916    0.5646    0.6003    0.6436    0.0641 
   9.4482    0.0025   -0.1165    4.2513 -110.8702  -34.3818    7.4592   28.6940    0.5273    0.0352    0.1767   -2.4686   33.6182    0.6000    4.0480    0.0266    0.2214   -1.1770    0.0218    0.5916    0.5646    0.6003    0.6436    0.0641 
   9.4771    0.0025   -1.1780    4.5343 -110.1946  -33.4663   18.9948   17.3415    0.5273    0.0352    0.1767   -2.4686   33.6182    0.6000    4.0480    0.0544    0.2659   -1.0623    0.0639    0.5916    0.5646    0.6003    0.6436    0.0655 
   9.5021    0.0025   -2.1152    5.0588 -109.9338  -21.4423   27.2956   -0.6639    0.5273    0.0352    0.1767   -2.4686   33.6182    0.6000    4.0480   -0.0427    0.2429   -1.0027    0.0639    0.5916    0.5646    0.6003    0.6436    0.0655 
   9.5311    0.0025   -2.9406    5.4263 -109.9370  -28.4003   16.8586    2.7541    0.5273    0.0352    0.1767   -2.4686   33.6182    0.6000    4.0480   -0.0029    0.1599   -0.9626    0.0579    0.5916    0.5646    0.6003    0.6436    0.0663 
   9.5601    0.0024   -3.9619    5.6059 -109.7997  -27.6679   15.8210   -5.4857    0.5273    0.0352    0.1767   -2.4686   33.6182    0.6000    4.0400    0.0542    0.1294   -1.0144    0.0344    0.5916    0.5646    0.6003    0.6436    0.0643 
   9.5851    0.0025   -4.1326    6.0519 -110.1529    3.8873   26.1970  -17.0824    0.5273    0.0352    0.1767   -2.4686   33.6182    0.6000    4.0480    0.1055    0.0547   -1.0916    0.0344    0.5916    0.5646    0.6003    0.6436    0.0643 
   9.6140    0.0025   -3.8214    4.4284 -110.7703    3.7652 -308.1536  -27.4583    0.5273    0.0352    0.1767   -2.4686   33.6182    0.6000    4.0480   -1.0354   -0.5964    0.1785    0.0474    0.5916    0.5646    0.6003    0.6436    0.0618 
   9.6390    0.0025   -4.0937   -0.0287 -111.5704  -17.1088 -150.0115  -29.6556    0.5273    0.0352    0.1767   -2.4686   33.6182    0.6000    4.0480    0.0715    0.1108   -1.4446    0.1758    0.5916    0.5646    0.6003    0.6436    0.0578 
   9.6681    0.0025   -3.4578   -2.1783 -112.6024   31.4141  -33.8006  -48.0272    0.5273    0.0352    0.1767   -2.4686   33.6182    0.6000    4.0480   -0.0405    0.0881   -1.2400    0.1758    0.5916    0.5646    0.6003    0.6436    0.0578 
   9.6971    0.0025   -3.0857   -2.4725 -113.1202   -1.8501   -7.1282   -1.6405    0.5273    0.0352    0.1767   -2.4686   33.6182    0.6000    4.0480    0.0510    0.0435   -1.1187    0.0920    0.5916    0.5646    0.6003    0.6436    0.0581 
   9.7221    0.0025   -3.0297   -2.2495 -113.2155   -0.0190    2.2102   -8.5985    0.5273    0.0352    0.1767   -2.4686   33.6182    0.6000    4.0480   -0.0203    0.0112   -1.0178    0.0920    0.5916    0.5646    0.6003    0.6436    0.0581 
   9.7511    0.0025   -2.7293   -2.1648 -113.5654   -0.2631    6.8488  -15.3123    0.5273    0.0352    0.1767   -2.4686   33.6182    0.6000    4.0480   -0.0544   -0.0066   -0.9858    0.0707    0.5916    0.5646    0.6003    0.6436    0.0547 
   9.7801    0.0024   -2.5758   -2.1498 -113.9604   -2.8266   -0.2312  -17.4486    0.5273    0.0352    0.1767   -2.4686   33.6182    0.6000    4.0480   -0.0354    0.0100   -1.0156    0.0471    0.5916    0.5646    0.6003    0.6436    0.0508 
   9.8052    0.0025   -2.3880   -1.9660 -114.3617   -0.9956    1.0505   -7.2557    0.5273    0.0352    0.1767   -2.4686   33.6182    0.6000    4.0560    0.0332   -0.0969   -0.9968    0.0471    0.5916    0.5646    0.6003    0.6436    0.0508 
   9.8341    0.0025   -2.2266   -2.0117 -114.3429   -1.1176    1.0505   -2.0677    0.5273    0.0352    0.1767   -2.4686   33.6182    0.6000    4.0480    0.0017   -0.0769   -1.0032    0.0220    0.5916    0.5646    0.6003    0.6436    0.0472 
   9.8592    0.0025   -1.9587   -1.9472 -114.3428    0.5303    0.0739    0.0685    0.5273    0.0352    0.1767   -2.4686   33.6182    0.6000    4.0560   -0.0244    0.0081   -1.0073    0.0036    0.5916    0.5646    0.6003    0.6436    0.0429 
   9.8881    0.0025   -1.6873   -1.8686 -114.3414    0.1031   -0.0481    0.2516    0.5273    0.0352    0.1767   -2.4686   33.6182    0.6000    4.0560   -0.0227   -0.0149   -1.0083    0.0036    0.5916    0.5646    0.6003    0.6436    0.0429 
   9.9171    0.0025   -1.4158   -1.7839 -114.3391   -0.2021    0.0129   -0.1146    0.5273    0.0352    0.1767   -2.4686   33.6182    0.6000    4.0560   -0.0203   -0.0100   -1.0137   -0.0089    0.5916    0.5646    0.6003    0.6436    0.0394 
   9.9421    0.0025   -1.1370   -1.7237 -114.3379    0.0420    0.0129    0.2516    0.5273    0.0352    0.1767   -2.4686   33.6182    0.6000    4.0560   -0.0247   -0.0095   -1.0142   -0.0089    0.5916    0.5646    0.6003    0.6436    0.0394 
   9.9711    0.0025   -0.8604   -1.6541 -114.3373   -0.0800    0.0129   -0.0536    0.5273    0.0352    0.1767   -2.4686   33.6182    0.6000    4.0560   -0.0249   -0.0095   -1.0098   -0.0188    0.5916    0.5646    0.6003    0.6436    0.0359 
  10.0001    0.0025   -0.5843   -1.5875 -114.3367    0.1031   -0.0481    0.0075    0.5273    0.0352    0.1767   -2.4686   33.6182    0.6000    4.0560   -0.0254   -0.0007   -1.0110   -0.0271    0.5916    0.5646    0.6003    0.6436    0.0333 
  10.0251    0.0025   -0.3111   -1.5096 -114.3365   -0.0800   -0.0481    0.0685    0.5273    0.0352    0.1767   -2.4686   33.6182    0.6000    4.0560   -0.0237   -0.0073   -1.0098   -0.0271    0.5916    0.5646    0.6003    0.6436    0.0333 
  10.0541    0.0025   -0.0439   -1.4272 -114.3370   -0.0190   -0.0481   -0.0536    0.5273    0.0352    0.1767   -2.4686   33.6182    0.6000    4.0560   -0.0249   -0.0054   -1.0117   -0.0345    0.5916    0.5646    0.6003    0.6436    0.0306 
  10.0791    0.0025    0.2043   -1.3498 -114.3366   -0.0800    0.0129    0.1295    0.5273    0.0352    0.1767   -2.4686   33.6182    0.6000    4.0560   -0.0222   -0.0073   -1.0134   -0.0368    0.5916    0.5646    0.6003    0.6436    0.0285 
  10.1081    0.0025    0.3197   -1.3981 -114.3354   -0.0800    0.0129    0.0685    0.5273    0.0352    0.1767   -2.4686   33.6182    0.6000    4.0480   -0.0247   -0.0098   -1.0122   -0.0368    0.5916    0.5646    0.6003    0.6436    0.0285 
  10.1371    0.0025    0.3276   -1.3536 -114.3361    0.1031    0.0129   -0.0536    0.5273    0.0352    0.1767   -2.4686   33.6182    0.6000    4.0480   -0.0222   -0.0039   -1.0107   -0.0412    0.5916    0.5646    0.6003    0.6436    0.0263 
  10.1621    0.0025    0.2577   -1.3475 -114.3371   -0.0190    0.0739   -0.0536    0.5273    0.0352    0.1767   -2.4686   33.6182    0.6000    4.0560   -0.0244   -0.0020   -1.0110   -0.0412    0.5916    0.5646    0.6003    0.6436    0.0263 
  10.1911    0.0025    0.2589   -1.3655 -114.3372   -0.1411    0.0129   -0.0536    0.5273    0.0352    0.1767   -2.4686   33.6182    0.6000    4.0560   -0.0242   -0.0046   -1.0085   -0.0435    0.5916    0.5646    0.6003    0.6436    0.0240 
  10.2202    0.0025    0.2971   -1.3490 -114.3376    0.0420    0.0129    0.0075    0.5273    0.0352    0.1767   -2.4686   33.6182    0.6000    4.0560   -0.0232   -0.0042   -1.0088   -0.0440    0.5916    0.5646    0.6003    0.6436    0.0224 
  10.2452    0.0025    0.2767   -1.3927 -114.3369   -0.0190    0.0739    0.0685    0.5273    0.0352    0.1767   -2.4686   33.6182    0.6000    4.0480   -0.0242   -0.0049   -1.0071   -0.0440    0.5916    0.5646    0.6003    0.6436    0.0224 
  10.2741    0.0025    0.3080   -1.4425 -114.3364   -0.0190    0.0129    0.0075    0.5273    0.0352    0.1767   -2.4686   33.6182    0.6000    4.0560   -0.0259   -0.0061   -1.0120   -0.0460    0.5916    0.5646    0.6003    0.6436    0.0207 
  10.2992    0.0025    0.3079   -1.3888 -114.3372    0.0420   -0.0481    0.0685    0.5273    0.0352    0.1767   -2.4686   33.6182    0.6000    4.0560   -0.0242   -0.0046   -1.0105   -0.0448    0.5916    0.5646    0.6003    0.6436    0.0195 
  10.3281    0.0025    0.2252   -1.3043 -114.3364   -0.0800   -0.0481    0.1295    0.5273    0.0352    0.1767   -2.4686   33.6182    0.6000    4.0560   -0.0188   -0.0012   -1.0139   -0.0448    0.5916    0.5646    0.6003    0.6436    0.0195 
  10.3571    0.0025    0.2548   -1.3739 -114.3351    0.0420   -0.0481   -0.0536    0.5273    0.0352    0.1767   -2.4686   33.6182    0.6000    4.0560   -0.0234   -0.0049   -1.0068   -0.0430    0.5916    0.5646    0.6003    0.6436    0.0184 
  10.3821    0.0025    0.3290   -1.3676 -114.3355   -0.0190   -0.1092   -0.0536    0.5273    0.0352    0.1767   -2.4686   33.6182    0.6000    4.0560   -0.0244   -0.0059   -1.0085   -0.0430    0.5916    0.5646    0.6003    0.6436    0.0184 
  10.4112    0.0025    0.2843   -1.4257 -114.3355   -0.0190    0.0739   -0.2367    0.5273    0.0352    0.1767   -2.4686   33.6182    0.6000    4.0560   -0.0278   -0.0056   -1.0115   -0.0393    0.5916    0.5646    0.6003    0.6436    0.0179 
  10.4402    0.0025    0.2693   -1.4203 -114.3358    0.0420   -0.1092    0.0075    0.5273    0.0352    0.1767   -2.4686   33.6182    0.6000    4.0560   -0.0251   -0.0049   -1.0095   -0.0371    0.5916    0.5646    0.6003    0.6436    0.0173 
  10.4652    0.0025    0.3012   -1.3646 -114.3347    0.0420   -0.1092    0.1295    0.5273    0.0352    0.1767   -2.4686   33.6182    0.6000    4.0480   -0.0229   -0.0046   -1.0110   -0.0371    0.5916    0.5646    0.6003    0.6436    0.0173 
  10.4942    0.0025    0.3206   -1.3636 -114.3349   -0.1411    0.0129    0.0075    0.5273    0.0352    0.1767   -2.4686   33.6182    0.6000    4.0560   -0.0249   -0.0071   -1.0059   -0.0336    0.5916    0.5646    0.6003    0.6436    0.0171 
  10.5192    0.0025    0.2864   -1.3605 -114.3359   -0.1411    0.0129    0.0685    0.5273    0.0352    0.1767   -2.4686   33.6182    0.6000    4.0560   -0.0242   -0.0051   -1.0132   -0.0300    0.5916    0.5646    0.6003    0.6436    0.0167 
  10.5482    0.0025    0.2818   -1.3900 -114.3373   -0.0800    0.0739   -0.1756    0.5273    0.0352    0.1767   -2.4686   33.6182    0.6000    4.0560   -0.0227   -0.0063   -1.0120   -0.0300    0.5916    0.5646    0.6003    0.6436    0.0167 
  10.5772    0.0024    0.3692   -1.4022 -114.3382   -0.0190    0.2570   -0.1146    0.5273    0.0352    0.1767   -2.4686   33.6182    0.6000    4.0560   -0.0254   -0.0071   -1.0125   -0.0261    0.5916    0.5646    0.6003    0.6436    0.0170 
  10.6022    0.0025    0.3113   -1.3421 -114.3400   -0.1411   -0.0481   -0.1146    0.5273    0.0352    0.1767   -2.4686   33.6182    0.6000    4.0560   -0.0286   -0.0046   -1.0100   -0.0261    0.5916    0.5646    0.6003    0.6436    0.0170 
  10.6312    0.0025    0.3004   -1.3545 -114.3406   -0.1411    0.0129    0.0075    0.5273    0.0352    0.1767   -2.4686   33.6182    0.6000    4.0560   -0.0259   -0.0042   -1.0095   -0.0230    0.5916    0.5646    0.6003    0.6436    0.0169 
  10.6603    0.0025    0.3376   -1.3437 -114.3395   -0.0800    0.0739   -0.1146    0.5273    0.0352    0.1767   -2.4686   33.6182    0.6000    4.0560   -0.0227   -0.0039   -1.0095   -0.0189    0.5916    0.5646    0.6003    0.6436    0.0174 
  10.6853    0.0025    0.3073   -1.4011 -114.3383    0.1031   -0.0481    0.0685    0.5273    0.0352    0.1767   -2.4686   33.6182    0.6000    4.0560   -0.0254   -0.0061   -1.0159   -0.0189    0.5916    0.5646    0.6003    0.6436    0.0174 
  10.7143    0.0025    0.3440   -1.4245 -114.3373    0.1031    0.0739    0.1295    0.5273    0.0352    0.1767   -2.4686   33.6182    0.6000    4.0560   -0.0247   -0.0073   -1.0090   -0.0161    0.5916    0.5646    0.6003    0.6436    0.0172 
  10.7393    0.0025    0.3410   -1.3918 -114.3377   -0.1411    0.0739    0.0685    0.5273    0.0352    0.1767   -2.4686   33.6182    0.6000    4.0480   -0.0242   -0.0042   -1.0100   -0.0134    0.5916    0.5646    0.6003    0.6436    0.0176 
  10.7682    0.0025    0.2693   -1.3695 -114.3384   -0.0190    0.0129   -0.1756    0.5273    0.0352    0.1767   -2.4686   33.6182    0.6000    4.0560   -0.0251   -0.0024   -1.0090   -0.0134    0.5916    0.5646    0.6003    0.6436    0.0176 
  10.7972    0.0024    0.3507   -1.3264 -114.3397    0.0420   -0.0481    0.0685    0.5273    0.0352    0.1767   -2.4686   33.6182    0.6000    4.0560   -0.0256   -0.0054   -1.0125   -0.0124    0.5916    0.5646    0.6003    0.6436    0.0175 
  10.8223    0.0026    0.3117   -1.3656 -114.3398   -0.0190    0.1350   -0.1146    0.5273    0.0352    0.1767   -2.4686   33.6182    0.6000    4.0560   -0.0254   -0.0061   -1.0078   -0.0124    0.5916    0.5646    0.6003    0.6436    0.0175 
  10.8513    0.0025    0.2963   -1.4040 -114.3389   -0.0190    0.0129   -0.0536    0.5273    0.0352    0.1767   -2.4686   33.6182    0.6000    4.0560   -0.0237   -0.0088   -1.0093   -0.0098    0.5916    0.5646    0.6003    0.6436    0.0179 
  10.8803    0.0025    0.2729   -1.3683 -114.3386   -0.0190    0.0129   -0.0536    0.5273    0.0352    0.1767   -2.4686   33.6182    0.6000    4.0560   -0.0242   -0.0044   -1.0122   -0.0080    0.5916    0.5646    0.6003    0.6436    0.0181 
  10.9052    0.0025    0.2871   -1.3184 -114.3396   -0.0190   -0.2312   -0.1146    0.5273    0.0352    0.1767   -2.4686   33.6182    0.6000    4.0560   -0.0244   -0.0049   -1.0090   -0.0080    0.5916    0.5646    0.6003    0.6436    0.0181 
  10.9343    0.0025    0.3233   -1.3121 -114.3412    0.1641   -0.1092   -0.0536    0.5273    0.0352    0.1767   -2.4686   33.6182    0.6000    4.0560   -0.0225   -0.0056   -1.0098   -0.0051    0.5916    0.5646    0.6003    0.6436    0.0187 
  10.9593    0.0025    0.3292   -1.3795 -114.3417    0.0420   -0.1702    0.0685    0.5273    0.0352    0.1767   -2.4686   33.6182    0.6000    4.0560   -0.0251   -0.0054   -1.0166   -0.0022    0.5916    0.5646    0.6003    0.6436    0.0188 
  10.9882    0.0025    0.3827   -1.5174 -114.3414    0.1641   -0.0481   -0.1146    0.5273    0.0352    0.1767   -2.4686   33.6182    0.6000    4.0560   -0.0286   -0.0059   -1.0129   -0.0022    0.5916    0.5646    0.6003    0.6436    0.0188 
  11.0172    0.0025    0.3882   -1.4299 -114.3422    0.0420   -0.0481   -0.0536    0.5273    0.0352    0.1767   -2.4686   33.6182    0.6000    4.0560   -0.0264   -0.0056   -1.0161    0.0011    0.5916    0.5646    0.6003    0.6436    0.0194 
  11.0422    0.0025    0.2692   -1.3664 -114.3409   -0.0800    0.0129    0.0075    0.5273    0.0352    0.1767   -2.4686   33.6182    0.6000    4.0560   -0.0217   -0.0020   -1.0100    0.0011    0.5916    0.5646    0.6003    0.6436    0.0194 
  11.0712    0.0025    0.3411   -1.3088 -114.3407   -0.0190   -0.0481    0.0075    0.5273    0.0352    0.1767   -2.4686   33.6182    0.6000    4.0560   -0.0234   -0.0085   -1.0107    0.0001    0.5916    0.5646    0.6003    0.6436    0.0196 
