#PID Gain P Ti Td Eta    0.6000    0.7000    0.0100    0.1250    0.7500    0.7000    0.0250    0.1250    3.0000    0.8000    0.0100    0.1250    8.0000    4.0000    0.0400    0.1250    8.0000    4.0000    0.0400    0.1250    0.0000    0.0000    0.0000    0.0000 
   0.0028    0.0027   -0.0349   -0.0454 -180.0008   -0.0673    0.0790   -0.1830    0.0000    0.0000    0.0000    0.0000    0.0000    0.0000    4.0960   -0.0098    0.0071   -1.0105    0.0036    0.0000    0.0000    0.0000    0.0000    0.0161 
   0.0276    0.0025   -0.2154   -0.2567 -180.0014   -0.0673    0.0790    0.0001    0.0000    0.0000    0.0000    0.0000    0.0000    0.0000    4.0960   -0.0081    0.0071   -1.0100    0.0036    0.0000    0.0000    0.0000    0.0000    0.0161 
   0.0567    0.0025   -0.3763   -0.3943 -180.0013   -0.0673    0.0790   -0.0610    0.0000    0.0000    0.0000    0.0000    0.0000    0.0000    4.0960   -0.0073    0.0066   -1.0095    0.0028    0.0000    0.0000    0.0000    0.0000    0.0160 
   0.0857    0.0025   -0.3859   -0.4984 -180.0017    0.1158   -0.0430    0.1832    0.0000    0.0000    0.0000    0.0000    0.0000    0.0000    4.0960   -0.0100    0.0059   -1.0107    0.0027    0.0000    0.0000    0.0000    0.0000    0.0158 
   0.1107    0.0025   -0.4248   -0.4726 -180.0011   -0.0063    0.0790   -0.0610    0.0000    0.0000    0.0000    0.0000    0.0000    0.0000    4.0960   -0.0083    0.0088   -1.0117    0.0027    0.0000    0.0000    0.0000    0.0000    0.0158 
   0.1397    0.0025   -0.3973   -0.4305 -180.0006   -0.0673   -0.0430    0.0001    0.0000    0.0000    0.0000    0.0000    0.0000    0.0000    4.0960   -0.0061    0.0061   -1.0093    0.0021    0.0000    0.0000    0.0000    0.0000    0.0157 
   0.1648    0.0026   -0.4325   -0.4501 -179.9995    0.0548   -0.0430    0.0611    0.0000    0.0000    0.0000    0.0000    0.0000    0.0000    4.0960   -0.0063    0.0054   -1.0107    0.0016    0.0000    0.0000    0.0000    0.0000    0.0156 
   0.1938    0.0025   -0.4084   -0.4582 -179.9995    0.0548    0.0180   -0.1220    0.0000    0.0000    0.0000    0.0000    0.0000    0.0000    4.0960   -0.0068    0.0090   -1.0059    0.0016    0.0000    0.0000    0.0000    0.0000    0.0156 
   0.2228    0.0025   -0.4090   -0.4940 -180.0002   -0.0063    0.0180    0.1221    0.0000    0.0000    0.0000    0.0000    0.0000    0.0000    4.0960   -0.0103    0.0083   -1.0110    0.0020    0.0000    0.0000    0.0000    0.0000    0.0158 
   0.2479    0.0025   -0.4261   -0.4478 -180.0006   -0.0673    0.0180   -0.0610    0.0000    0.0000    0.0000    0.0000    0.0000    0.0000    4.0960   -0.0071    0.0044   -1.0083    0.0020    0.0000    0.0000    0.0000    0.0000    0.0158 
   0.2770    0.0025   -0.4006   -0.5188 -180.0004    0.1158   -0.0430    0.0001    0.0000    0.0000    0.0000    0.0000    0.0000    0.0000    4.0960   -0.0103    0.0061   -1.0117    0.0015    0.0000    0.0000    0.0000    0.0000    0.0159 
   0.3060    0.0025   -0.3911   -0.4734 -179.9977   -0.0673    0.0180    0.0001    0.0000    0.0000    0.0000    0.0000    0.0000    0.0000    4.0960   -0.0083    0.0068   -1.0090    0.0026    0.0000    0.0000    0.0000    0.0000    0.0159 
   0.3310    0.0025   -0.3710   -0.4866 -179.9971   -0.0063   -0.0430    0.0001    0.0000    0.0000    0.0000    0.0000    0.0000    0.0000    4.0960   -0.0085    0.0061   -1.0129    0.0026    0.0000    0.0000    0.0000    0.0000    0.0159 
   0.3601    0.0025   -0.3867   -0.4221 -179.9975   -0.0063    0.1401   -0.0610    0.0000    0.0000    0.0000    0.0000    0.0000    0.0000    4.0960   -0.0066    0.0061   -1.0103    0.0044    0.0000    0.0000    0.0000    0.0000    0.0162 
   0.3851    0.0025   -0.4016   -0.4739 -179.9989   -0.1283    0.0180   -0.0610    0.0000    0.0000    0.0000    0.0000    0.0000    0.0000    4.0960   -0.0063    0.0083   -1.0090    0.0028    0.0000    0.0000    0.0000    0.0000    0.0161 
   0.4142    0.0025   -0.3823   -0.4460 -179.9991   -0.0063   -0.0430    0.0001    0.0000    0.0000    0.0000    0.0000    0.0000    0.0000    4.0960   -0.0103    0.0061   -1.0112    0.0028    0.0000    0.0000    0.0000    0.0000    0.0161 
   0.4431    0.0025   -0.4162   -0.4328 -179.9980    0.1158    0.0180    0.0001    0.0000    0.0000    0.0000    0.0000    0.0000    0.0000    4.0960   -0.0093    0.0088   -1.0105    0.0033    0.0000    0.0000    0.0000    0.0000    0.0164 
   0.4682    0.0025   -0.3224   -0.4807 -179.9991   -0.0063   -0.0430   -0.0610    0.0000    0.0000    0.0000    0.0000    0.0000    0.0000    4.0960   -0.0112    0.0042   -1.0103    0.0033    0.0000    0.0000    0.0000    0.0000    0.0164 
   0.4972    0.0024   -0.3927   -0.5082 -179.9992   -0.1283    0.0790    0.0001    0.0000    0.0000    0.0000    0.0000    0.0000    0.0000    4.0960   -0.0103    0.0068   -1.0120    0.0027    0.0000    0.0000    0.0000    0.0000    0.0162 
   0.5263    0.0025   -0.3657   -0.4330 -179.9990   -0.0673    0.0180    0.0001    0.0000    0.0000    0.0000    0.0000    0.0000    0.0000    4.0960   -0.0071    0.0061   -1.0071    0.0030    0.0000    0.0000    0.0000    0.0000    0.0164 
   0.5512    0.0025   -0.4661   -0.4712 -179.9985   -0.0673   -0.1041   -0.0610    0.0000    0.0000    0.0000    0.0000    0.0000    0.0000    4.0960   -0.0083    0.0105   -1.0098    0.0030    0.0000    0.0000    0.0000    0.0000    0.0164 
   0.5802    0.0025   -0.4066   -0.4817 -179.9984    0.1158    0.0180    0.0001    0.0000    0.0000    0.0000    0.0000    0.0000    0.0000    4.0960   -0.0090    0.0059   -1.0090    0.0023    0.0000    0.0000    0.0000    0.0000    0.0160 
   0.6053    0.0025   -0.3523   -0.5171 -179.9981   -0.0063   -0.1041    0.1221    0.0000    0.0000    0.0000    0.0000    0.0000    0.0000    4.0960   -0.0093    0.0061   -1.0105    0.0022    0.0000    0.0000    0.0000    0.0000    0.0161 
   0.6343    0.0025   -0.3941   -0.4768 -179.9974    0.1158    0.2011    0.0001    0.0000    0.0000    0.0000    0.0000    0.0000    0.0000    4.0880   -0.0076    0.0073   -1.0110    0.0022    0.0000    0.0000    0.0000    0.0000    0.0161 
   0.6633    0.0025   -0.3933   -0.4479 -179.9972    0.1158    0.0180   -0.1220    0.0000    0.0000    0.0000    0.0000    0.0000    0.0000    4.0960   -0.0066    0.0046   -1.0125    0.0002    0.0000    0.0000    0.0000    0.0000    0.0157 
   0.6883    0.0025   -0.4128   -0.4260 -179.9986   -0.1283    0.1401    0.0001    0.0000    0.0000    0.0000    0.0000    0.0000    0.0000    4.0960   -0.0068    0.0103   -1.0081    0.0002    0.0000    0.0000    0.0000    0.0000    0.0157 
   0.7174    0.0025   -0.3697   -0.4390 -179.9986    0.0548    0.1401   -0.0610    0.0000    0.0000    0.0000    0.0000    0.0000    0.0000    4.0960   -0.0081    0.0061   -1.0127    0.0009    0.0000    0.0000    0.0000    0.0000    0.0158 
   0.7465    0.0025   -0.3387   -0.4430 -179.9988    0.1158    0.0180   -0.0610    0.0000    0.0000    0.0000    0.0000    0.0000    0.0000    4.0880   -0.0078    0.0076   -1.0115   -0.0003    0.0000    0.0000    0.0000    0.0000    0.0154 
   0.7714    0.0025   -0.3485   -0.4327 -179.9980   -0.0673   -0.0430    0.1221    0.0000    0.0000    0.0000    0.0000    0.0000    0.0000    4.0960   -0.0085    0.0059   -1.0132   -0.0003    0.0000    0.0000    0.0000    0.0000    0.0154 
   0.8004    0.0025   -0.4180   -0.4768 -179.9975   -0.0673    0.1401    0.0001    0.0000    0.0000    0.0000    0.0000    0.0000    0.0000    4.0960   -0.0076    0.0090   -1.0122   -0.0001    0.0000    0.0000    0.0000    0.0000    0.0155 
   0.8255    0.0025   -0.3652   -0.4259 -179.9976    0.0548   -0.0430   -0.0610    0.0000    0.0000    0.0000    0.0000    0.0000    0.0000    4.0960   -0.0068    0.0061   -1.0142   -0.0007    0.0000    0.0000    0.0000    0.0000    0.0150 
   0.8545    0.0025   -0.4239   -0.4164 -179.9971    0.0548   -0.1041   -0.1220    0.0000    0.0000    0.0000    0.0000    0.0000    0.0000    4.0880   -0.0056    0.0051   -1.0117   -0.0007    0.0000    0.0000    0.0000    0.0000    0.0150 
   0.8835    0.0025   -0.4090   -0.4989 -179.9960   -0.0673   -0.1651    0.1832    0.0000    0.0000    0.0000    0.0000    0.0000    0.0000    4.0960   -0.0093    0.0051   -1.0105   -0.0001    0.0000    0.0000    0.0000    0.0000    0.0150 
   0.9085    0.0025   -0.3860   -0.4150 -179.9965    0.0548   -0.1651    0.0611    0.0000    0.0000    0.0000    0.0000    0.0000    0.0000    4.0960   -0.0056    0.0066   -1.0100   -0.0001    0.0000    0.0000    0.0000    0.0000    0.0150 
   0.9376    0.0025   -0.3564   -0.4952 -179.9967    0.0548    0.0180    0.0611    0.0000    0.0000    0.0000    0.0000    0.0000    0.0000    4.0960   -0.0103    0.0049   -1.0132   -0.0010    0.0000    0.0000    0.0000    0.0000    0.0148 
   0.9667    0.0025   -0.3371   -0.4821 -179.9966    0.0548   -0.0430   -0.1220    0.0000    0.0000    0.0000    0.0000    0.0000    0.0000    4.0960   -0.0085    0.0049   -1.0134   -0.0009    0.0000    0.0000    0.0000    0.0000    0.0148 
   0.9916    0.0025   -0.4029   -0.5080 -179.9958    0.0548   -0.0430   -0.1220    0.0000    0.0000    0.0000    0.0000    0.0000    0.0000    4.0960   -0.0103    0.0063   -1.0117   -0.0009    0.0000    0.0000    0.0000    0.0000    0.0148 
   1.0207    0.0025   -0.4280   -0.4276 -179.9949   -0.0063   -0.1651   -0.0610    0.0000    0.0000    0.0000    0.0000    0.0000    0.0000    4.0960   -0.0076    0.0076   -1.0129   -0.0018    0.0000    0.0000    0.0000    0.0000    0.0146 
   1.0457    0.0025   -0.4083   -0.4357 -179.9963   -0.1283    0.0180    0.0001    0.0000    0.0000    0.0000    0.0000    0.0000    0.0000    4.0960   -0.0098    0.0059   -1.0100   -0.0010    0.0000    0.0000    0.0000    0.0000    0.0148 
   1.0747    0.0026   -0.3696   -0.4637 -179.9964   -0.1283    0.0790   -0.0610    0.0000    0.0000    0.0000    0.0000    0.0000    0.0000    4.0960   -0.0078    0.0061   -1.0105   -0.0010    0.0000    0.0000    0.0000    0.0000    0.0148 
   1.1037    0.0025   -0.3796   -0.4833 -179.9961    0.1158    0.0180   -0.0610    0.0000    0.0000    0.0000    0.0000    0.0000    0.0000    4.0960   -0.0120    0.0078   -1.0117   -0.0020    0.0000    0.0000    0.0000    0.0000    0.0144 
   1.1287    0.0025   -0.4683   -0.4708 -179.9960   -0.0063   -0.0430    0.1221    0.0000    0.0000    0.0000    0.0000    0.0000    0.0000    4.0880   -0.0083    0.0083   -1.0125   -0.0020    0.0000    0.0000    0.0000    0.0000    0.0144 
   1.1579    0.0025   -0.4833   -0.4861 -179.9974   -0.0063   -0.0430    0.0001    0.0000    0.0000    0.0000    0.0000    0.0000    0.0000    4.0960   -0.0085    0.0103   -1.0073   -0.0003    0.0000    0.0000    0.0000    0.0000    0.0147 
   1.1869    0.0024   -0.3925   -0.4623 -179.9975    0.1158   -0.0430    0.0001    0.0000    0.0000    0.0000    0.0000    0.0000    0.0000    4.0960   -0.0112    0.0081   -1.0134   -0.0009    0.0000    0.0000    0.0000    0.0000    0.0143 
   1.2119    0.0025   -0.4208   -0.4888 -179.9966   -0.1894    0.0180    0.0001    0.0000    0.0000    0.0000    0.0000    0.0000    0.0000    4.0960   -0.0088    0.0081   -1.0125   -0.0009    0.0000    0.0000    0.0000    0.0000    0.0143 
   1.2409    0.0025   -0.4044   -0.4635 -179.9964    0.0548   -0.0430   -0.0610    0.0000    0.0000    0.0000    0.0000    0.0000    0.0000    4.0960   -0.0068    0.0078   -1.0115    0.0004    0.0000    0.0000    0.0000    0.0000    0.0147 
   1.2660    0.0025   -0.4400   -0.4113 -179.9969   -0.0063   -0.1041    0.0611    0.0000    0.0000    0.0000    0.0000    0.0000    0.0000    4.0960   -0.0063    0.0085   -1.0095   -0.0011    0.0000    0.0000    0.0000    0.0000    0.0143 
   1.2950    0.0025   -0.4079   -0.3864 -179.9966   -0.0063    0.0180    0.0001    0.0000    0.0000    0.0000    0.0000    0.0000    0.0000    4.0960   -0.0059    0.0059   -1.0095   -0.0011    0.0000    0.0000    0.0000    0.0000    0.0143 
   1.3240    0.0025   -0.3675   -0.4884 -179.9976   -0.0063    0.0180   -0.1220    0.0000    0.0000    0.0000    0.0000    0.0000    0.0000    4.0960   -0.0103    0.0056   -1.0103    0.0006    0.0000    0.0000    0.0000    0.0000    0.0144 
   1.3490    0.0025   -0.4210   -0.4572 -179.9987   -0.0673   -0.0430   -0.0610    0.0000    0.0000    0.0000    0.0000    0.0000    0.0000    4.0880   -0.0081    0.0081   -1.0095    0.0006    0.0000    0.0000    0.0000    0.0000    0.0144 
   1.3782    0.0025   -0.4062   -0.4705 -179.9979   -0.2504    0.0180    0.0611    0.0000    0.0000    0.0000    0.0000    0.0000    0.0000    4.0960   -0.0071    0.0066   -1.0125   -0.0002    0.0000    0.0000    0.0000    0.0000    0.0141 
   1.4072    0.0025   -0.3991   -0.4493 -179.9977    0.0548    0.0180    0.0611    0.0000    0.0000    0.0000    0.0000    0.0000    0.0000    4.0960   -0.0076    0.0073   -1.0117    0.0002    0.0000    0.0000    0.0000    0.0000    0.0143 
   1.4322    0.0025   -0.4185   -0.4979 -179.9967    0.2379   -0.0430    0.0001    0.0000    0.0000    0.0000    0.0000    0.0000    0.0000    4.0960   -0.0103    0.0068   -1.0129    0.0002    0.0000    0.0000    0.0000    0.0000    0.0143 
   1.4612    0.0025   -0.3718   -0.5210 -179.9974   -0.0063    0.0790    0.0001    0.0000    0.0000    0.0000    0.0000    0.0000    0.0000    4.0960   -0.0093    0.0088   -1.0103   -0.0002    0.0000    0.0000    0.0000    0.0000    0.0140 
   1.4862    0.0025   -0.3174   -0.5378 -179.9975   -0.0673    0.0180    0.1221    0.0000    0.0000    0.0000    0.0000    0.0000    0.0000    4.0960   -0.0103    0.0039   -1.0088   -0.0001    0.0000    0.0000    0.0000    0.0000    0.0142 
   1.5153    0.0025   -0.4234   -0.4842 -179.9969   -0.0673   -0.1041   -0.0610    0.0000    0.0000    0.0000    0.0000    0.0000    0.0000    4.0960   -0.0095    0.0083   -1.0095   -0.0001    0.0000    0.0000    0.0000    0.0000    0.0142 
   1.5445    0.0025   -0.3965   -0.4714 -179.9977   -0.0063   -0.0430    0.0001    0.0000    0.0000    0.0000    0.0000    0.0000    0.0000    4.0880   -0.0098    0.0068   -1.0098   -0.0013    0.0000    0.0000    0.0000    0.0000    0.0138 
   1.5695    0.0025   -0.4270   -0.4638 -179.9973    0.0548   -0.0430   -0.0610    0.0000    0.0000    0.0000    0.0000    0.0000    0.0063    4.0960   -0.0105    0.0085   -1.0129   -0.0013    0.0000    0.0000    0.0000    0.0000    0.0138 
   1.5988    0.0025   -0.3614   -0.3977 -179.9963   -0.0063    0.0180   -0.0610    0.0000    0.0000    0.0000    0.0000    0.0000    0.0188    4.0960   -0.0054    0.0093   -1.0110   -0.0004    0.0000    0.0000    0.0000    0.0000    0.0140 
   1.6279    0.0025   -0.3461   -0.4935 -179.9960   -0.0063    0.0180    0.0001    0.0000    0.0000    0.0000    0.0000    0.0000    0.0313    4.0960   -0.0090    0.0054   -1.0117    0.0000    0.0000    0.0000    0.0000    0.0000    0.0138 
   1.6529    0.0025   -0.4305   -0.4657 -179.9973   -0.0673    0.0180    0.0611    0.0000    0.0000    0.0000    0.0000    0.0000    0.0437    4.0880   -0.0083    0.0076   -1.0110    0.0000    0.0000    0.0000    0.0000    0.0000    0.0138 
   1.6821    0.0025   -0.3630   -0.4151 -179.9976    0.0548    0.0790   -0.1220    0.0000    0.0000    0.0000    0.0000    0.0000    0.0562    4.0880   -0.0054    0.0071   -1.0127    0.0009    0.0000    0.0000    0.0000    0.0000    0.0140 
   1.7071    0.0024   -0.4132   -0.4298 -179.9997    0.0548    0.0180   -0.0610    0.0000    0.0000    0.0000    0.0000    0.0000    0.0806    4.0880   -0.0093    0.0076   -1.0122   -0.0001    0.0000    0.0000    0.0000    0.0000    0.0136 
   1.7362    0.0025   -0.3652   -0.5077 -180.0013    0.1158    0.0180   -0.0610    0.0000    0.0000    0.0000    0.0000    0.0000    0.0812    4.0880   -0.0107    0.0059   -1.0095   -0.0001    0.0000    0.0000    0.0000    0.0000    0.0136 
   1.7654    0.0025   -0.3514   -0.4374 -180.0045    0.4210    1.2387   -1.6479   -0.0352    0.0527    3.4100    7.3194   -0.5273    0.1050    4.0240    0.0334    0.0188   -0.9978    0.0011    0.1042    0.0489    0.1066    0.1603    0.0139 
   1.7904    0.0025   -0.3745   -0.4533 -180.0069    0.7872   -0.8975   -2.1362   -0.0352   -0.0527    3.1511    2.6332   -0.1318    0.1175    4.0080   -0.0271    0.0264   -1.0210    0.0011    0.1389    0.1431    0.0917    0.0964    0.0139 
   1.8197    0.0025   -0.3878   -0.4600 -179.9818   -0.3114    0.8115    6.6529   -0.0352    0.0527    3.3953    6.3362   -0.3955    0.1306    3.9920   -0.0452    0.0056   -1.0110    0.0000    0.0389    0.2342    0.2170    0.0321    0.0138 
   1.8489    0.0025   -0.4095   -0.4736 -179.9803    3.0455    4.4736    5.4932   -0.0879    0.0000    2.8055    3.0187   -0.1318    0.1494    3.9840    0.0034    0.1675   -1.0349   -0.0126    0.1326    0.1097    0.1584    0.1967    0.0142 
   1.8739    0.0025   -0.4151   -0.5144 -180.0245    0.3600   -6.6959   -4.8827   -0.0176    0.0000    4.7310    3.0489   -0.3955    0.1619    3.9760   -0.1746   -0.2070   -1.0459   -0.0126    0.2210    0.1870    0.1242    0.1153    0.0142 
   1.9032    0.0025   -0.3736   -0.5709 -180.0086    7.8673  -16.4005  -13.6108   -0.0352   -0.0352    1.4902    4.0860   -0.1318    0.1717    3.9360   -0.3398    0.2441   -1.2896   -0.0072    0.5980    0.0190    0.0000    0.2256    0.0138 
   1.9282    0.0025   -0.3517   -0.5328 -179.9226   11.3463    0.0790   15.9303   -0.0879    0.0176   -0.2643    4.8076   -1.1865    0.1903    3.8560    0.2644    0.1316   -0.9697   -0.0194    0.0404    0.3086    0.4755    0.0000    0.0141 
   1.9574    0.0025   -0.3626   -0.6465 -179.8811   -1.9594   -1.2637   -0.7934    0.0352    0.0352    3.3395    6.2675   -0.5273    0.2028    3.9520   -0.0132   -0.2578   -1.0466   -0.0194    0.2844    0.1558    0.1268    0.2441    0.0141 
   1.9866    0.0025   -0.3547   -0.6709 -179.7695    0.5431    7.7695    9.5826    0.0352   -0.0352    3.8507    2.9859   -1.1865    0.2077    3.9440    0.1460   -0.2351   -1.0942   -0.0043    0.0000    0.4097    0.5268    0.0179    0.0135 
   2.0116    0.0025   -0.4171   -0.7017 -179.8041    0.9703   -2.9727   -4.4555   -0.0352    0.0176    3.4278    8.0489   -0.5273    0.2202    3.9440   -0.1179   -0.0076   -1.1206   -0.0043    0.3220    0.2049    0.1326    0.2213    0.0135 
   2.0410    0.0025   -0.4559   -0.6835 -180.0510   17.5719   -0.2872   -7.5683   -0.0527    0.0176    3.0030    4.4227   -1.1865    0.2292    3.9280    0.1045    0.0034   -1.0999    0.0028    0.5158    0.0000    0.2051    0.2289    0.0141 
   2.0702    0.0025   -0.4680   -0.6052 -180.0074  -10.4433    6.2436    3.9063    0.0176    0.0176    6.1987    4.7178   -0.5273    0.2603    3.9360   -0.2275    0.3706   -1.0435   -0.0346    0.1300    0.2707    0.2719    0.3686    0.0144 
   2.0952    0.0025   -0.5070   -0.6203 -180.1424    8.3556  -10.1749  -12.6952    0.0176    0.0352    6.5161    7.7531   -0.6592    0.2728    3.9040    0.0349    0.2698   -1.0068   -0.0346    0.5113    0.2380    0.1602    0.1818    0.0144 
   2.1245    0.0025   -0.5496   -0.6823 -180.4916   -7.8188   11.0654  -13.0004   -0.0527    0.0527    1.3109    9.0114   -1.3184    0.2854    3.8880   -0.0698    0.1252   -0.8274   -0.0346    0.2861    0.2055    0.2835    0.3663    0.0140 
   2.1495    0.0025   -0.4342   -0.7218 -180.7605    2.6183    2.7646   -2.6244   -0.0176    0.0352    6.0581    6.6690   -0.7910    0.2695    3.8880   -0.1433    0.0403   -1.1711    0.0222    0.2689    0.3420    0.3024    0.1647    0.0135 
   2.1787    0.0025   -0.4228   -0.7501 -180.7905    4.6935   -7.0010   -2.5634   -0.0352    0.0703    4.4036    8.8220   -1.3184    0.2820    3.8960   -0.0754    0.2153   -1.0903    0.0222    0.3951    0.2951    0.1808    0.2569    0.0135 
   2.2079    0.0025   -0.3332   -0.7483 -180.7037   -0.3725   10.8823    2.8077   -0.0879   -0.0176    1.5307    4.1956   -1.0547    0.2931    3.8960   -0.0435    0.0867   -0.8901    0.0249    0.2423    0.1814    0.3140    0.4345    0.0150 
   2.2329    0.0025   -0.2555   -0.7520 -180.6836    4.6935   -5.2921    0.6715    0.0000    0.0352    0.9635    7.1882   -1.0547    0.3056    3.8880    0.0105   -0.0291   -1.0757    0.0249    0.3843    0.3155    0.2473    0.2752    0.0150 
   2.2622    0.0025   -0.2590   -0.7390 -180.7765    6.8297   -3.0338   -1.7699   -0.0352    0.0000    1.6730    4.7599   -0.7910    0.3248    3.8800    0.0254   -0.0671   -1.1423    0.0113    0.3423    0.3029    0.4082    0.2459    0.0161 
   2.2914    0.0025   -0.2332   -0.7552 -180.5950    2.0689   -1.9962    8.7281   -0.0527    0.0000    2.3996    5.7004   -1.0547    0.3531    3.8800   -0.0107    0.1091   -1.0698   -0.0203    0.3589    0.4173    0.3780    0.2580    0.0173 
   2.3164    0.0025   -0.2203   -0.8165 -180.3908   -2.5087   -3.5220    9.0333   -0.0352    0.0176    0.6302   10.0909   -0.7910    0.3656    3.8480   -0.0491    0.0212   -0.7446   -0.0203    0.3366    0.4496    0.3368    0.3393    0.0173 
   2.3456    0.0025   -0.2597   -0.7445 -180.1666    2.6183   -1.2027    9.0943    0.0352   -0.0176    6.8528    5.2114   -1.0547    0.3656    3.8400   -0.0505    0.0833   -1.0911    0.0046    0.3460    0.3992    0.3936    0.3238    0.0167 
   2.3706    0.0025   -0.2482   -0.8372 -179.9143   -4.0956   -4.2545   13.5499    0.0176    0.0000    2.2699    9.6984   -1.0547    0.3874    3.8400   -0.0303   -0.0237   -0.9514   -0.0140    0.2756    0.5835    0.3872    0.3032    0.0173 
   2.3999    0.0025   -0.1914   -0.7656 -179.6267   -2.3256    3.9243    9.6436    0.0176   -0.0352    1.3062    4.3899   -1.5820    0.3999    3.8320   -0.0327   -0.0679   -0.9250   -0.0140    0.3836    0.4434    0.4049    0.3676    0.0173 
   2.4291    0.0025   -0.2631   -0.7167 -179.4029  -12.0302    3.9243    6.1646    0.0000    0.0000    3.3057    3.7444   -1.5820    0.4264    3.8080    0.0974    0.0547   -1.1533   -0.0419    0.3489    0.5203    0.3760    0.4603    0.0170 
   2.4541    0.0025   -0.1962   -0.8269 -179.2905    5.8531    1.9101    2.6246   -0.0703    0.0352   -0.1140    8.6728   -1.8457    0.4389    3.8000    0.0166    0.0125   -0.8774   -0.0419    0.3917    0.3696    0.5178    0.4764    0.0170 
   2.4834    0.0025   -0.1328   -0.7766 -179.2612    6.8297   -8.2217   -2.9906    0.0000    0.0000   -1.3764   11.9558   -1.7139    0.4712    3.7760   -0.0161    0.0637   -0.9207   -0.0815    0.5189    0.4722    0.4539    0.4398    0.0165 
   2.5126    0.0025   -0.1987   -0.8213 -179.3540  -12.9457  -10.1138    0.1221    0.0000    0.0176    4.8785    6.9676   -1.5820    0.4913    3.7680   -0.0330    0.0420   -1.1428   -0.0966    0.5139    0.7223    0.3455    0.3835    0.0148 
   2.5376    0.0025   -0.1348   -0.9210 -179.3259   -0.8607   -6.9400    2.7467   -0.0527    0.0352   -0.7341   10.7544   -1.4502    0.5038    3.7520    0.0154   -0.0613   -1.1418   -0.0966    0.4830    0.5508    0.5239    0.4576    0.0148 
   2.5668    0.0025   -0.3178   -1.0974 -179.1908   -8.7953   -4.4376    6.7139    0.0176   -0.0176   10.3270    8.8775   -1.5820    0.5214    3.7360    0.0083    0.1177   -1.2075   -0.1066    0.4854    0.5752    0.5324    0.4927    0.0132 
   2.5918    0.0025   -0.6121   -1.2540 -179.0222   -6.5370   -6.1465    8.4840   -0.0527    0.0000    7.7038   13.7337   -1.4502    0.5038    3.7360    0.0959    0.2009   -1.1685   -0.0463    0.4495    0.5643    0.5598    0.4417    0.0115 
   2.6210    0.0025   -0.6296   -1.2898 -178.8372   -2.0815    1.4218    6.8970   -0.0352   -0.0352    4.9094    9.5572   -0.9229    0.5163    3.7600    0.0627    0.0195   -1.0029   -0.0463    0.4596    0.5313    0.5544    0.5200    0.0115 
   2.6502    0.0025   -0.5761   -1.4590 -178.7130    2.8624   -8.7100    3.6622    0.0000    0.0176    5.0558   16.3436   -1.4502    0.4963    3.7760   -0.1436    0.0835   -1.1567    0.0187    0.5313    0.5844    0.4573    0.4122    0.0120 
   2.6752    0.0025   -0.5020   -1.4203 -178.5511    3.6559   -0.8365    7.1412   -0.0176    0.0000    5.2109   10.7716   -0.9229    0.5088    3.7600    0.0645   -0.2229   -0.9106    0.0187    0.5048    0.5701    0.5312    0.4291    0.0120 
   2.7045    0.0025   -0.3775   -1.4107 -178.3900   10.2477   -1.5079    6.2867   -0.0352    0.0176   -2.0921   17.0104   -1.5820    0.5208    3.7600   -0.1062   -0.0503   -0.4514    0.0196    0.5819    0.6042    0.5062    0.3907    0.0138 
   2.7338    0.0025   -0.1278   -1.3837 -178.2580   -3.6073    0.0790    4.6998   -0.0352    0.0703   -0.4782   15.6815   -0.9229    0.5405    3.7360   -0.1089   -0.0786   -0.9221    0.0050    0.5078    0.5954    0.5483    0.5104    0.0157 
   2.7588    0.0025   -0.3114   -1.3023 -178.1404  -12.0302   -1.5079    3.7843    0.0000   -0.0352    4.5770   11.0340   -1.4502    0.5530    3.7280   -0.1428   -0.0896   -1.1565    0.0050    0.5533    0.6431    0.5053    0.5103    0.0157 
   2.7880    0.0025   -0.7441   -1.2689 -178.0367  -14.7768    0.0790    4.0284   -0.0352    0.0527    9.9721   14.4312   -1.8457    0.5985    3.6960   -0.2876    0.0325   -0.9265   -0.0612    0.5765    0.6841    0.5699    0.5637    0.0165 
   2.8130    0.0025   -0.7973   -1.2101 -177.9120    6.8907    0.4453    5.7984   -0.1055    0.0176   -2.3986    9.0211   -1.3184    0.5952    3.6800    0.1440   -0.0564   -1.0923   -0.0294    0.5902    0.5811    0.6742    0.5354    0.0156 
   2.8421    0.0025   -0.5767   -1.1699 -177.8661    2.8014   -2.4844    0.0001   -0.0352    0.0176    4.6048   10.3563   -1.4502    0.6065    3.6880    0.0173    0.1770   -1.2192   -0.0294    0.6108    0.6728    0.5869    0.5554    0.0156 
   2.8713    0.0025   -0.5075   -1.0685 -177.8576    4.6935    3.2529    0.9156   -0.0176   -0.0176    2.3735    7.6111   -1.8457    0.6142    3.6880   -0.0093   -0.3250   -1.1877   -0.0449    0.6279    0.6614    0.5976    0.5699    0.0155 
   2.8963    0.0025   -0.2386   -1.1491 -177.8530   10.9190   -3.2169   -1.8310   -0.0703    0.0176   -2.5798   13.6877   -1.5820    0.6142    3.6880   -0.2437    0.2974   -1.1750   -0.0449    0.6470    0.6493    0.5577    0.6029    0.0155 
   2.9256    0.0025   -0.2933   -1.1494 -177.8959   -6.5981   -0.3482   -0.9765   -0.0352    0.0176    5.5262   11.7088   -1.3184    0.6199    3.6800    0.4460   -0.2061   -0.9180   -0.0562    0.6120    0.6508    0.6321    0.5846    0.0158 
   2.9549    0.0025   -0.5731   -1.0697 -177.9363   -2.0204    3.0698   -1.2817   -0.0352    0.1055    8.0424   10.5128   -1.7139    0.6147    3.6800    0.1140    0.0410   -0.9133   -0.0460    0.6167    0.6317    0.6105    0.6001    0.0158 
   2.9798    0.0025   -0.3933   -1.0740 -177.9903   13.3604   -4.4376   -3.2958    0.0176   -0.0352   -0.2000    8.8122   -1.3184    0.6147    3.6800    0.3506   -0.1680   -1.1858   -0.0460    0.6649    0.6275    0.5716    0.5950    0.0158 
   3.0090    0.0025   -0.0715   -1.1059 -178.1003    2.3131   -3.7051   -5.7983   -0.0176    0.0352    0.5457   13.0532   -1.7139    0.5476    3.7280   -0.0840    0.0791   -0.9744    0.0882    0.5797    0.6327    0.4821    0.4958    0.0171 
   3.0340    0.0025   -0.1340   -1.0974 -178.2163   -7.6356   -0.7755   -4.2724    0.0000   -0.0176    5.6915    7.9288   -1.0547    0.5238    3.7280    0.1775    0.0356   -1.1311    0.1353    0.5032    0.5805    0.5159    0.4954    0.0221 
   3.0632    0.0025   -0.2818   -1.0110 -178.3224    3.1065    4.1074   -4.2724   -0.0176    0.0352    6.1357   10.3924   -1.4502    0.5238    3.7360   -0.0344    0.0537   -0.7629    0.1353    0.5053    0.5638    0.5102    0.5158    0.0221 
   3.0924    0.0025   -0.1430   -0.9517 -178.4265    1.2144    2.3984   -4.0282   -0.0176   -0.0176    2.1692    9.0172   -1.0547    0.5556    3.7200    0.0630    0.2256   -1.0518    0.0709    0.5373    0.6068    0.5249    0.5536    0.0285 
   3.1174    0.0024   -0.1315   -0.8321 -178.5327    0.1158   -2.1182   -3.7841   -0.0352    0.0527   -1.1836   11.1176   -1.5820    0.5556    3.7120   -0.1006   -0.1094   -1.0095    0.0709    0.6429    0.6342    0.4712    0.4743    0.0285 
   3.1468    0.0025   -0.2595   -0.6815 -178.6325   -4.0346   -1.0806   -4.0282    0.0176   -0.0176    7.5960    3.9343   -1.4502    0.5536    3.7200    0.1348    0.1516   -0.7905    0.0746    0.4928    0.6004    0.5496    0.5715    0.0329 
   3.1760    0.0025   -0.2451   -0.6603 -178.7261   -1.4101    1.7270   -3.9062    0.0000    0.0176    3.2230    6.2952   -1.5820    0.5535    3.7120    0.0415   -0.0505   -0.4785    0.0744    0.5752    0.5707    0.5335    0.5345    0.0377 
   3.2010    0.0025   -0.3062   -0.6411 -178.8253   -3.4242    6.3046   -5.1269    0.0352   -0.0176    6.4037    5.9261   -1.1865    0.5535    3.7120   -0.1575    0.2742   -0.8611    0.0744    0.5514    0.5600    0.5270    0.5755    0.0377 
   3.2303    0.0025   -0.2982   -0.5251 -178.9374   -0.9828   -1.8741   -5.1879   -0.0176   -0.0176    4.3361    5.6938   -1.7139    0.5359    3.7280    0.0000    0.0828   -0.8928    0.1089    0.5745    0.6163    0.4537    0.4990    0.0439 
   3.2553    0.0025   -0.2389   -0.4994 -179.0599    5.6700    1.5439   -4.5776   -0.0176    0.0000    4.4985    2.0310   -1.3184    0.5544    3.7280    0.6167    0.0266   -0.8718    0.0712    0.5393    0.5534    0.5645    0.5605    0.0505 
   3.2845    0.0025   -0.1536   -0.4280 -179.1611    6.5855   -0.7144   -4.5776   -0.0176    0.0176    0.0576    3.6804   -1.4502    0.5544    3.7200    0.1064   -0.0635   -0.9980    0.0712    0.5862    0.5441    0.5652    0.5221    0.0505 
   3.3136    0.0025   -0.1980   -0.4754 -179.2754   -0.3114    0.5673   -4.3945   -0.0352    0.0352    1.5121    9.6099   -1.5820    0.5409    3.7200   -0.2332   -0.0872   -1.0632    0.0975    0.5918    0.5856    0.5025    0.4836    0.0574 
   3.3387    0.0025   -0.2448   -0.2289 -179.4032   -0.3114    8.8071   -5.8593   -0.0176    0.0352    4.6496   -0.1510   -1.3184    0.5409    3.7200    0.1633    0.1780   -0.7522    0.0975    0.5336    0.5412    0.5284    0.5604    0.0574 
   3.3681    0.0025   -0.2072   -0.1676 -179.5355    4.1441   -1.1417   -3.7231   -0.0352    0.0527    2.0850    4.8988   -1.8457    0.5573    3.7120   -0.1069   -0.0723   -0.9866    0.0640    0.5980    0.6274    0.5432    0.4608    0.0636 
   3.3973    0.0024   -0.1942   -0.1785 -179.6619   -3.1801    4.9008   -3.5400    0.0000    0.0000    2.7826    5.1887   -0.9229    0.5682    3.6880   -0.1511   -0.0708   -0.9768    0.0416    0.5459    0.5823    0.5728    0.5717    0.0703 
   3.4223    0.0025   -0.3028   -0.0412 -179.7747   -1.5321    4.3515   -4.0893   -0.0176    0.0527    2.4021    1.9898   -1.8457    0.5682    3.6960    0.0125   -0.2200   -1.0774    0.0416    0.5628    0.5915    0.5708    0.5477    0.0703 
   3.4515    0.0025   -0.4371    0.0101 -179.9022    0.8482    4.4736   -4.2724   -0.0176    0.0527    4.9999    1.1526   -1.0547    0.5524    3.7040    0.1492    0.0015   -0.7039    0.0727    0.5495    0.5666    0.5528    0.5405    0.0759 
   3.4765    0.0025   -0.4861    0.1302 -180.0065   -3.4242    5.1450   -5.5541   -0.0879    0.0176    5.0406    0.6564   -1.8457    0.5508    3.7040   -0.1233    0.3452   -0.9641    0.0751    0.5635    0.5677    0.4997    0.5723    0.0838 
   3.5058    0.0026   -0.5014    0.2027 -180.1124    0.0548    2.2153   -4.8217   -0.0176    0.0176    6.5540   -1.4910   -1.1865    0.5508    3.6960   -1.0957   -0.0759   -0.9434    0.0751    0.5441    0.5600    0.5211    0.5780    0.0838 
   3.5350    0.0026   -0.4105    0.1793 -180.2163   -1.5321    3.2529   -4.8827    0.0000    0.0000    5.0860    1.1446   -1.5820    0.5271    3.7200    0.0034    0.2969   -1.0637    0.1218    0.5111    0.5450    0.4904    0.5618    0.0906 
   3.5600    0.0025   -0.4141    0.2832 -180.3230    2.3131    3.9853   -3.5400   -0.0352    0.0000    2.7085   -0.0645   -1.3184    0.5271    3.7120   -0.0811   -0.1179   -1.1338    0.1218    0.5309    0.5524    0.5281    0.4971    0.0906 
   3.5893    0.0025   -0.3577    0.3231 -180.4026    2.0689   -0.7144   -3.2958   -0.0176    0.0176    1.1510    0.6727   -1.8457    0.5744    3.6880    0.0459    0.1289   -1.0813    0.0263    0.5763    0.6099    0.5236    0.5878    0.0995 
   3.6185    0.0025   -0.3509    0.2023 -180.4657   -1.6542   -1.9351   -3.3569    0.0000    0.0000    3.7985    3.0850   -1.8457    0.5801    3.6800   -0.0764   -0.0574   -0.7783    0.0145    0.6074    0.5859    0.5376    0.5894    0.1042 
   3.6435    0.0025   -0.4034    0.2149 -180.5219   -4.7060    4.9619   -2.8075    0.0176   -0.0352    7.0323   -3.0827   -1.1865    0.5801    3.6800    0.0349   -0.0530   -0.7769    0.0145    0.5411    0.5578    0.5846    0.6368    0.1042 
   3.6727    0.0025   -0.4209    0.2432 -180.5455    1.1534    0.5673    0.1832   -0.0352    0.0703   -1.3676    5.5367   -1.3184    0.6788    3.6240    0.0063   -0.1606   -1.0051   -0.1836    0.7376    0.7370    0.6731    0.5677    0.1094 
   3.6977    0.0025   -0.3884    0.2799 -180.5416    0.9093    4.2905   -0.1830   -0.0703    0.0176    2.9308   -2.1476   -1.1865    0.6982    3.6240    0.0056    0.3108   -0.8425   -0.2222    0.6773    0.7199    0.6734    0.7223    0.1085 
   3.7269    0.0025   -0.3137    0.2447 -180.5142    1.6417   -2.9727    1.3429   -0.0703   -0.0176   -0.2941    1.3192   -1.9775    0.6982    3.6160   -0.2529    0.0940   -0.7839   -0.2222    0.6965    0.7783    0.6527    0.6654    0.1085 
   3.7560    0.0025   -0.2711    0.3080 -180.4643    3.3507   -1.3248    2.6856   -0.0176    0.0176    3.5200   -0.1603   -1.0547    0.6351    3.6640    0.0051    0.0635   -0.7903   -0.0959    0.6398    0.7010    0.6195    0.5800    0.1078 
   3.7812    0.0025   -0.1682    0.2455 -180.4022   -0.7387    0.9335    2.3804   -0.0176    0.0176    1.1803    1.3686   -1.7139    0.6351    3.6560   -0.0862   -0.2717   -0.1628   -0.0959    0.6277    0.6820    0.6298    0.6008    0.1078 
   3.8105    0.0025   -0.2052    0.3474 -180.3408   -0.1894    5.2060    2.2584   -0.0352    0.0000    0.5551   -2.7983   -1.1865    0.6237    3.6640    0.2207   -0.1196   -1.3984   -0.0735    0.5820    0.6414    0.6335    0.6379    0.1115 
   3.8398    0.0025   -0.1594    0.4008 -180.2661    1.6417    1.7270    3.2960   -0.0527    0.0527   -0.1892    1.1835   -1.7139    0.5765    3.6560   -0.0908    0.0754   -1.0520    0.0205    0.5648    0.6347    0.5492    0.5573    0.1157 
   3.8649    0.0026   -0.2471    0.4566 -180.1917   -4.0346    2.9477    2.1363   -0.0176    0.0000    7.7652   -6.4177   -1.1865    0.5765    3.6880    0.1938    0.2556   -0.9849    0.0205    0.5089    0.5851    0.5893    0.6227    0.1157 
   3.8941    0.0025   -0.3026    0.4910 -180.1309   -1.8373    0.3842    2.0142    0.0000    0.0352    7.4532   -3.3965   -1.9775    0.5751    3.6800   -0.1641   -0.2871   -1.1157    0.0227    0.5457    0.6278    0.5516    0.5751    0.1225 
   3.9191    0.0025   -0.3703    0.4468 -180.0646    0.6041    3.4970    2.6856   -0.0176    0.0352    4.4781    0.4985   -1.3184    0.5872    3.6800    0.0283   -0.0520   -0.8857   -0.0022    0.5587    0.6020    0.6042    0.5840    0.1285 
   3.9483    0.0025   -0.2988    0.3528 -179.9993    4.8155   -3.5220    1.7701   -0.0176   -0.0176    3.8190    0.7176   -1.5820    0.5872    3.6800    0.0869    0.3606   -1.0103   -0.0022    0.5910    0.6262    0.5677    0.5640    0.1285 
   3.9777    0.0025   -0.1471    0.2745 -179.9280    3.9610   -4.9258    4.0894    0.0000    0.0000    1.4705    2.0193   -1.8457    0.5926    3.6720   -1.6426   -0.0146   -0.8726   -0.0134    0.6055    0.6700    0.5728    0.5220    0.1336 
   4.0027    0.0025   -0.1096    0.2146 -179.8542   -2.6308   -0.2261    2.8077   -0.0527   -0.0176    2.9703   -2.0477   -1.5820    0.5926    3.6640    0.0874    0.1665   -0.7417   -0.0134    0.5550    0.6218    0.5887    0.6049    0.1336 
   4.0319    0.0025   -0.2877    0.1658 -179.7809   -9.0395   -0.2261    2.4415   -0.0352    0.1055    5.3188    3.5834   -1.3184    0.5601    3.6960   -0.0281   -0.0784   -1.0903    0.0511    0.5426    0.6197    0.5569    0.5212    0.1378 
   4.0611    0.0025   -0.3679    0.2143 -179.7292   -0.2504    0.2011    1.8311   -0.0527   -0.0352    1.3731   -1.1510   -1.1865    0.5260    3.7120   -0.0342   -0.2959   -0.9673    0.1187    0.5153    0.5656    0.5417    0.4813    0.1441 
   4.0862    0.0025   -0.4344    0.2257 -179.7183    2.0079   -0.2261    0.8546   -0.0527    0.0527    0.2183    1.2729   -1.5820    0.5260    3.7120   -0.1843   -0.2427   -0.7092    0.1187    0.5433    0.5848    0.5362    0.4397    0.1441 
   4.1154    0.0025   -0.4346    0.2833 -179.7003    5.3038   -1.2637    0.0001   -0.0176    0.0352    5.4530    0.9033   -1.5820    0.4936    3.7280    0.0015    0.1426   -0.7922    0.1828    0.5007    0.5269    0.4856    0.4611    0.1514 
   4.1404    0.0025   -0.2371    0.1775 -179.7003    3.1676   -2.7896    0.1221   -0.0527    0.0176   -1.2176    3.0986   -1.7139    0.5186    3.7280   -0.1309   -0.3335   -0.8350    0.1318    0.5200    0.5627    0.4950    0.4969    0.1604 
   4.1698    0.0025   -0.2981    0.2383 -179.7206   -2.2035    2.0932   -0.0610    0.0176    0.0000    5.7752   -1.5421   -1.1865    0.5186    3.7120    0.1431    0.0281   -1.0828    0.1318    0.4660    0.5590    0.5580    0.4916    0.1604 
   4.1990    0.0025   -0.3565    0.2686 -179.7168   -8.1850   -1.2637    1.0987   -0.0176    0.0527    4.5597   -0.0864   -1.4502    0.5541    3.6880    0.0190   -0.1580   -0.7964    0.0602    0.5391    0.6133    0.5503    0.5137    0.1665 
   4.2240    0.0025   -0.6016    0.2664 -179.7181   -8.3070   -0.5313   -0.7323    0.0176   -0.0352   12.5679   -1.7704   -1.4502    0.5541    3.6880   -0.0720    0.2502   -1.1445    0.0602    0.5090    0.6046    0.5243    0.5785    0.1665 
   4.2533    0.0025   -0.6930    0.1841 -179.7377   -1.8373   -4.8038   -1.4648   -0.0176   -0.0176    8.9895   -1.5823   -1.7139    0.6017    3.6560    0.0913    0.1362   -1.0020   -0.0354    0.5703    0.6192    0.5943    0.6230    0.1712 
   4.2826    0.0025   -0.7355    0.1071 -179.7723    1.0313   -5.0479   -0.8544   -0.0352    0.0176    5.7468    4.0823   -1.5820    0.5848    3.6560   -0.1423    0.0630   -0.9236   -0.0019    0.5949    0.6709    0.5476    0.5259    0.1731 
   4.3076    0.0025   -0.7153    0.0031 -179.8081   -1.6542    0.3232   -1.0375   -0.0352    0.0000    6.7429    3.3312   -1.3184    0.5848    3.6640   -0.1440    0.0396   -0.3713   -0.0019    0.5703    0.6539    0.5610    0.5542    0.1731 
   4.3368    0.0025   -0.7473    0.0503 -179.8389   -3.3022   -2.6675   -1.6479   -0.0352    0.0176    4.3303    3.7542   -1.4502    0.5592    3.6800   -0.0356   -0.0498    0.1023    0.0488    0.5867    0.6250    0.4921    0.5332    0.1779 
   4.3618    0.0025   -0.8042    0.0197 -179.8839   -2.2646   -2.0572   -1.8920   -0.0176    0.0176   10.5513    2.1114   -1.1865    0.5271    3.6880   -0.0698    0.2834   -1.1536    0.1125    0.5222    0.5811    0.4583    0.5466    0.1842 
   4.3910    0.0025   -0.8027    0.0442 -179.9358   -2.5087    1.7880   -3.1127   -0.0352    0.0352    9.2840    0.0702   -1.4502    0.5271    3.7040    0.2729    0.1636   -0.9668    0.1125    0.5002    0.5507    0.5036    0.5537    0.1842 
   4.4202    0.0025   -0.7820    0.0980 -179.9922    3.1676   -0.4092   -1.3427   -0.0176    0.0527    7.1576    0.1734   -1.1865    0.5521    3.6800    0.1841   -0.0715   -0.7173    0.0616    0.5383    0.5851    0.5556    0.5292    0.1932 
   4.4452    0.0025   -0.7142    0.0043 -180.0431    2.9845   -3.0338   -2.8686    0.0176   -0.0527    8.0570   -1.1467   -1.1865    0.5521    3.6880    0.2136    0.1404   -1.1953    0.0616    0.5399    0.5687    0.5300    0.5696    0.1932 
   4.4748    0.0026   -0.6256   -0.0499 -180.1022    2.9845    1.6660   -2.5634   -0.0352    0.0000    3.3382    0.7337   -1.3184    0.5666    3.6800    0.0593    0.2124   -1.0330    0.0319    0.5351    0.5603    0.5895    0.5813    0.1999 
   4.5040    0.0025   -0.6234   -0.0707 -180.1633    1.5196   -1.1417   -2.3193   -0.0352    0.0176    8.0801    7.2045   -1.7139    0.5494    3.6720   -0.0649    0.1113   -0.5679    0.0656    0.5809    0.6702    0.4815    0.4650    0.2061 
   4.5290    0.0025   -0.5646   -0.0107 -180.2169    3.2896    2.2153   -2.2582   -0.0176   -0.0176    6.6001    0.2400   -0.9229    0.5494    3.6880    0.1609    0.0532   -0.7195    0.0656    0.5357    0.5826    0.5488    0.5305    0.2061 
   4.5582    0.0025   -0.4741   -0.0377 -180.2695    1.7638    1.0556   -2.3803   -0.0879    0.0176    6.4646    3.7285   -1.9775    0.5383    3.6960    0.0984    0.1936   -0.8457    0.0872    0.5189    0.5716    0.5475    0.5150    0.2130 
   4.5832    0.0025   -0.3635    0.0309 -180.3441    1.6417    3.9243   -2.1972    0.0176    0.0000    6.9686   -1.0872   -1.4502    0.5656    3.6880    0.1611    0.0823   -0.8098    0.0318    0.5087    0.5994    0.5860    0.5685    0.2198 
   4.6124    0.0025   -0.3770    0.0463 -180.4119    1.7638   -6.3297   -1.8310   -0.0352   -0.0176    3.2958   -1.7830   -1.5820    0.5656    3.6720    0.3855   -0.1011   -0.9128    0.0318    0.5613    0.6007    0.5978    0.5027    0.2198 
   4.6416    0.0025   -0.3291    0.0409 -180.4853   -0.7997   -7.0621   -4.0282   -0.0176    0.0352    2.7163    1.5122   -1.1865    0.5863    3.6640    0.0225   -0.0559   -1.1758   -0.0099    0.6197    0.6552    0.4985    0.5717    0.2241 
   4.6666    0.0025   -0.3580   -0.0713 -180.5488   -5.8656   -6.3907   -2.0751   -0.0703    0.0352    4.5881    5.6655   -1.4502    0.5863    3.6560   -0.0647    0.0125   -0.9688   -0.0099    0.5951    0.6987    0.4826    0.5686    0.2241 
   4.6959    0.0025   -0.4970   -0.1115 -180.5966   -6.9643   -1.0806   -2.1362   -0.0527    0.0352    8.2187    5.8096   -1.4502    0.5571    3.6800    0.0132    0.0361   -0.9280    0.0481    0.5448    0.5895    0.5399    0.5542    0.2270 
   4.7251    0.0025   -0.6971   -0.1197 -180.6611   -1.4101    2.0322   -1.8310   -0.0176    0.0352   10.4401    4.1598   -1.0547    0.6052    3.6400   -0.1802    0.3071   -0.8047   -0.0484    0.5893    0.6742    0.5868    0.5704    0.2309 
   4.7501    0.0025   -0.5816   -0.0811 -180.7215    4.4493    1.0556   -2.8075    0.0176   -0.0176    6.2184    2.8541   -1.9775    0.6052    3.6480   -0.1975   -0.0281   -0.4956   -0.0484    0.6140    0.6574    0.5806    0.5687    0.2309 
   4.7793    0.0025   -0.4857   -0.0083 -180.7912   -0.6776   -0.2872   -3.0517   -0.0176   -0.0527    5.9111    1.1968   -1.3184    0.6881    3.5920   -0.2996    0.1218   -1.3394   -0.2143    0.6996    0.7467    0.6176    0.6884    0.2315 
   4.8043    0.0025   -0.5390   -0.0443 -180.8478   -2.7528   -3.8272   -1.6479   -0.0527    0.0527    2.5204    7.4777   -1.9775    0.6032    3.6000    0.2983   -0.2551   -1.4824   -0.0440    0.6330    0.6732    0.5940    0.5126    0.2269 
   4.8335    0.0025   -0.6023   -0.0334 -180.8991   -0.8607    1.1777   -2.0751    0.0176    0.0176   10.4635    3.7076   -1.0547    0.6032    3.6560   -0.0957    0.1833   -2.6963   -0.0440    0.6025    0.6583    0.5484    0.6035    0.2269 
   4.8627    0.0025   -0.6346    0.0264 -180.9491    1.5807    2.2153   -1.8920   -0.0352    0.0352    3.5510    2.3327   -1.4502    0.5982    3.6560    0.2620   -0.2158   -1.2932   -0.0341    0.5859    0.6446    0.5910    0.5712    0.2276 
   4.8877    0.0025   -0.5765    0.0969 -181.0204    3.2286    0.9946   -2.7465   -0.0176    0.0879    5.5530    0.8998   -1.3184    0.5982    3.6560    0.0754    0.0396   -0.5615   -0.0341    0.5785    0.6514    0.5810    0.5818    0.2276 
   4.9171    0.0024   -0.5198    0.1008 -181.0898   -5.0111    5.0839   -3.6620   -0.0176    0.0000    8.6024    0.0926   -1.9775    0.5819    3.6640    0.0867    0.4077   -0.9194   -0.0016    0.5547    0.6151    0.5326    0.6253    0.2283 
   4.9463    0.0025   -0.5932    0.1517 -181.1659   -3.9125    4.1684   -2.8686   -0.0176   -0.0176    8.6632   -0.9703   -1.1865    0.6314    3.6320   -0.0210    0.0330    0.3276   -0.1006    0.5868    0.6624    0.6107    0.6658    0.2290 
   4.9713    0.0025   -0.6467    0.2052 -181.2254   -0.2504    2.8867   -2.5634   -0.0527    0.0879    6.3597    0.6341   -1.9775    0.6314    3.6240    0.1060   -0.0823   -0.6628   -0.1006    0.5957    0.6546    0.6442    0.6311    0.2290 
   5.0006    0.0025   -0.6389    0.2035 -181.2909    4.2662    1.0556   -2.8686   -0.0176    0.0000    7.4308    0.0019   -1.5820    0.6249    3.6400   -0.0750    0.2229   -0.5859   -0.0874    0.6221    0.6569    0.5995    0.6211    0.2269 
   5.0256    0.0026   -0.4800    0.1857 -181.3797    4.5714    0.3232   -3.4179   -0.0176   -0.0176    3.1541    0.3101   -1.7139    0.5525    3.6400   -0.1321   -0.2109   -1.4243    0.0575    0.5599    0.5905    0.5195    0.5402    0.2251 
   5.0549    0.0026   -0.4513    0.1797 -181.4853   -1.1049    1.9101   -3.9062    0.0000    0.0176    5.3167    1.4351   -1.3184    0.5525    3.6800    0.0286   -0.2156   -1.2561    0.0575    0.5602    0.5791    0.5274    0.5433    0.2251 
   5.0840    0.0025   -0.5176    0.2932 -181.5922    0.1769    5.8163   -4.0282    0.0352    0.0352   13.3039   -1.1512   -1.5820    0.6452    3.6160    0.0659    0.1653   -0.8845   -0.1279    0.6187    0.6853    0.6099    0.6668    0.2271 
   5.1090    0.0025   -0.4376    0.2825 -181.6910    9.3321   -1.2637   -3.7231    0.0000    0.0527    4.1309    1.0709   -1.5820    0.6452    3.6080    0.8423   -0.0642   -1.4922   -0.1279    0.6467    0.6414    0.6731    0.6194    0.2271 
   5.1384    0.0025   -0.2732    0.2304 -181.8017    7.3180   -2.1182   -4.7607   -0.0527    0.0176    1.3157   -0.0033   -1.4502    0.7145    3.5840    0.2473    0.0967   -1.3154   -0.2663    0.7248    0.7431    0.6667    0.7234    0.2233 
   5.1676    0.0025   -0.0866    0.1797 -181.9182    8.1114   -2.0572   -4.5776   -0.0703    0.0176   -1.0598    2.2487   -1.7139    0.7290    3.5840   -1.5107   -0.0679   -1.0220   -0.2946    0.7610    0.7656    0.6879    0.7016    0.2166 
   5.1926    0.0025    0.0711    0.2077 -182.0276    3.9610    1.2997   -3.4179   -0.0879    0.0527   -3.3696    1.4563   -1.1865    0.7290    3.5840   -0.3062   -0.4150   -1.0613   -0.2946    0.7764    0.7840    0.7009    0.6547    0.2166 
   5.2218    0.0025    0.0489    0.4075 -182.1237   -1.0439    2.7646   -3.2348    0.0176    0.0176    2.5451   -5.2066   -1.9775    0.7508    3.5600    1.0786   -0.1646    0.7490   -0.3376    0.7261    0.7777    0.7538    0.7458    0.2102 
   5.2468    0.0025    0.1058    0.3956 -182.2135    1.2755    1.6660   -3.9672   -0.0176    0.0176    0.1057   -2.9777   -1.3184    0.4797    3.5680    0.0933   -0.1104   -2.5510    0.2053    0.4960    0.4760    0.4529    0.4939    0.2042 
   5.2760    0.0025    0.1072    0.4263 -182.3170    0.4820   -1.5079   -3.4789   -0.0352    0.0352   -1.9042   -1.1303   -1.8457    0.4797    3.7360    0.2888   -0.1196   -1.4468    0.2053    0.4918    0.5205    0.4598    0.4467    0.2042 
   5.3053    0.0025    0.1290    0.5106 -182.4599    2.0079    1.4218   -5.9814   -0.0176    0.0176    0.9549   -2.1430   -1.3184    0.5335    3.6880   -0.2021   -0.0991   -0.6716    0.0965    0.5513    0.5852    0.4862    0.5115    0.2147 
   5.3303    0.0025    0.2146    0.4517 -182.5977    5.7921   -6.3907   -5.5541   -0.0703    0.0527   -0.6896    0.1647   -1.7139    0.5335    3.6800   -0.0901    0.0684   -0.9634    0.0965    0.6078    0.5839    0.4643    0.4783    0.2147 
   5.3597    0.0024    0.2721    0.4015 -182.7267   -0.7997    2.9477   -4.2724   -0.0176    0.0352   -0.2987   -1.5979   -1.7139    0.5262    3.6800   -0.0371   -0.2336   -0.8508    0.1107    0.5066    0.5455    0.5255    0.5270    0.2202 
   5.3889    0.0025    0.3001    0.3541 -182.8612    0.6041   -4.4376   -5.7983   -0.0352    0.0176   -2.6294    0.6142   -1.8457    0.5297    3.6880   -0.0952   -0.1260   -0.9043    0.1031    0.5799    0.5780    0.4583    0.5025    0.2262 
   5.4139    0.0025    0.2474    0.2909 -182.9926    0.1158   -2.1182   -5.7372   -0.0703    0.0527    1.1870    3.2347   -1.4502    0.5297    3.6880   -0.1257    0.1653   -0.8850    0.1031    0.5585    0.5722    0.4713    0.5168    0.2262 
   5.4432    0.0025    0.2017    0.2144 -183.1061   -5.1942   -2.8506   -4.5776   -0.0176    0.0176    7.1753   -0.9981   -1.4502    0.5320    3.6720    0.0837    0.0637   -0.8716    0.0980    0.5052    0.5727    0.4754    0.5745    0.2311 
   5.4682    0.0025    0.1110    0.1413 -183.2125   -5.3773   -2.6675   -4.7607   -0.0703    0.0176    1.1597    2.4204   -1.8457    0.5375    3.6720    0.0933    0.2148   -0.9565    0.0864    0.5659    0.5594    0.5001    0.5247    0.2365 
   5.4975    0.0025    0.1564    0.0887 -183.3263    4.2052   -0.4703   -5.6762   -0.0352    0.0352   -0.0642    0.6625   -1.4502    0.5375    3.6720    0.1138    0.1621   -0.9253    0.0864    0.5559    0.5250    0.4982    0.5711    0.2365 
   5.5267    0.0025    0.3860    0.1018 -183.4415    6.5245    0.1401   -4.8827   -0.0527    0.0879   -5.5987    2.7502   -1.5820    0.5805    3.6400    0.1738    0.0935   -1.0229   -0.0001    0.5975    0.5963    0.5255    0.6027    0.2411 
   5.5517    0.0025    0.4916    0.0956 -183.5655   -0.0673    0.3842   -5.5541   -0.0352    0.0527   -2.3022    1.3944   -1.5820    0.5805    3.6560    0.3315    0.1172   -1.2427   -0.0001    0.5734    0.5911    0.5512    0.6064    0.2411 
   5.5809    0.0025    0.3210    0.0918 -183.7033   -7.1474   -5.5972   -5.7983   -0.1055    0.0176   -2.0698    3.0114   -1.9775    0.5939    3.6320   -0.0823   -0.1089   -1.0247   -0.0272    0.6279    0.6461    0.5370    0.5647    0.2443 
   5.6102    0.0025    0.0516    0.0350 -183.8439   -6.2318    1.4218   -5.5541    0.0000    0.0352    6.7201    1.0432   -1.1865    0.6167    3.6240    0.0134    0.1028   -0.3442   -0.0730    0.6001    0.6292    0.5790    0.6583    0.2475 
   5.6353    0.0026    0.0427    0.0313 -183.9846    5.3648    5.6332   -6.1645   -0.0527    0.1055    0.6343    4.1007   -1.7139    0.6167    3.6240    0.1716    0.0208   -1.0869   -0.0730    0.6102    0.5691    0.6238    0.6636    0.2475 
   5.6645    0.0025    0.1285    0.0558 -184.1258    1.1534   -0.2261   -5.6152   -0.0176    0.0176   -0.7906    0.3848   -1.7139    0.6925    3.5840    0.1885   -0.2446   -1.3032   -0.2250    0.7156    0.7035    0.6668    0.6841    0.2511 
   5.6895    0.0025    0.1101   -0.0402 -184.2730   -4.1566   -3.7051   -5.6762   -0.0527    0.0000    0.8635    3.1304   -1.8457    0.7025    3.5840   -0.0913   -0.3689   -0.8728   -0.2450    0.6978    0.7342    0.6678    0.7102    0.2512 
   5.7187    0.0025   -0.0121   -0.1683 -184.4433   -4.2177    0.8725   -6.4697    0.0000    0.0000    4.9771    4.0281   -0.9229    0.7025    3.5840   -0.0403    0.0181   -1.1958   -0.2450    0.7052    0.7340    0.6733    0.6974    0.2512 
   5.7480    0.0025   -0.1038   -0.0742 -184.6067   -1.6542   -0.2872   -5.4931   -0.0352    0.0703    3.4317    4.7193   -1.8457    0.8775    3.3840   -0.1135    0.2849   -0.9246   -0.5953    0.8865    0.9258    0.8129    0.8850    0.2535 
   5.7730    0.0025    0.1357    0.0189 -184.7379   16.5953   21.8076   -2.0141    0.0176    0.0176   -1.1145   -1.1019   -1.5820    0.8775    3.4160   -0.5286    0.2463   -0.7649   -0.5953    0.8291    0.8537    0.9247    0.9027    0.2535 
   5.8023    0.0025    0.3860   -0.0697 -184.8711    6.1583  -10.9683   -8.6669   -0.0527    0.0527   -4.0618    7.1219   -1.4502    0.8402    3.4800   -1.2896   -0.2617   -0.4536   -0.5200    0.8999    0.8989    0.7864    0.7757    0.2475 
   5.8315    0.0025    0.4326    0.0508 -185.0420    0.6041    8.8071   -2.5024   -0.0352    0.0527   -2.1162    2.2267   -1.5820    0.7730    3.4720   -1.1707   -0.0232   -1.7227   -0.3856    0.6853    0.8013    0.8518    0.7535    0.2477 
   5.8565    0.0025    0.4080    0.3292 -185.2543    0.4820    8.7460   -9.5214   -0.0176    0.0000    1.1689   -7.5185   -1.4502    0.7730    3.5600    1.5391    0.1040   -1.5730   -0.3856    0.8264    0.6813    0.7470    0.8372    0.2477 
   5.8857    0.0025    0.4063    0.3598 -185.4536    6.8907    0.1401   -8.3617   -0.0703    0.0176   -7.2926   -1.0680   -1.9775    0.6231    3.6400    0.2180   -0.3882   -1.6265   -0.0864    0.6609    0.5939    0.5953    0.6423    0.2534 
   5.9107    0.0025    0.5094    0.3376 -185.6715    6.8297    0.2621   -8.9721   -0.0703    0.0352   -7.4955    1.4893   -1.4502    0.3070    3.6320   -0.2024    0.0562   -2.6814    0.5441    0.4039    0.3052    0.2633    0.2559    0.2691 
   5.9400    0.0025    0.4992    0.3502 -185.9166    0.7262    1.1166  -10.8642   -0.0352    0.0352   -1.2311   -1.8188   -2.1094    0.3070    3.8320   -0.0181    0.1328   -0.0522    0.5441    0.3417    0.3108    0.2383    0.3374    0.2691 
   5.9692    0.0025    0.5584    0.4693 -186.1812   -1.1659    3.7412   -9.9487    0.0000   -0.0352   -3.5712   -5.9072   -1.0547    0.3038    3.8320    0.0181   -0.0159   -0.8030    0.5459    0.3286    0.2748    0.2630    0.3486    0.3171 
   5.9942    0.0025    0.3699    0.6427 -186.4017   -0.0673    0.0790   -8.1786   -0.0352   -0.0176   -1.5672   -6.6372   -1.9775    0.3038    3.8160    0.0234   -0.0244   -0.5588    0.5459    0.3243    0.2916    0.2691    0.3301    0.3171 
   6.0234    0.0025    0.5418    0.7479 -186.5950    3.5948   -0.4703   -7.0800   -0.0352    0.0000   -7.4623   -7.7778   -1.5820    0.3347    3.7920    0.0171   -0.0144   -0.5408    0.4794    0.3501    0.3058    0.3314    0.3516    0.3631 
   6.0526    0.0025    0.5335    0.6545 -186.7660    4.9376    0.5673   -6.8359   -0.0703    0.0352   -5.2519   -0.2181   -1.5820    0.3819    3.7920   -0.0454    0.0623   -0.6169    0.3809    0.4300    0.3825    0.3275    0.3876    0.4034 
   6.0776    0.0024    0.6350    0.6656 -186.9331    2.2520    1.1166   -6.8359   -0.0352    0.0352   -3.2144   -1.3323   -1.3184    0.3819    3.7600   -0.0168    0.0208   -0.6914    0.3809    0.4248    0.3890    0.3099    0.4039    0.4034 
   6.1067    0.0025    0.7282    0.7280 -187.0967   -1.4101    1.1777   -6.6528   -0.0352    0.0176   -3.5918   -5.3542   -1.8457    0.4303    3.7200   -0.0215   -0.0073   -0.5508    0.2805    0.4528    0.4306    0.3830    0.4549    0.4394 
   6.1317    0.0025    0.5403    0.7573 -187.2546   -3.9735   -1.5689   -5.9203   -0.0352   -0.0176   -1.6753   -8.9683   -1.5820    0.4581    3.7280    0.0461   -0.0496   -0.6313    0.2218    0.4486    0.4263    0.4543    0.5033    0.4701 
   6.1609    0.0025    0.4731    0.5195 -187.4156   -1.9594   -4.8038   -6.5307   -0.0527    0.0703   -2.9251    3.8357   -1.5820    0.4581    3.7040   -0.0432   -0.0259   -0.7407    0.2218    0.5006    0.4710    0.3968    0.4641    0.4701 
   6.1901    0.0025    0.4053    0.4443 -187.5649    2.0689   -1.0196   -5.7983   -0.0527    0.0352   -3.9564    0.4777   -1.7139    0.4711    3.7120   -0.0447   -0.0791   -0.6699    0.1932    0.5246    0.4615    0.4183    0.4799    0.4963 
   6.2151    0.0025    0.4340    0.4015 -187.7273    3.1065   -1.0196   -6.2255   -0.0352   -0.0176   -3.3130   -2.0364   -1.4502    0.4711    3.6960   -0.0510   -0.0908   -0.6968    0.1932    0.5142    0.4607    0.4270    0.4825    0.4963 
   6.2443    0.0025    0.5042    0.2411 -187.8818    1.0924   -2.0572   -6.7138   -0.0176    0.0176   -5.0050    3.0503   -1.9775    0.4696    3.7040   -0.0317   -0.0361   -0.8450    0.1937    0.5295    0.4603    0.4090    0.4796    0.5215 
   6.2735    0.0025    0.4293    0.3714 -188.0366   -0.4335    2.3373   -6.4086   -0.0176    0.0176   -1.0505   -3.6286   -1.1865    0.4748    3.7040    0.1069    0.1362   -0.8154    0.1818    0.4901    0.4459    0.4489    0.5143    0.5365 
   6.2985    0.0025    0.3166    0.4323 -188.1850   -0.0673    2.7036   -5.8593   -0.0703    0.0527   -0.6002   -1.6908   -1.5820    0.4748    3.7040   -0.0093    0.0027   -0.7310    0.1818    0.5028    0.4868    0.4209    0.4887    0.5365 
   6.3277    0.0025    0.4173    0.4461 -188.3291    1.4586   -2.2403   -6.3476   -0.0176   -0.0176    0.2803   -2.8566   -1.4502    0.4861    3.6960    0.0862    0.1279   -0.8535    0.1576    0.5340    0.4925    0.4187    0.4993    0.5517 
   6.3527    0.0025    0.4013    0.4307 -188.4754    0.1769   -2.0572   -5.1879   -0.0527    0.0176   -1.8228   -4.1527   -1.5820    0.5280    3.6960    0.0183   -0.0754   -0.7332    0.0731    0.5403    0.5284    0.4971    0.5460    0.5602 
   6.3819    0.0025    0.3349    0.3315 -188.6422    3.0455   -2.0572   -6.7138    0.0000    0.0000    0.8570   -1.6860   -1.0547    0.5280    3.6720    0.0212    0.1465   -0.6245    0.0731    0.5599    0.5288    0.4776    0.5456    0.5602 
   6.4111    0.0025    0.4349    0.2911 -188.7945   -1.8983   -5.2310   -5.0658   -0.0527    0.0352   -2.3621    1.4357   -1.9775    0.5814    3.6240   -0.0066   -0.0171   -0.7559   -0.0341    0.6331    0.5991    0.5089    0.5846    0.5626 
   6.4362    0.0025    0.4297    0.2349 -188.9556   -2.6918   -3.2779   -6.2865   -0.1055   -0.0176   -5.7978   -0.6051   -1.7139    0.5814    3.6240   -0.0251   -0.1116   -0.0706   -0.0341    0.6330    0.5883    0.5185    0.5858    0.5626 
   6.4656    0.0025    0.3046    0.2014 -189.1385   -8.2460   -3.2169   -8.1786   -0.0352    0.0000    3.0931    0.8001   -1.3184    0.6685    3.5760   -0.1648    0.1658   -0.6997   -0.2079    0.7052    0.6700    0.5969    0.7018    0.5598 
   6.4949    0.0026    0.1645    0.0589 -189.3489   -5.4384   -5.5972   -8.9721    0.0176    0.0176    3.4768    5.7570   -0.9229    0.6230    3.6080   -0.1453   -0.2539   -0.4500   -0.1162    0.6969    0.6442    0.5027    0.6483    0.5512 
   6.5198    0.0025    0.1093   -0.0714 -189.6131   -1.1049   -2.1182  -10.3149   -0.0703    0.0352   -1.8137    3.4273   -1.1865    0.6230    3.6240    0.0537   -0.3352   -1.2078   -0.1162    0.6667    0.5804    0.5621    0.6829    0.5512 
   6.5489    0.0025    0.0994   -0.0723 -189.8818    5.4259   -2.4234   -8.4228    0.0000    0.0176   -0.0866    3.2451   -0.2637    0.7490    3.5280   -0.3738   -0.2942    0.1187   -0.3673    0.8268    0.7661    0.6847    0.7183    0.5439 
   6.5739    0.0025    0.1136    0.0707 -190.1333   -1.6542   -4.3155  -10.0707   -0.0527    0.0176    0.5134    0.0488    0.1318    0.7776    3.5360    1.4097    0.1812   -0.8608   -0.4232    0.8631    0.7598    0.6369    0.8508    0.5296 
   6.6032    0.0025   -0.0154    0.0235 -190.3551   -9.4667   -4.6207   -8.4228   -0.0703    0.0527    0.5252    6.9550    0.0000    0.7776    3.5280   -0.8298   -0.3303   -1.5105   -0.4232    0.8886    0.7913    0.6349    0.7958    0.5296 
   6.6324    0.0025   -0.1461   -0.0219 -190.5779   -0.8607    3.4970  -10.1318   -0.0176    0.0352    2.9529    1.2751    1.0547    0.7409    3.5520    0.0261   -0.6614   -1.7600   -0.3480    0.7991    0.6957    0.6975    0.7712    0.5139 
   6.6574    0.0024   -0.0684    0.1009 -190.8019    7.9283   -4.8648   -8.4228   -0.0176    0.0703    1.0939    3.3028    1.4502    0.7409    3.5520    0.0828    0.1636   -1.2314   -0.3480    0.8159    0.7427    0.6661    0.7388    0.5139 
   6.6867    0.0025   -0.0571    0.0940 -191.0113   -3.1190    3.2529   -8.8500   -0.0527    0.0176    1.1472    1.6090    2.5049    0.6255    3.6240   -0.0842    0.0564   -1.0010   -0.1160    0.6898    0.5879    0.5290    0.6951    0.5016 
   6.7159    0.0025   -0.0965    0.1276 -191.2341   -1.9594    1.7270   -9.7655   -0.0352    0.0352    2.3744    0.7145    2.2412    0.3752    3.6160   -0.0068    0.1516   -1.6755    0.3852    0.4466    0.3411    0.2457    0.4674    0.4951 
   6.7409    0.0025   -0.1336    0.1469 -191.4776   -2.9359    2.2763   -9.6435    0.0176    0.0176    3.8128    1.2989    2.5049    0.3752    3.7760   -0.1812    0.0159   -1.0808    0.3852    0.4468    0.3377    0.2731    0.4432    0.4951 
   6.7701    0.0025   -0.1494    0.2193 -191.6657   -0.5556    2.0932   -7.8735   -0.0176    0.0176    3.9585   -0.5838    1.0547    0.3783    3.7760    0.0237    0.2080   -0.8223    0.3782    0.4274    0.3377    0.2826    0.4653    0.5032 
   6.7952    0.0025   -0.1302    0.2622 -191.8153    3.5948    2.8256   -4.8827   -0.0352    0.0000    2.6969   -2.4009    1.5820    0.4592    3.7680   -0.0020    0.0208   -0.6238    0.2159    0.4953    0.4346    0.3858    0.5210    0.5072 
   6.8243    0.0025    0.0624    0.2626 -191.9311    8.6607    2.9477   -3.7231   -0.0527    0.0176   -0.8325   -3.1933    0.9229    0.4592    3.7040    0.0166   -0.0173   -0.5835    0.2159    0.4915    0.3950    0.4329    0.5175    0.5072 
   6.8535    0.0025    0.4069    0.3610 -192.0107    4.9986   -0.4092   -2.6855   -0.0352    0.0527   -6.6338    0.5750   -0.1318    0.5113    3.6640   -0.0156   -0.1211   -0.8086    0.1121    0.5941    0.5215    0.4193    0.5104    0.5026 
   6.8785    0.0025    0.4672    0.3023 -192.0900   -0.3725   -0.1041   -4.4555   -0.0352   -0.0176   -2.8198   -0.7122   -0.5273    0.5113    3.6720   -0.0283    0.0542   -0.9199    0.1121    0.5714    0.4939    0.4168    0.5631    0.5026 
   6.9080    0.0025    0.4378    0.2642 -192.1746    0.1769   -2.4844   -4.0893    0.0000    0.0703   -1.4737    1.4941   -1.1865    0.5938    3.6000    0.0532    0.0913   -1.0522   -0.0520    0.6435    0.5807    0.5155    0.6356    0.4939 
   6.9372    0.0024    0.4368    0.2913 -192.2803    4.0831   -0.3482   -5.0658   -0.0352    0.0176   -3.9833   -3.1748   -1.4502    0.6021    3.6080    0.1287   -0.0095   -0.2642   -0.0671    0.6446    0.5698    0.5391    0.6549    0.4796 
   6.9622    0.0025    0.5223    0.2781 -192.4108    1.0924   -7.7945   -4.7607   -0.0176   -0.0176   -5.4306   -1.5691   -1.9775    0.6021    3.6080    0.0833   -0.2407   -0.8418   -0.0671    0.7053    0.6136    0.4917    0.5977    0.4796 
   6.9914    0.0025    0.4516    0.1632 -192.5494   -1.0439   -1.9962   -4.6386   -0.0176    0.0000   -2.6890    0.0779   -1.7139    0.5853    3.6320    0.0635   -0.1677   -1.0264   -0.0324    0.6042    0.5576    0.5625    0.6171    0.4668 
   7.0164    0.0025    0.4182    0.1180 -192.6682    1.0924   -2.7896   -4.3945   -0.0352    0.0176   -0.3495    1.4812   -1.7139    0.7047    3.6240    0.0249    0.0413   -0.4280   -0.2699    0.7647    0.6692    0.6614    0.7238    0.4539 
   7.0456    0.0025    0.3971    0.1380 -192.7592    1.6417    6.1826   -3.8451    0.0176    0.0176    1.9195    1.2328   -1.1865    0.7047    3.5520    0.0232    0.2844   -0.8779   -0.2699    0.7280    0.6777    0.6324    0.7808    0.4539 
