#PID Gain P Ti Td Eta    0.6000    0.7000    0.0100    0.1250    0.7500    0.7000    0.0250    0.1250    3.0000    0.8000    0.0100    0.1250    8.0000    4.0000    0.0400    0.1250    8.0000    4.0000    0.0400    0.1250    0.0000    0.0000    0.0000    0.0000 
   0.0027    0.0027   -0.0501   -0.0274 -180.0005   -0.0018    0.0040   -0.0958    0.0000    0.0000    0.0000    0.0000    0.0000    0.0000    4.0640   -0.0034    0.0073   -1.0093   -0.0011    0.0000    0.0000    0.0000    0.0000    0.0158 
   0.0276    0.0026   -0.2342   -0.2332 -180.0010   -0.0018   -0.0570    0.0262    0.0000    0.0000    0.0000    0.0000    0.0000    0.0000    4.0720   -0.0076    0.0054   -1.0059   -0.0011    0.0000    0.0000    0.0000    0.0000    0.0158 
   0.0566    0.0025   -0.3751   -0.2887 -180.0000   -0.1239   -0.1180   -0.0348    0.0000    0.0000    0.0000    0.0000    0.0000    0.0000    4.0720   -0.0059    0.0093   -1.0100   -0.0008    0.0000    0.0000    0.0000    0.0000    0.0158 
   0.0857    0.0025   -0.4040   -0.3558 -180.0011   -0.0018    0.0651   -0.2789    0.0000    0.0000    0.0000    0.0000    0.0000    0.0000    4.0720   -0.0054    0.0059   -1.0125   -0.0003    0.0000    0.0000    0.0000    0.0000    0.0160 
   0.1107    0.0025   -0.4755   -0.3171 -180.0009   -0.0018   -0.0570   -0.0348    0.0000    0.0000    0.0000    0.0000    0.0000    0.0000    4.0720   -0.0020    0.0112   -1.0088   -0.0003    0.0000    0.0000    0.0000    0.0000    0.0160 
   0.1396    0.0025   -0.4351   -0.3341 -180.0020   -0.1239    0.1261   -0.0958    0.0000    0.0000    0.0000    0.0000    0.0000    0.0000    4.0720   -0.0071    0.0085   -1.0132   -0.0004    0.0000    0.0000    0.0000    0.0000    0.0160 
   0.1646    0.0025   -0.4980   -0.3686 -180.0023    0.0592    0.0040    0.0873    0.0000    0.0000    0.0000    0.0000    0.0000    0.0000    4.0720   -0.0059    0.0115   -1.0098    0.0001    0.0000    0.0000    0.0000    0.0000    0.0162 
   0.1938    0.0025   -0.4191   -0.3585 -180.0032    0.0592    0.0651    0.0262    0.0000    0.0000    0.0000    0.0000    0.0000    0.0000    4.0720   -0.0066    0.0073   -1.0151    0.0001    0.0000    0.0000    0.0000    0.0000    0.0162 
   0.2228    0.0025   -0.4178   -0.3080 -180.0023   -0.0629    0.0651   -0.0348    0.0000    0.0000    0.0000    0.0000    0.0000    0.0000    4.0640   -0.0056    0.0061   -1.0085    0.0003    0.0000    0.0000    0.0000    0.0000    0.0162 
   0.2478    0.0025   -0.5574   -0.3352 -180.0013   -0.1239    0.0040    0.0262    0.0000    0.0000    0.0000    0.0000    0.0000    0.0000    4.0720   -0.0054    0.0112   -1.0139    0.0003    0.0000    0.0000    0.0000    0.0000    0.0162 
   0.2769    0.0025   -0.4972   -0.4038 -180.0015   -0.0018    0.0651   -0.0348    0.0000    0.0000    0.0000    0.0000    0.0000    0.0000    4.0720   -0.0078    0.0085   -1.0112    0.0020    0.0000    0.0000    0.0000    0.0000    0.0166 
   0.3059    0.0025   -0.4583   -0.4030 -180.0019   -0.0629    0.0651   -0.0348    0.0000    0.0000    0.0000    0.0000    0.0000    0.0000    4.0720   -0.0071    0.0081   -1.0068    0.0012    0.0000    0.0000    0.0000    0.0000    0.0165 
   0.3309    0.0025   -0.4098   -0.3888 -180.0033    0.0592   -0.1791    0.0262    0.0000    0.0000    0.0000    0.0000    0.0000    0.0000    4.0640   -0.0076    0.0068   -1.0103    0.0012    0.0000    0.0000    0.0000    0.0000    0.0165 
   0.3599    0.0025   -0.4385   -0.3778 -180.0030   -0.0018    0.0651    0.0262    0.0000    0.0000    0.0000    0.0000    0.0000    0.0000    4.0720   -0.0083    0.0088   -1.0103    0.0028    0.0000    0.0000    0.0000    0.0000    0.0168 
   0.3849    0.0025   -0.4723   -0.3581 -180.0023    0.0592    0.1261   -0.0348    0.0000    0.0000    0.0000    0.0000    0.0000    0.0000    4.0720   -0.0046    0.0093   -1.0085    0.0015    0.0000    0.0000    0.0000    0.0000    0.0167 
   0.4138    0.0025   -0.4383   -0.3657 -180.0025   -0.0018    0.1261    0.0262    0.0000    0.0000    0.0000    0.0000    0.0000    0.0000    4.0720   -0.0059    0.0059   -1.0090    0.0015    0.0000    0.0000    0.0000    0.0000    0.0167 
   0.4429    0.0025   -0.4113   -0.3142 -180.0024   -0.0629   -0.0570   -0.0348    0.0000    0.0000    0.0000    0.0000    0.0000    0.0000    4.0640   -0.0051    0.0071   -1.0100    0.0039    0.0000    0.0000    0.0000    0.0000    0.0173 
   0.4679    0.0025   -0.4848   -0.3733 -180.0027   -0.1239   -0.1180   -0.0348    0.0000    0.0000    0.0000    0.0000    0.0000    0.0000    4.0720   -0.0078    0.0112   -1.0122    0.0039    0.0000    0.0000    0.0000    0.0000    0.0173 
   0.4969    0.0025   -0.4182   -0.4127 -180.0022   -0.0018   -0.1180    0.2094    0.0000    0.0000    0.0000    0.0000    0.0000    0.0000    4.0720   -0.0088    0.0056   -1.0100    0.0026    0.0000    0.0000    0.0000    0.0000    0.0171 
   0.5259    0.0025   -0.4736   -0.3875 -180.0021   -0.1239    0.0651   -0.0348    0.0000    0.0000    0.0000    0.0000    0.0000    0.0000    4.0720   -0.0061    0.0093   -1.0127    0.0037    0.0000    0.0000    0.0000    0.0000    0.0174 
   0.5510    0.0025   -0.4713   -0.3714 -180.0025    0.0592    0.0040   -0.1569    0.0000    0.0000    0.0000    0.0000    0.0000    0.0000    4.0720   -0.0073    0.0090   -1.0098    0.0037    0.0000    0.0000    0.0000    0.0000    0.0174 
   0.5799    0.0025   -0.4142   -0.3294 -180.0029   -0.1239    0.0651   -0.0958    0.0000    0.0000    0.0000    0.0000    0.0000    0.0000    4.0640   -0.0056    0.0073   -1.0112    0.0013    0.0000    0.0000    0.0000    0.0000    0.0170 
   0.6049    0.0025   -0.3891   -0.3462 -180.0030   -0.0629    0.0040    0.0262    0.0000    0.0000    0.0000    0.0000    0.0000    0.0000    4.0720   -0.0066    0.0059   -1.0073    0.0003    0.0000    0.0000    0.0000    0.0000    0.0170 
   0.6339    0.0025   -0.4508   -0.4372 -180.0033   -0.0018    0.0651   -0.0348    0.0000    0.0000    0.0000    0.0000    0.0000    0.0000    4.0720   -0.0073    0.0083   -1.0093    0.0003    0.0000    0.0000    0.0000    0.0000    0.0170 
   0.6629    0.0025   -0.4290   -0.3741 -180.0037   -0.0629    0.0040   -0.0958    0.0000    0.0000    0.0000    0.0000    0.0000    0.0000    4.0720   -0.0073    0.0061   -1.0103   -0.0004    0.0000    0.0000    0.0000    0.0000    0.0166 
   0.6879    0.0025   -0.4454   -0.3539 -180.0029    0.0592    0.0040    0.2094    0.0000    0.0000    0.0000    0.0000    0.0000    0.0000    4.0720   -0.0059    0.0081   -1.0115   -0.0004    0.0000    0.0000    0.0000    0.0000    0.0166 
   0.7171    0.0025   -0.4152   -0.3909 -180.0027   -0.0629    0.1261    0.2094    0.0000    0.0000    0.0000    0.0000    0.0000    0.0000    4.0720   -0.0076    0.0037   -1.0127   -0.0007    0.0000    0.0000    0.0000    0.0000    0.0167 
   0.7460    0.0025   -0.4667   -0.4201 -180.0038    0.0592    0.0651   -0.0348    0.0000    0.0000    0.0000    0.0000    0.0000    0.0000    4.0720   -0.0083    0.0081   -1.0095   -0.0021    0.0000    0.0000    0.0000    0.0000    0.0163 
   0.7710    0.0025   -0.5187   -0.3909 -180.0026   -0.0629    0.0040   -0.0348    0.0000    0.0000    0.0000    0.0000    0.0000    0.0000    4.0720   -0.0071    0.0088   -1.0085   -0.0021    0.0000    0.0000    0.0000    0.0000    0.0163 
   0.8001    0.0025   -0.4344   -0.3746 -180.0038   -0.1239    0.1261    0.1483    0.0000    0.0000    0.0000    0.0000    0.0000    0.0000    4.0720   -0.0073    0.0063   -1.0129   -0.0011    0.0000    0.0000    0.0000    0.0000    0.0164 
   0.8251    0.0025   -0.4742   -0.3464 -180.0032   -0.0018    0.0651   -0.0348    0.0000    0.0000    0.0000    0.0000    0.0000    0.0000    4.0720   -0.0066    0.0093   -1.0107   -0.0012    0.0000    0.0000    0.0000    0.0000    0.0163 
   0.8541    0.0025   -0.3989   -0.3684 -180.0035   -0.0629    0.0040    0.0262    0.0000    0.0000    0.0000    0.0000    0.0000    0.0000    4.0720   -0.0095    0.0093   -1.0103   -0.0012    0.0000    0.0000    0.0000    0.0000    0.0163 
   0.8831    0.0025   -0.4577   -0.3713 -180.0034   -0.0018    0.0040    0.0262    0.0000    0.0000    0.0000    0.0000    0.0000    0.0000    4.0720   -0.0071    0.0100   -1.0120    0.0002    0.0000    0.0000    0.0000    0.0000    0.0164 
   0.9081    0.0025   -0.4431   -0.3567 -180.0040    0.1813   -0.1791   -0.0348    0.0000    0.0000    0.0000    0.0000    0.0000    0.0000    4.0720   -0.0059    0.0073   -1.0132    0.0002    0.0000    0.0000    0.0000    0.0000    0.0164 
   0.9373    0.0025   -0.4115   -0.4439 -180.0060   -0.0629    0.0651   -0.0348    0.0000    0.0000    0.0000    0.0000    0.0000    0.0000    4.0720   -0.0093    0.0063   -1.0110    0.0010    0.0000    0.0000    0.0000    0.0000    0.0163 
   0.9664    0.0025   -0.4310   -0.4044 -180.0067    0.0592    0.1261   -0.1569    0.0000    0.0000    0.0000    0.0000    0.0000    0.0000    4.0720   -0.0063    0.0100   -1.0088    0.0017    0.0000    0.0000    0.0000    0.0000    0.0165 
   0.9914    0.0025   -0.4011   -0.3806 -180.0067   -0.0018    0.0651    0.0873    0.0000    0.0000    0.0000    0.0000    0.0000    0.0000    4.0720   -0.0059    0.0046   -1.0110    0.0017    0.0000    0.0000    0.0000    0.0000    0.0165 
   1.0205    0.0025   -0.4787   -0.3340 -180.0066    0.1202    0.0651   -0.0348    0.0000    0.0000    0.0000    0.0000    0.0000    0.0000    4.0640   -0.0056    0.0088   -1.0132    0.0016    0.0000    0.0000    0.0000    0.0000    0.0164 
   1.0455    0.0025   -0.4635   -0.3612 -180.0065   -0.0629    0.0040    0.0873    0.0000    0.0000    0.0000    0.0000    0.0000    0.0000    4.0720   -0.0059    0.0066   -1.0098    0.0026    0.0000    0.0000    0.0000    0.0000    0.0168 
   1.0745    0.0025   -0.4548   -0.3720 -180.0079   -0.0018   -0.1180   -0.2179    0.0000    0.0000    0.0000    0.0000    0.0000    0.0000    4.0720   -0.0063    0.0081   -1.0142    0.0026    0.0000    0.0000    0.0000    0.0000    0.0168 
   1.1034    0.0025   -0.4388   -0.3842 -180.0072    0.1202    0.0040    0.1483    0.0000    0.0000    0.0000    0.0000    0.0000    0.0000    4.0720   -0.0071    0.0071   -1.0129    0.0022    0.0000    0.0000    0.0000    0.0000    0.0167 
   1.1285    0.0025   -0.4228   -0.3731 -180.0077   -0.1849    0.1261   -0.0348    0.0000    0.0000    0.0000    0.0000    0.0000    0.0000    4.0640   -0.0078    0.0095   -1.0088    0.0022    0.0000    0.0000    0.0000    0.0000    0.0167 
   1.1576    0.0026   -0.4306   -0.3280 -180.0068   -0.0018   -0.1180    0.0262    0.0000    0.0000    0.0000    0.0000    0.0000    0.0000    4.0720   -0.0042    0.0095   -1.0103    0.0031    0.0000    0.0000    0.0000    0.0000    0.0170 
   1.1866    0.0025   -0.3914   -0.3572 -180.0070   -0.0018   -0.0570    0.0262    0.0000    0.0000    0.0000    0.0000    0.0000    0.0000    4.0720   -0.0071    0.0059   -1.0137    0.0024    0.0000    0.0000    0.0000    0.0000    0.0169 
   1.2116    0.0025   -0.4370   -0.3736 -180.0080   -0.1239    0.0651    0.0262    0.0000    0.0000    0.0000    0.0000    0.0000    0.0000    4.0720   -0.0071    0.0066   -1.0134    0.0024    0.0000    0.0000    0.0000    0.0000    0.0169 
   1.2406    0.0025   -0.4020   -0.3356 -180.0084   -0.0018    0.0651    0.0262    0.0000    0.0000    0.0000    0.0000    0.0000    0.0000    4.0640   -0.0051    0.0061   -1.0088    0.0027    0.0000    0.0000    0.0000    0.0000    0.0172 
   1.2656    0.0025   -0.3743   -0.3589 -180.0085   -0.0629    0.1261   -0.0348    0.0000    0.0000    0.0000    0.0000    0.0000    0.0000    4.0720   -0.0063    0.0066   -1.0115    0.0022    0.0000    0.0000    0.0000    0.0000    0.0170 
   1.2946    0.0025   -0.4731   -0.3404 -180.0078    0.0592    0.0651    0.0873    0.0000    0.0000    0.0000    0.0000    0.0000    0.0000    4.0720   -0.0078    0.0100   -1.0127    0.0022    0.0000    0.0000    0.0000    0.0000    0.0170 
   1.3236    0.0025   -0.5225   -0.3484 -180.0084   -0.1849    0.0651   -0.0958    0.0000    0.0000    0.0000    0.0000    0.0000    0.0000    4.0720   -0.0059    0.0066   -1.0112    0.0038    0.0000    0.0000    0.0000    0.0000    0.0173 
   1.3486    0.0025   -0.4268   -0.3789 -180.0088    0.0592   -0.0570   -0.1569    0.0000    0.0000    0.0000    0.0000    0.0000    0.0000    4.0640   -0.0073    0.0088   -1.0115    0.0038    0.0000    0.0000    0.0000    0.0000    0.0173 
   1.3780    0.0025   -0.4643   -0.3701 -180.0099    0.0592   -0.0570   -0.0958    0.0000    0.0000    0.0000    0.0000    0.0000    0.0000    4.0720   -0.0066    0.0098   -1.0073    0.0028    0.0000    0.0000    0.0000    0.0000    0.0169 
   1.4070    0.0025   -0.4670   -0.3751 -180.0098   -0.1239    0.0651    0.0262    0.0000    0.0000    0.0000    0.0000    0.0000    0.0000    4.0720   -0.0063    0.0081   -1.0103    0.0041    0.0000    0.0000    0.0000    0.0000    0.0172 
   1.4320    0.0025   -0.4152   -0.3771 -180.0093   -0.0629    0.0651   -0.0958    0.0000    0.0000    0.0000    0.0000    0.0000    0.0000    4.0720   -0.0068    0.0059   -1.0115    0.0041    0.0000    0.0000    0.0000    0.0000    0.0172 
   1.4609    0.0025   -0.3916   -0.3661 -180.0096   -0.0629    0.0651   -0.0348    0.0000    0.0000    0.0000    0.0000    0.0000    0.0000    4.0720   -0.0027    0.0085   -1.0066    0.0027    0.0000    0.0000    0.0000    0.0000    0.0169 
   1.4859    0.0025   -0.4313   -0.2746 -180.0090   -0.0018    0.0651   -0.0348    0.0000    0.0000    0.0000    0.0000    0.0000    0.0000    4.0720   -0.0046    0.0090   -1.0134    0.0039    0.0000    0.0000    0.0000    0.0000    0.0170 
   1.5149    0.0025   -0.4062   -0.3966 -180.0101   -0.0629    0.0040   -0.0348    0.0000    0.0000    0.0000    0.0000    0.0000    0.0000    4.0720   -0.0085    0.0056   -1.0115    0.0039    0.0000    0.0000    0.0000    0.0000    0.0170 
   1.5439    0.0025   -0.3965   -0.3566 -180.0086    0.1202    0.0040    0.1483    0.0000    0.0000    0.0000    0.0000    0.0000    0.0000    4.0720   -0.0042    0.0073   -1.0105    0.0039    0.0000    0.0000    0.0000    0.0000    0.0167 
   1.5689    0.0025   -0.4346   -0.3157 -180.0082   -0.0018    0.0651    0.0262    0.0000    0.0000    0.0000    0.0000    0.0000    0.0000    4.0720   -0.0034    0.0073   -1.0100    0.0039    0.0000    0.0000    0.0000    0.0000    0.0167 
   1.5981    0.0025   -0.4625   -0.4037 -180.0091    0.0592    0.0651    0.0262    0.0000    0.0000    0.0000    0.0000    0.0000    0.0000    4.0720   -0.0061    0.0088   -1.0105    0.0056    0.0000    0.0000    0.0000    0.0000    0.0171 
   1.6272    0.0025   -0.4172   -0.4015 -180.0096   -0.0629    0.1871   -0.0958    0.0000    0.0000    0.0000    0.0000    0.0000    0.0000    4.0720   -0.0078    0.0076   -1.0125    0.0033    0.0000    0.0000    0.0000    0.0000    0.0166 
   1.6522    0.0025   -0.4213   -0.4242 -180.0104   -0.0018    0.0651    0.0262    0.0000    0.0000    0.0000    0.0000    0.0000    0.0000    4.0720   -0.0073    0.0071   -1.0117    0.0033    0.0000    0.0000    0.0000    0.0000    0.0166 
   1.6811    0.0025   -0.4711   -0.3012 -180.0087   -0.0629    0.0651    0.0873    0.0000    0.0000    0.0000    0.0000    0.0000    0.0000    4.0720   -0.0054    0.0083   -1.0129    0.0036    0.0000    0.0000    0.0000    0.0000    0.0167 
   1.7063    0.0025   -0.4885   -0.3911 -180.0076   -0.1849    0.0651    0.0873    0.0000    0.0000    0.0000    0.0000    0.0000    0.0000    4.0720   -0.0083    0.0078   -1.0127    0.0024    0.0000    0.0000    0.0000    0.0000    0.0163 
   1.7353    0.0025   -0.4628   -0.3635 -180.0086   -0.0018    0.1261    0.0262    0.0000    0.0000    0.0000    0.0000    0.0000    0.0000    4.0720   -0.0066    0.0105   -1.0164    0.0024    0.0000    0.0000    0.0000    0.0000    0.0163 
   1.7644    0.0025   -0.4886   -0.3327 -180.0070   -0.0018   -0.0570    0.0262    0.0000    0.0000    0.0000    0.0000    0.0000    0.0000    4.0720   -0.0029    0.0090   -1.0120    0.0026    0.0000    0.0000    0.0000    0.0000    0.0165 
   1.7894    0.0025   -0.4464   -0.3469 -180.0066    0.1813    0.0040    0.0873    0.0000    0.0000    0.0000    0.0000    0.0000    0.0000    4.0720   -0.0063    0.0105   -1.0078    0.0026    0.0000    0.0000    0.0000    0.0000    0.0165 
   1.8185    0.0025   -0.4817   -0.3422 -180.0072   -0.0629    0.1261   -0.0348    0.0000    0.0000    0.0000    0.0000    0.0000    0.0000    4.0640   -0.0046    0.0088   -1.0110    0.0013    0.0000    0.0000    0.0000    0.0000    0.0160 
   1.8475    0.0025   -0.4900   -0.3283 -180.0062   -0.0629    0.1261   -0.0348    0.0000    0.0000    0.0000    0.0000    0.0000    0.0000    4.0720   -0.0054    0.0085   -1.0112    0.0024    0.0000    0.0000    0.0000    0.0000    0.0161 
   1.8725    0.0025   -0.4941   -0.4159 -180.0055   -0.0629    0.0651    0.0262    0.0000    0.0000    0.0000    0.0000    0.0000    0.0000    4.0720   -0.0073    0.0115   -1.0110    0.0024    0.0000    0.0000    0.0000    0.0000    0.0161 
   1.9014    0.0025   -0.5109   -0.3600 -180.0070    0.0592   -0.0570   -0.0348    0.0000    0.0000    0.0000    0.0000    0.0000    0.0000    4.0720   -0.0056    0.0117   -1.0127    0.0026    0.0000    0.0000    0.0000    0.0000    0.0157 
   1.9264    0.0025   -0.4653   -0.3685 -180.0058    0.0592    0.0040   -0.0958    0.0000    0.0000    0.0000    0.0000    0.0000    0.0000    4.0720   -0.0078    0.0107   -1.0090    0.0017    0.0000    0.0000    0.0000    0.0000    0.0156 
   1.9555    0.0025   -0.4256   -0.4030 -180.0062    0.0592    0.1871    0.0873    0.0000    0.0000    0.0000    0.0000    0.0000    0.0000    4.0720   -0.0071    0.0103   -1.0100    0.0017    0.0000    0.0000    0.0000    0.0000    0.0156 
   1.9845    0.0025   -0.4377   -0.3519 -180.0060   -0.0018    0.1871    0.0873    0.0000    0.0000    0.0000    0.0000    0.0000    0.0000    4.0720   -0.0049    0.0090   -1.0110    0.0018    0.0000    0.0000    0.0000    0.0000    0.0155 
   2.0095    0.0025   -0.4401   -0.3385 -180.0074   -0.0018    0.0651   -0.0348    0.0000    0.0000    0.0000    0.0000    0.0000    0.0000    4.0720   -0.0063    0.0073   -1.0090    0.0018    0.0000    0.0000    0.0000    0.0000    0.0155 
   2.0386    0.0025   -0.4742   -0.3753 -180.0080   -0.0629    0.1261    0.0262    0.0000    0.0000    0.0000    0.0000    0.0000    0.0000    4.0720   -0.0051    0.0081   -1.0120    0.0036    0.0000    0.0000    0.0000    0.0000    0.0157 
   2.0677    0.0025   -0.4863   -0.3482 -180.0079    0.0592    0.1261   -0.0348    0.0000    0.0000    0.0000    0.0000    0.0000    0.0000    4.0720   -0.0068    0.0066   -1.0134    0.0043    0.0000    0.0000    0.0000    0.0000    0.0156 
   2.0928    0.0025   -0.4511   -0.3543 -180.0074   -0.1239    0.1261   -0.0348    0.0000    0.0000    0.0000    0.0000    0.0000    0.0000    4.0720   -0.0073    0.0088   -1.0112    0.0043    0.0000    0.0000    0.0000    0.0000    0.0156 
   2.1217    0.0025   -0.4337   -0.4321 -180.0074   -0.0018    0.0651   -0.0348    0.0000    0.0000    0.0000    0.0000    0.0000    0.0000    4.0720   -0.0039    0.0076   -1.0095    0.0056    0.0000    0.0000    0.0000    0.0000    0.0158 
   2.1467    0.0025   -0.4572   -0.3700 -180.0080    0.0592    0.0651   -0.0958    0.0000    0.0000    0.0000    0.0000    0.0000    0.0000    4.0640   -0.0049    0.0071   -1.0127    0.0064    0.0000    0.0000    0.0000    0.0000    0.0160 
   2.1758    0.0025   -0.3989   -0.3106 -180.0070    0.0592    0.0651   -0.0348    0.0000    0.0000    0.0000    0.0000    0.0000    0.0000    4.0720   -0.0042    0.0071   -1.0112    0.0064    0.0000    0.0000    0.0000    0.0000    0.0160 
   2.2047    0.0025   -0.3850   -0.3265 -180.0074    0.0592    0.0651   -0.0348    0.0000    0.0000    0.0000    0.0000    0.0000    0.0000    4.0720   -0.0088    0.0049   -1.0117    0.0060    0.0000    0.0000    0.0000    0.0000    0.0160 
   2.2298    0.0025   -0.4029   -0.3452 -180.0069   -0.1239    0.0040   -0.0958    0.0000    0.0000    0.0000    0.0000    0.0000    0.0000    4.0720   -0.0098    0.0073   -1.0134    0.0060    0.0000    0.0000    0.0000    0.0000    0.0160 
   2.2588    0.0025   -0.3795   -0.3699 -180.0080    0.0592    0.0651   -0.0958    0.0000    0.0000    0.0000    0.0000    0.0000    0.0000    4.0720   -0.0071    0.0056   -1.0120    0.0063    0.0000    0.0000    0.0000    0.0000    0.0162 
   2.2879    0.0025   -0.4296   -0.3988 -180.0089   -0.0018    0.0651    0.0262    0.0000    0.0000    0.0000    0.0000    0.0000    0.0000    4.0720   -0.0068    0.0100   -1.0137    0.0066    0.0000    0.0000    0.0000    0.0000    0.0163 
   2.3129    0.0025   -0.4743   -0.3564 -180.0091    0.1813    0.0040   -0.0348    0.0000    0.0000    0.0000    0.0000    0.0000    0.0000    4.0720   -0.0076    0.0103   -1.0132    0.0066    0.0000    0.0000    0.0000    0.0000    0.0163 
   2.3418    0.0025   -0.4769   -0.3616 -180.0088   -0.0629    0.0651    0.0262    0.0000    0.0000    0.0000    0.0000    0.0000    0.0000    4.0720   -0.0051    0.0068   -1.0127    0.0076    0.0000    0.0000    0.0000    0.0000    0.0164 
   2.3668    0.0025   -0.4577   -0.3742 -180.0085    0.0592   -0.0570    0.0262    0.0000    0.0000    0.0000    0.0000    0.0000    0.0000    4.0720   -0.0066    0.0081   -1.0081    0.0063    0.0000    0.0000    0.0000    0.0000    0.0165 
   2.3958    0.0025   -0.4254   -0.3768 -180.0074    0.0592    0.0651    0.0262    0.0000    0.0000    0.0000    0.0000    0.0000    0.0000    4.0720   -0.0071    0.0073   -1.0151    0.0063    0.0000    0.0000    0.0000    0.0000    0.0165 
   2.4248    0.0025   -0.4355   -0.3539 -180.0074    0.0592    0.1261   -0.1569    0.0000    0.0000    0.0000    0.0000    0.0000    0.0000    4.0720   -0.0066    0.0093   -1.0107    0.0061    0.0000    0.0000    0.0000    0.0000    0.0166 
   2.4498    0.0025   -0.4148   -0.3666 -180.0087    0.0592    0.0040   -0.0958    0.0000    0.0000    0.0000    0.0000    0.0000    0.0000    4.0720   -0.0056    0.0066   -1.0166    0.0061    0.0000    0.0000    0.0000    0.0000    0.0166 
   2.4789    0.0025   -0.3947   -0.3853 -180.0091    0.0592    0.0040   -0.0348    0.0000    0.0000    0.0000    0.0000    0.0000    0.0000    4.0720   -0.0090    0.0044   -1.0127    0.0058    0.0000    0.0000    0.0000    0.0000    0.0168 
   2.5079    0.0025   -0.4098   -0.2876 -180.0077    0.1202    0.0651   -0.0348    0.0000    0.0000    0.0000    0.0000    0.0000    0.0000    4.0720   -0.0068    0.0093   -1.0117    0.0044    0.0000    0.0000    0.0000    0.0000    0.0166 
   2.5329    0.0025   -0.4258   -0.3612 -180.0081    0.1813   -0.1180   -0.0958    0.0000    0.0000    0.0000    0.0000    0.0000    0.0000    4.0640   -0.0066    0.0046   -1.0139    0.0044    0.0000    0.0000    0.0000    0.0000    0.0166 
   2.5619    0.0025   -0.4571   -0.4037 -180.0075   -0.1239    0.0651    0.0262    0.0000    0.0000    0.0000    0.0000    0.0000    0.0000    4.0720   -0.0103    0.0115   -1.0115    0.0036    0.0000    0.0000    0.0000    0.0000    0.0166 
   2.5869    0.0025   -0.4738   -0.3932 -180.0077   -0.0018    0.1261   -0.0958    0.0000    0.0000    0.0000    0.0000    0.0000    0.0000    4.0720   -0.0071    0.0078   -1.0093    0.0028    0.0000    0.0000    0.0000    0.0000    0.0166 
   2.6159    0.0025   -0.4201   -0.3654 -180.0072   -0.0629    0.0651    0.0262    0.0000    0.0000    0.0000    0.0000    0.0000    0.0000    4.0720   -0.0066    0.0093   -1.0129    0.0028    0.0000    0.0000    0.0000    0.0000    0.0166 
   2.6448    0.0025   -0.4574   -0.3943 -180.0072   -0.0018    0.1261    0.0873    0.0000    0.0000    0.0000    0.0000    0.0000    0.0000    4.0720   -0.0068    0.0076   -1.0117    0.0034    0.0000    0.0000    0.0000    0.0000    0.0165 
   2.6699    0.0025   -0.4768   -0.3565 -180.0067   -0.1849   -0.0570    0.0873    0.0000    0.0000    0.0000    0.0000    0.0000    0.0000    4.0720   -0.0078    0.0090   -1.0112    0.0034    0.0000    0.0000    0.0000    0.0000    0.0165 
   2.6989    0.0025   -0.4213   -0.3740 -180.0078   -0.0018    0.0651    0.0262    0.0000    0.0000    0.0000    0.0000    0.0000    0.0000    4.0720   -0.0066    0.0085   -1.0107    0.0023    0.0000    0.0000    0.0000    0.0000    0.0165 
   2.7279    0.0025   -0.4023   -0.3885 -180.0077   -0.0018    0.0040   -0.0348    0.0000    0.0000    0.0000    0.0000    0.0000    0.0000    4.0640   -0.0100    0.0063   -1.0078    0.0023    0.0000    0.0000    0.0000    0.0000    0.0165 
   2.7529    0.0025   -0.4451   -0.4032 -180.0082   -0.0629    0.0040    0.0873    0.0000    0.0000    0.0000    0.0000    0.0000    0.0000    4.0640   -0.0071    0.0078   -1.0132    0.0023    0.0000    0.0000    0.0000    0.0000    0.0165 
   2.7819    0.0025   -0.4623   -0.3500 -180.0073    0.1202   -0.0570    0.0873    0.0000    0.0000    0.0000    0.0000    0.0000    0.0000    4.0720   -0.0054    0.0078   -1.0090    0.0005    0.0000    0.0000    0.0000    0.0000    0.0162 
   2.8069    0.0025   -0.3854   -0.3692 -180.0074   -0.1239   -0.1180   -0.0348    0.0000    0.0000    0.0000    0.0000    0.0000    0.0000    4.0720   -0.0066    0.0071   -1.0090   -0.0001    0.0000    0.0000    0.0000    0.0000    0.0162 
   2.8360    0.0026   -0.4885   -0.3610 -180.0076   -0.0018    0.1871   -0.0958    0.0000    0.0000    0.0000    0.0000    0.0000    0.0025    4.0720   -0.0056    0.0098   -1.0110   -0.0001    0.0234    0.0000    0.0000    0.0000    0.0162 
   2.8651    0.0025   -0.4721   -0.3776 -180.0071    0.0592    0.1261    0.0873    0.0000    0.0000    0.0000    0.0000    0.0000    0.0150    4.0640   -0.0063    0.0103   -1.0103   -0.0018    0.0234    0.0000    0.0000    0.0000    0.0159 
   2.8901    0.0024   -0.4599   -0.3551 -180.0082    0.1202    0.1261    0.0873    0.0000    0.0000    0.0000    0.0000    0.0000    0.0275    4.0640   -0.0066    0.0078   -1.0076   -0.0018    0.0234    0.0000    0.0000    0.0000    0.0159 
   2.9193    0.0025   -0.4734   -0.2859 -180.0075   -0.0018    0.1261   -0.0958    0.0000    0.0000    0.0000    0.0000    0.0000    0.0400    4.0640   -0.0051    0.0083   -1.0112   -0.0016    0.0234    0.0000    0.0000    0.0000    0.0159 
   2.9484    0.0025   -0.4569   -0.3280 -180.0074   -0.0629    0.1261   -0.0348    0.0000    0.0000    0.0000    0.0000    0.0000    0.0525    4.0560   -0.0051    0.0071   -1.0112   -0.0022    0.0234    0.0000    0.0000    0.0000    0.0157 
   2.9734    0.0025   -0.4871   -0.3766 -180.0082    0.1813    0.0040    0.0262    0.0000    0.0000    0.0000    0.0000    0.0000    0.0650    4.0640   -0.0051    0.0068   -1.0132   -0.0022    0.0234    0.0000    0.0000    0.0000    0.0157 
   3.0026    0.0025   -0.4690   -0.3528 -180.0080    0.0592    0.0651    0.0873    0.0000    0.0000    0.0000    0.0000    0.0000    0.0775    4.0640   -0.0071    0.0093   -1.0088   -0.0017    0.0235    0.0000    0.0000    0.0000    0.0155 
   3.0276    0.0025   -0.4551   -0.3465 -180.0073   -0.0018    0.0651    0.0262   -0.0527    0.0527   23.8208   23.6380   -0.7910    0.1023    4.0640   -0.0061    0.0081   -1.0129   -0.0011    0.0235    0.3411    0.0000    0.0321    0.0153 
   3.0568    0.0025   -0.4983   -0.4156 -180.0114    0.2423    0.7975   -0.2179   -0.0879    0.0527    4.0129    4.2032   -0.6592    0.1148    3.9840    0.0078    0.0312   -1.0391   -0.0011    0.0235    0.1221    0.1211    0.1241    0.0153 
   3.0860    0.0025   -0.4817   -0.4369 -180.0077    0.2423   -0.2401    0.0873    0.0527    0.0352    5.9196    4.3709   -0.9229    0.1271    3.9760   -0.0171    0.0195   -1.0015   -0.0007    0.0235    0.1317    0.0920    0.1361    0.0154 
   3.1110    0.0025   -0.4508   -0.4732 -180.0049   -0.7953   -0.7284    1.0638    0.0000    0.1055    2.5137    6.6696   -0.9229    0.1396    3.9520    0.0049   -0.0608   -1.0081   -0.0007    0.0235    0.1266    0.1154    0.1494    0.0154 
   3.1404    0.0025   -0.4609   -0.4248 -180.0375    4.0875   -2.9256   -5.4669    0.0527    0.0703    5.4381    5.6762   -0.6592    0.1536    3.9360   -0.0315    0.0425   -1.0212   -0.0038    0.0235    0.1966    0.1600    0.0692    0.0153 
   3.1695    0.0025   -0.4745   -0.4277 -180.0544    0.1813    8.1217    0.8807   -0.0352    0.1758    2.3000    9.0445   -1.8457    0.1640    3.9440   -0.0361    0.0681   -1.0120    0.0006    0.0235    0.3630    0.4459    0.0000    0.0154 
   3.1945    0.0025   -0.4358   -0.4230 -180.0049   21.1163   15.8121    2.1014    0.0352    0.0703    2.3605    0.8116   -2.1094    0.1765    3.8160    0.1919    0.1382   -0.8333    0.0006    0.0235    0.0000    0.2731    0.3058    0.0154 
   3.2237    0.0025   -0.4301   -0.4875 -180.0170   19.8346    5.3751  -10.2887    0.0352    0.1055    1.7925    4.9104   -1.9775    0.1988    3.7280    0.0657   -0.2151   -0.9866   -0.0192    0.0235    0.0000    0.3567    0.1271    0.0153 
   3.2488    0.0025   -0.5346   -0.5189 -180.0070    5.3693    0.8585    6.1298    0.0527    0.1230    7.3344    6.8718   -1.5820    0.1937    3.8800   -0.1648    0.1550   -1.1116    0.0162    0.0235    0.2593    0.3402    0.0202    0.0149 
   3.2780    0.0025   -0.5239   -0.5838 -179.6562   -7.9974   -3.7801    2.9559    0.0352    0.0879    5.6936    7.0929   -2.1094    0.2062    3.9120   -0.1035    0.1719   -1.0808    0.0162    0.0235    0.2759    0.1209    0.2063    0.0149 
   3.3071    0.0025   -0.3944   -0.5778 -179.5955   -0.4291    4.4596   11.2567    0.0352    0.0703   -0.3362    3.5929   -1.9775    0.2462    3.9040    0.0513   -0.2944   -0.8313   -0.0390    0.0235    0.3400    0.3646    0.1828    0.0154 
   3.3321    0.0025   -0.4386   -0.5624 -179.3689   -5.0677    3.2389    7.5336    0.0352    0.1055    2.9177    4.0945   -2.1094    0.2587    3.8800    0.1702   -0.0071   -1.0886   -0.0390    0.0235    0.3530    0.2902    0.2487    0.0154 
   3.3615    0.0025   -0.4402   -0.6179 -179.1071    4.3927   -6.0995    5.3973    0.0703    0.0703    3.7893    6.5613   -1.0547    0.2664    3.8800    0.1313   -0.2510   -0.9414   -0.0293    0.0236    0.2623    0.2262    0.2286    0.0144 
   3.3906    0.0025   -0.4432   -0.6946 -179.1917   -3.6029   -4.4515   -1.8048    0.0000    0.0703    1.2115    7.6351   -2.1094    0.2877    3.8800   -0.0354   -0.0652   -1.0090   -0.0468    0.0236    0.3817    0.2258    0.2807    0.0140 
   3.4156    0.0025   -0.3878   -0.6727 -179.2503    8.7262   -1.5829   -1.3165    0.0879    0.0176    5.2570    0.0377   -1.9775    0.3002    3.8640    0.1362   -0.1313   -1.0183   -0.0468    0.0236    0.3118    0.4508    0.2348    0.0140 
   3.4448    0.0025   -0.4097   -0.7374 -179.3861   -0.2460   -2.0101   -4.6124    0.0352    0.0703    4.2465    8.2089   -2.3730    0.2941    3.8640   -0.1870    0.0171   -1.0098   -0.0095    0.0237    0.3125    0.2086    0.2817    0.0133 
   3.4698    0.0025   -0.3963   -0.6870 -179.6446    9.2755   -3.8412  -18.2843    0.0352    0.0000    3.9301    3.0835   -2.1094    0.3119    3.8560    0.0208    0.0486   -0.9707   -0.0201    0.0236    0.2421    0.2435    0.3019    0.0138 
   3.4990    0.0025   -0.4408   -0.7093 -180.1852    2.3785   -3.5970  -19.9933    0.0527    0.0527    5.3877    8.0208   -1.8457    0.3244    3.8400   -0.0422    0.0884   -0.9597   -0.0201    0.0236    0.2521    0.3180    0.3308    0.0138 
   3.5283    0.0025   -0.4364   -0.6839 -180.5254   -5.2509   -3.2308  -13.0353    0.0352    0.1055    4.5122    7.2536   -2.9004    0.3178    3.8320    0.0278    0.0737   -1.0552    0.0181    0.0236    0.3963    0.2701    0.2706    0.0137 
   3.5533    0.0025   -0.3804   -0.6654 -180.9646    1.2799  -10.1278  -14.0118    0.0352    0.0000    1.6174    4.6676   -1.8457    0.3303    3.8400   -0.0103   -0.0134   -0.9946    0.0181    0.0236    0.3797    0.1489    0.2997    0.0137 
   3.5826    0.0025   -0.3254   -0.7209 -181.3293   -0.0018   -0.0570  -12.7301    0.0527    0.1055    2.1686    8.3613   -2.6367    0.3573    3.8080   -0.0432   -0.0811   -1.1382   -0.0110    0.0235    0.3889    0.2400    0.4142    0.0149 
   3.6117    0.0025   -0.2585   -0.6430 -181.5773    6.1017    1.1637   -3.6969    0.0527    0.1055    1.3483    5.8483   -1.7139    0.3293    3.8400    0.0413   -0.1077   -0.9692    0.0699    0.0235    0.3713    0.3990    0.2334    0.0148 
   3.6367    0.0025   -0.2324   -0.6100 -181.6232   11.1066    6.2907   -4.5514    0.0352    0.0000    2.1934    1.0067   -2.2412    0.3418    3.8400   -0.1641   -0.0786   -0.7219    0.0699    0.0235    0.2113    0.4179    0.3861    0.0148 
   3.6659    0.0025   -0.2920   -0.6092 -181.7576   -5.1898    9.2814   -7.8473    0.0879    0.1055    6.8634    8.1305   -2.2412    0.3518    3.8240    0.0732   -0.0369   -1.1172    0.0747    0.0233    0.2712    0.3502    0.5162    0.0172 
   3.6909    0.0025   -0.3056   -0.7311 -182.0569   -5.8002    1.1637  -10.0446    0.0527    0.0703    4.5846    8.3879   -2.9004    0.3798    3.8080   -0.0847    0.1636   -0.9241    0.0434    0.0231    0.3006    0.3000    0.5052    0.0192 
   3.7201    0.0025   -0.2284   -0.7249 -182.2461    6.2848   -1.4608   -6.8707    0.0703    0.0703    1.3909    8.3623   -2.2412    0.3923    3.7920   -0.1035    0.0195   -0.8684    0.0434    0.0231    0.3479    0.3686    0.4273    0.0192 
   3.7492    0.0025   -0.2471   -0.6620 -182.4736    1.1578   -6.0384  -13.8287    0.0176    0.0879    1.3668    7.2742   -2.5049    0.4260    3.7600    0.0193   -0.0247   -1.2056    0.0011    0.0230    0.4262    0.2584    0.5109    0.0198 
   3.7742    0.0025   -0.2299   -0.7403 -182.7523  -11.2323   12.8825   -6.8707    0.0352    0.1055    3.2970    7.0425   -2.5049    0.4385    3.7600   -0.0667    0.0894   -1.0376    0.0011    0.0230    0.4284    0.4531    0.5662    0.0198 
   3.8035    0.0025   -0.1510   -0.8778 -182.9774    2.3175   -0.2401   -7.4200    0.0352    0.1406    1.4405   12.5744   -2.2412    0.4394    3.7760   -0.0623   -0.0657   -1.3696    0.0243    0.0231    0.4109    0.4342    0.4759    0.0194 
   3.8327    0.0025   -0.1672   -0.7233 -183.1278   -4.3353   -5.1229   -4.4293    0.0352    0.1055    4.1081    7.6401   -1.9775    0.4828    3.7440   -0.0061    0.0171   -0.9607   -0.0375    0.0231    0.4856    0.4266    0.4810    0.0194 
   3.8577    0.0025   -0.1852   -0.7857 -183.2755    8.5431   -1.1556   -8.2745    0.0703    0.0352    3.9165    2.6795   -2.3730    0.4953    3.7360    0.0894    0.0500   -1.0100   -0.0375    0.0231    0.4467    0.3679    0.5411    0.0194 
   3.8870    0.0025   -0.2831   -0.7693 -183.4283    0.8527  -10.2499   -4.1241    0.0000    0.0527   -1.0683    6.7044   -2.6367    0.5450    3.6880   -0.0803   -0.1440   -1.1067   -0.1119    0.0232    0.5515    0.5323    0.4707    0.0183 
   3.9120    0.0025   -0.1161   -1.1040 -183.5534    6.8341   -7.5643   -5.2228    0.0527    0.0879    0.0947   16.2485   -1.9775    0.5770    3.6880   -0.1782    0.0007   -0.8909   -0.1505    0.0235    0.5783    0.5383    0.5733    0.0149 
   3.9413    0.0025   -0.0391   -1.1407 -183.6033   -4.3353   -2.3153   -0.5841    0.0527    0.1230    0.7081   13.8439   -2.5049    0.5895    3.6640   -0.0947   -0.0962   -1.3057   -0.1505    0.0235    0.6547    0.5343    0.5422    0.0149 
   3.9705    0.0025   -0.0989   -1.1624 -183.6022   -2.4432   -9.4564    1.8573    0.0352    0.0879    0.8390   13.3817   -1.3184    0.5501    3.7040   -0.0366   -0.0483   -0.7952   -0.0464    0.0238    0.5768    0.4892    0.5125    0.0118 
   3.9955    0.0025   -0.2209   -1.4676 -183.5459    0.7306  -10.1278    1.8573    0.0352    0.1230    3.7952   18.0845   -2.3730    0.5626    3.6880   -0.0432    0.2300   -0.8696   -0.0464    0.0238    0.6050    0.5412    0.5295    0.0118 
   4.0248    0.0025   -0.0940   -1.3897 -183.5158   -7.7533    6.5348    0.6976    0.0703    0.0703    4.0127    8.9046   -2.1094    0.5475    3.7040    0.0127   -0.0037   -0.9221    0.0090    0.0239    0.5759    0.5341    0.5609    0.0114 
   4.0539    0.0025   -0.2002   -1.3104 -183.5462   -7.1429   -2.4374   -2.2931    0.0352    0.1230    5.7351   14.8661   -2.3730    0.5785    3.6880   -0.0537    0.0640   -1.2371   -0.0283    0.0237    0.6070    0.5012    0.5957    0.0135 
   4.0790    0.0025   -0.4702   -1.3118 -183.5726   -9.9506    1.2247   -0.7672    0.0527    0.0703    8.3863   11.0633   -2.3730    0.5910    3.6640    0.0745   -0.2639   -1.1865   -0.0283    0.0237    0.5886    0.5903    0.5972    0.0135 
   4.1081    0.0025   -0.7421   -1.4699 -183.6080   -2.9926   -7.4422   -1.6217    0.0527    0.1230   12.3725   13.8119   -2.5049    0.6080    3.6480    0.0220    0.2505   -1.1970   -0.0374    0.0237    0.6656    0.5514    0.5942    0.0135 
   4.1331    0.0025   -0.6401   -1.4605 -183.6467   10.0690   -0.8504   -1.6827    0.0879    0.1055    6.3753   15.2316   -2.9004    0.6615    3.6480   -0.4375   -0.0894   -0.6917   -0.1393    0.0236    0.7327    0.6185    0.5747    0.0140 
   4.1625    0.0025   -0.4628   -1.5040 -183.7198    7.5665   -7.5643   -2.8424    0.0879    0.0703    8.5330   14.6186   -2.6367    0.6615    3.6240   -0.2654    0.1465   -1.0625   -0.1393    0.0236    0.7189    0.5974    0.6194    0.0140 
   4.1916    0.0025   -0.3542   -1.6607 -183.8182   -5.6781   -0.7284   -5.3448    0.1055    0.0352    5.9640   17.1251   -2.5049    0.5689    3.6800   -0.2410    0.0906   -0.1467    0.0462    0.0239    0.5879    0.5256    0.5866    0.0114 
   4.2166    0.0025   -0.4237   -1.5100 -183.9747    0.4254    6.9621   -7.7252    0.0352    0.0352    2.5685    7.7258   -2.5049    0.5689    3.6800    0.6782    0.2075   -0.8596    0.0462    0.0239    0.4903    0.5593    0.6335    0.0114 
   4.2459    0.0025   -0.4029   -1.3727 -184.1473    3.9655    0.7975   -6.5656    0.0352    0.1406    1.0022   14.9616   -2.5049    0.6120    3.6480    0.0957    0.0667   -1.2749   -0.0405    0.0234    0.6085    0.5744    0.6143    0.0160 
   4.2750    0.0025   -0.2838   -1.3557 -184.3289    4.9420    2.0182   -8.3966    0.1055    0.1055    3.7680   12.2707   -2.2412    0.6274    3.6480    0.2544    0.2791   -0.7957   -0.0715    0.0233    0.6310    0.5422    0.6550    0.0170 
   4.3001    0.0025   -0.0724   -1.4120 -184.5047    5.1862   -1.8270   -6.7487    0.0527    0.1055   -3.4348   17.9665   -2.6367    0.6274    3.6400   -0.5249   -0.0381   -0.9170   -0.0715    0.0233    0.6515    0.5593    0.6204    0.0170 
   4.3292    0.0025    0.0699   -1.3615 -184.6845    2.4396    4.2765   -7.9694    0.1406    0.0527    2.2626   13.2964   -1.9775    0.5865    3.6560   -0.5015   -0.0659   -1.4629    0.0102    0.0232    0.5978    0.5202    0.5900    0.0184 
   4.3542    0.0025    0.0687   -1.0525 -184.8754   -3.0536   11.1124   -8.2745    0.0879    0.1230    1.7420    8.6919   -2.6367    0.6113    3.6560   -0.1155    0.1384   -0.8269   -0.0398    0.0228    0.5906    0.5458    0.6536    0.0224 
   4.3834    0.0025   -0.0372   -0.8501 -185.0656    0.6085    6.5348   -8.0914    0.1055    0.0527    2.0743    9.4161   -2.2412    0.6113    3.6320   -0.1270   -0.0691   -1.5591   -0.0398    0.0228    0.5925    0.5602    0.6225    0.0224 
   4.4126    0.0025   -0.0343   -0.7330 -185.2612    0.4865    5.3141   -6.5045    0.0879    0.1406    0.4160   11.5883   -3.0322    0.6523    3.6160   -1.5527   -0.1150   -1.2375   -0.1221    0.0225    0.6641    0.6242    0.6444    0.0257 
   4.4376    0.0025   -0.0670   -0.4901 -185.4530   -4.1522    5.1920   -7.5421    0.1406    0.1055    3.5170    3.7526   -2.6367    0.6523    3.6240    0.4866   -0.1182   -0.6274   -0.1221    0.0225    0.6397    0.5882    0.6860    0.0257 
   4.4668    0.0025   -0.2738   -0.4126 -185.6432   -5.5560    3.6662   -7.4811    0.1230    0.0527    8.0194    1.9138   -3.0322    0.6243    3.6320    0.0549    0.1763   -0.8413   -0.0662    0.0223    0.6045    0.5895    0.6883    0.0272 
   4.4961    0.0025   -0.2716   -0.3587 -185.8226   -0.2460    6.5348   -6.0773    0.1055    0.0879    1.7388    8.6028   -3.1641    0.6843    3.6080   -0.6096   -0.1038   -1.1636   -0.1868    0.0218    0.6981    0.6351    0.6709    0.0321 
   4.5213    0.0025   -0.2950   -0.3307 -186.0043   -1.7108    4.3375   -7.2980    0.1055    0.1055    5.0791    6.4235   -2.7686    0.6843    3.5920   -1.3284   -0.1584   -1.2725   -0.1868    0.0218    0.6815    0.6282    0.7041    0.0321 
   4.5505    0.0025   -0.3303   -0.2085 -186.1832   -2.5043    1.5910   -6.6876    0.1582    0.0703    5.1912    4.1992   -2.9004    0.6026    3.6400   -0.2971   -0.0342   -0.6255   -0.0237    0.0215    0.6315    0.5277    0.5968    0.0354 
   4.5755    0.0025   -0.3499   -0.1312 -186.3569    1.7072    4.7038   -5.7721    0.1406   -0.0352    3.5313   -3.0142   -2.7686    0.7105    3.6480   -0.0483   -0.2087   -0.2866   -0.2402    0.0207    0.6774    0.7155    0.7422    0.0434 
   4.6047    0.0025   -0.3703   -0.0593 -186.4912   -1.1005    1.1027   -5.1617    0.1582    0.0703    6.9254    2.1534   -2.2412    0.7105    3.5760    0.0830    0.2793   -1.1707   -0.2402    0.0207    0.7231    0.6599    0.7303    0.0434 
   4.6339    0.0025   -0.3718   -0.0709 -186.5978   -3.5419    1.1027   -2.9034    0.2637    0.0703    6.8740    2.4727   -2.7686    0.7664    3.5360    0.1135   -0.3286   -1.3408   -0.3523    0.0204    0.7918    0.7397    0.7567    0.0466 
   4.6589    0.0025   -0.4383   -0.0035 -186.6852    2.9279    4.3986   -2.7203    0.1055    0.0879    4.7674    3.6917   -3.1641    0.7664    3.5520   -0.0227    0.1125    0.4336   -0.3523    0.0204    0.7822    0.7291    0.7703    0.0466 
#PID Gain P Ti Td Eta    0.6000    0.7000    0.0100    0.1250    0.7500    0.7000    0.0250    0.1250    3.0000    0.8000    0.0100    0.1250    8.0000    4.0000    0.0400    0.1250    8.0000    4.0000    0.0400    0.1250    0.0000    0.0000    0.0000    0.0000 
   0.0027    0.0027   -0.0539   -0.0200 -180.0000   -0.1947    0.1086   -0.0489    0.0000    0.0000    0.0000    0.0000    0.0000    0.0000    4.0400   -0.0042    0.0083   -1.0176    0.0027    0.0000    0.0000    0.0000    0.0000    0.0162 
   0.0276    0.0025   -0.2615   -0.1657 -180.0016    0.1715    0.0476    0.0732    0.0000    0.0000    0.0000    0.0000    0.0000    0.0000    4.0480   -0.0020    0.0095   -1.0117    0.0027    0.0000    0.0000    0.0000    0.0000    0.0162 
   0.0567    0.0025   -0.4233   -0.2296 -180.0017    0.0494    0.0476   -0.1099    0.0000    0.0000    0.0000    0.0000    0.0000    0.0000    4.0480   -0.0044    0.0110   -1.0078    0.0022    0.0000    0.0000    0.0000    0.0000    0.0160 
   0.0857    0.0025   -0.9063   -0.4223 -180.9964  -13.4393  -11.1218  -50.1588    0.0000    0.0000    0.0000    0.0000    0.0000    0.0000    4.0480   -0.4978   -1.6077   -0.7249    0.0470    0.0000    0.0000    0.0000    0.0000    0.0161 
   0.1107    0.0025   -1.0532   -0.9149 -181.0347  -19.7260  -22.2302  -23.9137    0.0000    0.0000    0.0000    0.0000    0.0000    0.0000    4.0480   -0.2437    0.0027   -0.9795    0.0470    0.0000    0.0000    0.0000    0.0000    0.0161 
   0.1397    0.0025   -1.1687   -1.0055 -184.3361   17.7496  -73.0115 -194.2018    0.0000    0.0000    0.0000    0.0000    0.0000    0.0000    4.0480    0.0945   -0.3528   -2.1548    0.0865    0.0000    0.0000    0.0000    0.0000    0.0169 
   0.1647    0.0025   -0.6140   -9.1809 -188.8001  -12.3407 -401.3196 -152.4537    0.0000    0.0000    0.0000    0.0000    0.0000    0.0000    4.0400    0.3423   -0.1665   -1.3164    0.1874    0.0000    0.0000    0.0000    0.0000    0.0191 
   0.1937    0.0025   -0.4248  -19.6406 -194.6355  -57.5677 -176.4661 -269.2750    0.0000    0.0000    0.0000    0.0000    0.0000    0.0000    4.0480   -0.5686   -0.6030   -2.5583    0.1874    0.0000    0.0000    0.0000    0.0000    0.0191 
   0.2228    0.0025    3.6098  -15.4515 -200.9583   69.9347  212.0837 -197.8638    0.0000    0.0000    0.0000    0.0000    0.0000    0.0000    4.0480    0.6362    0.6311   -1.0034    0.5536    0.0000    0.0000    0.0000    0.0000    0.0230 
   0.2478    0.0025    6.2856  -10.8995 -204.5349   35.0226  119.0662 -220.1417    0.0000    0.0000    0.0000    0.0000    0.0000    0.0000    4.0480   -0.2402   -0.3105   -2.0884    0.5536    0.0000    0.0000    0.0000    0.0000    0.0230 
   0.2768    0.0025    6.7894   -5.4838 -210.4355  -69.4086  218.4924 -249.4996    0.0000    0.0000    0.0000    0.0000    0.0000    0.0000    4.0480   -0.5286   -0.3696   -1.4028    0.9218    0.0000    0.0000    0.0000    0.0000    0.0372 
   0.3058    0.0025    5.2553   -0.3508 -216.3337  -18.8715  152.7576 -191.1500    0.0000    0.0000    0.0000    0.0000    0.0000    0.0000    4.0480   -0.0881   -0.5601   -0.8979    0.8274    0.0000    0.0000    0.0000    0.0000    0.0575 
   0.3308    0.0025    6.1117    3.1610 -220.7928   45.0323  117.7234 -181.9337    0.0000    0.0000    0.0000    0.0000    0.0000    0.0000    4.0480    0.0742   -0.4443   -1.2485    0.8274    0.0000    0.0000    0.0000    0.0000    0.0575 
   0.3599    0.0025    5.8625    5.9698 -226.6194  -54.2108   64.0735 -275.1954    0.0000    0.0000    0.0000    0.0000    0.0000    0.0000    4.0400    0.0393   -0.1885   -1.3374    0.9730    0.0000    0.0000    0.0000    0.0000    0.0896 
   0.3848    0.0025    3.0408    7.9539 -232.7791  -59.5819   91.7834 -207.2022    0.0000    0.0000    0.0000    0.0000    0.0000    0.0000    4.0400    0.0676    0.0488   -1.2483    1.0759    0.0000    0.0000    0.0000    0.0000    0.1303 
   0.4138    0.0025    2.6302   11.6667 -235.7143   24.4025  152.5745  -96.6065    0.0000    0.0000    0.0000    0.0000    0.0000    0.0000    4.0480   -0.1321   -0.1851   -0.6357    1.0759    0.0000    0.0000    0.0000    0.0000    0.1303 
   0.4428    0.0025    1.9559   14.2590 -238.9207  -25.2802   73.9612 -163.9283    0.0000    0.0000    0.0000    0.0000    0.0000    0.0000    4.0480   -0.1262    0.0491   -0.6309    0.9636    0.0000    0.0000    0.0000    0.0000    0.1755 
   0.4678    0.0025   -0.5991   15.3761 -242.7592  -71.1786   43.3215 -167.7735    0.0000    0.0000    0.0000    0.0000    0.0000    0.0000    4.0480   -0.0955    0.2500   -0.6196    0.9636    0.0000    0.0000    0.0000    0.0000    0.1755 
   0.4968    0.0025   -3.0419   16.2456 -245.3036  -47.8632   50.3406  -94.0430    0.0000    0.0000    0.0000    0.0000    0.0000    0.0000    4.0480   -0.0642    0.1343   -0.5073    0.8698    0.0000    0.0000    0.0000    0.0000    0.2234 
   0.5258    0.0025   -4.5725   17.1786 -246.9989  -25.8905   46.8005  -78.0518    0.0000    0.0000    0.0000    0.0000    0.0000    0.0000    4.0480    0.1108    0.0293   -0.5000    0.7409    0.0000    0.0000    0.0000    0.0000    0.2685 
   0.5508    0.0025   -5.9634   17.6747 -248.9071  -36.6327   25.4993  -93.8599    0.0000    0.0000    0.0000    0.0000    0.0000    0.0000    4.0480    0.1177    0.0774   -0.4988    0.7409    0.0000    0.0000    0.0000    0.0000    0.2685 
   0.5798    0.0025   -7.8013   17.8145 -250.6897  -39.8065   17.5037  -76.7701    0.0000    0.0000    0.0000    0.0000    0.0000    0.0000    4.0400    0.1929    0.0942   -0.6343    0.6751    0.0000    0.0000    0.0000    0.0000    0.3180 
   0.6048    0.0025   -9.1439   17.9637 -252.1011  -47.3749   43.9319  -72.3756    0.0000    0.0000    0.0000    0.0000    0.0000    0.0000    4.0480   -0.0835   -0.0190   -0.7576    0.6568    0.0000    0.0000    0.0000    0.0000    0.3618 
   0.6338    0.0025  -10.3050   19.1713 -252.7437  -23.6932   21.7761  -34.2286    0.0000    0.0000    0.0000    0.0000    0.0000    0.0000    4.0480    0.3621    0.1177   -0.7441    0.6568    0.0000    0.0000    0.0000    0.0000    0.3618 
   0.6628    0.0025  -11.0083   19.4568 -253.2819  -14.5380   26.1707  -20.5567    0.0000    0.0000    0.0000    0.0000    0.0000    0.0000    4.0480    0.2766    0.1702   -0.7437    0.6235    0.0000    0.0000    0.0000    0.0000    0.4060 
   0.6878    0.0025  -11.5380   20.3609 -253.6925  -21.8622   40.5139  -37.6466    0.0000    0.0000    0.0000    0.0000    0.0000    0.0000    4.0480    0.3054    0.1062   -0.7183    0.6235    0.0000    0.0000    0.0000    0.0000    0.4060 
   0.7169    0.0025  -11.8733   20.6601 -254.3938    2.2467   -7.5208  -29.8341    0.0000    0.0000    0.0000    0.0000    0.0000    0.0000    4.0480    0.2703    0.1296   -0.7322    0.6110    0.0000    0.0000    0.0000    0.0000    0.4503 
   0.7459    0.0025  -11.6808   19.8316 -255.2680   10.1813  -37.6721  -36.2428    0.0000    0.0000    0.0000    0.0000    0.0000    0.0000    4.0480    0.2690    0.0715   -0.6667    0.5386    0.0000    0.0000    0.0000    0.0000    0.4828 
   0.7709    0.0025  -11.7513   18.4749 -256.3772    5.2374  -29.8596  -44.7877    0.0000    0.0000    0.0000    0.0000    0.0000    0.0000    4.0480    0.1963    0.1733   -0.7144    0.5386    0.0000    0.0000    0.0000    0.0000    0.4828 
   0.7999    0.0025  -12.3614   17.6926 -257.5285   -7.7020   -7.2766  -46.0084    0.0000    0.0000    0.0000    0.0000    0.0000    0.0000    4.0480    0.2629    0.3113   -0.9236    0.4956    0.0000    0.0000    0.0000    0.0000    0.5112 
   0.8249    0.0025  -13.1794   17.2432 -258.4939  -13.7445   -5.4456  -37.8297    0.0000    0.0000    0.0000    0.0000    0.0000    0.0000    4.0480    0.2300    0.3035   -0.8877    0.4576    0.0000    0.0000    0.0000    0.0000    0.5297 
   0.8539    0.0025  -14.0324   16.6601 -259.2702  -10.0214  -16.9202  -32.5806    0.0000    0.0000    0.0000    0.0000    0.0000    0.0000    4.0480    0.2148    0.3289   -0.8335    0.4576    0.0000    0.0000    0.0000    0.0000    0.5297 
   0.8829    0.0025  -14.6295   16.2155 -259.9366   -1.1713    8.1653  -20.1295    0.0000    0.0000    0.0000    0.0000    0.0000    0.0000    4.0480    0.1814    0.3833   -0.8201    0.3940    0.0000    0.0000    0.0000    0.0000    0.5475 
   0.9079    0.0025  -15.0317   16.7635 -260.2630   -3.8568   40.5139   -7.9835    0.0000    0.0000    0.0000    0.0000    0.0000    0.0000    4.0480    0.2463    0.3423   -0.8521    0.3940    0.0000    0.0000    0.0000    0.0000    0.5475 
   0.9371    0.0025  -15.5403   17.1909 -260.4983   -8.1293    1.7566  -16.6505    0.0000    0.0000    0.0000    0.0000    0.0000    0.0000    4.0480    0.3333    0.3386   -0.9509    0.3483    0.0000    0.0000    0.0000    0.0000    0.5604 
   0.9660    0.0025  -16.1688   16.9807 -260.9076   -6.9696  -22.3523  -21.5943    0.0000    0.0000    0.0000    0.0000    0.0000    0.0000    4.0480    0.2632    0.3159   -0.8911    0.3074    0.0000    0.0000    0.0000    0.0000    0.5724 
   0.9910    0.0025  -16.5884   16.1901 -261.3555    0.7819  -27.6013   -8.7159    0.0000    0.0000    0.0000    0.0000    0.0000    0.0000    4.0480    0.2502    0.4065   -0.8892    0.3074    0.0000    0.0000    0.0000    0.0000    0.5724 
   1.0201    0.0025  -16.6972   15.9264 -261.4279    6.8854   -0.7458    4.4067    0.0000    0.0000    0.0000    0.0000    0.0000    0.0000    4.0480    0.2651    0.4731   -0.8677    0.2603    0.0000    0.0000    0.0000    0.0000    0.5806 
   1.0451    0.0025  -17.0221   15.9604 -261.3211  -11.9745   -3.4314   -3.5889    0.0000    0.0000    0.0000    0.0000    0.0000    0.0000    4.0480    0.3010    0.3530   -0.8252    0.1967    0.0000    0.0000    0.0000    0.0000    0.5896 
   1.0741    0.0025  -17.5006   16.0116 -261.5364   -2.5140    1.4514  -16.0401    0.0000    0.0000    0.0000    0.0000    0.0000    0.0000    4.0400    0.2659    0.3367   -0.8210    0.1967    0.0000    0.0000    0.0000    0.0000    0.5896 
   1.1031    0.0025  -17.6851   16.1227 -261.6807    6.8854   -0.3796   -1.6358    0.0000    0.0000    0.0000    0.0000    0.0000    0.0000    4.0480    0.3208    0.3823   -0.8638    0.1312    0.0000    0.0000    0.0000    0.0000    0.5934 
   1.1281    0.0025  -17.7688   16.1748 -261.7111    5.0543  -10.1453   -1.6969    0.0000    0.0000    0.0000    0.0000    0.0000    0.0000    4.0480    0.3076    0.4006   -0.8818    0.1312    0.0000    0.0000    0.0000    0.0000    0.5934 
   1.1572    0.0025  -18.1059   15.7072 -261.7941   -5.1385  -23.9392   -6.2135    0.0000    0.0000    0.0000    0.0000    0.0000    0.0000    4.0480    0.2871    0.3962   -0.9077    0.0851    0.0000    0.0000    0.0000    0.0000    0.5971 
   1.1862    0.0025  -18.4712   15.2670 -261.9424   -1.4154  -19.6057  -10.9742    0.0000    0.0000    0.0000    0.0000    0.0000    0.0000    4.0480    0.3325    0.3767   -0.8865   -0.1256    0.0000    0.0000    0.0000    0.0000    0.5487 
   1.2112    0.0025  -18.6722   14.9431 -262.1635    4.5050  -16.0657  -12.3170    0.0000    0.0000    0.0000    0.0000    0.0000    0.0000    4.0480    0.2820    0.3599   -0.8577   -0.1256    0.0000    0.0000    0.0000    0.0000    0.5487 
   1.2402    0.0025  -18.8448   14.7143 -262.4631    2.0636  -11.1218  -11.8287    0.0000    0.0000    0.0000    0.0000    0.0000    0.0000    4.0480    0.2742    0.3796   -0.8623   -0.4455    0.0000    0.0000    0.0000    0.0000    0.4640 
   1.2652    0.0025  -19.0779   14.4850 -262.6759    1.6364  -12.7698   -7.8614    0.0000    0.0000    0.0000    0.0000    0.0000    0.0000    4.0480    0.2854    0.4102   -0.9263   -0.6961    0.0000    0.0000    0.0000    0.0000    0.3823 
   1.2941    0.0025  -19.3001   14.2722 -262.7304   -3.0634  -12.6477   -3.8941    0.0000    0.0000    0.0000    0.0000    0.0000    0.0000    4.0480    0.2634    0.3726   -0.8533   -0.6961    0.0000    0.0000    0.0000    0.0000    0.3823 
   1.3232    0.0025  -19.6998   14.1612 -262.8837   -3.6737   -0.7458  -12.1339    0.0000    0.0000    0.0000    0.0000    0.0000    0.0000    4.0480    0.2188    0.3689   -0.9011   -0.9090    0.0000    0.0000    0.0000    0.0000    0.3082 
   1.3482    0.0025  -20.0188   14.1068 -263.1566   -2.2699   -3.6145  -10.7911    0.0000    0.0000    0.0000    0.0000    0.0000    0.0000    4.0480    0.2639    0.3582   -0.9075   -0.9090    0.0000    0.0000    0.0000    0.0000    0.3082 
   1.3772    0.0025  -19.9940   13.9030 -263.2980   -1.6595  -22.7185   -8.7769    0.0000    0.0000    0.0000    0.0000    0.0000    0.0000    4.0480    0.2366    0.3132   -0.9294   -1.0488    0.0000    0.0000    0.0000    0.0000    0.2440 
   1.4062    0.0025  -19.9438   13.1723 -263.5843   -8.8617  -29.3103  -16.9556    0.0000    0.0000    0.0000    0.0000    0.0000    0.0000    4.0480    0.2405    0.3010   -0.8928   -1.1515    0.0000    0.0000    0.0000    0.0000    0.1884 
   1.4312    0.0025  -20.1264   12.4237 -263.8871    1.5753  -33.5217  -10.6690    0.0000    0.0000    0.0000    0.0000    0.0000    0.0000    4.0480    0.2019    0.3792   -0.9387   -1.1515    0.0000    0.0000    0.0000    0.0000    0.1884 
   1.4602    0.0025  -19.9426   11.3214 -264.3572   11.0968  -18.8123  -13.4156    0.0000    0.0000    0.0000    0.0000    0.0000    0.0000    4.0480    0.1162    0.2656   -0.8403   -1.2000    0.0000    0.0000    0.0000    0.0000    0.1436 
   1.4852    0.0025  -19.6300   10.9691 -264.7746    3.5895  -14.9060  -18.7867    0.0000    0.0000    0.0000    0.0000    0.0000    0.0000    4.0480    0.2036    0.3311   -0.8931   -1.2192    0.0000    0.0000    0.0000    0.0000    0.1078 
   1.5142    0.0025  -19.5144   10.2950 -265.0916    8.5944  -30.2258  -10.9742    0.0000    0.0000    0.0000    0.0000    0.0000    0.0000    4.0480    0.1318    0.3181   -0.8826   -1.2192    0.0000    0.0000    0.0000    0.0000    0.1078 
   1.5431    0.0025  -19.3125    9.1138 -265.5756    3.7726  -33.0335  -18.2984    0.0000    0.0000    0.0000    0.0000    0.0000    0.0000    4.0480    0.0999    0.3237   -0.9021   -1.2089    0.0000    0.0000    0.0000    0.0000    0.0789 
   1.5681    0.0025  -19.0621    7.9449 -266.2132   16.0407  -23.9392  -17.7491    0.0000    0.0000    0.0000    0.0000    0.0000    0.0000    4.0480    0.0913    0.3159   -0.9426   -1.2089    0.0000    0.0000    0.0000    0.0000    0.0789 
   1.5972    0.0025  -18.4864    7.3328 -266.5630   22.9376  -18.6292   -9.4483    0.0000    0.0000    0.0000    0.0000    0.0000    0.0000    4.0480    0.1814    0.2847   -0.9651   -1.1665    0.0000    0.0000    0.0000    0.0000    0.0553 
   1.6264    0.0025  -17.9240    6.9310 -266.8942   18.6041  -19.5447   -9.3873    0.0000    0.0000    0.0000    0.0000    0.0000    0.0000    4.0480    0.0842    0.3066   -0.9634   -1.0993    0.0000    0.0000    0.0000    0.0000    0.0376 
   1.6514    0.0025  -17.3294    6.1037 -267.1378   21.5338  -26.7468   -2.1851    0.0000    0.0000    0.0000    0.0000    0.0000    0.0000    4.0400    0.0642    0.3462   -0.9797   -1.0993    0.0000    0.0000    0.0000    0.0000    0.0376 
   1.6806    0.0025  -17.3351    5.2721 -267.3648    7.9840  -25.0378   -6.4576    0.0000    0.0000    0.0000    0.0000    0.0000    0.0000    4.0480    0.0693    0.3176   -0.8823   -1.0347    0.0000    0.0000    0.0000    0.0000    0.0247 
   1.7056    0.0025  -17.1576    4.7536 -267.5307   19.6417   -0.3796   -0.0489    0.0000    0.0000    0.0000    0.0000    0.0000    0.0000    4.0480    0.0212    0.3179   -0.9109   -0.9767    0.0000    0.0000    0.0000    0.0000    0.0159 
   1.7346    0.0025  -16.7943    4.7714 -267.6307   21.5338   -5.6897   -6.4576    0.0000    0.0000    0.0000    0.0000    0.0000    0.0000    4.0480    0.1101    0.2957   -0.9749   -0.9767    0.0000    0.0000    0.0000    0.0000    0.0159 
   1.7638    0.0025  -16.2580    4.4103 -267.8840   17.5055  -21.6809  -12.6221    0.0000    0.0000    0.0000    0.0000    0.0000    0.0000    4.0480    0.0332    0.2827   -1.0066   -0.8840    0.0000    0.0000    0.0000    0.0000    0.0099 
   1.7888    0.0025  -15.7809    3.6514 -268.2635    9.2047  -18.3850   -9.4483    0.0000    0.0000    0.0000    0.0000    0.0000    0.0000    4.0480    0.0776    0.2253   -0.9143   -0.8840    0.0000    0.0000    0.0000    0.0000    0.0099 
   1.8179    0.0025  -15.5215    3.4775 -268.3380   16.4679  -10.5725   -3.5889    0.0000    0.0000    0.0000    0.0000    0.0000    0.0000    4.0480    0.0896    0.2932   -0.9636   -0.8286    0.0000    0.0000    0.0000    0.0000    0.0071 
   1.8469    0.0025  -14.8874    3.1380 -268.5094   25.6232   -9.4739   -3.7720    0.0000    0.0000    0.0000    0.0000    0.0000    0.0000    4.0480   -0.0095    0.2512   -0.9614   -0.7458    0.0000    0.0000    0.0000    0.0000    0.0060 
   1.8719    0.0025  -14.0977    2.7397 -268.6864   24.7076  -27.0520  -10.9742    0.0000    0.0000    0.0000    0.0000    0.0000    0.0000    4.0400    0.0432    0.2358   -0.9832   -0.7458    0.0000    0.0000    0.0000    0.0000    0.0060 
   1.9009    0.0025  -13.6034    1.9791 -268.9651   12.4396  -26.0144   -7.3121    0.0000    0.0000    0.0000    0.0000    0.0000    0.0000    4.0480    0.0095    0.2219   -1.0002   -0.6713    0.0000    0.0000    0.0000    0.0000    0.0070 
   1.9259    0.0025  -13.1679    1.5873 -269.1500   14.9420   -5.2014   -5.9083    0.0000    0.0000    0.0000    0.0000    0.0000    0.0000    4.0480    0.0381    0.2388   -1.0579   -0.5677    0.0000    0.0000    0.0000    0.0000    0.0097 
