#PID Gain P Ti Td Eta    0.6000    0.7000    0.0100    0.1250    0.7500    0.7000    0.0250    0.1250    3.0000    0.8000    0.0100    0.1250    8.0000    4.0000    0.0400    0.1250    8.0000    4.0000    0.0400    0.1250    0.0000    0.0000    0.0000    0.0000 
   0.0027    0.0027   -0.0402   -0.0409 -179.9998   -0.1390   -0.0545    0.1469    0.0000    0.0000    0.0000    0.0000    0.0000    0.0000    4.1600   -0.0059    0.0076   -1.0112    0.0016    0.0000    0.0000    0.0000    0.2500    0.0210 
   0.0276    0.0025   -0.1893   -0.2594 -180.0011    0.0441   -0.0545   -0.1583    0.0000    0.0000    0.0000    0.0000    0.0000    0.0000    4.1840   -0.0049    0.0032   -1.0093    0.0016    0.0000    0.0000    0.0000    0.2500    0.0210 
   0.0567    0.0025   -0.3817   -0.3241 -180.0009    0.0441    0.0066    0.0858    0.0000    0.0000    0.0000    0.0000    0.0000    0.0000    4.1840   -0.0071    0.0085   -1.0129    0.0023    0.0000    0.0000    0.0000    0.2500    0.0210 
   0.0857    0.0025   -0.4400   -0.4039 -180.0018   -0.0169    0.0066   -0.0362    0.0000    0.0000    0.0000    0.0000    0.0000    0.0000    4.1840   -0.0059    0.0071   -1.0127    0.0022    0.0000    0.0000    0.0000    0.2500    0.0213 
   0.1107    0.0025   -0.4284   -0.3202 -180.0015   -0.0169    0.1286   -0.1583    0.0000    0.0000    0.0000    0.0000    0.0000    0.0000    4.1840   -0.0071    0.0083   -1.0139    0.0022    0.0000    0.0000    0.0000    0.2500    0.0213 
   0.1398    0.0025   -0.3857   -0.3571 -180.0023    0.1051    0.1897   -0.0362    0.0000    0.0000    0.0000    0.0000    0.0000    0.0000    4.1840   -0.0066    0.0034   -1.0129    0.0031    0.0000    0.0000    0.0000    0.2500    0.0216 
   0.1649    0.0026   -0.3479   -0.3978 -180.0025   -0.0169   -0.1155   -0.0973    0.0000    0.0000    0.0000    0.0000    0.0000    0.0000    4.1760   -0.0078    0.0059   -1.0142    0.0034    0.0000    0.0000    0.0000    0.2500    0.0215 
   0.1940    0.0025   -0.3787   -0.3742 -180.0016    0.1051    0.0676    0.0858    0.0000    0.0000    0.0000    0.0000    0.0000    0.0000    4.1840   -0.0063    0.0090   -1.0093    0.0034    0.0000    0.0000    0.0000    0.2500    0.0215 
   0.2229    0.0025   -0.4660   -0.3227 -180.0020   -0.0780    0.1286   -0.2193    0.0000    0.0000    0.0000    0.0000    0.0000    0.0000    4.1840   -0.0056    0.0095   -1.0110    0.0036    0.0000    0.0000    0.0000    0.2500    0.0217 
   0.2479    0.0025   -0.4329   -0.3697 -180.0012    0.1051   -0.1765    0.0858    0.0000    0.0000    0.0000    0.0000    0.0000    0.0000    4.1760   -0.0056    0.0103   -1.0122    0.0036    0.0000    0.0000    0.0000    0.2500    0.0217 
   0.2771    0.0025   -0.3901   -0.3756 -180.0015   -0.0169    0.0066    0.0858    0.0000    0.0000    0.0000    0.0000    0.0000    0.0000    4.1840   -0.0076    0.0071   -1.0120    0.0040    0.0000    0.0000    0.0000    0.2500    0.0219 
   0.3060    0.0025   -0.4184   -0.4265 -180.0022    0.1662    0.1897    0.0858    0.0000    0.0000    0.0000    0.0000    0.0000    0.0000    4.1840   -0.0085    0.0073   -1.0105    0.0036    0.0000    0.0000    0.0000    0.2500    0.0218 
   0.3310    0.0025   -0.4189   -0.3958 -180.0012    0.1051    0.0066    0.0858    0.0000    0.0000    0.0000    0.0000    0.0000    0.0000    4.1840   -0.0066    0.0078   -1.0137    0.0036    0.0000    0.0000    0.0000    0.2500    0.0218 
   0.3600    0.0025   -0.3784   -0.3566 -180.0015   -0.0780   -0.1155    0.0248    0.0000    0.0000    0.0000    0.0000    0.0000    0.0000    4.1840   -0.0063    0.0066   -1.0112    0.0046    0.0000    0.0000    0.0000    0.2500    0.0219 
   0.3851    0.0025   -0.3929   -0.4289 -180.0013    0.0441    0.1286    0.0858    0.0000    0.0000    0.0000    0.0000    0.0000    0.0000    4.1840   -0.0085    0.0049   -1.0098    0.0020    0.0000    0.0000    0.0000    0.2500    0.0216 
   0.4141    0.0025   -0.3506   -0.3909 -180.0021   -0.0169   -0.0545   -0.0973    0.0000    0.0000    0.0000    0.0000    0.0000    0.0000    4.1840   -0.0068    0.0061   -1.0103    0.0020    0.0000    0.0000    0.0000    0.2500    0.0216 
   0.4431    0.0025   -0.3541   -0.3788 -180.0019   -0.0780    0.0676   -0.0973    0.0000    0.0000    0.0000    0.0000    0.0000    0.0000    4.1840   -0.0066    0.0103   -1.0117    0.0034    0.0000    0.0000    0.0000    0.2500    0.0220 
   0.4681    0.0025   -0.3595   -0.3750 -180.0009   -0.0780    0.0676    0.1469    0.0000    0.0000    0.0000    0.0000    0.0000    0.0000    4.1840   -0.0061    0.0059   -1.0105    0.0034    0.0000    0.0000    0.0000    0.2500    0.0220 
   0.4972    0.0025   -0.4293   -0.4622 -180.0014    0.0441   -0.0545   -0.0362    0.0000    0.0000    0.0000    0.0000    0.0000    0.0000    4.1840   -0.0098    0.0095   -1.0103    0.0022    0.0000    0.0000    0.0000    0.2500    0.0216 
   0.5262    0.0025   -0.4391   -0.4302 -180.0001    0.0441    0.0066    0.0248    0.0000    0.0000    0.0000    0.0000    0.0000    0.0000    4.1840   -0.0046    0.0095   -1.0117    0.0026    0.0000    0.0000    0.0000    0.2500    0.0220 
   0.5512    0.0025   -0.3263   -0.4428 -180.0002   -0.0780   -0.0545    0.0248    0.0000    0.0000    0.0000    0.0000    0.0000    0.0000    4.1840   -0.0076    0.0059   -1.0083    0.0026    0.0000    0.0000    0.0000    0.2500    0.0220 
   0.5803    0.0025   -0.3491   -0.3582 -180.0005   -0.0169   -0.0545   -0.0362    0.0000    0.0000    0.0000    0.0000    0.0000    0.0000    4.1840   -0.0037    0.0098   -1.0103    0.0005    0.0000    0.0000    0.0000    0.2500    0.0216 
   0.6053    0.0025   -0.4044   -0.3993 -180.0003    0.0441    0.1286   -0.0973    0.0000    0.0000    0.0000    0.0000    0.0000    0.0000    4.1840   -0.0076    0.0083   -1.0100    0.0017    0.0000    0.0000    0.0000    0.2500    0.0219 
   0.6344    0.0025   -0.3209   -0.4107 -180.0004    0.0441    0.0066    0.0858    0.0000    0.0000    0.0000    0.0000    0.0000    0.0000    4.1840   -0.0066    0.0056   -1.0107    0.0017    0.0000    0.0000    0.0000    0.2500    0.0219 
   0.6634    0.0025   -0.3472   -0.4527 -179.9993    0.0441    0.0066    0.1469    0.0000    0.0000    0.0000    0.0000    0.0000    0.0000    4.1760   -0.0100    0.0076   -1.0125   -0.0027    0.0000    0.0000    0.0000    0.2500    0.0212 
   0.6884    0.0025   -0.3505   -0.4578 -179.9987   -0.1390    0.0066   -0.0362    0.0000    0.0000    0.0000    0.0000    0.0000    0.0000    4.1840   -0.0088    0.0059   -1.0112   -0.0027    0.0000    0.0000    0.0000    0.2500    0.0212 
   0.7176    0.0025   -0.3915   -0.4207 -179.9981    0.0441    0.0066    0.0248    0.0000    0.0000    0.0000    0.0000    0.0000    0.0000    4.1840   -0.0081    0.0076   -1.0125   -0.0004    0.0000    0.0000    0.0000    0.2500    0.0216 
   0.7465    0.0025   -0.4178   -0.4259 -179.9987    0.1662    0.0066   -0.0362    0.0000    0.0000    0.0000    0.0000    0.0000    0.0000    4.1760   -0.0063    0.0083   -1.0134   -0.0025    0.0000    0.0000    0.0000    0.2500    0.0212 
   0.7715    0.0025   -0.3913   -0.4260 -179.9986   -0.0169    0.0066    0.0248    0.0000    0.0000    0.0000    0.0000    0.0000    0.0000    4.1840   -0.0085    0.0063   -1.0151   -0.0025    0.0000    0.0000    0.0000    0.2500    0.0212 
   0.8005    0.0025   -0.3268   -0.4070 -179.9982    0.0441    0.0066   -0.0362    0.0000    0.0000    0.0000    0.0000    0.0000    0.0000    4.1840   -0.0066    0.0088   -1.0117   -0.0008    0.0000    0.0000    0.0000    0.2500    0.0216 
   0.8255    0.0025   -0.3191   -0.4332 -179.9984    0.0441    0.1286    0.0248    0.0000    0.0000    0.0000    0.0000    0.0000    0.0000    4.1840   -0.0090    0.0083   -1.0115   -0.0023    0.0000    0.0000    0.0000    0.2500    0.0212 
   0.8546    0.0025   -0.3763   -0.3643 -179.9986    0.0441    0.0066    0.0248    0.0000    0.0000    0.0000    0.0000    0.0000    0.0000    4.1760   -0.0044    0.0056   -1.0110   -0.0023    0.0000    0.0000    0.0000    0.2500    0.0212 
   0.8835    0.0025   -0.3751   -0.3408 -179.9978    0.1051   -0.1155    0.0858    0.0000    0.0000    0.0000    0.0000    0.0000    0.0000    4.1840   -0.0044    0.0071   -1.0125   -0.0003    0.0000    0.0000    0.0000    0.2500    0.0216 
   0.9086    0.0025   -0.4084   -0.4014 -179.9979   -0.0780   -0.1155    0.0858    0.0000    0.0000    0.0000    0.0000    0.0000    0.0000    4.1840   -0.0071    0.0068   -1.0100   -0.0003    0.0000    0.0000    0.0000    0.2500    0.0216 
   0.9378    0.0025   -0.3587   -0.4370 -179.9969   -0.0169    0.0676   -0.0362    0.0000    0.0000    0.0000    0.0000    0.0000    0.0000    4.1840   -0.0098    0.0061   -1.0127   -0.0016    0.0000    0.0000    0.0000    0.2500    0.0212 
   0.9668    0.0025   -0.4190   -0.3847 -179.9966    0.0441    0.0066    0.0858    0.0000    0.0000    0.0000    0.0000    0.0000    0.0000    4.1840   -0.0061    0.0083   -1.0132    0.0001    0.0000    0.0000    0.0000    0.2500    0.0216 
   0.9919    0.0025   -0.3906   -0.4044 -179.9970   -0.1390    0.1286   -0.0973    0.0000    0.0000    0.0000    0.0000    0.0000    0.0000    4.1840   -0.0056    0.0059   -1.0146    0.0001    0.0000    0.0000    0.0000    0.2500    0.0216 
   1.0208    0.0025   -0.3993   -0.4041 -179.9970   -0.0169    0.1286    0.0858    0.0000    0.0000    0.0000    0.0000    0.0000    0.0000    4.1760   -0.0083    0.0059   -1.0132   -0.0024    0.0000    0.0000    0.0000    0.2500    0.0212 
   1.0459    0.0025   -0.3530   -0.3545 -179.9966   -0.0780    0.0676    0.0248    0.0000    0.0000    0.0000    0.0000    0.0000    0.0000    4.1840   -0.0078    0.0068   -1.0107   -0.0006    0.0000    0.0000    0.0000    0.2500    0.0216 
   1.0749    0.0025   -0.3564   -0.4359 -179.9987    0.1662    0.0066   -0.0973    0.0000    0.0000    0.0000    0.0000    0.0000    0.0000    4.1840   -0.0081    0.0051   -1.0081   -0.0006    0.0000    0.0000    0.0000    0.2500    0.0216 
   1.1039    0.0025   -0.3955   -0.3721 -179.9983    0.0441   -0.0545    0.0858    0.0000    0.0000    0.0000    0.0000    0.0000    0.0000    4.1840   -0.0061    0.0071   -1.0076   -0.0017    0.0000    0.0000    0.0000    0.2500    0.0212 
   1.1289    0.0025   -0.3649   -0.3980 -179.9991   -0.0169    0.0676   -0.0362    0.0000    0.0000    0.0000    0.0000    0.0000    0.0000    4.1840   -0.0068    0.0061   -1.0088   -0.0017    0.0000    0.0000    0.0000    0.2500    0.0212 
   1.1581    0.0025   -0.3777   -0.4188 -179.9987   -0.0169   -0.1155    0.0858    0.0000    0.0000    0.0000    0.0000    0.0000    0.0000    4.1840   -0.0078    0.0076   -1.0088    0.0007    0.0000    0.0000    0.0000    0.2500    0.0218 
   1.1871    0.0025   -0.3578   -0.4184 -179.9980    0.1051   -0.1155    0.0858    0.0000    0.0000    0.0000    0.0000    0.0000    0.0000    4.1840   -0.0073    0.0063   -1.0085   -0.0021    0.0000    0.0000    0.0000    0.2500    0.0214 
   1.2121    0.0025   -0.3368   -0.3823 -179.9977    0.2272   -0.0545    0.0248    0.0000    0.0000    0.0000    0.0000    0.0000    0.0000    4.1840   -0.0066    0.0061   -1.0120   -0.0021    0.0000    0.0000    0.0000    0.2500    0.0214 
   1.2411    0.0025   -0.4578   -0.3701 -179.9978   -0.0169    0.0676    0.0858    0.0000    0.0000    0.0000    0.0000    0.0000    0.0000    4.1840   -0.0063    0.0083   -1.0110    0.0004    0.0000    0.0000    0.0000    0.2500    0.0220 
   1.2661    0.0025   -0.3585   -0.3948 -179.9981   -0.0169    0.0066    0.0248    0.0000    0.0000    0.0000    0.0000    0.0000    0.0000    4.1840   -0.0090    0.0034   -1.0112   -0.0016    0.0000    0.0000    0.0000    0.2500    0.0215 
   1.2952    0.0026   -0.4159   -0.4104 -179.9982   -0.0780    0.0066    0.0248    0.0000    0.0000    0.0000    0.0000    0.0000    0.0000    4.1840   -0.0073    0.0083   -1.0085   -0.0016    0.0000    0.0000    0.0000    0.2500    0.0215 
   1.3240    0.0025   -0.3951   -0.4000 -179.9972    0.0441   -0.1155    0.0858    0.0000    0.0000    0.0000    0.0000    0.0000    0.0000    4.1840   -0.0073    0.0068   -1.0093    0.0023    0.0000    0.0000    0.0000    0.2500    0.0221 
   1.3491    0.0025   -0.3734   -0.3875 -179.9966    0.0441   -0.0545   -0.0362    0.0000    0.0000    0.0000    0.0000    0.0000    0.0000    4.1760   -0.0068    0.0046   -1.0120    0.0023    0.0000    0.0000    0.0000    0.2500    0.0221 
   1.3783    0.0025   -0.4133   -0.3421 -179.9965   -0.2000   -0.0545   -0.0362    0.0000    0.0000    0.0000    0.0000    0.0000    0.0000    4.1840   -0.0059    0.0078   -1.0146   -0.0005    0.0000    0.0000    0.0000    0.2500    0.0214 
   1.4072    0.0025   -0.3178   -0.4080 -179.9963    0.0441    0.0066    0.0858    0.0000    0.0000    0.0000    0.0000    0.0000    0.0000    4.1840   -0.0090    0.0017   -1.0122    0.0033    0.0000    0.0000    0.0000    0.2500    0.0220 
   1.4323    0.0025   -0.3873   -0.4560 -179.9967   -0.0780   -0.0545   -0.0362    0.0000    0.0000    0.0000    0.0000    0.0000    0.0000    4.1760   -0.0076    0.0078   -1.0078    0.0033    0.0000    0.0000    0.0000    0.2500    0.0220 
   1.4612    0.0025   -0.3390   -0.4615 -179.9963    0.1051    0.0676   -0.0362    0.0000    0.0000    0.0000    0.0000    0.0000    0.0000    4.1840   -0.0110    0.0046   -1.0095   -0.0003    0.0000    0.0000    0.0000    0.2500    0.0213 
   1.4862    0.0025   -0.3367   -0.4065 -179.9971    0.0441    0.0066   -0.0362    0.0000    0.0000    0.0000    0.0000    0.0000    0.0000    4.1840   -0.0059    0.0063   -1.0093    0.0008    0.0000    0.0000    0.0000    0.2500    0.0218 
   1.5152    0.0025   -0.3974   -0.4143 -179.9981   -0.0780   -0.0545   -0.0362    0.0000    0.0000    0.0000    0.0000    0.0000    0.0000    4.1840   -0.0068    0.0049   -1.0149    0.0008    0.0000    0.0000    0.0000    0.2500    0.0218 
   1.5443    0.0025   -0.3630   -0.3786 -179.9977   -0.0780   -0.0545    0.0248    0.0000    0.0000    0.0000    0.0000    0.0000    0.0000    4.1840   -0.0063    0.0054   -1.0110   -0.0005    0.0000    0.0000    0.0000    0.2500    0.0213 
   1.5694    0.0025   -0.3808   -0.3601 -179.9977    0.0441    0.0066    0.0248    0.0000    0.0000    0.0000    0.0000    0.0000    0.0000    4.1760   -0.0063    0.0059   -1.0110   -0.0005    0.0000    0.0000    0.0000    0.2500    0.0213 
   1.5985    0.0025   -0.3982   -0.3519 -179.9975   -0.0780   -0.1155    0.0248    0.0000    0.0000    0.0000    0.0000    0.0000    0.0000    4.1760   -0.0083    0.0093   -1.0105    0.0019    0.0000    0.0000    0.0000    0.2500    0.0217 
   1.6275    0.0025   -0.3955   -0.3833 -179.9970   -0.1390   -0.0545   -0.0362    0.0000    0.0000    0.0000    0.0000    0.0000    0.0000    4.1840   -0.0051    0.0093   -1.0122   -0.0004    0.0000    0.0000    0.0000    0.2500    0.0214 
   1.6525    0.0025   -0.3941   -0.3474 -179.9972    0.0441   -0.0545   -0.0362    0.0000    0.0000    0.0000    0.0000    0.0000    0.0000    4.1840   -0.0056    0.0078   -1.0142   -0.0004    0.0000    0.0000    0.0000    0.2500    0.0214 
   1.6814    0.0025   -0.3430   -0.3726 -179.9974   -0.1390    0.0676    0.0248    0.0000    0.0000    0.0000    0.0000    0.0000    0.0000    4.1840   -0.0078    0.0071   -1.0125    0.0028    0.0000    0.0000    0.0000    0.2500    0.0220 
   1.7065    0.0025   -0.3688   -0.3450 -179.9970    0.0441    0.0066   -0.0362    0.0000    0.0000    0.0000    0.0000    0.0000    0.0000    4.1840   -0.0042    0.0088   -1.0095    0.0001    0.0000    0.0000    0.0000    0.2500    0.0216 
   1.7355    0.0025   -0.4149   -0.3743 -179.9971    0.0441    0.0066    0.0248    0.0000    0.0000    0.0000    0.0000    0.0000    0.0000    4.1840   -0.0095    0.0076   -1.0100    0.0001    0.0000    0.0000    0.0000    0.2500    0.0216 
   1.7646    0.0025   -0.3468   -0.4041 -179.9971   -0.0169    0.0066    0.0248    0.0000    0.0000    0.0000    0.0000    0.0000    0.0000    4.1760   -0.0081    0.0044   -1.0115    0.0016    0.0000    0.0000    0.0000    0.2500    0.0222 
   1.7896    0.0025   -0.3388   -0.3647 -179.9976   -0.0169    0.1897   -0.0362    0.0000    0.0000    0.0000    0.0000    0.0000    0.0000    4.1840   -0.0083    0.0051   -1.0144    0.0016    0.0000    0.0000    0.0000    0.2500    0.0222 
   1.8187    0.0025   -0.3675   -0.3790 -179.9975   -0.1390   -0.0545   -0.0362    0.0000    0.0000    0.0000    0.0000    0.0000    0.0000    4.1840   -0.0066    0.0066   -1.0137   -0.0017    0.0000    0.0000    0.0000    0.2500    0.0217 
   1.8478    0.0025   -0.4503   -0.3581 -179.9972    0.1051    0.0066    0.1469    0.0000    0.0000    0.0000    0.0000    0.0000    0.0000    4.1840   -0.0071    0.0090   -1.0146    0.0006    0.0000    0.0000    0.0000    0.2500    0.0220 
   1.8728    0.0025   -0.4468   -0.3576 -179.9980    0.0441    0.0066   -0.0362    0.0000    0.0000    0.0000    0.0000    0.0000    0.0000    4.1840   -0.0095    0.0066   -1.0112    0.0006    0.0000    0.0000    0.0000    0.2500    0.0220 
   1.9019    0.0025   -0.3969   -0.3381 -179.9986   -0.0169    0.0066   -0.0973    0.0000    0.0000    0.0000    0.0000    0.0000    0.0000    4.1840   -0.0056    0.0034   -1.0134    0.0000    0.0000    0.0000    0.0000    0.2500    0.0217 
   1.9269    0.0025   -0.3944   -0.3969 -179.9983    0.0441    0.0066   -0.0362    0.0000    0.0000    0.0000    0.0000    0.0000    0.0000    4.1840   -0.0076    0.0076   -1.0129    0.0030    0.0000    0.0000    0.0000    0.2500    0.0223 
   1.9559    0.0025   -0.4489   -0.3433 -179.9974   -0.1390   -0.1765   -0.0362    0.0000    0.0000    0.0000    0.0000    0.0000    0.0000    4.1840   -0.0061    0.0078   -1.0103    0.0030    0.0000    0.0000    0.0000    0.2500    0.0223 
   1.9850    0.0025   -0.3714   -0.3798 -179.9969    0.1051    0.0066    0.2079    0.0000    0.0000    0.0000    0.0000    0.0000    0.0000    4.1840   -0.0073    0.0073   -1.0125    0.0035    0.0000    0.0000    0.0000    0.2500    0.0223 
   2.0100    0.0025   -0.3145   -0.3672 -179.9971    0.0441   -0.0545    0.0248    0.0000    0.0000    0.0000    0.0000    0.0000    0.0000    4.1840   -0.0068    0.0042   -1.0083    0.0035    0.0000    0.0000    0.0000    0.2500    0.0223 
   2.0391    0.0025   -0.3517   -0.3330 -179.9957   -0.0169    0.0066    0.0858    0.0000    0.0000    0.0000    0.0000    0.0000    0.0000    4.1840   -0.0049    0.0071   -1.0112    0.0045    0.0000    0.0000    0.0000    0.2500    0.0226 
   2.0681    0.0025   -0.4127   -0.3790 -179.9982    0.1051    0.0066   -0.0362    0.0000    0.0000    0.0000    0.0000    0.0000    0.0000    4.1840   -0.0066    0.0073   -1.0129    0.0013    0.0000    0.0000    0.0000    0.2500    0.0223 
   2.0931    0.0025   -0.4040   -0.3910 -179.9981    0.1051    0.0676    0.0858    0.0000    0.0000    0.0000    0.0000    0.0000    0.0000    4.1840   -0.0051    0.0068   -1.0093    0.0013    0.0000    0.0000    0.0000    0.2500    0.0223 
   2.1221    0.0025   -0.3997   -0.4244 -179.9976    0.0441    0.0066    0.0858    0.0000    0.0000    0.0000    0.0000    0.0000    0.0012    4.1840   -0.0076    0.0061   -1.0120    0.0011    0.0000    0.0000    0.0000    0.2500    0.0225 
   2.1472    0.0025   -0.3780   -0.3933 -179.9971   -0.1390    0.1897   -0.0362    0.0000    0.0000    0.0000    0.0000    0.0000    0.0137    4.1760   -0.0059    0.0046   -1.0083   -0.0014    0.0000    0.0000    0.0000    0.2500    0.0222 
   2.1763    0.0025   -0.4570   -0.3428 -179.9961   -0.1390    0.0066    0.0248    0.0000    0.0000    0.0000    0.0000    0.0000    0.0263    4.1760   -0.0066    0.0088   -1.0117   -0.0014    0.0000    0.0000    0.0000    0.2500    0.0222 
   2.2056    0.0025   -0.4447   -0.4301 -179.9981   -0.0169    0.0676   -0.0362    0.0000    0.0000    0.0000    0.0000    0.0000    0.0388    4.1760   -0.0071    0.0059   -1.0115   -0.0014    0.0000    0.0000    0.0000    0.2500    0.0221 
   2.2305    0.0025   -0.4712   -0.3733 -179.9989    0.0441   -0.0545    0.0248    0.0000    0.0000    0.0000    0.0000    0.0000    0.0512    4.1760   -0.0066    0.0078   -1.0117   -0.0014    0.0000    0.0000    0.0000    0.2500    0.0221 
   2.2598    0.0025   -0.4090   -0.3836 -179.9975    0.0441    0.0676    0.0858    0.0000    0.0000    0.0000    0.0000    0.0000    0.0637    4.1680   -0.0068    0.0110   -1.0122   -0.0024    0.0000    0.0000    0.0000    0.2500    0.0220 
   2.2890    0.0026   -0.3979   -0.4036 -179.9979    0.0441    0.0676    0.0248    0.0000    0.0000    0.0000    0.0000    0.0000    0.0762    4.1760   -0.0061    0.0063   -1.0112   -0.0017    0.0000    0.0000    0.0000    0.2500    0.0220 
   2.3139    0.0025   -0.3062   -0.4432 -179.9981   -0.0169    0.0066   -0.0973    0.0000    0.0000    0.0000    0.0000    0.0000    0.0887    4.1760   -0.0088    0.0044   -1.0149   -0.0017    0.0000    0.0000    0.0000    0.2500    0.0220 
   2.3431    0.0025   -0.4294   -0.3841 -179.9987    0.1662   -0.0545   -0.0362    0.0000    0.0000   25.4201   22.7408    0.0000    0.1012    4.1760   -0.0046    0.0093   -1.0132   -0.0014    0.0000    0.3254    0.0000    0.2500    0.0219 
   2.3682    0.0025   -0.4250   -0.4650 -180.0029    0.6544    0.4338    0.0248    0.0879   -0.0879    4.5659    2.1359    0.1318    0.1137    4.0880    0.0083    0.0286   -1.0591    0.0161    0.0000    0.1384    0.1297    0.2500    0.0222 
   2.3974    0.0025   -0.4298   -0.4290 -180.0003   -0.1390    0.4948    1.9169    0.0176    0.0527    4.0820    3.8812    0.5273    0.1262    4.0800   -0.0066   -0.0259   -1.0247    0.0161    0.0000    0.1311    0.1347    0.2500    0.0222 
   2.4266    0.0025   -0.3810   -0.4512 -180.0048    0.0441    0.0676   -4.6749    0.0000    0.0703    1.6472    7.1870   -0.2637    0.1387    4.0720   -0.0254   -0.0024   -1.0078    0.0150    0.0000    0.0849    0.0473    0.2500    0.0225 
   2.4516    0.0025   -0.3291   -0.4159 -179.9702    4.0724    2.8142    6.7387    0.0000    0.0352    0.1795   -1.0628    0.2637    0.1512    4.0560    0.0305   -0.0256   -1.1201    0.0150    0.0000    0.0102    0.0938    0.2500    0.0225 
   2.4809    0.0025   -0.3815   -0.5242 -180.0483   -9.2943    3.5466    4.4193   -0.0352    0.1230    2.7128    7.0541   -0.2637    0.1637    3.9280   -0.0767   -0.0513   -0.8955   -0.0215    0.0000    0.3609    0.2756    0.2500    0.0230 
   2.5102    0.0025   -0.4002   -0.5562 -180.0577   17.6833    1.1052    3.5038    0.0527    0.0703    5.6398    6.9240    0.1318    0.1762    4.0240   -0.1560    0.3301   -1.0815    0.0181    0.0000    0.1036    0.3982    0.2500    0.0220 
   2.5353    0.0026   -0.3765   -0.5621 -180.0838   17.8664    1.5935    9.4852    0.0352    0.0527    1.2312    4.4621    0.0000    0.1887    4.0320    0.0430   -0.1418   -0.9949    0.0181    0.0000    0.3657    0.6220    0.2500    0.0220 
   2.5645    0.0025   -0.4219   -0.6059 -180.1321    0.0441    0.1286   -0.8907    0.0527    0.0879    4.9874    5.2879    0.2637    0.2012    3.9760   -0.1506   -0.2188   -1.1909    0.0521    0.0000    0.1665    0.1818    0.2500    0.0227 
   2.5895    0.0025   -0.4651   -0.6092 -180.3818   -5.2049    0.1286  -21.7648    0.0352    0.1055    7.8517    6.2762    0.1318    0.2137    3.9760   -0.0613    0.1995   -1.0107    0.0483    0.0000    0.0028    0.0000    0.2500    0.0236 
   2.6187    0.0025   -0.3973   -0.5666 -180.7850    5.0490   -3.9607   -9.8629    0.0176    0.0879    0.5182    4.7667    0.2637    0.2262    3.9920    0.1150   -0.2268   -1.0393    0.0483    0.0000    0.3782    0.2512    0.2500    0.0236 
   2.6479    0.0024   -0.4361   -0.6270 -181.1666   -5.9373   -0.6648  -15.9054    0.0352    0.1230    5.4190    6.0600    0.1318    0.2387    3.9760    0.0229   -0.0586   -1.0342    0.0865    0.0000    0.2671    0.1660    0.2500    0.0250 
   2.6729    0.0025   -0.3595   -0.6319 -181.2933   -7.5853    6.5984    3.3207    0.0352    0.1582    5.6366    6.9966    0.0000    0.2512    3.9920    0.0442    0.2249   -0.8826    0.0865    0.0000    0.1990    0.1428    0.2500    0.0250 
   2.7022    0.0025   -0.3556   -0.5775 -181.3799   -3.4349    2.8752   -5.5904    0.0176    0.1582    2.0713    5.1947    0.0000    0.2637    3.9840    0.1467   -0.0322   -0.9846    0.1052    0.0000    0.3016    0.2551    0.2500    0.0260 
   2.7314    0.0025   -0.4816   -0.6268 -181.3402    1.6310    0.9831    7.3490    0.1055    0.1055    9.4790    7.8317   -0.1318    0.2762    3.9840   -0.1045    0.0833   -1.0781    0.1093    0.0000    0.3155    0.3105    0.2500    0.0282 
   2.7564    0.0025   -0.4078   -0.6508 -181.2513  -10.3929  -11.2239    2.5272    0.0703    0.0879    4.3008    4.3391    0.3955    0.2887    3.9680    0.0322   -0.0864   -1.0686    0.1093    0.0000    0.3501    0.0576    0.2500    0.0282 
   2.7856    0.0025   -0.3927   -0.6620 -181.2180    3.3400   17.4626    0.0858    0.0703    0.1406    2.9259    5.2968   -0.3955    0.3012    3.9520    0.0176   -0.0100   -0.8960    0.1533    0.0000    0.0803    0.4040    0.2500    0.0290 
   2.8106    0.0025   -0.4102   -0.7023 -181.1900   -9.1722    8.4904    2.5883    0.1582    0.1055    7.5497    5.2863    0.1318    0.3137    3.9520   -0.0784   -0.0781   -1.0259    0.1466    0.0000    0.2816    0.3283    0.2500    0.0315 
   2.8400    0.0025   -0.3758   -0.7131 -181.0116   -3.1297   20.1482    5.3349    0.0527    0.1758    2.6980    4.8538   -0.2637    0.3262    3.9360    0.0679    0.1228   -0.6711    0.1466    0.0000    0.1732    0.4492    0.2500    0.0315 
   2.8691    0.0025   -0.3274   -0.7254 -180.9855    4.0724    8.3684   -0.1583    0.1582    0.0879    5.4540    4.9057    0.1318    0.3387    3.9360    0.0906    0.0137   -0.9194    0.0897    0.0000    0.2444    0.4809    0.2500    0.0324 
   2.8942    0.0025   -0.2629   -0.7333 -180.9570    3.2790    7.6360    1.5507    0.0527    0.1582    0.0750    6.6774    0.0000    0.3512    3.9280    0.0178   -0.0640   -0.8103    0.0897    0.0000    0.2852    0.4730    0.2500    0.0324 
   2.9234    0.0025   -0.2930   -0.7356 -180.9022    0.1662   -1.9466    7.8983    0.0352    0.1934    1.5189   10.5192    0.3955    0.3637    3.9200   -0.0002    0.0129   -1.0308    0.1187    0.0000    0.4638    0.4236    0.2500    0.0324 
   2.9526    0.0025   -0.3289   -0.7060 -180.7598   -9.2332   -3.1673    3.8090    0.0176    0.2285    5.2626    9.7746   -0.5273    0.3762    3.9040   -0.0859    0.0679   -0.9578    0.1008    0.0000    0.4334    0.3082    0.2500    0.0324 
   2.9777    0.0025   -0.2904   -0.6740 -180.6493    9.8097   -0.4207    6.9828    0.0527    0.2988    4.0368   11.8912    0.9229    0.3887    3.8960   -0.1423   -0.0193   -0.8108    0.1008    0.0000    0.4220    0.4838    0.2500    0.0324 
   3.0068    0.0025   -0.2734   -0.7085 -180.4626   -0.5052    9.5891    8.2645    0.0000    0.3516    0.8106   10.1995    0.0000    0.4012    3.8880    0.0010   -0.0205   -0.9778    0.0535    0.0000    0.3360    0.4859    0.2500    0.0324 
   3.0319    0.0025   -0.3294   -0.6324 -180.2281    9.5045  -10.1863    8.9970    0.0527    0.2637    6.2024    6.5613    0.1318    0.4137    3.8800   -0.0159    0.0688   -0.9729    0.0257    0.0000    0.4907    0.3668    0.2500    0.0307 
   3.0611    0.0025   -0.2976   -0.6881 -180.0103    2.8517   -2.4959    8.8139    0.0176    0.2812    0.3129    9.2633    0.0000    0.4262    3.8800   -0.0024   -0.0452   -1.0793    0.0257    0.0000    0.5408    0.4719    0.2500    0.0307 
   3.0903    0.0025   -0.2682   -0.6924 -179.8404    7.0631  -11.1629    5.8231   -0.0352    0.2812   -0.8834    9.7906    0.9229    0.4387    3.8640   -0.1018   -0.1475   -1.1257    0.0016    0.0000    0.5351    0.3797    0.2500    0.0294 
   3.1153    0.0025   -0.1988   -0.5750 -179.6124    0.2882    3.7297    7.2880    0.0000    0.2988   -4.4946    5.9106    0.0000    0.4512    3.8560   -0.0151   -0.0312   -1.1787    0.0016    0.0000    0.4004    0.4684    0.2500    0.0294 
   3.1447    0.0025   -0.1781   -0.5197 -179.4873   -5.6932    0.8611    1.5507   -0.0176    0.2988   -2.2965    5.3144    0.1318    0.4637    3.8400    0.0081   -0.0142   -0.8406   -0.0135    0.0000    0.4813    0.4887    0.2500    0.0273 
   3.1739    0.0025   -0.3051   -0.4088 -179.4303    6.5138   -2.9231    2.5883    0.0000    0.3340    1.4720    7.5916   -0.1318    0.4762    3.8400    0.0156    0.0110   -1.0605   -0.0344    0.0000    0.5042    0.4757    0.2500    0.0256 
   3.1990    0.0025   -0.1094   -0.5005 -179.3401    9.6266   -7.1956    5.1517   -0.0176    0.2988    0.7999    8.3544    0.2637    0.4887    3.8240    0.0378    0.0947   -1.0615   -0.0344    0.0000    0.5343    0.4726    0.2500    0.0256 
   3.2281    0.0024    0.2340   -0.6180 -179.1629   17.3781    1.5935    7.9594   -0.0352    0.3691   -5.6874    9.7184    0.5273    0.5012    3.8160   -0.0503    0.0911   -1.2087   -0.0190    0.0000    0.5196    0.5455    0.2500    0.0236 
   3.2531    0.0025    0.4782   -0.6734 -178.9278    3.9503   -8.2332    8.3256    0.0176    0.3867   -1.6727   15.2403   -0.6592    0.5137    3.8080    0.0400    0.0640   -1.2058    0.0472    0.0000    0.6388    0.5074    0.2500    0.0229 
   3.2823    0.0025    0.1923   -0.7327 -178.6653  -15.8250   -4.3880   11.9877    0.0176    0.3516    2.3072    9.9095    0.5273    0.5263    3.8000   -0.0608   -0.1130   -0.7991    0.0472    0.0000    0.6292    0.5187    0.2500    0.0229 
   3.3115    0.0025   -0.2225   -0.8547 -178.3277   -9.3553   -2.5569   13.2084    0.0703    0.2988    7.3932   10.7399    0.6592    0.5388    3.7920   -0.0129   -0.0371   -0.8440    0.0704    0.0000    0.5997    0.5787    0.2500    0.0237 
   3.3365    0.0025   -0.3083   -0.9684 -177.9549    5.4152   -1.3972   16.6874   -0.0176    0.3516    3.3443   12.4465    0.0000    0.5513    3.7840    0.0789    0.1667   -1.1750    0.0704    0.0000    0.6194    0.6251    0.2500    0.0237 
   3.3659    0.0025    0.1179   -0.9602 -177.5204   13.6549   -5.3035   18.2133    0.0352    0.3516   -4.2150   11.4078   -0.2637    0.5638    3.7760    0.0715   -0.1389   -0.9380    0.0369    0.0000    0.6828    0.6377    0.2500    0.0253 
   3.3952    0.0026   -0.3496   -1.0032 -177.0730  -41.5819    6.5373   17.9081    0.0703    0.3516   19.0578    9.0574   -0.1318    0.5763    3.7680    0.1265   -0.0308   -1.1323   -0.0108    0.0000    0.7106    0.5837    0.2500    0.0252 
   3.4201    0.0025   -1.1165   -1.0331 -176.6283   -7.1581   -4.6321   18.2133   -0.0176    0.4043   12.8784   14.4504   -0.6592    0.5800    3.7760    0.4756   -0.0952   -1.2349   -0.0108    0.0000    0.6498    0.6692    0.2500    0.0252 
   3.4493    0.0025   -0.5509   -0.9637 -176.2030   43.9894   -2.8011   17.1757    0.0176    0.3867   -7.3912   10.7560    0.3955    0.5800    3.7680    0.2998   -0.1670   -1.0383   -0.0341    0.0000    0.6673    0.6786    0.2500    0.0244 
   3.4744    0.0025    0.3632   -0.9175 -175.7876   26.5944    4.9504   16.5043   -0.0176    0.4043  -11.9631    8.5674   -0.2637    0.5800    3.7680    0.9636   -0.0522   -1.1470    0.0098    0.0000    0.6337    0.6898    0.2500    0.0226 
   3.5036    0.0025    0.3424   -0.8895 -175.4172  -15.9471   -1.0921   13.6967   -0.0527    0.3340    0.7219    9.8705    0.0000    0.5800    3.7680   -0.1067    0.0178   -0.7446    0.0098    0.0000    0.6843    0.6049    0.2500    0.0226 
   3.5329    0.0025   -0.1357   -0.8125 -175.0673  -17.9613    4.9504   15.2836   -0.0703    0.3516    6.3276    8.0460    0.2637    0.5800    3.7680   -0.0872   -0.0742   -0.9968   -0.0428    0.0000    0.6684    0.6242    0.2500    0.0237 
   3.5579    0.0025   -0.4124   -0.7938 -174.7230    0.5324   -1.8245   13.2084   -0.1406    0.3516    0.1696   11.4587    0.0000    0.5800    3.7600   -0.0698   -0.0972   -0.9746   -0.0428    0.0000    0.6648    0.6502    0.2500    0.0237 
   3.5872    0.0025   -0.1805   -0.8028 -174.4229   10.7253    0.1897   10.4618   -0.1582    0.4043   -3.0759   10.5128   -0.1318    0.5800    3.7600    0.3608   -0.0486   -0.7615   -0.0047    0.0000    0.6292    0.6559    0.2500    0.0229 
   3.6164    0.0025   -0.0613   -0.6823 -174.1678    3.8893    6.0490    9.7904   -0.1230    0.4570   -2.7262   11.3593   -0.5273    0.5800    3.7600   -0.1860   -0.0886   -1.2424   -0.1090    0.0000    0.6716    0.5897    0.2500    0.0248 
   3.6414    0.0025    0.0438   -0.6672 -173.9498    6.0866    0.1897    8.2035   -0.0527    0.3867    0.0561   10.9702   -0.2637    0.5800    3.7680    0.0100    0.1729   -1.0586   -0.1090    0.0000    0.6613    0.6113    0.2500    0.0248 
   3.6706    0.0025    0.0190   -0.6084 -173.7309   -3.2518    3.1804    8.1425   -0.1055    0.4219    1.5416    8.5060   -0.3955    0.5800    3.7600    0.2087    0.0640   -0.6541    0.0094    0.0000    0.6465    0.6372    0.2500    0.0238 
   3.6956    0.0025   -0.0926   -0.4984 -173.5390   -8.9891    2.9973    7.4100   -0.0527    0.4043    2.0467    7.9063    0.1318    0.5800    3.7600   -0.2302   -0.0686   -1.2258    0.1009    0.0000    0.7030    0.5753    0.2500    0.0286 
   3.7248    0.0025   -0.1602   -0.3669 -173.3660   -2.6414    4.8894    7.1049    0.0527    0.4043    1.0906    9.1585   -0.1318    0.5800    3.7600   -0.1321   -0.1436   -1.0249    0.1009    0.0000    0.6619    0.6073    0.2500    0.0286 
   3.7540    0.0025   -0.1377   -0.2244 -173.2202    2.7907    4.4011    5.7621    0.1230    0.4043    2.2648    9.1888   -0.1318    0.5800    3.7600   -0.1541   -0.0083   -1.1655    0.2207    0.0000    0.6855    0.5823    0.2500    0.0354 
   3.7790    0.0025   -0.0762   -0.0513 -173.0949    4.6828    6.7815    5.3349    0.0352    0.4043   -0.5439    4.2027   -0.5273    0.5800    3.7520   -0.0288   -0.1626   -1.0784    0.2207    0.0000    0.6358    0.6433    0.2500    0.0354 
   3.8083    0.0024   -0.0152    0.0290 -172.9754    1.3258    5.6828    4.7245    0.0703    0.3516   -0.2964    3.4305    0.2637    0.5800    3.7520   -0.0874   -0.1636   -1.1201    0.2450    0.0000    0.6430    0.6015    0.2500    0.0471 
   3.8375    0.0025    0.0115    0.1156 -172.8717    6.5138    2.0207    4.6635    0.0703    0.4043    0.4664    7.8862   -0.2637    0.5800    3.7520   -0.6218   -0.0806   -1.2429    0.1585    0.0000    0.6670    0.6363    0.2500    0.0586 
   3.8625    0.0025    0.1318    0.3001 -172.7714    6.8800    4.8894    4.5414    0.0703    0.4043   -3.3003    0.3829    0.0000    0.5800    3.7520    0.1575   -0.2180   -0.8982    0.1585    0.0000    0.6389    0.6355    0.2500    0.0586 
   3.8917    0.0025    0.2013    0.4927 -172.6897    2.1193    5.6218    3.4428    0.0703    0.3516   -1.7653   -2.2726   -0.1318    0.5800    3.7520    0.0388   -0.2720   -1.1277    0.1050    0.0000    0.6135    0.6359    0.2500    0.0676 
   3.9169    0.0025    0.1576    0.4373 -172.6150    1.2038    3.0583    3.3817    0.0176    0.3516    1.1260    2.6056   -0.3955    0.5800    3.7520   -0.0081    0.0632   -1.3110    0.2263    0.0000    0.6170    0.6604    0.2500    0.0760 
   3.9461    0.0025    0.0983    0.4704 -172.5496   -1.9090   11.8474    2.2221    0.0352    0.3691   -0.4745    0.2665   -0.1318    0.5800    3.7440   -0.0774   -0.1335   -0.8652    0.2263    0.0000    0.5602    0.6576    0.2500    0.0760 
   3.9754    0.0025    0.0802    0.5387 -172.4880    3.6452   -1.7024    1.1234    0.0000    0.4043   -3.9986    2.3010   -0.3955    0.5800    3.7520    0.1868   -0.1470   -1.1169    0.2832    0.0000    0.6539    0.5535    0.2500    0.0862 
   4.0003    0.0025    0.0533    0.6558 -172.4277    1.4479    3.7907    2.1610   -0.0176    0.4219   -0.5102   -0.2744   -0.2637    0.5800    3.7520   -0.2546    0.0237   -0.9951    0.2832    0.0000    0.6507    0.5775    0.2500    0.0862 
   4.0296    0.0025    0.0690    0.7713 -172.3708   -0.8104    3.7297    1.7338    0.0000    0.4043   -0.0739   -0.6306   -0.3955    0.5800    3.7520    0.0737    0.1252   -1.0872    0.2662    0.0000    0.6244    0.6022    0.2500    0.0984 
   4.0588    0.0025    0.0766    0.8874 -172.3094    0.8986    2.6311    3.0155    0.0703    0.4219    1.3947   -2.5216    0.0000    0.5800    3.7440    0.0981    0.0803   -0.9856    0.2893    0.0000    0.6270    0.6082    0.2500    0.1088 
   4.0838    0.0025    0.0755    0.7408 -172.2324    2.3024   -8.6604    2.5883    0.1055    0.3867    1.0223    2.6299   -0.5273    0.5800    3.7520    0.0229    0.0166   -1.3181    0.2893    0.0000    0.6644    0.5775    0.2500    0.1088 
   4.1132    0.0025    0.0147    0.6240 -172.1527   -3.9232    4.4011    2.7714    0.0527    0.4219    1.1414    4.3875    0.1318    0.5800    3.7520    0.1104    0.1765   -1.0881    0.3634    0.0000    0.6161    0.6056    0.2500    0.1204 
   4.1382    0.0025   -0.0353    0.6395 -172.0544   -7.2801    2.7531    4.2362    0.0527    0.4043    0.7137   -0.4130   -0.1318    0.5800    3.7440   -0.0090   -0.1128   -1.0039    0.3556    0.0000    0.6242    0.6247    0.2500    0.1319 
   4.1674    0.0025   -0.1379    0.7260 -171.9651   -2.6414    0.1286    4.2362    0.1582    0.4219    7.3411   -0.0321    0.0000    0.5800    3.7440    0.2388    0.0042   -1.3428    0.3556    0.0000    0.5987    0.6500    0.2500    0.1319 
   4.1967    0.0025   -0.1763    0.5399 -171.8754   -3.4959   -2.6790    3.2597    0.0352    0.4570    2.5160    3.8942   -0.1318    0.5800    3.7440    0.3398    0.1226   -1.1213    0.4072    0.0000    0.6619    0.5851    0.2500    0.1437 
   4.2219    0.0025   -0.1902    0.5140 -171.7693   -3.6790   -1.1531    4.6024    0.0352    0.3867    1.1591    1.5471    0.0000    0.5800    3.7440    0.0237   -0.1104   -0.8979    0.4072    0.0000    0.6688    0.5963    0.2500    0.1437 
   4.2511    0.0025   -0.2398    0.4526 -171.6627   -1.6649   -0.5428    4.5414    0.0352    0.3691    1.8361    1.0029    0.0000    0.5800    3.7520    0.0764   -0.1755   -1.0039    0.5000    0.0000    0.6452    0.6188    0.2500    0.1552 
   4.2804    0.0025   -0.2628    0.4118 -171.5546    0.5934   -2.2517    4.1752    0.0000    0.4395    0.5432    3.1286   -0.1318    0.5800    3.7520    0.1240   -0.1396   -1.2737    0.3617    0.0000    0.6520    0.6112    0.2500    0.1692 
   4.3055    0.0026   -0.3484    0.4019 -171.4562   -3.6180   -4.4490    4.0531    0.0000    0.3516    3.5475   -1.1112    0.0000    0.5800    3.7440   -0.1992   -0.0911   -1.0740    0.3617    0.0000    0.6836    0.5937    0.2500    0.1692 
   4.3346    0.0025   -0.4826    0.3201 -171.3738   -2.8856   -1.4583    3.1376   -0.0879    0.4219   -0.4997    6.9667   -0.7910    0.5800    3.7440   -0.2886   -0.1460   -0.9841    0.3154    0.0000    0.6347    0.6347    0.2500    0.1786 
   4.3597    0.0025   -0.5709    0.2827 -171.3176   -3.2518   -1.8245    2.3441   -0.1055    0.4219    4.4091    5.7491    0.0000    0.5800    3.7440   -0.0212   -0.0535   -1.0283    0.4243    0.0000    0.6695    0.6029    0.2500    0.2148 
   4.3888    0.0025   -0.5896    0.3033 -171.2672   -3.3128    1.8376    1.2455   -0.1406    0.4043    1.9526    3.9663   -0.6592    0.5800    3.7440   -0.1516   -0.0132   -0.8357    0.4243    0.0000    0.6909    0.5374    0.2500    0.2148 
   4.4180    0.0025   -0.5565    0.4254 -171.2197    1.1427   -0.7259    2.7714   -0.1406    0.4043    2.2457    3.6474    0.1318    0.5800    3.7440   -0.1655   -0.1794   -0.9626    0.4967    0.0000    0.6585    0.5824    0.2500    0.2476 
   4.4430    0.0025   -0.5512    0.3281 -171.1740    1.1427   -1.3972    1.9779   -0.2109    0.4043    3.6076    4.7205   -0.1318    0.5800    3.7360   -0.2021    0.0474   -1.2317    0.4967    0.0000    0.6650    0.6037    0.2500    0.2476 
   4.4722    0.0025   -0.5312    0.3729 -171.1308   -5.5101    0.8611    2.4052   -0.1230    0.3691    4.3871    2.7133    0.1318    0.1764    4.0000   -0.1414   -0.0947   -0.6882    0.5178    0.0000    0.2672    0.1821    0.2500    0.2792 
   4.5013    0.0024   -0.6475    0.2905 -171.1094   -7.4022    3.4245   -0.4025   -0.5977    0.3516   -0.8684    3.6240   -0.1318    0.5056    3.8160   -0.0254    0.0315   -0.7295    0.4407    0.0000    0.5893    0.4886    0.2500    0.3063 
   4.5263    0.0025   -0.6685    0.3198 -171.1354   -6.0594    5.6218   -1.8063   -0.6504    0.3164   -0.0387   -2.3682    0.3955    0.5056    3.7760    0.0190   -0.0300   -0.6521    0.4407    0.0000    0.5360    0.5297    0.2500    0.3063 
   4.5556    0.0026   -0.6670    0.4261 -171.1902   -5.8763    3.7907   -2.9049   -0.7910    0.3340   -4.8183   -2.8951    0.0000    0.2468    3.9600   -0.0261   -0.0620   -0.7058    0.4243    0.0000    0.2556    0.2851    0.2500    0.3301 
   4.5805    0.0025   -0.8044    0.3702 -171.2563   -6.4867    4.5232   -3.0270   -1.0195    0.3340   -0.8183    0.6262    0.0000    0.5614    3.9760    0.0227    0.0398   -0.5935    0.3095    0.0000    0.5845    0.5825    0.2500    0.3515 
   4.6099    0.0025   -0.7307    0.4163 -171.3355   -4.2894    2.9362   -2.7828   -1.0547    0.3164   -2.6253   -0.6980   -0.1318    0.5614    3.7200    0.0593   -0.0100   -0.6780    0.3095    0.0000    0.6027    0.5887    0.2500    0.3515 
   4.6390    0.0025   -0.7336    0.3666 -171.3975   -4.2284   -3.5945   -1.8063   -1.0898    0.3691   -3.4347    4.8604   -0.2637    0.3329    3.8880   -0.0684   -0.0593   -0.6963    0.2777    0.0000    0.3940    0.3061    0.2500    0.3630 
   4.6640    0.0025   -0.7938    0.2541 -171.4588   -3.8622    1.5324   -2.7218   -0.9844    0.2988    0.8793    3.1011    0.1318    0.3329    3.9120   -0.0369   -0.0283   -0.7119    0.2777    0.0000    0.3829    0.3244    0.2500    0.3630 
   4.6933    0.0025   -0.7660    0.3515 -171.5154   -6.6698    0.3117   -2.4166   -1.0547    0.3516   -2.1597    3.5237   -0.2637    0.6081    3.6880   -0.0991    0.0332   -0.8362    0.1830    0.0000    0.6925    0.5698    0.2500    0.3746 
   4.7225    0.0025   -0.8925    0.2794 -171.5558   -4.6556   -1.8245   -0.9518   -1.0020    0.3164    0.0547    3.4136   -0.1318    0.4102    3.7120   -0.0347   -0.2053   -0.9014    0.1514    0.0000    0.4702    0.4298    0.2500    0.3805 
   4.7475    0.0024   -0.9877    0.1725 -171.5841   -3.2518   -0.8479   -1.9283   -1.0195    0.2988    1.6026    4.5049   -0.3955    0.4102    3.8560    0.0117    0.0791   -1.0581    0.1514    0.0000    0.4625    0.4184    0.2500    0.3805 
   4.7767    0.0025   -1.0419    0.1817 -171.6191    1.6310   -0.9090   -0.3414   -0.9844    0.3340    0.2209    2.7944    0.2637    0.6521    3.6720    0.0493   -0.1074   -0.8354    0.0657    0.0000    0.7079    0.6854    0.2500    0.3833 
   4.8019    0.0025   -1.0030    0.1491 -171.6020    0.7765   -2.2517    0.6962   -1.0195    0.3516    1.4139    2.4168   -0.1318    0.4710    3.6800    0.2986    0.1245   -1.0085    0.0476    0.0000    0.5162    0.5184    0.2500    0.3814 
   4.8312    0.0025   -0.9470    0.1078 -171.5540    0.5324   -1.0310    0.8183   -0.9668    0.3516    0.3386    3.7691    0.2637    0.4710    3.8160    0.2578    0.1169   -0.8691    0.0476    0.0000    0.5297    0.5000    0.2500    0.3814 
   4.8604    0.0024   -0.8849    0.0493 -171.5381   -0.4442   -0.4817    1.1845   -1.0547    0.3164   -3.3971    6.9334   -0.1318    0.6516    3.6880   -0.2954   -0.0989   -0.8765    0.0192    0.0000    0.7605    0.6670    0.2500    0.3762 
   4.8854    0.0025   -1.0371   -0.0403 -171.5036   -5.3270   -6.5242    1.6727   -0.9668    0.3164    4.4010    5.5918    0.2637    0.6516    3.6800    0.1409    0.2559   -1.1313    0.0192    0.0000    0.7386    0.6449    0.2500    0.3762 
   4.9148    0.0025   -1.0460   -0.1179 -171.4398   -1.2987   -0.1155    2.2831   -0.9844    0.3691    1.9076   11.0060    0.1318    0.5840    3.7360   -0.6572   -0.0522   -1.1858   -0.0879    0.0000    0.6566    0.5706    0.2500    0.3711 
   4.9440    0.0025   -1.1251   -0.1704 -171.3638   -5.8153   -1.3362    3.9921   -0.9668    0.3691    4.6163   10.0226   -0.3955    0.6320    3.7360   -0.2366   -0.0012   -1.1140   -0.0541    0.0000    0.7786    0.6162    0.2500    0.3602 
   4.9690    0.0025   -1.1537   -0.1314 -171.2538    2.5465   -0.7869    4.8466   -1.0020    0.3164    1.2553    4.6182    0.1318    0.6320    3.6960    0.4448   -0.1047   -1.2051   -0.0541    0.0000    0.7082    0.6686    0.2500    0.3602 
   4.9982    0.0025   -1.1078   -0.0694 -171.1300   -1.1156   -2.7400    4.9076   -1.0020    0.3691    1.3173    7.7586   -0.2637    0.5792    3.7440   -0.3010    0.0356   -0.6606   -0.0458    0.0000    0.7003    0.5942    0.2500    0.3522 
   5.0232    0.0025   -1.1540   -0.0995 -171.0056   -4.4725    0.6779    4.6024   -0.9668    0.2988    4.0243    3.8567    0.1318    0.6546    3.7440    0.1638    0.0220   -0.9863   -0.0860    0.0000    0.7157    0.6873    0.2500    0.3429 
   5.0524    0.0025   -1.2200   -0.1347 -170.8870   -3.9232    5.4997    4.9686   -0.9668    0.2812    3.8098    4.5944    0.1318    0.6546    3.6880    0.4685    0.0574   -1.1580   -0.0860    0.0000    0.7091    0.7327    0.2500    0.3429 
   5.0816    0.0025   -1.2243   -0.1172 -170.7656    0.2272    3.4245    4.3583   -0.9316    0.2988    4.1414    5.3065    0.1318    0.5232    3.7760   -0.0227    0.0522   -0.8738    0.0072    0.0000    0.6212    0.5356    0.2500    0.3328 
   5.1066    0.0025   -1.1695    0.0880 -170.6894    1.8141    4.7063    1.8559   -0.9668    0.3691    0.1945    3.6757   -0.6592    0.5232    3.7760    0.5303    0.0073   -1.2886    0.0072    0.0000    0.6138    0.5143    0.2500    0.3328 
   5.1359    0.0025   -1.0555    0.2352 -170.6376    7.4904    0.1286    2.5272   -0.9668    0.2988   -0.0844    0.7396    0.1318    0.7471    3.6000    0.0100    0.0356   -1.5098   -0.1531    0.0000    0.8408    0.7486    0.2500    0.3247 
   5.1651    0.0025   -0.8531    0.2718 -170.5847   13.1667   12.2746    2.5272   -0.9668    0.4043   -6.3606    3.2364   -0.3955    0.6145    3.7120   -0.4170   -0.1091   -1.4653   -0.1991    0.0000    0.6361    0.7165    0.2500    0.3122 
   5.1901    0.0025   -0.5415    0.7642 -170.5109   11.4577   16.1809    3.6259   -0.9316    0.3516   -4.4455   -4.5332    0.0000    0.6145    3.7120   -0.1897    0.1389   -1.1936   -0.1991    0.0000    0.6714    0.6903    0.2500    0.3122 
   5.2194    0.0025   -0.3326    1.0296 -170.4192    1.1427   -2.0076    1.1845   -0.9316    0.3164   -4.1029   -5.8995   -0.5273    0.7600    3.6000   -0.0977    0.2646   -1.0591   -0.2306    0.0000    0.8515    0.7109    0.2500    0.2991 
   5.2444    0.0025   -0.1378    0.9229 -170.3688   11.0915    0.9831    2.8934   -0.8789    0.2812   -8.8588   -4.1911    0.0000    0.7393    3.6160   -0.6221   -0.0208   -0.7168   -0.3586    0.0000    0.7738    0.8325    0.2500    0.2842 
   5.2736    0.0025    0.1089    0.8703 -170.3007    7.9176   -3.5335    4.6024   -0.9316    0.3340  -11.0942   -1.9318    0.0000    0.7393    3.6400    0.2424   -0.2612   -1.3000   -0.3586    0.0000    0.8494    0.8233    0.2500    0.2842 
