   -1.0105    0.0010    0.0000    0.0000    0.0000    0.2500    0.0202 
  19.2162    0.0026   -0.4331   -0.1826 -179.1777   -0.1626    0.0098   -0.0412    0.0000    0.0000    0.0000    0.0000    0.0000    0.0000    4.2000   -0.0022    0.0081   -1.0139    0.0025    0.0000    0.0000    0.0000    0.2500    0.0202 
  19.2452    0.0025   -0.4062   -0.1625 -179.1766   -0.0405    0.0098    0.0198    0.0000    0.0000    0.0000    0.0000    0.0000    0.0000    4.2080   -0.0034    0.0061   -1.0142    0.0017    0.0000    0.0000    0.0000    0.2500    0.0200 
  19.2702    0.0025   -0.4140   -0.1195 -179.1761   -0.1626    0.1319    0.0809    0.0000    0.0000    0.0000    0.0000    0.0000    0.0000    4.2080   -0.0012    0.0095   -1.0125    0.0017    0.0000    0.0000    0.0000    0.2500    0.0200 
  19.2991    0.0025   -0.3315   -0.1796 -179.1752   -0.1015    0.0098   -0.1022    0.0000    0.0000    0.0000    0.0000    0.0000    0.0000    4.2080   -0.0032    0.0059   -1.0120    0.0019    0.0000    0.0000    0.0000    0.2500    0.0200 
  19.3242    0.0025   -0.3927   -0.1973 -179.1745   -0.0405    0.0709    0.0198    0.0000    0.0000    0.0000    0.0000    0.0000    0.0000    4.2080   -0.0037    0.0078   -1.0132    0.0028    0.0000    0.0000    0.0000    0.2500    0.0201 
  19.3531    0.0025   -0.4179   -0.1415 -179.1734    0.0205    0.0709   -0.0412    0.0000    0.0000    0.0000    0.0000    0.0000    0.0000    4.2080   -0.0015    0.0039   -1.0125    0.0028    0.0000    0.0000    0.0000    0.2500    0.0201 
  19.3821    0.0025   -0.4451   -0.2117 -179.1732   -0.0405    0.0709    0.1419    0.0000    0.0000    0.0000    0.0000    0.0000    0.0000    4.2080   -0.0034    0.0081   -1.0093    0.0034    0.0000    0.0000    0.0000    0.2500    0.0201 
  19.4071    0.0025   -0.4252   -0.1933 -179.1725   -0.0405    0.0709   -0.0412    0.0000    0.0000    0.0000    0.0000    0.0000    0.0000    4.2080   -0.0022    0.0081   -1.0144    0.0034    0.0000    0.0000    0.0000    0.2500    0.0201 
  19.4362    0.0025   -0.3892   -0.1493 -179.1700   -0.0405   -0.0512   -0.1022    0.0000    0.0000    0.0000    0.0000    0.0000    0.0000    4.2000   -0.0037    0.0051   -1.0122    0.0038    0.0000    0.0000    0.0000    0.2500    0.0202 
  19.4653    0.0025   -0.3435   -0.1238 -179.1694    0.0205    0.0098    0.0809    0.0000    0.0000    0.0000    0.0000    0.0000    0.0000    4.2080   -0.0015    0.0061   -1.0110    0.0032    0.0000    0.0000    0.0000    0.2500    0.0202 
  19.4903    0.0025   -0.3861   -0.1701 -179.1686    0.0205    0.1319    0.0809    0.0000    0.0000    0.0000    0.0000    0.0000    0.0000    4.2080   -0.0029    0.0068   -1.0115    0.0032    0.0000    0.0000    0.0000    0.2500    0.0202 
  19.5192    0.0025   -0.4085   -0.1920 -179.1678   -0.0405   -0.0512    0.1419    0.0000    0.0000    0.0000    0.0000    0.0000    0.0000    4.2080   -0.0037    0.0071   -1.0110    0.0039    0.0000    0.0000    0.0000    0.2500    0.0203 
  19.5443    0.0025   -0.3945   -0.2063 -179.1678    0.0205    0.2540   -0.1022    0.0000    0.0000    0.0000    0.0000    0.0000    0.0000    4.2080   -0.0027    0.0085   -1.0115    0.0039    0.0000    0.0000    0.0000    0.2500    0.0203 
  19.5733    0.0025   -0.4152   -0.1913 -179.1658    0.0816    0.0709    0.0809    0.0000    0.0000    0.0000    0.0000    0.0000    0.0000    4.2080   -0.0034    0.0073   -1.0098    0.0039    0.0000    0.0000    0.0000    0.2500    0.0203 
  19.6022    0.0025   -0.4313   -0.1923 -179.1657   -0.0405    0.0709    0.0809    0.0000    0.0000    0.0000    0.0000    0.0000    0.0000    4.2080   -0.0032    0.0068   -1.0081    0.0039    0.0000    0.0000    0.0000    0.2500    0.0203 
  19.6274    0.0025   -0.4172   -0.1394 -179.1643    0.0205    0.0709    0.1419    0.0000    0.0000    0.0000    0.0000    0.0000    0.0000    4.2080   -0.0012    0.0073   -1.0137    0.0039    0.0000    0.0000    0.0000    0.2500    0.0203 
  19.6565    0.0025   -0.3835   -0.2061 -179.1643    0.0205    0.0709    0.0198    0.0000    0.0000    0.0000    0.0000    0.0000    0.0000    4.2080   -0.0029    0.0059   -1.0112    0.0040    0.0000    0.0000    0.0000    0.2500    0.0203 
  19.6855    0.0025   -0.4161   -0.1536 -179.1635   -0.0405   -0.1122    0.0198    0.0000    0.0000    0.0000    0.0000    0.0000    0.0000    4.2080   -0.0022    0.0090   -1.0129    0.0053    0.0000    0.0000    0.0000    0.2500    0.0206 
  19.7105    0.0025   -0.4146   -0.2175 -179.1633   -0.1626    0.0098   -0.0412    0.0000    0.0000    0.0000    0.0000    0.0000    0.0000    4.2080   -0.0042    0.0105   -1.0095    0.0053    0.0000    0.0000    0.0000    0.2500    0.0206 
  19.7395    0.0025   -0.3937   -0.1092 -179.1610    0.0205    0.1319    0.0809    0.0000    0.0000    0.0000    0.0000    0.0000    0.0000    4.2080   -0.0010    0.0071   -1.0132    0.0067    0.0000    0.0000    0.0000    0.2500    0.0208 
  19.7645    0.0025   -0.4365   -0.0824 -179.1603   -0.0405   -0.0512    0.2029    0.0000    0.0000    0.0000    0.0000    0.0000    0.0000    4.2080   -0.0020    0.0100   -1.0112    0.0059    0.0000    0.0000    0.0000    0.2500    0.0208 
  19.7935    0.0025   -0.4500   -0.1216 -179.1589    0.0205    0.1929   -0.0412    0.0000    0.0000    0.0000    0.0000    0.0000    0.0000    4.2080   -0.0024    0.0083   -1.0107    0.0059    0.0000    0.0000    0.0000    0.2500    0.0208 
  19.8226    0.0025   -0.3953   -0.2166 -179.1588    0.0205   -0.0512    0.0198    0.0000    0.0000    0.0000    0.0000    0.0000    0.0000    4.2080   -0.0044    0.0056   -1.0093    0.0051    0.0000    0.0000    0.0000    0.2500    0.0208 
  19.8476    0.0025   -0.4245   -0.1633 -179.1581    0.0816    0.0098   -0.0412    0.0000    0.0000    0.0000    0.0000    0.0000    0.0000    4.2080   -0.0022    0.0063   -1.0066    0.0051    0.0000    0.0000    0.0000    0.2500    0.0208 
  19.8767    0.0025   -0.3433   -0.1331 -179.1570   -0.1626    0.0709    0.0198    0.0000    0.0000    0.0000    0.0000    0.0000    0.0000    4.2080   -0.0017    0.0049   -1.0146    0.0036    0.0000    0.0000    0.0000    0.2500    0.0207 
  19.9057    0.0025   -0.4171   -0.1472 -179.1558    0.1426   -0.1733    0.0198    0.0000    0.0000    0.0000    0.0000    0.0000    0.0000    4.2080   -0.0007    0.0051   -1.0115    0.0048    0.0000    0.0000    0.0000    0.2500    0.0209 
  19.9307    0.0025   -0.4085   -0.1481 -179.1552   -0.0405    0.0709    0.0198    0.0000    0.0000    0.0000    0.0000    0.0000    0.0000    4.2080   -0.0022    0.0071   -1.0093    0.0048    0.0000    0.0000    0.0000    0.2500    0.0209 
  19.9597    0.0025   -0.4614   -0.1722 -179.1544   -0.1015    0.0098    0.0809    0.0000    0.0000    0.0000    0.0000    0.0000    0.0000    4.2080   -0.0039    0.0088   -1.0115    0.0045    0.0000    0.0000    0.0000    0.2500    0.0208 
  19.9849    0.0025   -0.4134   -0.2357 -179.1550   -0.1015    0.0098    0.1419    0.0000    0.0000    0.0000    0.0000    0.0000    0.0000    4.2080   -0.0049    0.0068   -1.0117    0.0040    0.0000    0.0000    0.0000    0.2500    0.0207 
  20.0139    0.0025   -0.4169   -0.1964 -179.1529    0.2036    0.0098    0.0809    0.0000    0.0000    0.0000    0.0000    0.0000    0.0000    4.2080   -0.0037    0.0068   -1.0088    0.0040    0.0000    0.0000    0.0000    0.2500    0.0207 
  20.0429    0.0025   -0.3687   -0.1568 -179.1517   -0.0405   -0.1122    0.0198    0.0000    0.0000    0.0000    0.0000    0.0000    0.0000    4.2080   -0.0039    0.0081   -1.0103    0.0032    0.0000    0.0000    0.0000    0.2500    0.0206 
  20.0679    0.0025   -0.3801   -0.1592 -179.1513   -0.0405    0.0709   -0.0412    0.0000    0.0000    0.0000    0.0000    0.0000    0.0000    4.2080   -0.0029    0.0066   -1.0110    0.0032    0.0000    0.0000    0.0000    0.2500    0.0206 
  20.0971    0.0025   -0.3713   -0.2249 -179.1508   -0.1015    0.0098    0.0809    0.0000    0.0000    0.0000    0.0000    0.0000    0.0000    4.2080   -0.0046    0.0063   -1.0112    0.0032    0.0000    0.0000    0.0000    0.2500    0.0206 
  20.1261    0.0025   -0.3907   -0.1963 -179.1487   -0.1015    0.0098    0.0198    0.0000    0.0000    0.0000    0.0000    0.0000    0.0000    4.2080   -0.0010    0.0071   -1.0098    0.0029    0.0000    0.0000    0.0000    0.2500    0.0205 
  20.1511    0.0025   -0.4807   -0.1511 -179.1489   -0.0405    0.1319   -0.0412    0.0000    0.0000    0.0000    0.0000    0.0000    0.0000    4.2000   -0.0034    0.0100   -1.0134    0.0029    0.0000    0.0000    0.0000    0.2500    0.0205 
  20.1802    0.0025   -0.4417   -0.1718 -179.1478   -0.1015    0.0098    0.0809    0.0000    0.0000    0.0000    0.0000    0.0000    0.0000    4.2080   -0.0032    0.0078   -1.0115    0.0044    0.0000    0.0000    0.0000    0.2500    0.0207 
  20.2053    0.0025   -0.4087   -0.1457 -179.1468   -0.1015   -0.0512    0.0198    0.0000    0.0000    0.0000    0.0000    0.0000    0.0000    4.2080   -0.0005    0.0085   -1.0098    0.0033    0.0000    0.0000    0.0000    0.2500    0.0206 
  20.2343    0.0025   -0.4203   -0.1808 -179.1464    0.0205    0.0709   -0.0412    0.0000    0.0000    0.0000    0.0000    0.0000    0.0000    4.2080   -0.0061    0.0073   -1.0081    0.0033    0.0000    0.0000    0.0000    0.2500    0.0206 
  20.2634    0.0025   -0.3963   -0.1315 -179.1457   -0.0405    0.0098    0.0198    0.0000    0.0000    0.0000    0.0000    0.0000    0.0000    4.2080   -0.0024    0.0061   -1.0127    0.0051    0.0000    0.0000    0.0000    0.2500    0.0208 
  20.2884    0.0025   -0.4701   -0.2137 -179.1456    0.0205   -0.0512    0.2029    0.0000    0.0000    0.0000    0.0000    0.0000    0.0000    4.2080   -0.0034    0.0081   -1.0083    0.0051    0.0000    0.0000    0.0000    0.2500    0.0208 
  20.3175    0.0025   -0.4094   -0.1504 -179.1431   -0.1015    0.0098    0.1419    0.0000    0.0000    0.0000    0.0000    0.0000    0.0000    4.2000   -0.0022    0.0063   -1.0154    0.0050    0.0000    0.0000    0.0000    0.2500    0.0207 
  20.3465    0.0025   -0.4837   -0.2071 -179.1435    0.0816    0.1319    0.0198    0.0000    0.0000    0.0000    0.0000    0.0000    0.0000    4.2000   -0.0054    0.0090   -1.0103    0.0050    0.0000    0.0000    0.0000    0.2500    0.0209 
  20.3715    0.0025   -0.4243   -0.2134 -179.1440   -0.0405   -0.0512    0.0198    0.0000    0.0000    0.0000    0.0000    0.0000    0.0000    4.2080   -0.0046    0.0054   -1.0122    0.0050    0.0000    0.0000    0.0000    0.2500    0.0209 
  20.4006    0.0025   -0.4362   -0.1768 -179.1413    0.0205   -0.0512    0.2029    0.0000    0.0000    0.0000    0.0000    0.0000    0.0000    4.2080   -0.0037    0.0034   -1.0110    0.0059    0.0000    0.0000    0.0000    0.2500    0.0211 
  20.4256    0.0025   -0.3735   -0.2554 -179.1404    0.0816   -0.0512    0.0198    0.0000    0.0000    0.0000    0.0000    0.0000    0.0000    4.2080   -0.0046    0.0066   -1.0103    0.0056    0.0000    0.0000    0.0000    0.2500    0.0212 
  20.4549    0.0025   -0.4048   -0.1532 -179.1384    0.0205   -0.0512    0.2029    0.0000    0.0000    0.0000    0.0000    0.0000    0.0000    4.2000   -0.0027    0.0049   -1.0112    0.0056    0.0000    0.0000    0.0000    0.2500    0.0212 
  20.4838    0.0025   -0.3926   -0.1487 -179.1376   -0.0405    0.0709   -0.0412    0.0000    0.0000    0.0000    0.0000    0.0000    0.0000    4.2080   -0.0034    0.0059   -1.0142    0.0065    0.0000    0.0000    0.0000    0.2500    0.0213 
  20.5088    0.0025   -0.4593   -0.1234 -179.1369   -0.0405    0.1929    0.0198    0.0000    0.0000    0.0000    0.0000    0.0000    0.0000    4.2000   -0.0012    0.0095   -1.0134    0.0065    0.0000    0.0000    0.0000    0.2500    0.0213 
  20.5379    0.0025   -0.4603   -0.2141 -179.1360   -0.0405   -0.0512    0.0198    0.0000    0.0000    0.0000    0.0000    0.0000    0.0000    4.2080   -0.0046    0.0105   -1.0112    0.0064    0.0000    0.0000    0.0000    0.2500    0.0217 
  20.5669    0.0025   -0.4742   -0.1970 -179.1343    0.0205    0.0709    0.1419    0.0000    0.0000    0.0000    0.0000    0.0000    0.0000    4.2080   -0.0034    0.0095   -1.0112    0.0048    0.0000    0.0000    0.0000    0.2500    0.0214 
  20.5919    0.0025   -0.4222   -0.2264 -179.1328   -0.0405    0.0098    0.0198    0.0000    0.0000    0.0000    0.0000    0.0000    0.0000    4.2080   -0.0039    0.0076   -1.0110    0.0048    0.0000    0.0000    0.0000    0.2500    0.0214 
  20.6211    0.0025   -0.3948   -0.1443 -179.1316   -0.0405    0.1319    0.0198    0.0000    0.0000    0.0000    0.0000    0.0000    0.0000    4.2080   -0.0022    0.0054   -1.0110    0.0061    0.0000    0.0000    0.0000    0.2500    0.0217 
  20.6461    0.0025   -0.3843   -0.1492 -179.1298   -0.1015   -0.0512    0.0198    0.0000    0.0000    0.0000    0.0000    0.0000    0.0000    4.2080   -0.0017    0.0076   -1.0125    0.0049    0.0000    0.0000    0.0000    0.2500    0.0214 
  20.6751    0.0025   -0.3987   -0.0867 -179.1282   -0.1626    0.0098    0.0809    0.0000    0.0000    0.0000    0.0000    0.0000    0.0000    4.2080   -0.0005    0.0063   -1.0076    0.0049    0.0000    0.0000    0.0000    0.2500    0.0214 
  20.7041    0.0025   -0.3456   -0.1548 -179.1272   -0.1015    0.0709    0.0198    0.0000    0.0000    0.0000    0.0000    0.0000    0.0000    4.2080   -0.0032    0.0056   -1.0149    0.0039    0.0000    0.0000    0.0000    0.2500    0.0214 
  20.7291    0.0025   -0.3746   -0.1343 -179.1263   -0.0405   -0.1733    0.2029    0.0000    0.0000    0.0000    0.0000    0.0000    0.0000    4.2080   -0.0015    0.0061   -1.0139    0.0039    0.0000    0.0000    0.0000    0.2500    0.0214 
  20.7583    0.0025   -0.3888   -0.1689 -179.1242   -0.0405   -0.1122    0.1419    0.0000    0.0000    0.0000    0.0000    0.0000    0.0000    4.2080   -0.0024    0.0088   -1.0081    0.0027    0.0000    0.0000    0.0000    0.2500    0.0212 
  20.7872    0.0025   -0.4209   -0.1510 -179.1242    0.0205    0.0098   -0.0412    0.0000    0.0000    0.0000    0.0000    0.0000    0.0000    4.2080   -0.0010    0.0081   -1.0115    0.0028    0.0000    0.0000    0.0000    0.2500    0.0212 
  20.8124    0.0025   -0.4273   -0.1939 -179.1231    0.0205    0.0709    0.0198    0.0000    0.0000    0.0000    0.0000    0.0000    0.0000    4.2080   -0.0051    0.0083   -1.0107    0.0028    0.0000    0.0000    0.0000    0.2500    0.0212 
  20.8413    0.0025   -0.4525   -0.1993 -179.1225   -0.0405    0.1319    0.0198    0.0000    0.0000    0.0000    0.0000    0.0000    0.0000    4.2000   -0.0032    0.0078   -1.0115    0.0002    0.0000    0.0000    0.0000    0.2500    0.0210 
  20.8663    0.0025   -0.5146   -0.1365 -179.1212    0.0205    0.0709    0.0809    0.0000    0.0000    0.0000    0.0000    0.0000    0.0000    4.2080   -0.0024    0.0090   -1.0132    0.0012    0.0000    0.0000    0.0000    0.2500    0.0210 
  20.8954    0.0025   -0.4615   -0.1671 -179.1201    0.0205    0.0709    0.0198    0.0000    0.0000    0.0000    0.0000    0.0000    0.0000    4.2080   -0.0039    0.0090   -1.0125    0.0012    0.0000    0.0000    0.0000    0.2500    0.0210 
  20.9243    0.0025   -0.4487   -0.1822 -179.1195   -0.1626   -0.0512    0.0809    0.0000    0.0000    0.0000    0.0000    0.0000    0.0000    4.2080   -0.0039    0.0083   -1.0129   -0.0006    0.0000    0.0000    0.0000    0.2500    0.0205 
  20.9494    0.0025   -0.4183   -0.1215 -179.1182   -0.0405    0.1319    0.0198    0.0000    0.0000    0.0000    0.0000    0.0000    0.0000    4.2000   -0.0012    0.0059   -1.0134   -0.0006    0.0000    0.0000    0.0000    0.2500    0.0205 
  20.9785    0.0025   -0.3900   -0.1803 -179.1171   -0.0405   -0.1122    0.1419    0.0000    0.0000    0.0000    0.0000    0.0000    0.0000    4.2080   -0.0020    0.0078   -1.0098    0.0012    0.0000    0.0000    0.0000    0.2500    0.0209 
  21.0075    0.0025   -0.4587   -0.2001 -179.1176   -0.1626    0.0098   -0.0412    0.0000    0.0000    0.0000    0.0000    0.0000    0.0000    4.2080   -0.0044    0.0073   -1.0095   -0.0008    0.0000    0.0000    0.0000    0.2500    0.0204 
  21.0325    0.0025   -0.5105   -0.1793 -179.1163    0.0816    0.1319   -0.0412    0.0000    0.0000    0.0000    0.0000    0.0000    0.0000    4.2080   -0.0034    0.0098   -1.0122   -0.0008    0.0000    0.0000    0.0000    0.2500    0.0204 
  21.0616    0.0025   -0.4229   -0.1561 -179.1156   -0.1015    0.0709   -0.1022    0.0000    0.0000    0.0000    0.0000    0.0000    0.0000    4.2080   -0.0034    0.0090   -1.0112   -0.0010    0.0000    0.0000    0.0000    0.2500    0.0206 
  21.0866    0.0025   -0.4239   -0.1143 -179.1141   -0.0405    0.0709    0.0809    0.0000    0.0000    0.0000    0.0000    0.0000    0.0000    4.2080   -0.0027    0.0095   -1.0110   -0.0023    0.0000    0.0000    0.0000    0.2500    0.0201 
  21.1157    0.0026   -0.4133   -0.1570 -179.1133    0.0816    0.1319    0.0809    0.0000    0.0000    0.0000    0.0000    0.0000    0.0000    4.2080   -0.0022    0.0056   -1.0129   -0.0023    0.0000    0.0000    0.0000    0.2500    0.0201 
  21.1446    0.0025   -0.4252   -0.1768 -179.1120    0.0816    0.0098    0.0198    0.0000    0.0000    0.0000    0.0000    0.0000    0.0000    4.2080   -0.0024    0.0068   -1.0137   -0.0007    0.0000    0.0000    0.0000    0.2500    0.0203 
  21.1696    0.0025   -0.4083   -0.1814 -179.1111   -0.0405    0.0709    0.2640    0.0000    0.0000    0.0000    0.0000    0.0000    0.0000    4.2080   -0.0024    0.0056   -1.0103   -0.0007    0.0000    0.0000    0.0000    0.2500    0.0203 
  21.1988    0.0025   -0.4289   -0.1852 -179.1108   -0.2236    0.0709   -0.1022    0.0000    0.0000    0.0000    0.0000    0.0000    0.0000    4.2080   -0.0049    0.0088   -1.0110   -0.0001    0.0000    0.0000    0.0000    0.2500    0.0202 
  21.2278    0.0025   -0.4534   -0.1975 -179.1095   -0.0405    0.0098    0.0809    0.0000    0.0000    0.0000    0.0000    0.0000    0.0000    4.2080   -0.0061    0.0081   -1.0127    0.0012    0.0000    0.0000    0.0000    0.2500    0.0204 
  21.2528    0.0025   -0.4625   -0.1424 -179.1078   -0.1015    0.0709    0.0809    0.0000    0.0000    0.0000    0.0000    0.0000    0.0000    4.2080    0.0000    0.0093   -1.0137    0.0012    0.0000    0.0000    0.0000    0.2500    0.0204 
  21.2818    0.0025   -0.3943   -0.1554 -179.1061    0.0205   -0.1122   -0.0412    0.0000    0.0000    0.0000    0.0000    0.0000    0.0000    4.2080   -0.0027    0.0056   -1.0125    0.0019    0.0000    0.0000    0.0000    0.2500    0.0203 
  21.3068    0.0025   -0.4483   -0.1803 -179.1045   -0.0405    0.0098    0.0809    0.0000    0.0000    0.0000    0.0000    0.0000    0.0000    4.2080   -0.0054    0.0085   -1.0151    0.0041    0.0000    0.0000    0.0000    0.2500    0.0205 
  21.3359    0.0025   -0.4759   -0.1518 -179.1020   -0.1015    0.0709    0.0809    0.0000    0.0000    0.0000    0.0000    0.0000    0.0000    4.2080   -0.0039    0.0095   -1.0093    0.0041    0.0000    0.0000    0.0000    0.2500    0.0205 
  21.3648    0.0025   -0.4149   -0.0931 -179.1011   -0.1015    0.0709   -0.0412    0.0000    0.0000    0.0000    0.0000    0.0000    0.0000    4.2000   -0.0015    0.0073   -1.0161    0.0047    0.0000    0.0000    0.0000    0.2500    0.0205 
  21.3899    0.0025   -0.4360   -0.1285 -179.1009   -0.1015    0.0098   -0.0412    0.0000    0.0000    0.0000    0.0000    0.0000    0.0000    4.2080   -0.0027    0.0076   -1.0137    0.0047    0.0000    0.0000    0.0000    0.2500    0.0205 
  21.4190    0.0025   -0.4280   -0.1543 -179.0997   -0.1015    0.0709   -0.1022    0.0000    0.0000    0.0000    0.0000    0.0000    0.0000    4.2000   -0.0029    0.0090   -1.0122    0.0041    0.0000    0.0000    0.0000    0.2500    0.0208 
  21.4480    0.0024   -0.3662   -0.1595 -179.0983    0.1426    0.1319    0.0809    0.0000    0.0000    0.0000    0.0000    0.0000    0.0000    4.2080   -0.0024    0.0046   -1.0129    0.0042    0.0000    0.0000    0.0000    0.2500    0.0207 
  21.4730    0.0025   -0.4271   -0.1339 -179.0976    0.0816    0.0098    0.0809    0.0000    0.0000    0.0000    0.0000    0.0000    0.0000    4.2080   -0.0022    0.0076   -1.0115    0.0042    0.0000    0.0000    0.0000    0.2500    0.0207 
  21.5020    0.0025   -0.4007   -0.1933 -179.0974   -0.0405    0.0709   -0.0412    0.0000    0.0000    0.0000    0.0000    0.0000    0.0000    4.2080   -0.0044    0.0078   -1.0146    0.0052    0.0000    0.0000    0.0000    0.2500    0.0209 
  21.5270    0.0025   -0.4379   -0.1886 -179.0970    0.1426    0.1319    0.0809    0.0000    0.0000    0.0000    0.0000    0.0000    0.0000    4.2080   -0.0066    0.0049   -1.0112    0.0044    0.0000    0.0000    0.0000    0.2500    0.0208 
  21.5559    0.0025   -0.4007   -0.1935 -179.0966   -0.0405    0.0709   -0.0412    0.0000    0.0000    0.0000    0.0000    0.0000    0.0000    4.2080   -0.0037    0.0081   -1.0137    0.0044    0.0000    0.0000    0.0000    0.2500    0.0208 
  21.5849    0.0025   -0.3546   -0.1208 -179.0954    0.0205    0.0709    0.0198    0.0000    0.0000    0.0000    0.0000    0.0000    0.0000    4.2080   -0.0034    0.0066   -1.0159    0.0050    0.0000    0.0000    0.0000    0.2500    0.0210 
  21.6099    0.0025   -0.3980   -0.1872 -179.0948   -0.1015    0.0709    0.0198    0.0000    0.0000    0.0000    0.0000    0.0000    0.0000    4.2080   -0.0037    0.0073   -1.0132    0.0050    0.0000    0.0000    0.0000    0.2500    0.0210 
  21.6391    0.0025   -0.4507   -0.1957 -179.0939   -0.0405    0.0709    0.0198    0.0000    0.0000    0.0000    0.0000    0.0000    0.0000    4.2000   -0.0037    0.0088   -1.0120    0.0045    0.0000    0.0000    0.0000    0.2500    0.0208 
  21.6681    0.0024   -0.4347   -0.2090 -179.0937   -0.0405    0.1319    0.0198    0.0000    0.0000    0.0000    0.0000    0.0000    0.0000    4.2080   -0.0068    0.0071   -1.0110    0.0042    0.0000    0.0000    0.0000    0.2500    0.0210 
  21.6931    0.0025   -0.4107   -0.1774 -179.0929    0.0205    0.0098   -0.0412    0.0000    0.0000    0.0000    0.0000    0.0000    0.0000    4.2080   -0.0032    0.0071   -1.0103    0.0042    0.0000    0.0000    0.0000    0.2500    0.0210 
  21.7221    0.0025   -0.4441   -0.1809 -179.0924   -0.0405    0.0098    0.0198    0.0000    0.0000    0.0000    0.0000    0.0000    0.0000    4.2080   -0.0032    0.0078   -1.0103    0.0044    0.0000    0.0000    0.0000    0.2500    0.0211 
  21.7471    0.0025   -0.3869   -0.1222 -179.0911    0.0205    0.0709    0.1419    0.0000    0.0000    0.0000    0.0000    0.0000    0.0000    4.2000   -0.0020    0.0054   -1.0115    0.0055    0.0000    0.0000    0.0000    0.2500    0.0215 
  21.7762    0.0025   -0.4255   -0.1279 -179.0903    0.0816    0.1319    0.1419    0.0000    0.0000    0.0000    0.0000    0.0000    0.0000    4.2080   -0.0010    0.0076   -1.0115    0.0055    0.0000    0.0000    0.0000    0.2500    0.0215 
  21.8053    0.0025   -0.3885   -0.1356 -179.0890    0.0205    0.1929    0.0809    0.0000    0.0000    0.0000    0.0000    0.0000    0.0000    4.2080   -0.0015    0.0056   -1.0081    0.0042    0.0000    0.0000    0.0000    0.2500    0.0212 
  21.8303    0.0025   -0.4260   -0.1377 -179.0875   -0.0405   -0.0512    0.0198    0.0000    0.0000    0.0000    0.0000    0.0000    0.0000    4.2080   -0.0012    0.0054   -1.0146    0.0042    0.0000    0.0000    0.0000    0.2500    0.0212 
  21.8594    0.0025   -0.4151   -0.1469 -179.0863    0.0205    0.0709    0.0809    0.0000    0.0000    0.0000    0.0000    0.0000    0.0000    4.2080   -0.0059    0.0081   -1.0129    0.0060    0.0000    0.0000    0.0000    0.2500    0.0215 
  21.8885    0.0025   -0.3907   -0.2126 -179.0852   -0.0405    0.0709    0.0809    0.0000    0.0000    0.0000    0.0000    0.0000    0.0000    4.2080   -0.0017    0.0042   -1.0134    0.0056    0.0000    0.0000    0.0000    0.2500    0.0216 
  21.9135    0.0025   -0.3861   -0.1718 -179.0855    0.1426    0.1319   -0.1022    0.0000    0.0000    0.0000    0.0000    0.0000    0.0000    4.2080   -0.0024    0.0049   -1.0125    0.0056    0.0000    0.0000    0.0000    0.2500    0.0216 
  21.9425    0.0025   -0.4685   -0.1498 -179.0860    0.0205    0.1929    0.0198    0.0000    0.0000    0.0000    0.0000    0.0000    0.0000    4.2080    0.0000    0.0085   -1.0120    0.0060    0.0000    0.0000    0.0000    0.2500    0.0218 
  21.9675    0.0025   -0.4563   -0.1452 -179.0845   -0.1015    0.1319    0.1419    0.0000    0.0000    0.0000    0.0000    0.0000    0.0000    4.2000   -0.0022    0.0059   -1.0117    0.0044    0.0000    0.0000    0.0000    0.2500    0.0215 
  21.9965    0.0025   -0.4738   -0.1231 -179.0831    0.0205    0.1319    0.0198    0.0000    0.0000    0.0000    0.0000    0.0000    0.0000    4.2000   -0.0012    0.0107   -1.0115    0.0044    0.0000    0.0000    0.0000    0.2500    0.0215 
  22.0257    0.0026   -0.4162   -0.1791 -179.0829    0.0205    0.0709    0.0198    0.0000    0.0000    0.0000    0.0000    0.0000    0.0000    4.2080   -0.0032    0.0059   -1.0122    0.0040    0.0000    0.0000    0.0000    0.2500    0.0215 
  22.0506    0.0025   -0.4108   -0.0883 -179.0828   -0.1626    0.1929   -0.0412    0.0000    0.0000    0.0000    0.0000    0.0000    0.0000    4.2080    0.0000    0.0078   -1.0115    0.0040    0.0000    0.0000    0.0000    0.2500    0.0215 
  22.0797    0.0025   -0.4496   -0.1907 -179.0817    0.0205   -0.0512    0.1419    0.0000    0.0000    0.0000    0.0000    0.0000    0.0000    4.2080   -0.0002    0.0088   -1.0098    0.0037    0.0000    0.0000    0.0000    0.2500    0.0212 
  22.1088    0.0025   -0.4332   -0.1693 -179.0806    0.0816    0.0098    0.1419    0.0000    0.0000    0.0000    0.0000    0.0000    0.0000    4.2080   -0.0015    0.0059   -1.0083    0.0031    0.0000    0.0000    0.0000    0.2500    0.0213 
  22.1339    0.0025   -0.4008   -0.1700 -179.0795    0.0816    0.0709    0.0809    0.0000    0.0000    0.0000    0.0000    0.0000    0.0000    4.2080   -0.0037    0.0054   -1.0164    0.0031    0.0000    0.0000    0.0000    0.2500    0.0213 
  22.1628    0.0025   -0.4449   -0.2297 -179.0786   -0.1015    0.0098    0.0809    0.0000    0.0000    0.0000    0.0000    0.0000    0.0000    4.2080   -0.0078    0.0066   -1.0173    0.0029    0.0000    0.0000    0.0000    0.2500    0.0210 
  22.1879    0.0025   -0.4367   -0.1893 -179.0761   -0.0405    0.0709    0.1419    0.0000    0.0000    0.0000    0.0000    0.0000    0.0000    4.2080   -0.0044    0.0076   -1.0161    0.0047    0.0000    0.0000    0.0000    0.2500    0.0211 
  22.2169    0.0025   -0.4736   -0.1722 -179.0758    0.0816    0.0709    0.1419    0.0000    0.0000    0.0000    0.0000    0.0000    0.0000    4.2080   -0.0042    0.0046   -1.0095    0.0047    0.0000    0.0000    0.0000    0.2500    0.0211 
  22.2459    0.0025   -0.4783   -0.1570 -179.0762    0.0816    0.1319   -0.1022    0.0000    0.0000    0.0000    0.0000    0.0000    0.0000    4.2080   -0.0027    0.0098   -1.0117    0.0020    0.0000    0.0000    0.0000    0.2500    0.0207 
  22.2709    0.0025   -0.4509   -0.1614 -179.0754    0.0205    0.1319    0.0198    0.0000    0.0000    0.0000    0.0000    0.0000    0.0000    4.2080   -0.0027    0.0083   -1.0120    0.0020    0.0000    0.0000    0.0000    0.2500    0.0207 
  22.3000    0.0025   -0.4639   -0.1910 -179.0757   -0.1626    0.0709    0.0809    0.0000    0.0000    0.0000    0.0000    0.0000    0.0000    4.2080   -0.0024    0.0103   -1.0134    0.0027    0.0000    0.0000    0.0000    0.2500    0.0208 
  22.3290    0.0025   -0.4687   -0.1078 -179.0756    0.0205    0.0709   -0.1633    0.0000    0.0000    0.0000    0.0000    0.0000    0.0000    4.2080   -0.0007    0.0081   -1.0107    0.0014    0.0000    0.0000    0.0000    0.2500    0.0204 
  22.3540    0.0025   -0.4149   -0.1150 -179.0749   -0.0405    0.1319   -0.0412    0.0000    0.0000    0.0000    0.0000    0.0000    0.0000    4.2080   -0.0024    0.0073   -1.0115    0.0014    0.0000    0.0000    0.0000    0.2500    0.0204 
  22.3830    0.0025   -0.4290   -0.1740 -179.0742   -0.0405    0.0709   -0.0412    0.0000    0.0000    0.0000    0.0000    0.0000    0.0000    4.2080   -0.0034    0.0085   -1.0112    0.0024    0.0000    0.0000    0.0000    0.2500    0.0206 
  22.4080    0.0025   -0.4139   -0.1549 -179.0741   -0.0405    0.0709    0.0809    0.0000    0.0000    0.0000    0.0000    0.0000    0.0000    4.2080   -0.0037    0.0037   -1.0110    0.0009    0.0000    0.0000    0.0000    0.2500    0.0203 
  22.4370    0.0025   -0.4193   -0.2546 -179.0734    0.0816    0.1319   -0.0412    0.0000    0.0000    0.0000    0.0000    0.0000    0.0000    4.2080   -0.0071    0.0100   -1.0149    0.0009    0.0000    0.0000    0.0000    0.2500    0.0203 
  22.4661    0.0025   -0.4295   -0.1093 -179.0709   -0.0405   -0.0512    0.0809    0.0000    0.0000    0.0000    0.0000    0.0000    0.0000    4.2080  