#PID Gain P Ti Td Eta    0.6000    0.7000    0.0100    0.1250    0.7500    0.7000    0.0250    0.1250    3.0000    0.8000    0.0100    0.1250    8.0000    4.0000    0.0400    0.1250    8.0000    4.0000    0.0400    0.1250    0.0000    0.0000    0.0000    0.0000 
   0.0027    0.0027   -0.0577   -0.0028 -179.9998   -0.0405    0.0709    0.0198    0.0000    0.0000    0.0000    0.0000    0.0000    0.0000    4.2080   -0.0007    0.0105   -1.0112    0.0045    0.0000    0.0000    0.0000    0.2500    0.0192 
   0.0276    0.0025   -0.2824   -0.1381 -180.0003    0.0205    0.1319    0.0198    0.0000    0.0000    0.0000    0.0000    0.0000    0.0000    4.2160   -0.0034    0.0100   -1.0132    0.0045    0.0000    0.0000    0.0000    0.2500    0.0192 
   0.0566    0.0025   -0.4322   -0.2281 -180.0007    0.0205   -0.0512   -0.0412    0.0000    0.0000    0.0000    0.0000    0.0000    0.0000    4.2160   -0.0042    0.0088   -1.0129    0.0045    0.0000    0.0000    0.0000    0.2500    0.0195 
   0.0856    0.0025   -0.3789   -0.1966 -180.0009   -0.0405    0.0098    0.0809    0.0000    0.0000    0.0000    0.0000    0.0000    0.0000    4.2160   -0.0049    0.0059   -1.0090    0.0050    0.0000    0.0000    0.0000    0.2500    0.0197 
   0.1106    0.0025   -0.4129   -0.2003 -180.0009   -0.0405   -0.0512    0.0809    0.0000    0.0000    0.0000    0.0000    0.0000    0.0000    4.2160   -0.0024    0.0078   -1.0105    0.0050    0.0000    0.0000    0.0000    0.2500    0.0197 
   0.1396    0.0025   -0.4242   -0.2185 -180.0002    0.0816    0.0098    0.0809    0.0000    0.0000    0.0000    0.0000    0.0000    0.0000    4.2160   -0.0024    0.0083   -1.0134    0.0054    0.0000    0.0000    0.0000    0.2500    0.0199 
   0.1646    0.0025   -0.3843   -0.1650 -180.0003   -0.0405   -0.0512    0.0198    0.0000    0.0000    0.0000    0.0000    0.0000    0.0000    4.2160   -0.0034    0.0059   -1.0122    0.0070    0.0000    0.0000    0.0000    0.2500    0.0203 
   0.1936    0.0025   -0.4169   -0.1726 -180.0013   -0.1015    0.0098   -0.1022    0.0000    0.0000    0.0000    0.0000    0.0000    0.0000    4.2160   -0.0042    0.0078   -1.0115    0.0070    0.0000    0.0000    0.0000    0.2500    0.0203 
   0.2226    0.0025   -0.4731   -0.1829 -180.0018    0.0205    0.0098   -0.0412    0.0000    0.0000    0.0000    0.0000    0.0000    0.0000    4.2160   -0.0032    0.0083   -1.0090    0.0061    0.0000    0.0000    0.0000    0.2500    0.0204 
   0.2476    0.0025   -0.4162   -0.2021 -180.0013    0.0816   -0.0512    0.0198    0.0000    0.0000    0.0000    0.0000    0.0000    0.0000    4.2160   -0.0022    0.0081   -1.0115    0.0061    0.0000    0.0000    0.0000    0.2500    0.0204 
   0.2766    0.0025   -0.4342   -0.1583 -180.0020    0.1426    0.0098    0.0198    0.0000    0.0000    0.0000    0.0000    0.0000    0.0000    4.2160   -0.0029    0.0078   -1.0122    0.0078    0.0000    0.0000    0.0000    0.2500    0.0210 
   0.3056    0.0025   -0.4448   -0.1144 -180.0020    0.0205    0.1319    0.0198    0.0000    0.0000    0.0000    0.0000    0.0000    0.0000    4.2160   -0.0005    0.0083   -1.0117    0.0065    0.0000    0.0000    0.0000    0.2500    0.0209 
   0.3306    0.0025   -0.3625   -0.1752 -180.0025   -0.0405    0.0098    0.0198    0.0000    0.0000    0.0000    0.0000    0.0000    0.0000    4.2160   -0.0034    0.0061   -1.0149    0.0065    0.0000    0.0000    0.0000    0.2500    0.0209 
   0.3596    0.0025   -0.4797   -0.1424 -180.0040   -0.0405    0.0098    0.0198    0.0000    0.0000    0.0000    0.0000    0.0000    0.0000    4.2160   -0.0024    0.0085   -1.0081    0.0073    0.0000    0.0000    0.0000    0.2500    0.0214 
   0.3846    0.0025   -0.4533   -0.1617 -180.0038   -0.1015   -0.0512    0.0198    0.0000    0.0000    0.0000    0.0000    0.0000    0.0000    4.2160   -0.0029    0.0081   -1.0127    0.0064    0.0000    0.0000    0.0000    0.2500    0.0212 
   0.4136    0.0025   -0.4146   -0.1739 -180.0041    0.0205    0.1319   -0.1633    0.0000    0.0000    0.0000    0.0000    0.0000    0.0000    4.2160   -0.0046    0.0068   -1.0105    0.0064    0.0000    0.0000    0.0000    0.2500    0.0212 
   0.4426    0.0025   -0.3808   -0.1874 -180.0041   -0.0405   -0.1122    0.0198    0.0000    0.0000    0.0000    0.0000    0.0000    0.0000    4.2160   -0.0049    0.0037   -1.0125    0.0083    0.0000    0.0000    0.0000    0.2500    0.0218 
   0.4676    0.0025   -0.4120   -0.1867 -180.0036    0.0205    0.0098    0.0809    0.0000    0.0000    0.0000    0.0000    0.0000    0.0000    4.2160   -0.0020    0.0044   -1.0112    0.0083    0.0000    0.0000    0.0000    0.2500    0.0218 
   0.4967    0.0025   -0.3955   -0.1314 -180.0028   -0.0405    0.0098    0.0198    0.0000    0.0000    0.0000    0.0000    0.0000    0.0000    4.2160   -0.0024    0.0061   -1.0122    0.0059    0.0000    0.0000    0.0000    0.2500    0.0216 
   0.5257    0.0025   -0.3683   -0.2184 -180.0024    0.0205   -0.0512    0.0198    0.0000    0.0000    0.0000    0.0000    0.0000    0.0000    4.2160   -0.0056    0.0071   -1.0063    0.0078    0.0000    0.0000    0.0000    0.2500    0.0221 
   0.5507    0.0025   -0.4044   -0.1810 -180.0035   -0.0405    0.0098   -0.0412    0.0000    0.0000    0.0000    0.0000    0.0000    0.0000    4.2160   -0.0037    0.0073   -1.0117    0.0078    0.0000    0.0000    0.0000    0.2500    0.0221 
   0.5796    0.0025   -0.4309   -0.1340 -180.0015    0.0205   -0.0512    0.0809    0.0000    0.0000    0.0000    0.0000    0.0000    0.0000    4.2160   -0.0015    0.0073   -1.0137    0.0056    0.0000    0.0000    0.0000    0.2500    0.0218 
   0.6046    0.0025   -0.4033   -0.1452 -180.0013   -0.1626   -0.0512    0.0198    0.0000    0.0000    0.0000    0.0000    0.0000    0.0000    4.2160   -0.0020    0.0066   -1.0107    0.0068    0.0000    0.0000    0.0000    0.2500    0.0222 
   0.6336    0.0025   -0.4139   -0.2232 -180.0020   -0.0405   -0.0512    0.0809    0.0000    0.0000    0.0000    0.0000    0.0000    0.0000    4.2160   -0.0044    0.0073   -1.0120    0.0068    0.0000    0.0000    0.0000    0.2500    0.0222 
   0.6626    0.0025   -0.4406   -0.1637 -180.0019    0.0816   -0.0512    0.2029    0.0000    0.0000    0.0000    0.0000    0.0000    0.0000    4.2160   -0.0029    0.0076   -1.0085    0.0051    0.0000    0.0000    0.0000    0.2500    0.0221 
   0.6876    0.0025   -0.4102   -0.1344 -180.0020   -0.1015    0.0098    0.0198    0.0000    0.0000    0.0000    0.0000    0.0000    0.0000    4.2160   -0.0037    0.0071   -1.0107    0.0051    0.0000    0.0000    0.0000    0.2500    0.0221 
   0.7167    0.0025   -0.4355   -0.1824 -180.0030   -0.0405   -0.0512   -0.0412    0.0000    0.0000    0.0000    0.0000    0.0000    0.0000    4.2160   -0.0039    0.0095   -1.0093    0.0058    0.0000    0.0000    0.0000    0.2500    0.0225 
   0.7457    0.0025   -0.4429   -0.1356 -180.0037   -0.0405   -0.0512   -0.1633    0.0000    0.0000    0.0000    0.0000    0.0000    0.0000    4.2160   -0.0017    0.0090   -1.0129    0.0044    0.0000    0.0000    0.0000    0.2500    0.0222 
   0.7707    0.0025   -0.4428   -0.1904 -180.0031    0.0205    0.0709    0.0198    0.0000    0.0000    0.0000    0.0000    0.0000    0.0000    4.2160   -0.0032    0.0095   -1.0125    0.0044    0.0000    0.0000    0.0000    0.2500    0.0222 
   0.7997    0.0025   -0.3993   -0.1796 -180.0029    0.0816    0.0098   -0.1022    0.0000    0.0000    0.0000    0.0000    0.0000    0.0000    4.2160   -0.0034    0.0076   -1.0068    0.0055    0.0000    0.0000    0.0000    0.2500    0.0226 
   0.8249    0.0025   -0.4131   -0.1502 -180.0031    0.1426    0.0098   -0.1022    0.0000    0.0000    0.0000    0.0000    0.0000    0.0000    4.2160   -0.0002    0.0068   -1.0112    0.0040    0.0000    0.0000    0.0000    0.2500    0.0223 
   0.8538    0.0025   -0.4434   -0.0983 -180.0042    0.0205   -0.1122   -0.0412    0.0000    0.0000    0.0000    0.0000    0.0000    0.0000    4.2160   -0.0017    0.0078   -1.0144    0.0040    0.0000    0.0000    0.0000    0.2500    0.0223 
   0.8828    0.0025   -0.4476   -0.1673 -180.0039   -0.0405    0.0098    0.0198    0.0000    0.0000    0.0000    0.0000    0.0000    0.0000    4.2160   -0.0027    0.0068   -1.0117    0.0046    0.0000    0.0000    0.0000    0.2500    0.0223 
   0.9078    0.0025   -0.4380   -0.1275 -180.0040   -0.0405   -0.0512   -0.0412    0.0000    0.0000    0.0000    0.0000    0.0000    0.0000    4.2160   -0.0063    0.0088   -1.0142    0.0046    0.0000    0.0000    0.0000    0.2500    0.0223 
   0.9368    0.0025   -0.4685   -0.1860 -180.0054    0.0205    0.0709   -0.0412    0.0000    0.0000    0.0000    0.0000    0.0000    0.0000    4.2160   -0.0042    0.0088   -1.0068    0.0041    0.0000    0.0000    0.0000    0.2500    0.0224 
   0.9658    0.0025   -0.4222   -0.2034 -180.0061   -0.1626    0.1319   -0.0412    0.0000    0.0000    0.0000    0.0000    0.0000    0.0000    4.2160   -0.0046    0.0085   -1.0115    0.0035    0.0000    0.0000    0.0000    0.2500    0.0224 
   0.9908    0.0025   -0.3861   -0.1603 -180.0067   -0.0405    0.0098   -0.1022    0.0000    0.0000    0.0000    0.0000    0.0000    0.0000    4.2160   -0.0024    0.0076   -1.0090    0.0035    0.0000    0.0000    0.0000    0.2500    0.0224 
   1.0198    0.0025   -0.4527   -0.1956 -180.0069    0.0816   -0.0512    0.0809    0.0000    0.0000    0.0000    0.0000    0.0000    0.0000    4.2160   -0.0034    0.0046   -1.0151    0.0036    0.0000    0.0000    0.0000    0.2500    0.0224 
   1.0449    0.0025   -0.4099   -0.1458 -180.0070   -0.1626   -0.0512    0.0809    0.0000    0.0000    0.0000    0.0000    0.0000    0.0000    4.2160   -0.0027    0.0063   -1.0117    0.0025    0.0000    0.0000    0.0000    0.2500    0.0221 
   1.0739    0.0025   -0.3868   -0.1470 -180.0069    0.0816    0.0098   -0.1022    0.0000    0.0000    0.0000    0.0000    0.0000    0.0000    4.2160   -0.0005    0.0071   -1.0122    0.0025    0.0000    0.0000    0.0000    0.2500    0.0221 
   1.1028    0.0025   -0.4084   -0.1818 -180.0059    0.0205   -0.0512    0.0809    0.0000    0.0000    0.0000    0.0000    0.0000    0.0000    4.2160   -0.0007    0.0061   -1.0110    0.0013    0.0000    0.0000    0.0000    0.2500    0.0219 
   1.1278    0.0025   -0.4016   -0.1468 -180.0046    0.0205    0.0098    0.0198    0.0000    0.0000    0.0000    0.0000    0.0000    0.0000    4.2160   -0.0017    0.0076   -1.0088    0.0013    0.0000    0.0000    0.0000    0.2500    0.0219 
   1.1569    0.0025   -0.4126   -0.1837 -180.0052    0.0205   -0.0512   -0.0412    0.0000    0.0000    0.0000    0.0000    0.0000    0.0000    4.2160   -0.0042    0.0071   -1.0090   -0.0004    0.0000    0.0000    0.0000    0.2500    0.0217 
   1.1859    0.0025   -0.4074   -0.1686 -180.0043   -0.0405   -0.0512    0.0198    0.0000    0.0000    0.0000    0.0000    0.0000    0.0000    4.2160   -0.0015    0.0068   -1.0173   -0.0018    0.0000    0.0000    0.0000    0.2500    0.0215 
   1.2109    0.0025   -0.4261   -0.1965 -180.0051    0.1426    0.0709    0.0198    0.0000    0.0000    0.0000    0.0000    0.0000    0.0000    4.2160   -0.0042    0.0078   -1.0059   -0.0018    0.0000    0.0000    0.0000    0.2500    0.0215 
   1.2399    0.0025   -0.4454   -0.1771 -180.0049   -0.0405   -0.0512   -0.0412    0.0000    0.0000    0.0000    0.0000    0.0000    0.0000    4.2160   -0.0032    0.0085   -1.0093   -0.0026    0.0000    0.0000    0.0000    0.2500    0.0213 
   1.2649    0.0025   -0.4378   -0.1629 -180.0049    0.0816   -0.0512    0.0198    0.0000    0.0000    0.0000    0.0000    0.0000    0.0000    4.2160   -0.0015    0.0076   -1.0095   -0.0031    0.0000    0.0000    0.0000    0.2500    0.0212 
   1.2939    0.0025   -0.4489   -0.1678 -180.0038   -0.1015   -0.0512    0.0198    0.0000    0.0000    0.0000    0.0000    0.0000    0.0000    4.2160   -0.0020    0.0083   -1.0127   -0.0031    0.0000    0.0000    0.0000    0.2500    0.0212 
   1.3228    0.0025   -0.4089   -0.1583 -180.0040    0.0205   -0.1122    0.0198    0.0000    0.0000    0.0000    0.0000    0.0000    0.0000    4.2160   -0.0015    0.0083   -1.0125   -0.0019    0.0000    0.0000    0.0000    0.2500    0.0213 
   1.3479    0.0025   -0.4454   -0.1624 -180.0027   -0.1015   -0.1122    0.0809    0.0000    0.0000    0.0000    0.0000    0.0000    0.0000    4.2160   -0.0032    0.0076   -1.0100   -0.0019    0.0000    0.0000    0.0000    0.2500    0.0213 
   1.3769    0.0025   -0.4598   -0.1770 -180.0035   -0.1015    0.0098   -0.1022    0.0000    0.0000    0.0000    0.0000    0.0000    0.0000    4.2160   -0.0046    0.0081   -1.0120   -0.0025    0.0000    0.0000    0.0000    0.2500    0.0212 
   1.4059    0.0025   -0.4319   -0.2191 -180.0039    0.1426    0.1929   -0.0412    0.0000    0.0000    0.0000    0.0000    0.0000    0.0000    4.2080   -0.0044    0.0078   -1.0081   -0.0015    0.0000    0.0000    0.0000    0.2500    0.0213 
   1.4309    0.0025   -0.4624   -0.2281 -180.0049    0.0816    0.0098    0.1419    0.0000    0.0000    0.0000    0.0000    0.0000    0.0000    4.2160   -0.0054    0.0042   -1.0095   -0.0015    0.0000    0.0000    0.0000    0.2500    0.0213 
   1.4599    0.0025   -0.4156   -0.1678 -180.0041    0.0205   -0.0512    0.0809    0.0000    0.0000    0.0000    0.0000    0.0000    0.0000    4.2160   -0.0012    0.0051   -1.0127   -0.0010    0.0000    0.0000    0.0000    0.2500    0.0212 
   1.4849    0.0025   -0.4643   -0.1479 -180.0034   -0.0405   -0.0512    0.1419    0.0000    0.0000    0.0000    0.0000    0.0000    0.0000    4.2160   -0.0007    0.0090   -1.0098    0.0007    0.00