#PID Gain P Ti Td Eta    0.6000    0.7000    0.0100    0.1250    0.7500    0.7000    0.0250    0.1250    3.0000    0.8000    0.0100    0.1250    8.0000    4.0000    0.0400    0.1250    8.0000    4.0000    0.0400    0.1250    0.0000    0.0000    0.0000    0.0000 
   0.0027    0.0027    0.0517   -0.0254 -180.0002    0.1469   -0.0246   -0.0730    0.0000    0.0000    0.0000    0.0000    0.0000    0.0000    4.1680   -0.0012   -0.0029   -1.0085    0.0024    0.0000    0.0000    0.0000    0.2500    0.0246 
   0.0275    0.0025    0.1227   -0.0954 -179.9994   -0.0362    0.1585   -0.0120    0.0000    0.0000    0.0000    0.0000    0.0000    0.0000    4.1680   -0.0059   -0.0027   -1.0103    0.0024    0.0000    0.0000    0.0000    0.2500    0.0246 
   0.0565    0.0025    0.0830   -0.1418 -179.9999    0.0248    0.0364   -0.0730    0.0000    0.0000    0.0000    0.0000    0.0000    0.0000    4.1760   -0.0024   -0.0015   -1.0110    0.0014    0.0000    0.0000    0.0000    0.2500    0.0245 
   0.0855    0.0024    0.0040   -0.0048 -180.0018   -0.0973    0.0364   -0.0120    0.0000    0.0000    0.0000    0.0000    0.0000    0.0000    4.1760    0.0000    0.0000   -1.0095    0.0018    0.0000    0.0000    0.0000    0.2500    0.0247 
   0.1105    0.0025    0.0747   -0.1506 -180.0025    0.0248   -0.1467   -0.0730    0.0000    0.0000    0.0000    0.0000    0.0000    0.0000    4.1760   -0.0010   -0.0039   -1.0100    0.0018    0.0000    0.0000    0.0000    0.2500    0.0247 
   0.1394    0.0025    0.0442   -0.0817 -180.0020   -0.0973    0.0974   -0.0120    0.0000    0.0000    0.0000    0.0000    0.0000    0.0000    4.1760    0.0022   -0.0037   -1.0142   -0.0000    0.0000    0.0000    0.0000    0.2500    0.0243 
   0.1644    0.0025    0.1059   -0.0740 -180.0022   -0.0362    0.0364    0.0491    0.0000    0.0000    0.0000    0.0000    0.0000    0.0000    4.1760   -0.0012   -0.0034   -1.0146    0.0030    0.0000    0.0000    0.0000    0.2500    0.0247 
   0.1934    0.0025    0.0295   -0.1580 -180.0012   -0.0973    0.0364    0.0491    0.0000    0.0000    0.0000    0.0000    0.0000    0.0000    4.1760   -0.0032   -0.0012   -1.0085    0.0030    0.0000    0.0000    0.0000    0.2500    0.0247 
   0.2224    0.0025    0.0094   -0.0720 -180.0012   -0.2193    0.0364   -0.0120    0.0000    0.0000    0.0000    0.0000    0.0000    0.0000    4.1760   -0.0005   -0.0005   -1.0095   -0.0006    0.0000    0.0000    0.0000    0.2500    0.0244 
   0.2474    0.0025    0.0518   -0.0758 -180.0006   -0.0973    0.1585    0.1711    0.0000    0.0000    0.0000    0.0000    0.0000    0.0000    4.1760    0.0002    0.0020   -1.0100   -0.0006    0.0000    0.0000    0.0000    0.2500    0.0244 
   0.2766    0.0025    0.0252   -0.0437 -180.0006    0.0858    0.0364   -0.1340    0.0000    0.0000    0.0000    0.0000    0.0000    0.0000    4.1680   -0.0007    0.0002   -1.0112   -0.0004    0.0000    0.0000    0.0000    0.2500    0.0245 
   0.3055    0.0024   -0.0149   -0.0982 -180.0010   -0.0362   -0.0246   -0.0120    0.0000    0.0000    0.0000    0.0000    0.0000    0.0000    4.1680   -0.0024   -0.0029   -1.0081   -0.0011    0.0000    0.0000    0.0000    0.2500    0.0241 
   0.3305    0.0025    0.0410   -0.1087 -180.0004    0.0248   -0.0857    0.1101    0.0000    0.0000    0.0000    0.0000    0.0000    0.0000    4.1760   -0.0020   -0.0005   -1.0122   -0.0011    0.0000    0.0000    0.0000    0.2500    0.0241 
   0.3595    0.0025    0.0290   -0.0695 -180.0015    0.0248   -0.0246   -0.1340    0.0000    0.0000    0.0000    0.0000    0.0000    0.0000    4.1760   -0.0007   -0.0005   -1.0112    0.0005    0.0000    0.0000    0.0000    0.2500    0.0246 
   0.3846    0.0025    0.1091   -0.1006 -180.0022    0.0248    0.0364    0.1101    0.0000    0.0000    0.0000    0.0000    0.0000    0.0000    4.1680   -0.0024   -0.0032   -1.0110   -0.0010    0.0000    0.0000    0.0000    0.2500    0.0242 
   0.4136    0.0025    0.1064   -0.1485 -180.0019   -0.0362   -0.0246    0.0491    0.0000    0.0000    0.0000    0.0000    0.0000    0.0000    4.1760   -0.0042   -0.0024   -1.0093   -0.0010    0.0000    0.0000    0.0000    0.2500    0.0242 
   0.4426    0.0025    0.0627   -0.1211 -180.0011    0.0248    0.0364   -0.0120    0.0000    0.0000    0.0000    0.0000    0.0000    0.0000    4.1760   -0.0017   -0.0024   -1.0090    0.0018    0.0000    0.0000    0.0000    0.2500    0.0249 
   0.4676    0.0025    0.0839   -0.1805 -180.0011    0.0248    0.0364   -0.0730    0.0000    0.0000    0.0000    0.0000    0.0000    0.0000    4.1760   -0.0054   -0.0020   -1.0073    0.0018    0.0000    0.0000    0.0000    0.2500    0.0249 
   0.4967    0.0025    0.0430   -0.1298 -180.0010   -0.0362    0.0974    0.0491    0.0000    0.0000    0.0000    0.0000    0.0000    0.0000    4.1680   -0.0022   -0.0005   -1.0110    0.0008    0.0000    0.0000    0.0000    0.2500    0.0244 
   0.5257    0.0024    0.0562   -0.1333 -180.0019   -0.0362   -0.0246   -0.0120    0.0000    0.0000    0.0000    0.0000    0.0000    0.0000    4.1760   -0.0037    0.0002   -1.0090    0.0038    0.0000    0.0000    0.0000    0.2500    0.0249 
   0.5507    0.0025   -0.0078   -0.0960 -180.0020   -0.0362    0.0974    0.0491    0.0000    0.0000    0.0000    0.0000    0.0000    0.0000    4.1760   -0.0010    0.0010   -1.0083    0.0038    0.0000    0.0000    0.0000    0.2500    0.0249 
   0.5797    0.0025   -0.0088   -0.0973 -180.0024    0.0858   -0.0246    0.0491    0.0000    0.0000    0.0000    0.0000    0.0000    0.0000    4.1680   -0.0037   -0.0010   -1.0134    0.0018    0.0000    0.0000    0.0000    0.2500    0.0245 
   0.6047    0.0025    0.0614   -0.0880 -180.0026   -0.0362   -0.0246   -0.0120    0.0000    0.0000    0.0000    0.0000    0.0000    0.0000    4.1680    0.0000   -0.0029   -1.0115    0.0025    0.0000    0.0000    0.0000    0.2500    0.0247 
   0.6337    0.0025    0.1071   -0.1286 -180.0036   -0.0973    0.0364   -0.0120    0.0000    0.0000    0.0000    0.0000    0.0000    0.0000    4.1760   -0.0024   -0.0022   -1.0081    0.0025    0.0000    0.0000    0.0000    0.2500    0.0247 
   0.6628    0.0025    0.1005   -0.1496 -180.0031    0.0248   -0.0857    0.1101    0.0000    0.0000    0.0000    0.0000    0.0000    0.0000    4.1760   -0.0032   -0.0024   -1.0071   -0.0001    0.0000    0.0000    0.0000    0.2500    0.0243 
   0.6878    0.0025    0.0673   -0.1036 -180.0022    0.0248    0.1585   -0.1340    0.0000    0.0000    0.0000    0.0000    0.0000    0.0000    4.1760   -0.0020   -0.0012   -1.0078   -0.0001    0.0000    0.0000    0.0000    0.2500    0.0243 
   0.7169    0.0025    0.0438   -0.1167 -180.0033   -0.0973    0.0974   -0.1340    0.0000    0.0000    0.0000    0.0000    0.0000    0.0000    4.1760   -0.0042   -0.0015   -1.0151    0.0017    0.0000    0.0000    0.0000    0.2500    0.0245 
   0.7459    0.0025    0.1010   -0.1267 -180.0025    0.2079   -0.0857    0.1101    0.0000    0.0000    0.0000    0.0000    0.0000    0.0000    4.1760   -0.0020   -0.0027   -1.0139   -0.0003    0.0000    0.0000    0.0000    0.2500    0.0242 
   0.7709    0.0025    0.0167   -0.1412 -180.0021   -0.1583    0.0364   -0.0120    0.0000    0.0000    0.0000    0.0000    0.0000    0.0000    4.1760   -0.0051    0.0000   -1.0090   -0.0003    0.0000    0.0000    0.0000    0.2500    0.0242 
   0.7998    0.0025    0.0310   -0.1205 -180.0027   -0.0973    0.0364    0.1711    0.0000    0.0000    0.0000    0.0000    0.0000    0.0000    4.1680   -0.0034   -0.0022   -1.0125   -0.0002    0.0000    0.0000    0.0000    0.2500    0.0244 
   0.8249    0.0025    0.0067   -0.1513 -180.0023   -0.0362   -0.0246    0.0491    0.0000    0.0000    0.0000    0.0000    0.0000    0.0000    4.1760   -0.0012    0.0017   -1.0112   -0.0014    0.0000    0.0000    0.0000    0.2500    0.0240 
   0.8540    0.0025    0.0568   -0.1709 -180.0026    0.2689   -0.2077    0.0491    0.0000    0.0000    0.0000    0.0000    0.0000    0.0000    4.1680   -0.0042   -0.0032   -1.0098   -0.0014    0.0000    0.0000    0.0000    0.2500    0.0240 
   0.8831    0.0025    0.0581   -0.0902 -180.0034    0.0858   -0.0246   -0.0120    0.0000    0.0000    0.0000    0.0000    0.0000    0.0000    4.1760   -0.0002    0.0020   -1.0095    0.0005    0.0000    0.0000    0.0000    0.2500    0.0242 
   0.9081    0.0025    0.0338   -0.1265 -180.0025    0.0248    0.0974    0.0491    0.0000    0.0000    0.0000    0.0000    0.0000    0.0000    4.1760   -0.0029   -0.0015   -1.0105    0.0005    0.0000    0.0000    0.0000    0.2500    0.0242 
   0.9371    0.0025   -0.0143   -0.1337 -180.0028   -0.0362    0.0364   -0.0120    0.0000    0.0000    0.0000    0.0000    0.0000    0.0000    4.1680   -0.0054   -0.0015   -1.0129   -0.0017    0.0000    0.0000    0.0000    0.2500    0.0239 
   0.9661    0.0024    0.0428   -0.1334 -180.0042    0.0858    0.0364    0.0491    0.0000    0.0000    0.0000    0.0000    0.0000    0.0000    4.1680   -0.0032    0.0005   -1.0073   -0.0011    0.0000    0.0000    0.0000    0.2500    0.0239 
   0.9911    0.0025    0.1079   -0.1033 -180.0048    0.0248    0.0974   -0.1951    0.0000    0.0000    0.0000    0.0000    0.0000    0.0000    4.1760   -0.0012   -0.0010   -1.0120   -0.0011    0.0000    0.0000    0.0000    0.2500    0.0239 
   1.0201    0.0025    0.0663   -0.1000 -180.0038   -0.0362    0.0364   -0.0730    0.0000    0.0000    0.0000    0.0000    0.0000    0.0000    4.1760   -0.0007   -0.0034   -1.0142   -0.0018    0.0000    0.0000    0.0000    0.2500    0.0236 
   1.0451    0.0025    0.0788   -0.0749 -180.0034   -0.0973    0.0974   -0.0120    0.0000    0.0000    0.0000    0.0000    0.0000    0.0000    4.1760   -0.0005   -0.0024   -1.0105   -0.0025    0.0000    0.0000    0.0000    0.2500    0.0234 
   1.0741    0.0025   -0.0114   -0.1109 -180.0031    0.0248   -0.1467    0.1101    0.0000    0.0000    0.0000    0.0000    0.0000    0.0000    4.1760   -0.0027   -0.0012   -1.0129   -0.0025    0.0000    0.0000    0.0000    0.2500    0.0234 
   1.1032    0.0026   -0.0375   -0.1137 -180.0034    0.0248    0.0974    0.0491    0.0000    0.0000    0.0000    0.0000    0.0000    0.0000    4.1760   -0.0024    0.0020   -1.0122   -0.0037    0.0000    0.0000    0.0000    0.2500    0.0230 
   1.1281    0.0025   -0.0004   -0.0626 -180.0035   -0.0973   -0.0246   -0.0120    0.0000    0.0000    0.0000    0.0000    0.0000    0.0000    4.1680    0.0005    0.0010   -1.0122   -0.0037    0.0000    0.0000    0.0000    0.2500    0.0230 
   1.1572    0.0025   -0.0148   -0.1029 -180.0040    0.1469    0.0974   -0.0730    0.0000    0.0000    0.0000    0.0000    0.0000    0.0000    4.1760   -0.0029    0.0000   -1.0110   -0.0028    0.0000    0.0000    0.0000    0.2500    0.0229 
   1.1861    0.0025    0.0383   -0.1184 -180.0031    0.0248    0.0364    0.1711    0.0000    0.0000    0.0000    0.0000    0.0000    0.0000    4.1680   -0.0034    0.0000   -1.0132   -0.0024    0.0000    0.0000    0.0000    0.2500    0.0226 
   1.2112    0.0025    0.0520   -0.1382 -180.0030    0.0248   -0.2077    0.0491    0.0000    0.0000    0.0000    0.0000    0.0000    0.0000    4.1680   -0.0022   -0.0005   -1.0122   -0.0024    0.0000    0.0000    0.0000    0.2500    0.0226 
   1.2401    0.0025    0.0773   -0.1286 -180.0038   -0.0973   -0.0246   -0.0730    0.0000    0.0000    0.0000    0.0000    0.0000    0.0000    4.1680   -0.0010   -0.0022   -1.0122   -0.0018    0.0000    0.0000    0.0000    0.2500    0.0226 
   1.2651    0.0025    0.1047   -0.0683 -180.0045   -0.0362   -0.0246   -0.0730    0.0000    0.0000    0.0000    0.0000    0.0000    0.0000    4.1760   -0.0005   -0.0044   -1.0112   -0.0032    0.0000    0.0000    0.0000    0.2500    0.0222 
   1.2942    0.0025    0.0742   -0.0570 -180.0051    0.0858   -0.1467   -0.0120    0.0000    0.0000    0.0000    0.0000    0.0000    0.0000    4.1680   -0.0017   -0.0005   -1.0122   -0.0032    0.0000    0.0000    0.0000    0.2500    0.0222 
   1.3231    0.0025    0.0714   -0.0765 -180.0053    0.1469   -0.0246    0.1101    0.0000    0.0000    0.0000    0.0000    0.0000    0.0000    4.1680   -0.0024    0.0010   -1.0139   -0.0013    0.0000    0.0000    0.0000    0.2500    0.0223 
   1.3481    0.0025    0.0493   -0.0701 -180.0060   -0.0973    0.1585   -0.0730    0.0000    0.0000    0.0000    0.0000    0.0000    0.0000    4.1680   -0.0034    0.0005   -1.0151   -0.0013    0.0000    0.0000    0.0000    0.2500    0.0223 
   1.3771    0.0025    0.0763   -0.0308 -180.0059    0.0248    0.0364   -0.0120    0.0000    0.0000    0.0000    0.0000    0.0000    0.0000    4.1680   -0.0002   -0.0024   -1.0115   -0.0032    0.0000    0.0000    0.0000    0.2500    0.0219 
   1.4061    0.0025    0.0162   -0.0756 -180.0068    0.0248   -0.0857   -0.1340    0.0000    0.0000    0.0000    0.0000    0.0000    0.0000    4.1600   -0.0024    0.0005   -1.0081   -0.0013    0.0000    0.0000    0.0000    0.2500    0.0221 
   1.4311    0.0025    0.0123   -0.1071 -180.0063    0.0248   -0.1467    0.1711    0.0000    0.0000    0.0000    0.0000    0.0000    0.0000    4.1760   -0.0017   -0.0007   -1.0110   -0.0013    0.0000    0.0000    0.0000    0.2500    0.0221 
   1.4600    0.0025    0.1181   -0.0754 -180.0059   -0.0973   -0.0857    0.1101    0.0000    0.0000    0.0000    0.0000    0.0000    0.0000    4.1680   -0.0002   -0.0042   -1.0137   -0.0013    0.0000    0.0000    0.0000    0.2500    0.0221 
   1.4851    0.0025    0.0384   -0.1319 -180.0060    0.0248   -0.0857    0.0491    0.0000    0.0000    0.0000    0.0000    0.0000    0.0000    4.1760   -0.0022    0.0000   -1.0100   -0.0016    0.0000    0.0000    0.0000    0.2500    0.0220 
   1.5141    0.0025    0.0223   -0.1261 -180.0057   -0.1583    0.2195   -0.0120    0.0000    0.0000    0.0000    0.0000    0.0000    0.0000    4.1680   -0.0020    0.0020   -1.0088   -0.0016    0.0000    0.0000    0.0000    0.2500    0.0220 
   1.5431    0.0025    0.0929   -0.0634 -180.0062    0.1469   -0.0857   -0.0120    0.0000    0.0000    0.0000    0.0000    0.0000    0.0000    4.1760   -0.0005   -0.0015   -1.0139   -0.0021    0.0000    0.0000    0.0000    0.2500    0.0220 
   1.5681    0.0025    0.0661   -0.1291 -180.0061    0.0248   -0.0246    0.1101    0.0000    0.0000    0.0000    0.0000    0.0000    0.0000    4.1680   -0.0005   -0.0002   -1.0083   -0.0021    0.0000    0.0000    0.0000    0.2500    0.0220 
   1.5973    0.0025    0.0400   -0.1151 -180.0060    0.1469    0.0974   -0.0730    0.0000    0.0000    0.0000    0.0000    0.0000    0.0000    4.1680   -0.0034    0.0010   -1.0100   -0.0011    0.0000    0.0000    0.0000    0.2500    0.0222 
   1.6263    0.0024    0.0511   -0.1630 -180.0064    0.0248    0.0974   -0.1951    0.0000    0.0000    0.0000    0.0000    0.0000    0.0000    4.1760   -0.0056   -0.0005   -1.0125    0.0000    0.0000    0.0000    0.0000    0.2500    0.0224 
   1.6515    0.0025    0.1130   -0.1387 -180.0063   -0.0362   -0.0857   -0.0730    0.0000    0.0000    0.0000    0.0000    0.0000    0.0000    4.1680   -0.0024   -0.0020   -1.0134    0.0000    0.0000    0.0000    0.0000    0.2500    0.0224 
   1.6804    0.0025    0.0028   -0.0695 -180.0077    0.0248    0.0364   -0.0730    0.0000    0.0000    0.0000    0.0000    0.0000    0.0000    4.1680    0.0024    0.0020   -1.0110    0.0004    0.0000    0.0000    0.0000    0.2500    0.0225 
   1.7054    0.0025    0.0303   -0.1298 -180.0098   -0.0362    0.0364   -0.1340    0.0000    0.0000    0.0000    0.0000    0.0000    0.0000    4.1760   -0.0039   -0.0020   -1.0132    0.0017    0.0000    0.0000    0.0000    0.2500    0.0226 
   1.7344    0.0025    0.0433   -0.1386 -180.0107    0.1469   -0.1467   -0.0120    0.0000    0.0000    0.0000    0.0000    0.0000    0.0000    4.1680   -0.0024   -0.0015   -1.0142    0.0017    0.0000    0.0000    0.0000    0.2500    0.0226 
   1.7635    0.0025    0.0266   -0.0766 -180.0110    0.0248   -0.0246   -0.0120    0.0000    0.0000    0.0000    0.0000    0.0000    0.0000    4.1760   -0.0015   -0.0005   -1.0122    0.0038    0.0000    0.0000    0.0000    0.2500    0.0230 
   1.7885    0.0025   -0.0009   -0.0910 -180.0113    0.0248    0.0974   -0.1340    0.0000    0.0000    0.0000    0.0000    0.0000    0.0000    4.1600   -0.0017    0.0017   -1.0081    0.0038    0.0000    0.0000    0.0000    0.2500    0.0230 
   1.8175    0.0025    0.0136   -0.1115 -180.0109   -0.0362   -0.0857   -0.1340    0.0000    0.0000    0.0000    0.0000    0.0000    0.0000    4.1680    0.0002   -0.0012   -1.0103    0.0050    0.0000    0.0000    0.0000    0.2500    0.0234 
   1.8465    0.0025    0.1001   -0.1138 -180.0115   -0.0362   -0.0246    0.0491    0.0000    0.0000    0.0000    0.0000    0.0000    0.0000    4.1760   -0.0007   -0.0005   -1.0122    0.0048    0.0000    0.0000    0.0000    0.2500    0.0237 
   1.8715    0.0025    0.0640   -0.1360 -180.0138    0.2079    0.0364   -0.0120    0.0000    0.0000    0.0000    0.0000    0.0000    0.0000    4.1760   -0.0042   -0.0024   -1.0076    0.0048    0.0000    0.0000    0.0000    0.2500    0.0237 
   1.9005    0.0025    0.1238   -0.0946 -180.0140    0.0858    0.0364    0.1101    0.0000    0.0000    0.0000    0.0000    0.0000    0.0000    4.1680   -0.0012   -0.0007   -1.0127    0.0046    0.0000    0.0000    0.0000    0.2500    0.0239 
   1.9255    0.0025   -0.0061   -0.0709 -180.0125    0.0858   -0.0246    0.0491    0.0000    0.0000    0.0000    0.0000    0.0000    0.0000    4.1760   -0.0024    0.0005   -1.0120    0.0050    0.0000    0.0000    0.0000    0.2500    0.0240 
   1.9545    0.0025   -0.0061   -0.1245 -180.0131   -0.1583   -0.0857   -0.0120    0.0000    0.0000    0.0000    0.0000    0.0000    0.0000    4.1680   -0.0024    0.0002   -1.0103    0.0050    0.0000    0.0000    0.0000    0.2500    0.0240 
   1.9836    0.0025    0.1032   -0.1009 -180.0131   -0.0973   -0.0246   -0.0120    0.0000    0.0000    0.0000    0.0000    0.0000    0.0000    4.1600   -0.0010   -0.0059   -1.0112    0.0054    0.0000    0.0000    0.0000    0.2500    0.0242 
   2.0086    0.0025    0.0118   -0.0825 -180.0124    0.0248    0.1585   -0.1340    0.0000    0.0000    0.0000    0.0000    0.0000    0.0000    4.1600   -0.0007   -0.0002   -1.0120    0.0054    0.0000    0.0000    0.0000    0.2500    0.0242 
   2.0376    0.0025   -0.0074   -0.1197 -180.0113   -0.1583   -0.0246    0.0491    0.0000    0.0000    0.0000    0.0000    0.0000    0.0000    4.1760   -0.0022    0.0005   -1.0112    0.0044    0.0000    0.0000    0.0000    0.2500    0.0243 
   2.0666    0.0025    0.0873   -0.1242 -180.0113    0.0248    0.0364   -0.0730    0.0000    0.0000    0.0000    0.0000    0.0000    0.0000    4.1760   -0.0034   -0.0017   -1.0110    0.0049    0.0000    0.0000    0.0000    0.2500    0.0243 
   2.0916    0.0025    0.0667   -0.1548 -180.0128    0.0248   -0.0857   -0.0120    0.0000    0.0000    0.0000    0.0000    0.0000    0.0000    4.1680   -0.0039   -0.0005   -1.0125    0.0049    0.0000    0.0000    0.0000    0.2500    0.0243 
   2.1206    0.0025    0.0771   -0.0737 -180.0133    0.0858   -0.0857    0.1101    0.0000    0.0000    0.0000    0.0000    0.0000    0.0000    4.1760   -0.0012   -0.0012   -1.0142    0.0034    0.0000    0.0000    0.0000    0.2500    0.0241 
   2.1456    0.0024    0.0647   -0.1086 -180.0124    0.0858    0.0974    0.1101    0.0000    0.0000    0.0000    0.0000    0.0000    0.0000    4.1680    0.0007   -0.0007   -1.0137    0.0042    0.0000    0.0000    0.0000    0.2500    0.0242 
   2.1745    0.0025    0.0405   -0.0965 -180.0116    0.0858   -0.0857    0.1101    0.0000    0.0000    0.0000    0.0000    0.0000    0.0000    4.1680   -0.0020   -0.0034   -1.0105    0.0042    0.0000    0.0000    0.0000    0.2500    0.0242 
   2.2037    0.0026    0.0490   -0.1760 -180.0124   -0.0973   -0.0246   -0.0730    0.0000    0.0000    0.0000    0.0000    0.0000    0.0000    4.1680   -0.0029    0.0005   -1.0129    0.0046    0.0000    0.0000    0.0000    0.2500    0.0242 
   2.2286    0.0025    0.0273   -0.1716 -180.0138    0.0248    0.0364    0.0491    0.0000    0.0000    0.0000    0.0000    0.0000    0.0000    4.1680   -0.0029    0.0015   -1.0125    0.0046    0.0000    0.0000    0.0000    0.2500    0.0242 
   2.2576    0.0025    0.0453   -0.1014 -180.0143   -0.0362    0.0364    0.0491    0.0000    0.0000    0.0000    0.0000    0.0000    0.0000    4.1680   -0.0002    0.0007   -1.0129    0.0051    0.0000    0.0000    0.0000    0.2500    0.0243 
   2.2865    0.0025    0.0411   -0.1035 -180.0143   -0.0973    0.0364    0.1101    0.0000    0.0000    0.0000    0.0000    0.0000    0.0000    4.1760   -0.0015   -0.0027   -1.0127    0.0031    0.0000    0.0000    0.0000    0.2500    0.0238 
   2.3115    0.0025    0.0861   -0.1138 -180.0157    0.0248    0.0364   -0.0120    0.0000    0.0000    0.0000    0.0000    0.0000    0.0000    4.1680   -0.0020   -0.0010   -1.0098    0.0031    0.0000    0.0000    0.0000    0.2500    0.0238 
   2.3405    0.0025    0.0319   -0.1239 -180.0159   -0.0362   -0.0246   -0.0120    0.0000    0.0000    0.0000    0.0000    0.0000    0.0000    4.1680   -0.0012    0.0032   -1.0105    0.0031    0.0000    0.0000    0.0000    0.2500    0.0240 
   2.3655    0.0025    0.0155   -0.0854 -180.0161    0.0248   -0.0857    0.1711    0.0000    0.0000    0.0000    0.0000    0.0000    0.0000    4.1680   -0.0020    0.0010   -1.0127    0.0016    0.0000    0.0000    0.0000    0.2500    0.0236 
   2.3945    0.0025   -0.0271   -0.0743 -180.0168   -0.0362   -0.0857   -0.0730    0.0000    0.0000    0.0000    0.0000    0.0000    0.0000    4.1680   -0.0027    0.0002   -1.0132    0.0016    0.0000    0.0000    0.0000    0.2500    0.0236 
   2.4236    0.0025    0.0611   -0.1262 -180.0160    0.0248   -0.0857    0.0491    0.0000    0.0000    0.0000    0.0000    0.0000    0.0000    4.1760   -0.0010   -0.0032   -1.0149    0.0026    0.0000    0.0000    0.0000    0.2500    0.0237 
   2.4486    0.0025    0.0716   -0.1582 -180.0154   -0.0362    0.0364   -0.0120    0.0000    0.0000    0.0000    0.0000    0.0000    0.0000    4.1680   -0.0049   -0.0022   -1.0117    0.0026    0.0000    0.0000    0.0000    0.2500    0.0237 
   2.4778    0.0025    0.0645   -0.1555 -180.0155    0.0858   -0.0857    0.0491    0.0000    0.0000    0.0000    0.0000    0.0000    0.0000    4.1680   -0.0024   -0.0015   -1.0103    0.0008    0.0000    0.0000    0.0000    0.2500    0.0233 
   2.5067    0.0025    0.0462   -0.1092 -180.0157   -0.0973   -0.0857    0.0491    0.0000    0.0000    0.0000    0.0000    0.0000    0.0000    4.1680   -0.0032   -0.0024   -1.0122    0.0013    0.0000    0.0000    0.0000    0.2500    0.0235 
   2.5317    0.0025    0.0132   -0.1214 -180.0161    0.0248    0.0974   -0.0120    0.0000    0.0000    0.0000    0.0000    0.0000    0.0000    4.1680   -0.0024    0.0000   -1.0103    0.0013    0.0000    0.0000    0.0000    0.2500    0.0235 
   2.5607    0.0025    0.0493   -0.1357 -180.0156   -0.0362   -0.0857   -0.0120    0.0000    0.0000    0.0000    0.0000    0.0000    0.0000    4.1680   -0.0029   -0.0007   -1.0112    0.0005    0.0000    0.0000    0.0000    0.2500    0.0234 
   2.5857    0.0024    0.0890   -0.1369 -180.0162    0.2079    0.0364    0.1101    0.0000    0.0000    0.0000    0.0000    0.0000    0.0000    4.1680   -0.0027   -0.0020   -1.0127    0.0017    0.0000    0.0000    0.0000    0.2500    0.0236 
   2.6147    0.0025    0.0825   -0.1375 -180.0163    0.0858   -0.2077   -0.0120    0.0000    0.0000    0.0000    0.0000    0.0000    0.0000    4.1680   -0.0024   -0.0015   -1.0144    0.0017    0.0000    0.0000    0.0000    0.2500    0.0236 
   2.6437    0.0025   -0.0129   -0.1272 -180.0168   -0.0973   -0.0246    0.0491    0.0000    0.0000    0.0000    0.0000    0.0000    0.0000    4.1680   -0.0017   -0.0020   -1.0085    0.0014    0.0000    0.0000    0.0000    0.2500    0.0237 
   2.6687    0.0025    0.0187   -0.0855 -180.0184    0.0248    0.0364   -0.0730    0.0000    0.0000    0.0000    0.0000    0.0000    0.0012    4.1680   -0.0017   -0.0024   -1.0142    0.0014    0.0000    0.0000    0.0000    0.2500    0.0237 
   2.6979    0.0025    0.0271   -0.0883 -180.0188    0.1469   -0.0857   -0.1340    0.0000    0.0000    0.0000    0.0000    0.0000    0.0137    4.1680   -0.0005   -0.0005   -1.0122    0.0006    0.0000    0.0000    0.0000    0.2500    0.0236 
   2.7270    0.0025    0.0799   -0.1611 -180.0204    0.1469   -0.0857   -0.0730    0.0000    0.0000    0.0000    0.0000    0.0000    0.0263    4.1680   -0.0049   -0.0012   -1.0103   -0.0007    0.0000    0.0000    0.0000    0.2500    0.0235 
   2.7520    0.0025    0.0744   -0.1145 -180.0209    0.0248    0.0974   -0.0730    0.0000    0.0000    0.0000    0.0000    0.0000    0.0388    4.1680   -0.0037   -0.0007   -1.0139   -0.0007    0.0000    0.0000    0.0000    0.2500    0.0235 
   2.7811    0.0025    0.0236   -0.0562 -180.0203   -0.0362    0.0974    0.0491    0.0000    0.0000    0.0000    0.0000    0.0000    0.0512    4.1680   -0.0020   -0.0005   -1.0127   -0.0007    0.0000    0.0000    0.0000    0.2500    0.0233 
   2.8061    0.0025    0.0680   -0.0885 -180.0199   -0.0973    0.2195   -0.0730    0.0000    0.0000    0.0000    0.0000    0.0000    0.0637    4.1600   -0.0015   -0.0012   -1.0161    0.0019    0.0000    0.0000    0.0000    0.2500    0.0235 
   2.8353    0.0026    0.0379   -0.1214 -180.0193   -0.0973   -0.0246    0.0491    0.0000    0.0000    0.0000    0.0000    0.0000    0.0762    4.1600   -0.0044   -0.0024   -1.0159    0.0019    0.0000    0.0000    0.0000    0.2500    0.0235 
   2.8643    0.0025    0.0574   -0.0886 -180.0195    0.0248   -0.0246    0.1101    0.0000    0.0000    0.0000    0.0000    0.0000    0.0887    4.1680   -0.0012   -0.0010   -1.0154    0.0001    0.0000    0.0000    0.0000    0.2500    0.0232 
   2.8893    0.0025    0.0370   -0.1519 -180.0192    0.0248    0.0364   -0.0120    0.0000    0.0000   -2.1902    8.9942    0.0000    0.1012    4.1680   -0.0051    0.0007   -1.0112    0.0001    0.0000    0.1464    0.0557    0.2500    0.0232 
   2.9187    0.0025    0.0599   -0.1771 -180.0204   -0.0362    0.0974   -0.2561    0.0176    0.1055   -0.5731    4.6624    0.0000    0.1137    4.0800   -0.0078   -0.0010   -1.0085    0.0025    0.0000    0.1268    0.1059    0.2500    0.0236 
   2.9480    0.0025    0.0290   -0.1419 -180.0139   -0.5245    0.8298    0.4763   -0.0176    0.0703    2.1954    1.7800   -1.4502    0.1262    4.0720    0.0017    0.0081   -1.0161    0.0031    0.0000    0.1380    0.1423    0.2500    0.0233 
   2.9730    0.0025    0.0726   -0.1774 -179.9963   -1.1959   -0.6350    6.7629    0.1055    0.0703    0.4761    2.2412   -1.4502    0.1387    4.0640    0.0344   -0.0969   -1.0054    0.0031    0.0000    0.2031    0.2063    0.2500    0.0233 
   3.0021    0.0025    0.0200   -0.1864 -180.0557   -1.9894   -5.4568    8.9602   -0.0879    0.1230   -2.0075    2.9411   -1.9775    0.1512    4.0160    0.1482   -0.1917   -0.9954    0.0135    0.0000    0.3889    0.3715    0.2500    0.0240 
   3.0271    0.0025    0.0247   -0.1551 -180.0254   -6.9942   10.1682    6.3967   -0.0352    0.1406   -1.6060    3.1384   -1.9775    0.1637    4.0000    0.2063   -0.2930   -1.0989    0.0408    0.0000    0.3022    0.3880    0.2500    0.0239 
   3.0565    0.0025    0.0492   -0.1191 -179.9075   27.8568    2.4778    8.3498   -0.0176    0.1230   -2.7908    2.7598   -1.3184    0.1762    3.9360    0.1826    0.4421   -0.8174    0.0408    0.0000    0.0000    0.2427    0.2500    0.0239 
   3.0857    0.0025    0.0192   -0.1399 -179.6797   10.2177   -5.1516    9.2043   -0.0176    0.1582    0.0775    5.0340   -1.7139    0.1887    4.0240   -0.1631    0.1064   -0.9338    0.0407    0.0000    0.1884    0.2315    0.2500    0.0255 
   3.1107    0.0025    0.0634   -0.1139 -179.4804   14.4291    7.2996    1.3308   -0.0352    0.1230   -1.6975   -0.0209   -1.4502    0.2012    4.0160    0.1707   -0.1013   -0.9893    0.0407    0.0000    0.0000    0.1981    0.2500    0.0255 
   3.1399    0.0025    0.0645   -0.1900 -179.3882   11.0111   -0.8791   -2.5144   -0.0703    0.1406   -2.1228    4.5114   -1.4502    0.2137    4.0080   -0.2334    0.2737   -1.1284    0.0355    0.0000    0.0000    0.1057    0.2500    0.0254 
   3.1691    0.0025    0.1204   -0.0811 -179.0952   -4.1256    6.8113   20.8620   -0.0176    0.1055   -1.1403   -0.9764   -0.6592    0.2262    4.0000   -0.0977   -0.3604   -1.1470    0.1234    0.0000    0.4933    0.4834    0.2500    0.0262 
   3.1942    0.0025    0.0945   -0.1423 -178.7563  -16.3937  -19.2507   16.8948   -0.0703    0.1934   -0.0292    8.6942   -1.5820    0.2387    3.9440   -0.0122    0.0317   -1.2463    0.1234    0.0000    0.7541    0.1602    0.2500    0.0262 
   3.2234    0.0026    0.1435   -0.1922 -178.4023   13.6356  -16.4431   11.5847   -0.0352    0.1582   -0.6049    5.1590   -1.3184    0.2512    3.9760   -0.1997    0.1443   -0.9883    0.0873    0.0000    0.2773    0.1354    0.2500    0.0281 
   3.2483    0.0025    0.1434   -0.2303 -178.0587   -4.4308   -8.6916   12.7444   -0.1230    0.2285   -3.7885    7.0603   -1.1865    0.2637    3.9760   -0.1819   -0.1152   -1.0242    0.0854    0.0000    0.4706    0.3192    0.2500    0.0296 
   3.2775    0.0025    0.0680   -0.3167 -177.8473  -19.0182    3.6375   10.1199   -0.1230    0.2812    0.1989    7.5141   -1.1865    0.2762    3.9680   -0.0830    0.2783   -0.8914    0.0854    0.0000    0.4697    0.3240    0.2500    0.0296 
   3.3067    0.0025    0.1197   -0.3718 -177.6721   -3.8204   -7.1047    1.3308   -0.0879    0.2285   -0.6408    5.3224   -1.4502    0.2887    3.9520    0.0647    0.0564   -0.8154   -0.0320    0.0000    0.4028    0.3023    0.2500    0.0297 
   3.3317    0.0025    0.1033   -0.3522 -177.4889   -6.5670    9.7410    6.0915   -0.1758    0.2285   -4.5749    2.1624   -1.1865    0.3012    3.9440   -0.0896   -0.1226   -1.0547   -0.0320    0.0000    0.3826    0.3826    0.2500    0.0297 
   3.3610    0.0025    0.0398   -0.3072 -177.3859   -2.0504    0.8909    2.6736   -0.1055    0.2988   -0.2993    5.5022   -1.5820    0.3137    3.9440   -0.1296    0.1465   -0.7764   -0.0412    0.0000    0.4093    0.3697    0.2500    0.0274 
   3.3902    0.0025   -0.0960   -0.4471 -177.3079    3.0766  -18.9455    0.0491   -0.0879    0.2988    3.8671   11.8320   -1.1865    0.3262    3.9360   -0.1680    0.3225   -1.0793   -0.0766    0.0000    0.3741    0.2782    0.2500    0.0247 
   3.4152    0.0025   -0.0490   -0.3304 -177.1937    3.9310   -1.2453    5.1760   -0.0527    0.3164    4.5272    4.8065   -1.4502    0.3387    3.9120    0.0679    0.0479   -1.2273   -0.0766    0.0000    0.3924    0.3312    0.2500    0.0247 
   3.4444    0.0025    0.0354   -0.2631 -177.1252   10.0956  -11.6213   -0.0730   -0.0703    0.3516   -1.3602    7.2442   -1.1865    0.3512    3.9120   -0.1016    0.0205   -0.8184    0.0410    0.0000    0.3997    0.2625    0.2500    0.0225 
   3.4694    0.0024    0.0138   -0.2634 -177.0623   -4.4308    1.5012    0.7815   -0.1055    0.2988    2.8938    3.3782   -1.3184    0.3637    3.9040   -0.0278    0.1318   -1.1145    0.0732    0.0000    0.3805    0.3471    0.2500    0.0232 
   3.4987    0.0025    0.0549   -0.2868 -177.0597   -2.4776    1.2571   -2.3923   -0.1406    0.3164   -0.8329    6.1626   -1.4502    0.3762    3.8960   -0.0903    0.1565   -0.9822    0.0732    0.0000    0.3453    0.3829    0.2500    0.0232 
   3.5279    0.0025    0.0402   -0.3044 -177.0783    0.0858   -5.8840    5.4202   -0.1055    0.3516    0.4015   10.1570   -1.0547    0.3887    3.8800   -0.1272    0.0439   -1.0925    0.1018    0.0000    0.4401    0.4001    0.2500    0.0248 
   3.5529    0.0025    0.0737   -0.3894 -177.1366   -3.1490    7.9710   -6.2986   -0.1758    0.3340   -3.4171    7.5973   -1.8457    0.4012    3.8800    0.0364   -0.0078   -1.0327    0.1018    0.0000    0.4378    0.4268    0.2500    0.0248 
   3.5822    0.0025    0.0658   -0.3692 -177.2850   -1.0128    1.1350   -4.1624   -0.1582    0.3340   -1.4397    3.6432   -1.1865    0.4137    3.8720    0.0308   -0.0383   -0.9563    0.1119    0.0000    0.4174    0.4329    0.2500    0.0265 
   3.6115    0.0025   -0.0218   -0.2538 -177.3114  -15.2340   -2.4660    0.2322   -0.1934    0.3691    0.0800    5.0152   -1.3184    0.4262    3.8560    0.0312    0.1523   -1.1602    0.0861    0.0000    0.5240    0.3264    0.2500    0.0283 
   3.6365    0.0025    0.0506   -0.2428 -177.2417   -0.4024    7.0554    5.6033   -0.1230    0.3164   -2.5520    2.7719   -0.6592    0.4387    3.8400    0.0242   -0.0261   -0.9146    0.0861    0.0000    0.4587    0.5245    0.2500    0.0283 
   3.6656    0.0024    0.1063   -0.2459 -177.0162    5.0907   -0.6350   10.6081   -0.1582    0.2812   -1.1093    2.1042   -1.4502    0.4512    3.8480    0.0159    0.0493   -1.1309    0.0924    0.0000    0.4958    0.5280    0.2500    0.0290 
   3.6906    0.0025    0.1640   -0.3547 -176.7885    5.0907   -2.4660    7.8005   -0.1230    0.2988   -2.6033    7.6285   -1.0547    0.4637    3.8400   -0.0598    0.1235   -1.0332    0.0905    0.0000    0.5437    0.5354    0.2500    0.0299 
   3.7198    0.0025    0.2164   -0.2999 -176.6411   -2.8439    3.2102    5.4812   -0.1406    0.3516   -1.9986    2.6156   -1.1865    0.4762    3.8240    0.1152   -0.0474   -1.0659    0.0905    0.0000    0.5379    0.5119    0.2500    0.0299 
   3.7490    0.0025    0.1455   -0.2491 -176.6886   -7.2384    5.9568   -5.8103   -0.0703    0.3516   -1.6780    4.6628   -1.3184    0.4887    3.8240   -0.0417   -0.0688   -0.9976    0.0688    0.0000    0.4993    0.4740    0.2500    0.0300 
   3.7740    0.0025   -0.1291   -0.3137 -176.8726  -15.0509   -4.6023   -7.0921   -0.0703    0.2637    7.9957    9.0567   -0.9229    0.5012    3.8080   -0.0273    0.1521   -1.2549    0.0688    0.0000    0.5384    0.4558    0.2500    0.0300 
   3.8034    0.0026   -0.2764   -0.4716 -176.9943    0.2689   -1.3064   -0.5613   -0.0703    0.3516    3.5358    7.8234   -0.7910    0.5137    3.7920    0.0374    0.0142   -1.0610    0.0451    0.0000    0.5469    0.5437    0.2500    0.0303 
   3.8325    0.0025   -0.1759   -0.4319 -176.8937    7.7152   -8.9358    8.5940   -0.1406    0.3340   -5.5102    8.8493   -1.4502    0.5263    3.7920    0.0239   -0.1091   -1.0928    0.0563    0.0000    0.6176    0.5613    0.2500    0.0291 
   3.8575    0.0025    0.1727   -0.7959 -176.6491   14.7953  -15.7717   10.5471   -0.1406    0.3516   -9.0159   17.3806   -1.4502    0.5388    3.7840   -0.1108    0.1079   -1.3325    0.0563    0.0000    0.6468    0.5391    0.2500    0.0291 
   3.8867    0.0025    0.1148   -0.9545 -176.3846  -28.5397   -2.5271   11.4626   -0.0879    0.3164    5.3025   12.1614   -1.0547    0.5513    3.7760    0.1570   -0.1235   -1.2068    0.1021    0.0000    0.6387    0.5889    0.2500    0.0296 
   3.9117    0.0025   -0.7280   -1.1091 -176.0888  -26.2203   -5.1516   11.3406   -0.1406    0.3691   14.2759   15.4524   -1.3184    0.5638    3.7680    0.2114    0.0835   -1.1377    0.1337    0.0000    0.6503    0.6083    0.2500    0.0303 
   3.9408    0.0025   -0.8518   -1.2864 -175.8620   -1.7452   -0.6960    8.4109   -0.1055    0.3340    7.9325   15.1739   -0.7910    0.5763    3.7520   -0.6008   -0.0073   -0.7771    0.1337    0.0000    0.6846    0.5918    0.2500    0.0303 
   3.9700    0.0025   -0.4692   -1.1832 -175.6475   19.4950   -2.7712    6.1526   -0.1055    0.3340   -2.6315   14.2178   -1.1865    0.5800    3.7600   -0.0537    0.0894   -0.4653    0.1962    0.0000    0.6582    0.5509    0.2500    0.0325 
   3.9950    0.0025    0.1830   -1.1911 -175.4716   18.9457    0.0364    7.7395   -0.1055    0.3691  -10.7539   14.6669   -0.6592    0.5800    3.7600    0.2803   -0.0728   -0.9011    0.1962    0.0000    0.6507    0.6315    0.2500    0.0325 
   4.0243    0.0025    0.1593   -1.0200 -175.2763   -7.4215    9.4358    8.8992   -0.1230    0.3340   -0.5559    7.0484   -1.4502    0.5800    3.7520    0.5955   -0.1892   -1.1108    0.2117    0.0000    0.6417    0.6666    0.2500    0.0352 
   4.0535    0.0025   -0.2265   -0.9254 -175.0791  -19.1402   -0.9402    8.1667   -0.1055    0.3516    4.6163   11.0435   -0.5273    0.5800    3.7600    0.1223   -0.1257   -1.0752   -0.0041    0.0000    0.6917    0.5465    0.2500    0.0387 
   4.0785    0.0025   -0.5601   -0.8413 -174.8765   -7.2994    4.2478    7.7395   -0.1055    0.3516    6.9775   10.0374   -1.1865    0.5800    3.7520   -0.2344    0.0859   -0.8022   -0.0041    0.0000    0.6598    0.6115    0.2500    0.0387 
   4.1076    0.0025   -0.5639   -0.8812 -174.6574    1.9169    0.0974    8.7771   -0.0703    0.3164    4.0324   12.2246   -0.9229    0.5800    3.7520   -0.1721    0.1399   -0.8838    0.0713    0.0000    0.6810    0.5944    0.2500    0.0351 
   4.1326    0.0025   -0.3933   -0.8186 -174.4388    6.3114    7.2385    8.2888   -0.0527    0.3164    1.6135   11.1838   -0.6592    0.5800    3.7520    0.2129   -0.1204   -1.2505    0.1469    0.0000    0.6304    0.6422    0.2500    0.0362 
   4.1618    0.0025   -0.4308   -0.6276 -174.2085   -1.2569   10.2293   10.9133   -0.1055    0.3164    2.0607    6.2007   -1.3184    0.5800    3.7520   -0.0884   -0.0781   -0.9675    0.1469    0.0000    0.6611    0.6793    0.2500    0.0362 
   4.1910    0.0025   -0.5488   -0.2832 -173.9806    3.7479    8.4592    8.1667   -0.0352    0.2812    3.5431    0.1778   -0.9229    0.5800    3.7440    0.1636   -0.2529   -0.7561    0.1384    0.0000    0.6595    0.6477    0.2500    0.0390 
   4.2160    0.0025   -0.3660   -0.2057 -173.7748   10.8280    8.1541    8.8381   -0.0176    0.3340    1.2020    4.4042   -1.3184    0.5800    3.7520    0.2944    0.1902   -1.0903    0.1384    0.0000    0.6068    0.7083    0.2500    0.0390 
   4.2453    0.0025   -0.0809   -0.0854 -173.5722   10.6449    4.7361    7.2512   -0.1230    0.3164   -6.6356    2.3912   -0.9229    0.5800    3.7520    0.0100   -0.1697   -0.8999   -0.0252    0.0000    0.6305    0.6484    0.2500    0.0434 
   4.2744    0.0025   -0.0044   -0.0082 -173.3737   -1.4400    1.0130    8.1667   -0.0879    0.3516   -3.2202    5.7978   -1.1865    0.5800    3.7520   -0.2192   -0.1755   -0.8472   -0.0342    0.0000    0.6657    0.6201    0.2500    0.0429 
   4.2994    0.0025   -0.1664    0.1486 -173.1875   -6.6891    4.4920    6.8240   -0.0176    0.2988    4.2710   -0.7109   -1.1865    0.5800    3.7440    0.2595    0.0134   -0.5535   -0.0342    0.0000    0.6449    0.6350    0.2500    0.0429 
   4.3287    0.0025   -0.2373    0.1909 -173.0137   -3.3932   -1.0012    6.5188   -0.0527    0.3516    2.2663    1.8924   -1.4502    0.5800    3.7520    0.0952    0.0354   -0.9417   -0.0763    0.0000    0.6615    0.6182    0.2500    0.0448 
   4.3537    0.0025   -0.1904    0.1502 -172.8538    5.4569   -1.1843    6.5188    0.0000    0.2812    0.6152    1.0404   -0.7910    0.5800    3.7440    0.0730   -0.1218   -0.6736   -0.1702    0.0000    0.6391    0.6489    0.2500    0.0471 
   4.3829    0.0025   -0.0651    0.1431 -172.7079    6.8607   -1.5505    4.8098    0.0000    0.2812   -0.6892    0.5365   -1.0547    0.5800    3.7440    0.3674    0.0720   -0.6907   -0.1702    0.0000    0.6330    0.6279    0.2500    0.0471 
   4.4120    0.0025    0.1527    0.1737 -172.5715    8.5087   -0.2077    5.9695    0.0000    0.3340   -6.1363    4.6363   -0.6592    0.5800    3.7440    0.3054   -0.1648   -0.9766   -0.0675    0.0000    0.6388    0.6655    0.2500    0.0482 
   4.4370    0.0025    0.1952    0.1609 -172.4479    1.9169    6.2620    4.5657    0.0176    0.2988   -1.1901    0.1798   -1.5820    0.5800    3.7440    0.4080    0.0947   -0.9216   -0.0675    0.0000    0.6098    0.6941    0.2500    0.0482 
   4.4664    0.0025    0.2223    0.1435 -172.3471   -4.5528    2.0506    2.8567    0.0352    0.2988   -1.5954    2.0061   -0.7910    0.5800    3.7440    0.1123   -0.1440   -1.0005   -0.1103    0.0000    0.6103    0.6201    0.2500    0.0550 
   4.4956    0.0025    0.1496    0.1994 -172.2494   -2.1725    2.2337    4.5046    0.0879    0.2461    0.4166   -1.3394   -0.5273    0.5800    3.7360   -0.0042   -0.2576   -0.8176   -0.0896    0.0000    0.6571    0.6464    0.2500    0.0594 
   4.5206    0.0025    0.0468    0.1437 -172.1460   -2.2335    2.4778    3.3450    0.0352    0.2637    1.8985    1.6987   -0.9229    0.5800    3.7440    0.0481    0.1777   -1.1978   -0.0896    0.0000    0.6242    0.6490    0.2500    0.0594 
   4.5498    0.0025    0.0194    0.1000 -172.0677   -1.4400   -0.0857    2.2463    0.0703    0.2637    0.6365    1.3583   -1.1865    0.5800    3.7360    0.6021    0.1318   -1.2537    0.0143    0.0000    0.6361    0.6253    0.2500    0.0668 
   4.5748    0.0025   -0.0138    0.1931 -171.9933   -4.7970   -3.5036    3.4670    0.0176    0.2812   -0.5883   -0.1095   -1.3184    0.5800    3.7360    0.4519   -0.0830   -0.9397    0.0261    0.0000    0.6789    0.5998    0.2500    0.0761 
   4.6040    0.0025   -0.0622    0.1731 -171.9498   -3.1490   -0.0246    1.6970    0.0703    0.2988    2.1084    3.3092   -0.6592    0.5800    3.7280   -1.0764    0.0598   -0.7275    0.0261    0.0000    0.6579    0.5991    0.2500    0.0761 
   4.6333    0.0025   -0.1499    0.2516 -171.9004    0.4520    1.0130    1.6360    0.0527    0.2988    3.1075   -0.9060   -1.3184    0.5800    3.7360    0.0688    0.2061   -0.8782    0.0991    0.0000    0.6436    0.6169    0.2500    0.0868 
   4.6583    0.0025   -0.0846    0.2854 -171.8613    4.2973    2.4168    1.7580    0.1055    0.3164    0.7722    0.8717   -0.7910    0.5800    3.7360    0.9543   -0.0583   -1.2485    0.0991    0.0000    0.6087    0.6475    0.2500    0.0868 
   4.6876    0.0025   -0.0073    0.2273 -171.8167    1.7948   -0.6960    1.6360    0.0352    0.3340    0.2140    3.3594   -1.1865    0.5800    3.7360   -1.5325   -0.0012   -1.1072    0.1476    0.0000    0.6514    0.6091    0.2500    0.0978 
   4.7168    0.0025   -0.0481    0.2467 -171.7717   -0.6466   -1.4285    2.1243    0.0703    0.2812    0.2467    3.9560   -0.9229    0.5800    3.7360   -0.0176   -0.0374   -1.2581    0.2689    0.0000    0.6513    0.6235    0.2500    0.1106 
   4.7418    0.0025   -0.1058    0.3503 -171.7066   -3.2711   -0.8791    2.2463    0.0879    0.3164    5.9700   -0.8391   -1.1865    0.5800    3.7360    0.1519    0.0942   -0.7236    0.2689    0.0000    0.6685    0.5814    0.2500    0.1106 
   4.7710    0.0025   -0.0708    0.3042 -171.6398   -1.2569    0.2805    2.3684    0.0703    0.2988   -0.0116    5.0038   -0.9229    0.5800    3.7360   -0.2095    0.1270   -0.9233    0.2762    0.0000    0.6823    0.6013    0.2500    0.1243 
   4.7961    0.0025   -0.1209    0.3594 -171.5750   -1.3180    1.7454    3.2839    0.0703    0.3164    1.9582   -0.6594   -1.0547    0.5800    3.7360    0.3230   -0.1492   -1.2434    0.3730    0.0000    0.6392    0.6472    0.2500    0.1382 
   4.8252    0.0025   -0.2621    0.3534 -171.5086   -2.8439   -0.3909    2.7346    0.0879    0.2988    4.8712    2.6485   -0.9229    0.5800    3.7360   -0.3010    0.0457   -1.1396    0.3730    0.0000    0.6801    0.6057    0.2500    0.1382 
   4.8544    0.0025   -0.2822    0.4310 -171.4406   -0.8907    0.8298    2.7956    0.0703    0.2988    3.3511    1.9969   -1.0547    0.5800    3.7360   -0.2732    0.1963   -1.0217    0.2785    0.0000    0.6792    0.5915    0.2500    0.1532 
   4.8794    0.0025   -0.1089    0.4163 -171.3643    3.1376   -2.3440    2.6125    0.1055    0.3164   -1.9350    1.8488   -0.2637    0.5800    3.7360   -0.0093   -0.0217   -0.8696    0.2785    0.0000    0.6477    0.6101    0.2500    0.1532 
   4.9086    0.0025   -0.1305    0.3463 -171.2936    0.3300    0.4636    3.1618    0.1406    0.3164    1.3195    3.0782   -0.9229    0.5800    3.7280   -0.0366   -0.2651   -0.7742    0.3210    0.0000    0.6378    0.6466    0.2500    0.1650 
   4.9380    0.0025   -0.1497    0.4268 -171.2346   -3.5152    0.2195    2.1853    0.0879    0.3340    0.1980   -0.6014   -1.3184    0.5800    3.7280    0.0415   -0.2568   -0.6660    0.3097    0.0000    0.6755    0.6194    0.2500    0.1787 
   4.9630    0.0025   -0.2487    0.3341 -171.2019   -5.6515   -1.4285    0.5373    0.1582    0.3340    5.0623    4.7064   -0.7910    0.5800    3.7280    0.5593    0.2490   -1.1836    0.3097    0.0000    0.6594    0.5910    0.2500    0.1787 
   4.9922    0.0025   -0.3302    0.3119 -171.1615   -0.2193    2.9661    0.5984    0.1758    0.3516    6.3144    2.1536   -1.3184    0.5800    3.7360    0.1038    0.1279   -1.1755    0.4089    0.0000    0.6190    0.6347    0.2500    0.1919 
   5.0172    0.0025   -0.3179    0.3957 -171.1351    3.3207   -2.8933    0.8425    0.1582    0.3340    1.5554    1.1535   -1.1865    0.5800    3.7280    0.2544   -0.1621   -0.7458    0.3270    0.0000    0.6790    0.6097    0.2500    0.2082 
   5.0465    0.0025   -0.2210    0.4249 -171.1189    3.1986    0.0974    0.7815    0.1934    0.2988    2.2997   -0.6609   -1.3184    0.5800    3.7280    0.1724   -0.1541   -0.7539    0.3270    0.0000    0.6353    0.6535    0.2500    0.2082 
   5.0756    0.0025   -0.2214    0.3919 -171.1084    3.6869    0.7078   -0.1951    0.2461    0.3164    3.9681    0.1007   -0.9229    0.5800    3.7280    0.0071   -0.0981   -0.4856    0.4040    0.0000    0.6154    0.6294    0.2500    0.2220 
   5.1006    0.0025   -0.1616    0.3641 -171.1063   -2.1114    3.6985    0.2322    0.2285    0.3340    3.4163    3.1616   -1.1865    0.5800    3.7360   -0.2317    0.1692   -1.2405    0.4040    0.0000    0.6588    0.6396    0.2500    0.2220 
   5.1299    0.0025   -0.1490    0.3865 -171.1019    0.2689    0.4026   -0.2561    0.3691    0.3164    4.5576    2.3951   -0.9229    0.5800    3.7280   -0.1785    0.0273   -1.2319    0.2860    0.0000    0.6265    0.6288    0.2500    0.2376 
   5.1590    0.0024   -0.1004    0.3211 -171.1059    1.5507   -4.0530    0.1101    0.5098    0.2812    8.1426    1.5246   -1.5820    0.4651    3.7280    0.0159    0.1199   -1.1643    0.2169    0.0000    0.5447    0.4900    0.2500    0.2503 
   5.1840    0.0025   -0.1046    0.3042 -171.1172   -0.5245   -2.1609   -0.9275    0.5273    0.2988    7.5096    3.1795   -0.9229    0.4651    3.8080   -0.3049    0.0930   -1.0259    0.2169    0.0000    0.5578    0.4650    0.2500    0.2503 
   5.2133    0.0026   -0.1207    0.3367 -171.1634   -4.0035    3.6985   -2.0872    0.5098    0.3164    8.1962    2.4843   -0.6592    0.4690    3.8000   -0.0625    0.1550   -0.9622    0.2338    0.0000    0.5376    0.4832    0.2500    0.2614 
   5.2382    0.0025   -0.0712    0.4266 -171.2199   -1.9894    2.9661   -2.1482    0.4922    0.2988    2.6519   -2.0460   -1.4502    0.5047    3.8000   -0.0242   -0.0525   -0.6885    0.1444    0.0000    0.5643    0.5631    0.2500    0.2745 
   5.2674    0.0025   -0.0633    0.4871 -171.2924   -0.2804    1.1961   -2.9417    0.4922    0.2637    4.1201   -1.9807   -0.7910    0.5047    3.7680    0.1565   -0.0786   -0.7361    0.1444    0.0000    0.5476    0.5488    0.2500    0.2745 
   5.2967    0.0025   -0.1237    0.4757 -171.3738    1.3676   -2.5271   -3.7962    0.5098    0.2988    5.0864   -0.1777   -1.3184    0.5327    3.7440    0.0312   -0.1494   -0.8164    0.1032    0.0000    0.5818    0.5609    0.2500    0.2855 
   5.3217    0.0025   -0.1133    0.3731 -171.4597    3.0155   -2.5881   -3.8572    0.5273    0.2988    3.4372    0.9992   -0.6592    0.5327    3.7440    0.0215    0.0039   -1.0425    0.1032    0.0000    0.5496    0.5743    0.2500    0.2855 
   5.3511    0.0025   -0.0132    0.3342 -171.5420    1.4896    0.2195   -3.6741    0.5449    0.3164    2.9089    2.5968   -1.5820    0.5363    3.7440    0.0364   -0.0542   -0.9014    0.0803    0.0000    0.5621    0.5671    0.2500    0.2969 
   5.3804    0.0025    0.0008    0.3618 -171.6350   -1.1959    0.9519   -5.2610    0.5801    0.2812    4.6578    1.2778   -1.0547    0.5504    3.7520   -0.0049   -0.0034   -0.9385    0.0670    0.0000    0.5963    0.5336    0.2500    0.3086 
   5.4054    0.0025   -0.0395    0.3827 -171.7289    2.6493    2.1726   -3.0637    0.4922    0.3340    1.7846    0.9403   -1.7139    0.5504    3.7280   -0.0015    0.0293   -0.3677    0.0670    0.0000    0.6234    0.5831    0.2500    0.3086 
   5.4346    0.0025    0.1322    0.3306 -171.7998    3.6259   -0.2688   -2.5144    0.6152    0.2812    3.2931    2.2663   -0.9229    0.5418    3.7440   -0.2090   -0.0022   -0.7554    0.0687    0.0000    0.6151    0.5513    0.2500    0.3203 
   5.4596    0.0025    0.1724    0.3635 -171.8788   -0.7076   -2.1609   -3.5520    0.5625    0.2637    5.2971   -0.9139   -1.4502    0.5404    3.7440   -0.0703    0.2280   -0.9258    0.0858    0.0000    0.6175    0.5405    0.2500    0.3339 
   5.4890    0.0025    0.1860    0.3340 -171.9523   -1.9894    2.7830   -2.6365    0.5801    0.2988    3.1156    0.1940   -0.7910    0.5404    3.7440    0.1270   -0.1067   -0.8718    0.0858    0.0000    0.5758    0.5698    0.2500    0.3339 
   5.5182    0.0025    0.1421    0.4100 -172.0146    0.8793   -2.9543   -2.2703    0.6152    0.3691    6.1603    4.8526   -1.1865    0.6532    3.6720   -0.0352    0.0664   -1.0471   -0.1396    0.0000    0.7381    0.6380    0.2500    0.3463 
   5.5433    0.0026    0.1565    0.4252 -172.0416    1.1845    1.9285   -0.5613    0.6855    0.2988    6.9393   -1.5424   -0.9229    0.6532    3.6720    0.4685   -0.0007   -0.9187   -0.1396    0.0000    0.7295    0.7048    0.2500    0.3463 
   5.5725    0.0025    0.2044    0.3339 -172.0413    1.4286    1.1350    0.2322    0.7031    0.2461    6.1483   -1.7840   -1.0547    0.6351    3.6880   -0.1697   -0.1846   -1.0217   -0.1182    0.0000    0.6974    0.6991    0.2500    0.3549 
   5.6017    0.0025    0.1721    0.4226 -172.0484    0.4520   -0.8181   -0.1340    0.6680    0.3340    4.2101    1.2011   -1.8457    0.6548    3.6880    1.3579    0.0710   -0.8638   -0.1404    0.0000    0.7497    0.7070    0.2500    0.3627 
   5.6267    0.0025    0.2293    0.3689 -172.0474    4.4804   -4.9075    0.5373    0.7031    0.3164    2.1862    3.3585   -1.0547    0.6548    3.6800   -0.1333   -0.2722   -0.7410   -0.1404    0.0000    0.7294    0.7024    0.2500    0.3627 
   5.6559    0.0024    0.3142    0.2529 -172.0591    6.6166   -2.0388   -4.0403    0.7559    0.3516    3.0577    3.8318   -1.0547    0.7998    3.5600    0.0413    0.2886   -0.9983   -0.4313    0.0000    0.8319    0.7936    0.2500    0.3722 
