#PID Gain P Ti Td Eta    0.6000    0.7000    0.0100    0.1250    0.7500    0.7000    0.0250    0.1250    3.0000    0.8000    0.0100    0.1250    8.0000    4.0000    0.0400    0.1250    8.0000    4.0000    0.0400    0.1250    0.0000    0.0000    0.0000    0.0000 
   0.0027    0.0027   -0.0274   -0.0476 -180.0002   -0.0208    0.0349   -0.0639    0.0000    0.0000    0.0000    0.0000    0.0000    0.0000    4.1600   -0.0068    0.0066   -1.0146   -0.0005    0.0000    0.0000    0.0000    0.2500    0.0234 
   0.0276    0.0025   -0.1821   -0.2758 -180.0009   -0.0818    0.1569   -0.0029    0.0000    0.0000    0.0000    0.0000    0.0000    0.0000    4.1600   -0.0071    0.0049   -1.0125   -0.0005    0.0000    0.0000    0.0000    0.2500    0.0234 
   0.0568    0.0025   -0.3166   -0.3860 -180.0012   -0.0208    0.0959   -0.0029    0.0000    0.0000    0.0000    0.0000    0.0000    0.0000    4.1600   -0.0073    0.0063   -1.0100   -0.0015    0.0000    0.0000    0.0000    0.2500    0.0233 
   0.0858    0.0025   -0.2711   -0.3545 -180.0016   -0.1428    0.0959   -0.0029    0.0000    0.0000    0.0000    0.0000    0.0000    0.0000    4.1600   -0.0049    0.0044   -1.0105    0.0006    0.0000    0.0000    0.0000    0.2500    0.0237 
   0.1108    0.0025   -0.2571   -0.3036 -179.9996   -0.1428    0.0349    0.1192    0.0000    0.0000    0.0000    0.0000    0.0000    0.0000    4.1600   -0.0063    0.0044   -1.0095    0.0006    0.0000    0.0000    0.0000    0.2500    0.0237 
   0.1397    0.0025   -0.3427   -0.3552 -179.9993    0.0403    0.0959    0.0581    0.0000    0.0000    0.0000    0.0000    0.0000    0.0000    4.1600   -0.0061    0.0078   -1.0056   -0.0006    0.0000    0.0000    0.0000    0.2500    0.0235 
   0.1648    0.0025   -0.3688   -0.3431 -179.9995    0.0403   -0.0872   -0.0639    0.0000    0.0000    0.0000    0.0000    0.0000    0.0000    4.1600   -0.0049    0.0071   -1.0120    0.0025    0.0000    0.0000    0.0000    0.2500    0.0241 
   0.1937    0.0025   -0.3424   -0.3866 -180.0004    0.1013   -0.0872   -0.1250    0.0000    0.0000    0.0000    0.0000    0.0000    0.0000    4.1600   -0.0068    0.0061   -1.0081    0.0025    0.0000    0.0000    0.0000    0.2500    0.0241 
   0.2227    0.0025   -0.3169   -0.3446 -179.9989   -0.0208   -0.0872   -0.0029    0.0000    0.0000    0.0000    0.0000    0.0000    0.0000    4.1600   -0.0056    0.0093   -1.0093    0.0007    0.0000    0.0000    0.0000    0.2500    0.0239 
   0.2477    0.0025   -0.2830   -0.3808 -179.9985    0.1624   -0.0872   -0.0029    0.0000    0.0000    0.0000    0.0000    0.0000    0.0000    4.1600   -0.0088    0.0046   -1.0137    0.0007    0.0000    0.0000    0.0000    0.2500    0.0239 
   0.2767    0.0025   -0.2941   -0.3265 -179.9975    0.1624   -0.0872    0.0581    0.0000    0.0000    0.0000    0.0000    0.0000    0.0000    4.1600   -0.0051    0.0056   -1.0098    0.0027    0.0000    0.0000    0.0000    0.2500    0.0247 
   0.3057    0.0025   -0.3609   -0.3571 -179.9973   -0.0208    0.0959   -0.0639    0.0000    0.0000    0.0000    0.0000    0.0000    0.0000    4.1600   -0.0063    0.0063   -1.0110    0.0014    0.0000    0.0000    0.0000    0.2500    0.0243 
   0.3307    0.0025   -0.2595   -0.3567 -179.9984    0.0403   -0.0262   -0.1250    0.0000    0.0000    0.0000    0.0000    0.0000    0.0000    4.1600   -0.0063    0.0044   -1.0090    0.0014    0.0000    0.0000    0.0000    0.2500    0.0243 
   0.3598    0.0025   -0.3137   -0.3783 -179.9987   -0.0208   -0.0262   -0.0639    0.0000    0.0000    0.0000    0.0000    0.0000    0.0000    4.1600   -0.0066    0.0056   -1.0103    0.0032    0.0000    0.0000    0.0000    0.2500    0.0251 
   0.3848    0.0025   -0.2539   -0.3926 -179.9990    0.1013    0.1569   -0.0639    0.0000    0.0000    0.0000    0.0000    0.0000    0.0000    4.1520   -0.0066    0.0017   -1.0103    0.0019    0.0000    0.0000    0.0000    0.2500    0.0249 
   0.4138    0.0025   -0.3562   -0.3389 -179.9991    0.1013   -0.0262    0.0581    0.0000    0.0000    0.0000    0.0000    0.0000    0.0000    4.1600   -0.0059    0.0090   -1.0103    0.0019    0.0000    0.0000    0.0000    0.2500    0.0249 
   0.4428    0.0025   -0.3237   -0.3077 -179.9987   -0.0208   -0.0872    0.0581    0.0000    0.0000    0.0000    0.0000    0.0000    0.0000    4.1600   -0.0063    0.0032   -1.0137    0.0040    0.0000    0.0000    0.0000    0.2500    0.0255 
   0.4678    0.0025   -0.3255   -0.3919 -179.9994   -0.0818   -0.0872   -0.0639    0.0000    0.0000    0.0000    0.0000    0.0000    0.0000    4.1600   -0.0068    0.0071   -1.0137    0.0040    0.0000    0.0000    0.0000    0.2500    0.0255 
   0.4969    0.0025   -0.3057   -0.3580 -180.0005    0.0403   -0.0262   -0.1860    0.0000    0.0000    0.0000    0.0000    0.0000    0.0000    4.1600   -0.0063    0.0049   -1.0137    0.0023    0.0000    0.0000    0.0000    0.2500    0.0252 
   0.5259    0.0025   -0.3092   -0.3686 -180.0011    0.1013   -0.0872   -0.1250    0.0000    0.0000    0.0000    0.0000    0.0000    0.0000    4.1600   -0.0061    0.0051   -1.0112    0.0033    0.0000    0.0000    0.0000    0.2500    0.0257 
   0.5509    0.0024   -0.3391   -0.3423 -180.0013   -0.0818    0.0349   -0.0029    0.0000    0.0000    0.0000    0.0000    0.0000    0.0000    4.1600   -0.0063    0.0059   -1.0122    0.0033    0.0000    0.0000    0.0000    0.2500    0.0257 
   0.5799    0.0025   -0.3256   -0.3634 -180.0027   -0.0208    0.0959   -0.1250    0.0000    0.0000    0.0000    0.0000    0.0000    0.0000    4.1600   -0.0068    0.0017   -1.0112    0.0003    0.0000    0.0000    0.0000    0.2500    0.0251 
   0.6049    0.0025   -0.3391   -0.3519 -180.0027   -0.1428   -0.0872    0.0581    0.0000    0.0000    0.0000    0.0000    0.0000    0.0000    4.1520   -0.0063    0.0061   -1.0061   -0.0003    0.0000    0.0000    0.0000    0.2500    0.0253 
   0.6339    0.0025   -0.2460   -0.3560 -180.0033    0.1013   -0.0262   -0.0029    0.0000    0.0000    0.0000    0.0000    0.0000    0.0000    4.1600   -0.0076    0.0027   -1.0100   -0.0003    0.0000    0.0000    0.0000    0.2500    0.0253 
   0.6629    0.0025   -0.2879   -0.3549 -180.0033   -0.1428    0.0349   -0.0029    0.0000    0.0000    0.0000    0.0000    0.0000    0.0000    4.1600   -0.0068    0.0059   -1.0100   -0.0019    0.0000    0.0000    0.0000    0.2500    0.0247 
   0.6879    0.0025   -0.3221   -0.2868 -180.0021    0.0403   -0.0872    0.0581    0.0000    0.0000    0.0000    0.0000    0.0000    0.0000    4.1600   -0.0042    0.0034   -1.0115   -0.0019    0.0000    0.0000    0.0000    0.2500    0.0247 
   0.7170    0.0025   -0.3189   -0.3784 -180.0039   -0.0208   -0.0872   -0.0639    0.0000    0.0000    0.0000    0.0000    0.0000    0.0000    4.1600   -0.0073    0.0083   -1.0122    0.0001    0.0000    0.0000    0.0000    0.2500    0.0250 
   0.7459    0.0025   -0.2551   -0.4089 -180.0043    0.1013   -0.0872    0.1802    0.0000    0.0000    0.0000    0.0000    0.0000    0.0000    4.1600   -0.0088    0.0066   -1.0083   -0.0019    0.0000    0.0000    0.0000    0.2500    0.0245 
   0.7709    0.0025   -0.3280   -0.2662 -180.0038   -0.0818    0.1569   -0.0639    0.0000    0.0000    0.0000    0.0000    0.0000    0.0000    4.1600   -0.0046    0.0059   -1.0129   -0.0019    0.0000    0.0000    0.0000    0.2500    0.0245 
   0.7999    0.0025   -0.3055   -0.3095 -180.0026   -0.0208    0.0349    0.0581    0.0000    0.0000    0.0000    0.0000    0.0000    0.0000    4.1600   -0.0051    0.0054   -1.0076   -0.0002    0.0000    0.0000    0.0000    0.2500    0.0246 
   0.8249    0.0025   -0.3781   -0.3938 -180.0027   -0.0208   -0.1482    0.0581    0.0000    0.0000    0.0000    0.0000    0.0000    0.0000    4.1600   -0.0073    0.0066   -1.0110   -0.0017    0.0000    0.0000    0.0000    0.2500    0.0242 
   0.8539    0.0025   -0.3523   -0.2803 -180.0022    0.0403   -0.0262    0.1192    0.0000    0.0000    0.0000    0.0000    0.0000    0.0000    4.1600   -0.0044    0.0073   -1.0134   -0.0017    0.0000    0.0000    0.0000    0.2500    0.0242 
   0.8829    0.0025   -0.2970   -0.3155 -180.0013   -0.0818   -0.0872    0.0581    0.0000    0.0000    0.0000    0.0000    0.0000    0.0000    4.1600   -0.0046    0.0034   -1.0090   -0.0017    0.0000    0.0000    0.0000    0.2500    0.0241 
   0.9079    0.0025   -0.3115   -0.3300 -180.0016   -0.0208   -0.1482    0.0581    0.0000    0.0000    0.0000    0.0000    0.0000    0.0000    4.1600   -0.0059    0.0081   -1.0146   -0.0017    0.0000    0.0000    0.0000    0.2500    0.0241 
   0.9370    0.0025   -0.3572   -0.3664 -180.0030   -0.0818    0.0959   -0.0639    0.0000    0.0000    0.0000    0.0000    0.0000    0.0000    4.1600   -0.0044    0.0073   -1.0115   -0.0028    0.0000    0.0000    0.0000    0.2500    0.0238 
   0.9661    0.0025   -0.3233   -0.3181 -180.0033   -0.0208    0.0959   -0.0029    0.0000    0.0000    0.0000    0.0000    0.0000    0.0000    4.1600   -0.0061    0.0051   -1.0134   -0.0010    0.0000    0.0000    0.0000    0.2500    0.0238 
   0.9910    0.0025   -0.3563   -0.3138 -180.0038    0.0403    0.0349    0.1192    0.0000    0.0000    0.0000    0.0000    0.0000    0.0000    4.1600   -0.0078    0.0015   -1.0105   -0.0010    0.0000    0.0000    0.0000    0.2500    0.0238 
   1.0200    0.0025   -0.3293   -0.3621 -180.0041   -0.0208    0.0959    0.1192    0.0000    0.0000    0.0000    0.0000    0.0000    0.0000    4.1600   -0.0081    0.0039   -1.0100    0.0002    0.0000    0.0000    0.0000    0.2500    0.0238 
   1.0451    0.0025   -0.2911   -0.3281 -180.0043   -0.1428   -0.0262    0.0581    0.0000    0.0000    0.0000    0.0000    0.0000    0.0000    4.1600   -0.0061    0.0063   -1.0088   -0.0002    0.0000    0.0000    0.0000    0.2500    0.0238 
   1.0741    0.0025   -0.3181   -0.3746 -180.0052    0.0403   -0.0262   -0.0639    0.0000    0.0000    0.0000    0.0000    0.0000    0.0000    4.1600   -0.0063    0.0063   -1.0112   -0.0002    0.0000    0.0000    0.0000    0.2500    0.0238 
   1.1031    0.0025   -0.3053   -0.3397 -180.0064    0.0403    0.1569   -0.1250    0.0000    0.0000    0.0000    0.0000    0.0000    0.0000    4.1600   -0.0081    0.0044   -1.0103    0.0002    0.0000    0.0000    0.0000    0.2500    0.0239 
   1.1281    0.0025   -0.3494   -0.3985 -180.0070   -0.0818    0.0349   -0.0639    0.0000    0.0000    0.0000    0.0000    0.0000    0.0000    4.1520   -0.0063    0.0034   -1.0110    0.0002    0.0000    0.0000    0.0000    0.2500    0.0239 
   1.1571    0.0025   -0.3576   -0.3090 -180.0056    0.0403    0.0349    0.0581    0.0000    0.0000    0.0000    0.0000    0.0000    0.0000    4.1600   -0.0054    0.0085   -1.0129    0.0007    0.0000    0.0000    0.0000    0.2500    0.0239 
   1.1861    0.0025   -0.3467   -0.3526 -180.0055    0.0403    0.1569    0.0581    0.0000    0.0000    0.0000    0.0000    0.0000    0.0000    4.1520   -0.0110    0.0083   -1.0125    0.0019    0.0000    0.0000    0.0000    0.2500    0.0240 
   1.2111    0.0025   -0.2990   -0.4024 -180.0066   -0.0208   -0.0262   -0.0029    0.0000    0.0000    0.0000    0.0000    0.0000    0.0000    4.1600   -0.0071    0.0051   -1.0100    0.0019    0.0000    0.0000    0.0000    0.2500    0.0240 
   1.2402    0.0025   -0.2556   -0.3775 -180.0063   -0.0208    0.0349   -0.0029    0.0000    0.0000    0.0000    0.0000    0.0000    0.0000    4.1600   -0.0032    0.0046   -1.0093    0.0013    0.0000    0.0000    0.0000    0.2500    0.0240 
   1.2652    0.0025   -0.3491   -0.3525 -180.0056    0.0403   -0.0872   -0.0029    0.0000    0.0000    0.0000    0.0000    0.0000    0.0000    4.1600   -0.0054    0.0088   -1.0120    0.0028    0.0000    0.0000    0.0000    0.2500    0.0243 
   1.2942    0.0025   -0.3132   -0.3535 -180.0058   -0.0208   -0.0262    0.0581    0.0000    0.0000    0.0000    0.0000    0.0000    0.0000    4.1600   -0.0039    0.0046   -1.0105    0.0028    0.0000    0.0000    0.0000    0.2500    0.0243 
   1.3232    0.0025   -0.3146   -0.4128 -180.0066   -0.0208   -0.0872   -0.0029    0.0000    0.0000    0.0000    0.0000    0.0000    0.0000    4.1600   -0.0083    0.0049   -1.0093    0.0023    0.0000    0.0000    0.0000    0.2500    0.0243 
   1.3482    0.0025   -0.3302   -0.3588 -180.0070    0.1013   -0.0872   -0.0029    0.0000    0.0000    0.0000    0.0000    0.0000    0.0000    4.1600   -0.0054    0.0071   -1.0085    0.0023    0.0000    0.0000    0.0000    0.2500    0.0243 
   1.3773    0.0025   -0.3713   -0.3997 -180.0069   -0.0208   -0.0872   -0.1250    0.0000    0.0000    0.0000    0.0000    0.0000    0.0000    4.1600   -0.0071    0.0066   -1.0090    0.0018    0.0000    0.0000    0.0000    0.2500    0.0243 
   1.4063    0.0025   -0.3195   -0.3791 -180.0061    0.0403   -0.0262    0.1192    0.0000    0.0000    0.0000    0.0000    0.0000    0.0000    4.1520   -0.0066    0.0051   -1.0127    0.0023    0.0000    0.0000    0.0000    0.2500    0.0243 
   1.4313    0.0025   -0.3337   -0.3556 -180.0056    0.1013   -0.1482   -0.0029    0.0000    0.0000    0.0000    0.0000    0.0000    0.0000    4.1600   -0.0081    0.0034   -1.0117    0.0023    0.0000    0.0000    0.0000    0.2500    0.0243 
   1.4603    0.0025   -0.3097   -0.3694 -180.0057    0.1013    0.0959   -0.0639    0.0000    0.0000    0.0000    0.0000    0.0000    0.0000    4.1600   -0.0054    0.0063   -1.0129    0.0038    0.0000    0.0000    0.0000    0.2500    0.0245 
   1.4853    0.0025   -0.3028   -0.3386 -180.0054   -0.0208   -0.1482   -0.2470    0.0000    0.0000    0.0000    0.0000    0.0000    0.0000    4.1600   -0.0068    0.0056   -1.0110    0.0043    0.0000    0.0000    0.0000    0.2500    0.0247 
   1.5143    0.0025   -0.3359   -0.3793 -180.0053    0.0403   -0.0262    0.1192    0.0000    0.0000    0.0000    0.0000    0.0000    0.0000    4.1600   -0.0063    0.0020   -1.0081    0.0043    0.0000    0.0000    0.0000    0.2500    0.0247 
   1.5432    0.0025   -0.3579   -0.3468 -180.0053   -0.0208   -0.0262   -0.0639    0.0000    0.0000    0.0000    0.0000    0.0000    0.0000    4.1600   -0.0051    0.0022   -1.0076    0.0026    0.0000    0.0000    0.0000    0.2500    0.0247 
   1.5683    0.0025   -0.3162   -0.4015 -180.0059   -0.1428    0.0349   -0.0639    0.0000    0.0000    0.0000    0.0000    0.0000    0.0000    4.1600   -0.0073    0.0056   -1.0095    0.0026    0.0000    0.0000    0.0000    0.2500    0.0247 
   1.5974    0.0025   -0.3423   -0.3063 -180.0056    0.0403    0.0349   -0.0029    0.0000    0.0000    0.0000    0.0000    0.0000    0.0000    4.1600   -0.0061    0.0095   -1.0144    0.0035    0.0000    0.0000    0.0000    0.2500    0.0248 
   1.6266    0.0025   -0.2627   -0.3168 -180.0060   -0.0818    0.1569   -0.1860    0.0000    0.0000    0.0000    0.0000    0.0000    0.0000    4.1600   -0.0039    0.0044   -1.0090    0.0017    0.0000    0.0000    0.0000    0.2500    0.0247 
   1.6516    0.0025   -0.2186   -0.3734 -180.0058   -0.0208    0.0959   -0.0639    0.0000    0.0000    0.0000    0.0000    0.0000    0.0000    4.1600   -0.0066    0.0007   -1.0110    0.0017    0.0000    0.0000    0.0000    0.2500    0.0247 
   1.6805    0.0025   -0.2955   -0.3142 -180.0054    0.0403   -0.0262    0.0581    0.0000    0.0000    0.0000    0.0000    0.0000    0.0000    4.1600   -0.0037    0.0063   -1.0115    0.0034    0.0000    0.0000    0.0000    0.2500    0.0248 
   1.7055    0.0025   -0.2871   -0.3295 -180.0049   -0.0818    0.1569   -0.0029    0.0000    0.0000    0.0000    0.0000    0.0000    0.0000    4.1600   -0.0051    0.0029   -1.0112    0.0026    0.0000    0.0000    0.0000    0.2500    0.0247 
   1.7346    0.0026   -0.3221   -0.3466 -180.0041    0.1013   -0.0262   -0.0029    0.0000    0.0000    0.0000    0.0000    0.0000    0.0000    4.1600   -0.0081    0.0063   -1.0125    0.0026    0.0000    0.0000    0.0000    0.2500    0.0247 
   1.7635    0.0025   -0.3453   -0.3663 -180.0040   -0.0818    0.0959    0.1192    0.0000    0.0000    0.0000    0.0000    0.0000    0.0000    4.1600   -0.0088    0.0042   -1.0107    0.0032    0.0000    0.0000    0.0000    0.2500    0.0248 
   1.7885    0.0025   -0.3100   -0.2930 -180.0050    0.1013   -0.0262   -0.0639    0.0000    0.0000    0.0000    0.0000    0.0000    0.0000    4.1520   -0.0051    0.0051   -1.0085    0.0032    0.0000    0.0000    0.0000    0.2500    0.0248 
   1.8176    0.0025   -0.3002   -0.4079 -180.0071    0.0403    0.0349   -0.0029    0.0000    0.0000    0.0000    0.0000    0.0000    0.0000    4.1600   -0.0073    0.0051   -1.0107    0.0026    0.0000    0.0000    0.0000    0.2500    0.0247 
   1.8466    0.0025   -0.3145   -0.4149 -180.0083    0.0403   -0.0262   -0.0029    0.0000    0.0000    0.0000    0.0000    0.0000    0.0000    4.1600   -0.0071    0.0034   -1.0105    0.0026    0.0000    0.0000    0.0000    0.2500    0.0249 
   1.8716    0.0025   -0.3813   -0.3564 -180.0072   -0.0208   -0.2703    0.3023    0.0000    0.0000    0.0000    0.0000    0.0000    0.0000    4.1600   -0.0054    0.0081   -1.0129    0.0026    0.0000    0.0000    0.0000    0.2500    0.0249 
   1.9007    0.0025   -0.3662   -0.3265 -180.0065    0.1013   -0.0262   -0.0029    0.0000    0.0000    0.0000    0.0000    0.0000    0.0000    4.1600   -0.0056    0.0073   -1.0137    0.0022    0.0000    0.0000    0.0000    0.2500    0.0247 
   1.9258    0.0025   -0.3678   -0.3429 -180.0074    0.0403    0.0959   -0.1250    0.0000    0.0000    0.0000    0.0000    0.0000    0.0037    4.1600   -0.0034    0.0063   -1.0129    0.0043    0.0000    0.0000    0.0000    0.2500    0.0251 
   1.9548    0.0025   -0.3968   -0.3545 -180.0074    0.0403   -0.0262   -0.0639    0.0000    0.0000    0.0000    0.0000    0.0000    0.0162    4.1600   -0.0039    0.0073   -1.0112    0.0043    0.0000    0.0000    0.0000    0.2500    0.0251 
   1.9839    0.0025   -0.3051   -0.3480 -180.0093    0.0403    0.1569    0.0581    0.0000    0.0000    0.0000    0.0000    0.0000    0.0288    4.1600   -0.0071    0.0051   -1.0110    0.0027    0.0000    0.0000    0.0000    0.2500    0.0247 
   2.0089    0.0025   -0.3026   -0.3783 -180.0099   -0.1428   -0.0872   -0.1250    0.0000    0.0000    0.0000    0.0000    0.0000    0.0412    4.1600   -0.0066    0.0034   -1.0156    0.0027    0.0000    0.0000    0.0000    0.2500    0.0247 
   2.0380    0.0025   -0.3441   -0.3327 -180.0105   -0.0208    0.0349   -0.0639    0.0000    0.0000    0.0000    0.0000    0.0000    0.0537    4.1600   -0.0042    0.0076   -1.0081    0.0038    0.0000    0.0000    0.0000    0.2500    0.0251 
   2.0671    0.0025   -0.3123   -0.3528 -180.0122   -0.0208    0.0349    0.0581    0.0000    0.0000    0.0000    0.0000    0.0000    0.0662    4.1600   -0.0059    0.0059   -1.0154    0.0008    0.0000    0.0000    0.0000    0.2500    0.0247 
   2.0921    0.0025   -0.2905   -0.2754 -180.0115    0.0403    0.0349    0.1802    0.0000    0.0000    0.0000    0.0000    0.0000    0.0787    4.1600   -0.0049    0.0051   -1.0144    0.0008    0.0000    0.0000    0.0000    0.2500    0.0247 
   2.1212    0.0025   -0.2801   -0.3311 -180.0125   -0.0208    0.0349   -0.0639    0.0000    0.0000    0.0000    0.0000    0.0000    0.0912    4.1600   -0.0063    0.0059   -1.0076    0.0022    0.0000    0.0000    0.0000    0.2500    0.0250 
   2.1462    0.0025   -0.2741   -0.3403 -180.0120   -0.0208    0.0959   -0.0029    0.0000   -0.0352    7.4899    7.0783   -0.1318    0.1037    4.0720    0.0056    0.0120   -1.0112    0.0003    0.0000    0.0826    0.1224    0.2500    0.0246 
   2.1754    0.0025   -0.2918   -0.4034 -180.0137   -0.2039   -1.9793   -0.1250    0.0000    0.0527    3.3370    5.7204   -0.5273    0.1162    4.0720   -0.0449    0.0110   -0.9966    0.0003    0.0000    0.1587    0.1043    0.2500    0.0246 
   2.2046    0.0025   -0.3156   -0.4162 -180.0096   -0.1428    0.7063    1.1568    0.0176    0.0352    2.9002    2.1152   -0.9229    0.1287    4.0640   -0.0095   -0.0129   -1.0166   -0.0000    0.0000    0.1288    0.1709    0.2500    0.0247 
   2.2296    0.0025   -0.3167   -0.3843 -180.0289   -0.2039   -1.1248   -0.7964   -0.0176    0.0352    4.8298    3.6949   -0.9229    0.1412    4.0480    0.0044    0.0208   -1.0107   -0.0000    0.0000    0.2158    0.1956    0.2500    0.0247 
   2.2588    0.0025   -0.3229   -0.3430 -180.0224   -4.5984    2.7204   -0.4912    0.0352    0.0703    3.8193    1.8743   -1.0547    0.1537    4.0240    0.1348    0.0066   -0.9460   -0.0052    0.0000    0.3920    0.4020    0.2500    0.0245 
   2.2880    0.0025   -0.2925   -0.3333 -179.9719   11.6980   -7.8997    7.8706   -0.0703    0.1758   -1.9160   11.0822   -1.7139    0.1662    4.0160   -0.1270    0.3372   -1.1040   -0.0084    0.0000    0.3081    0.1509    0.2500    0.0245 
   2.3130    0.0025   -0.3476   -0.3740 -179.8703   -2.9504   -8.1438    1.2178   -0.0703    0.3340    2.8662   11.2815   -1.0547    0.1787    4.0000    0.1028    0.1272   -1.0569   -0.0084    0.0000    0.2938    0.0000    0.2500    0.0245 
   2.3421    0.0025   -0.3133   -0.3918 -179.7995    0.7727   -0.2093   -6.8999   -0.1230    0.4746    1.0038   10.4131   -1.5820    0.1912    3.9040    0.1257    0.0881   -1.0222   -0.0198    0.0000    0.0000    0.0000    0.2500    0.0242 
   2.3671    0.0024   -0.4013   -0.3923 -179.8818   -7.0398    1.2556   -3.1767   -0.0527    0.5801    5.7443   10.8833   -1.1865    0.2037    4.0000   -0.0012    0.2957   -1.0759    0.0030    0.0000    0.2702    0.1746    0.2500    0.0236 
   2.3963    0.0025   -0.3606   -0.4703 -179.8836    2.7869    0.7063    2.7437   -0.1055    0.6328    0.9065   11.2026   -1.7139    0.2162    4.0080    0.0303   -0.1399   -0.8706    0.0030    0.0000    0.2031    0.3033    0.2500    0.0236 
   2.4254    0.0025   -0.3157   -0.3459 -179.8034    2.4817   -5.3362    6.8330   -0.0703    0.6328    0.7108    8.4341   -1.4502    0.2287    3.9920    0.2600   -0.2339   -0.9065   -0.0055    0.0000    0.3948    0.2758    0.2500    0.0235 
   2.4504    0.0025   -0.3075   -0.3203 -179.6149   14.9939   -2.6507    4.6968   -0.1406    0.5801   -0.8714    7.9210   -1.4502    0.2412    3.9920   -0.0537   -0.2158   -0.9294   -0.0055    0.0000    0.2005    0.3024    0.2500    0.0235 
   2.4797    0.0025   -0.4140   -0.2813 -179.3576  -16.7444   12.9133   15.8662   -0.0703    0.5977    4.3147    6.0637   -1.4502    0.2537    3.9520   -0.1138   -0.0867   -0.9839    0.0415    0.0000    0.3763    0.3004    0.2500    0.0232 
   2.5088    0.0025   -0.4788   -0.3188 -179.0083    1.6882    2.7204   15.5000   -0.1230    0.6504    4.1567    7.8314   -1.1865    0.2662    3.9680    0.0044    0.0486   -1.1853    0.0413    0.0000    0.3429    0.3682    0.2500    0.0245 
   2.5338    0.0025   -0.4811   -0.3141 -178.8549    2.5427    3.2697    0.4243   -0.0879    0.6680    2.7451   10.2784   -1.7139    0.2787    3.9600    0.0552   -0.1714   -1.0498    0.0413    0.0000    0.2405    0.2470    0.2500    0.0245 
   2.5630    0.0025   -0.4322   -0.3780 -178.7457   -1.8518   -2.4676    4.2085   -0.0527    0.5977    1.7458    7.6917   -0.9229    0.2912    3.9520    0.0520   -0.1311   -0.9814    0.0113    0.0000    0.4221    0.3377    0.2500    0.0255 
   2.5880    0.0025   -0.3885   -0.3199 -178.6947    7.7917   15.7209   -0.1250   -0.1230    0.6328    1.3451    6.8142   -1.7139    0.3037    3.9360   -0.0591    0.0347   -0.9890    0.0010    0.0000    0.1224    0.3499    0.2500    0.0251 
   2.6171    0.0025   -0.3868   -0.3313 -178.7530    0.2844    8.8239   -0.4912   -0.1055    0.6680    1.5202   11.0863   -1.0547    0.3162    3.9280   -0.1536    0.0210   -1.0405    0.0010    0.0000    0.2973    0.3169    0.2500    0.0251 
   2.6462    0.0025   -0.3664   -0.2922 -178.9043    1.4441  -13.4539   -8.9140   -0.1055    0.6152   -0.5909    9.1656   -1.5820    0.3287    3.9120   -0.0740   -0.1899   -0.9058   -0.0579    0.0000    0.4207    0.2190    0.2500    0.0249 
   2.6712    0.0025   -0.3991   -0.2751 -179.0357    8.8904   -1.7962   -5.0078   -0.0879    0.6152   -0.6430    9.7448   -0.7910    0.3412    3.9120   -0.0366   -0.0430   -1.0244   -0.0579    0.0000    0.2887    0.3035    0.2500    0.0249 
   2.7004    0.0025   -0.3812   -0.3433 -179.2011    9.1345   -4.7259   -9.8906   -0.0703    0.6328    1.8207   10.5493   -1.7139    0.3537    3.8960   -0.0583   -0.1150   -1.0034   -0.0764    0.0000    0.3405    0.3737    0.2500    0.0229 
   2.7297    0.0025   -0.3591   -0.3397 -179.3471   -0.0818   -9.6087   -5.6792   -0.1055    0.5801    0.4044    8.8947   -1.1865    0.3662    3.8960    0.0010   -0.0957   -1.0769   -0.1299    0.0000    0.3566    0.2799    0.2500    0.0212 
   2.7547    0.0025   -0.3586   -0.3820 -179.4098    5.1062  -18.3978   -1.1626   -0.0703    0.5801    1.7319   13.6158   -1.4502    0.3787    3.8800   -0.0615   -0.0518   -1.0298   -0.1299    0.0000    0.4621    0.2618    0.2500    0.0212 
   2.7838    0.0025   -0.3183   -0.2927 -179.3314   21.6467   17.0026    4.6968   -0.1055    0.6504   -0.5574   11.0257   -1.8457    0.3912    3.8640    0.0164   -0.1328   -1.1213   -0.2217    0.0000    0.2850    0.5701    0.2500    0.0182 
   2.8088    0.0025   -0.3165   -0.3082 -179.3133   -7.6501   -7.5335    1.7061   -0.0527    0.5977    6.8346   11.9525   -0.7910    0.4037    3.8640   -0.0513    0.0422   -1.1763   -0.1503    0.0000    0.5935    0.2404    0.2500    0.0141 
   2.8380    0.0025   -0.2858   -0.3300 -179.2371    9.3787  -13.6370    3.2930   -0.1230    0.6152   -1.3804   11.4366   -1.7139    0.4162    3.8560   -0.1538   -0.0818   -0.9695   -0.1503    0.0000    0.5272    0.3493    0.2500    0.0141 
   2.8671    0.0025   -0.3098   -0.2316 -179.1183   -0.6311   -3.3221    6.4668   -0.0879    0.5801   -0.0324    7.5623   -1.1865    0.4287    3.8560    0.0708   -0.0762   -0.8879   -0.1932    0.0000    0.5336    0.3963    0.2500    0.0124 
   2.8921    0.0025   -0.2474   -0.2537 -178.9529    9.3787   -5.7635    7.4434   -0.0527    0.5977    0.6483    5.5250   -1.8457    0.4412    3.8400    0.0383   -0.1238   -0.9392   -0.1932    0.0000    0.5412    0.4934    0.2500    0.0124 
   2.9214    0.0024   -0.3497   -0.3452 -178.7963  -15.7068    8.0915    4.5137   -0.0352    0.5625    8.3129    6.4513   -0.9229    0.4537    3.8320   -0.0269    0.0735   -0.9910   -0.2011    0.0000    0.5283    0.4604    0.2500    0.0108 
   2.9505    0.0025   -0.2152   -0.3964 -178.6618   -3.2556   19.1389    3.2930   -0.1230    0.6504   -2.4134    7.7325   -1.5820    0.4662    3.8240   -0.0129   -0.0291   -0.8779   -0.2303    0.0000    0.3729    0.5657    0.2500    0.0089 
   2.9756    0.0025   -0.3374   -0.2156 -178.4842   -6.9177   -4.8479    5.6734    0.0000    0.6152    5.7833    8.4770   -1.3184    0.4787    3.8240   -0.0156   -0.0410   -1.0547   -0.2303    0.0000    0.5344    0.4322    0.2500    0.0089 
   3.0048    0.0025   -0.3539   -0.1597 -178.4184    4.3738   18.7727    0.2412   -0.0527    0.5801    1.2498    1.9788   -1.4502    0.4912    3.8080    0.0691   -0.1125   -0.8806   -0.1884    0.0000    0.4486    0.5410    0.2500    0.0072 
   3.0298    0.0025   -0.2329    0.1492 -178.5219    5.7776   12.3640   -7.3882   -0.1230    0.6328   -3.3763    1.8016   -1.7139    0.5037    3.8000   -0.0105   -0.0471   -0.9114   -0.1978    0.0000    0.4442    0.5275    0.2500    0.0065 
   3.0590    0.0025   -0.1213    0.4001 -178.6752    6.1438    3.6970   -5.5571   -0.0879    0.5801   -0.6913    0.3353   -1.3184    0.5162    3.7920   -0.1257   -0.0537   -1.2092   -0.1978    0.0000    0.5329    0.4805    0.2500    0.0065 
   3.0882    0.0026   -0.2353    0.6496 -178.7017   -8.5046    4.1853    4.9409   -0.1055    0.6504    3.3563   -1.3414   -1.5820    0.5288    3.7760    0.0229    0.0142   -0.6836   -0.2260    0.0000    0.6175    0.5592    0.2500    0.0062 
   3.1132    0.0025   -0.4334    0.6140 -178.5619  -15.7068    5.6501    5.6734   -0.1230    0.6680    7.4593    1.3338   -1.7139    0.5413    3.7760    0.0276    0.0667   -1.2139   -0.2260    0.0000    0.5961    0.5477    0.2500    0.0062 
   3.1423    0.0025   -0.7656    0.7072 -178.4420   -2.8284   -4.4207    4.5137   -0.1230    0.6680    9.9188    1.0413   -1.0547    0.5538    3.7600    0.1040    0.1951   -1.3584   -0.2603    0.0000    0.6055    0.5440    0.2500    0.0048 
   3.1715    0.0025   -0.8268    0.7002 -178.3390    0.6506   -4.5428    5.2461   -0.0527    0.6328    8.6074    1.0643   -1.4502    0.5663    3.7600    0.1006    0.1851   -0.8381   -0.2938    0.0000    0.6451    0.5585    0.2500    0.0036 
   3.1965    0.0025   -0.7344    0.5432 -178.1916   18.2898   -2.1624    5.9785   -0.1055    0.6152    2.1601    3.0325   -1.9775    0.5788    3.7520    0.1680    0.2673   -1.0898   -0.2938    0.0000    0.6059    0.6333    0.2500    0.0036 
   3.2257    0.0025    0.1639    0.1317 -178.0501   36.4783  -13.0267    5.6123   -0.1055    0.5273  -14.8475    8.7136   -0.9229    0.5800    3.7520   -0.2446    0.0823   -1.0066   -0.1718    0.0000    0.6282    0.6206    0.2500    0.0016 
   3.2507    0.0025    0.7291    0.0964 -177.8693    6.3879   -4.4207    8.5420   -0.0527    0.6328   -9.4234    5.6490   -1.4502    0.5800    3.7520    0.5605   -0.0981   -1.2837   -0.0454    0.0000    0.6646    0.6184    0.2500    0.0038 
   3.2799    0.0025    0.2069    0.0565 -177.6740  -31.2097    1.2556    8.0537   -0.1055    0.5625    7.7816    5.7156   -1.0547    0.5800    3.7520   -0.1440    0.1230   -0.9595   -0.0454    0.0000    0.7079    0.5716    0.2500    0.0038 
   3.3091    0.0025   -0.5331    0.0509 -177.4648  -16.5002   -4.7869    8.6641   -0.0527    0.6328   10.4869    8.5028   -1.5820    0.5800    3.7520   -0.0400   -0.0669   -1.2029   -0.0793    0.0000    0.6496    0.5935    0.2500    0.0084 
   3.3341    0.0025   -0.4104   -0.1175 -177.2721   17.3743   -5.8855    6.8330   -0.0703    0.6328    2.8604   11.1288   -1.7139    0.5800    3.7440   -0.2231   -0.0759   -1.1528   -0.0793    0.0000    0.6463    0.5890    0.2500    0.0084 
   3.3634    0.0025    0.2361   -0.1703 -177.0808   26.9568   -0.2703    8.2368   -0.0703    0.5625  -12.4308    3.8235   -1.0547    0.5800    3.7520   -0.0071   -0.2368   -0.7549   -0.0823    0.0000    0.5799    0.6781    0.2500    0.0118 
   3.3926    0.0025    0.4512   -0.2279 -176.9007   -2.7673   -4.1155    6.2227   -0.0703    0.6504   -4.2713   11.9068   -1.9775    0.5800    3.7440    0.0720   -0.0303   -0.7690   -0.0341    0.0000    0.6959    0.5691    0.2500    0.0142 
   3.4176    0.0025    0.3315   -0.2400 -176.7576   -3.9270    0.8283    4.7578   -0.0527    0.5801    0.7741    5.5811   -1.3184    0.5800    3.7440    0.0938    0.1758   -1.2634   -0.0341    0.0000    0.6292    0.5920    0.2500    0.0142 
   3.4468    0.0025    0.2942   -0.3888 -176.6225    0.4065   -2.3455    4.8799   -0.0879    0.6328   -1.2917   12.9396   -1.5820    0.5800    3.7440   -0.0471    0.2542   -1.2322    0.0572    0.0000    0.6209    0.5941    0.2500    0.0188 
   3.4718    0.0025    0.2374   -0.2317 -176.4820   -1.7908    9.2512    6.0396   -0.1055    0.6152   -5.9830    6.0680   -1.3184    0.5800    3.7440    0.0647   -0.1609   -0.9368    0.0499    0.0000    0.6131    0.6651    0.2500    0.0252 
   3.5009    0.0025    0.0617   -0.0262 -176.3457   -4.2932    6.5046    5.5513   -0.1406    0.6504   -0.2334    6.6491   -1.5820    0.5800    3.7440   -0.0916    0.0037   -1.1494    0.0499    0.0000    0.6707    0.5885    0.2500    0.0252 
   3.5301    0.0025    0.0213    0.1242 -176.2103   -0.3259    1.5607    5.7344   -0.0352    0.5977    0.1979    6.3979   -1.3184    0.5800    3.7440   -0.0759    0.0134   -0.9775    0.1023    0.0000    0.6557    0.6166    0.2500    0.0322 
   3.5551    0.0025   -0.1260    0.1119 -176.0713   -1.4246   -3.8714    6.2837   -0.0527    0.5977    1.4803   10.5577   -1.7139    0.5800    3.7440   -0.1885   -0.2395   -0.6938    0.1023    0.0000    0.6913    0.6082    0.2500    0.0322 
   3.5843    0.0025   -0.1928    0.1334 -175.9259    2.5427    5.4670    5.7954   -0.0352    0.6152    0.9581    9.2166   -0.7910    0.5800    3.7360   -0.1470    0.0137   -0.8989   -0.0618    0.0000    0.6326    0.6151    0.2500    0.0404 
   3.6135    0.0025   -0.1239    0.2302 -175.8004    2.6038    1.1945    5.0020   -0.0703    0.5977    0.0343    4.6381   -1.7139    0.5800    3.7440   -0.7043    0.0002   -0.8533   -0.0000    0.0000    0.6593    0.6186    0.2500    0.0450 
   3.6385    0.0025   -0.1429    0.3868 -175.6864   -2.2791    4.4904    4.6968   -0.0527    0.5625    1.0488    0.6243   -1.3184    0.5800    3.7360   -0.0266   -0.0615   -0.8069   -0.0000    0.0000    0.6512    0.6334    0.2500    0.0450 
   3.6677    0.0024   -0.2046    0.4481 -175.5835   -7.3450    0.3400    3.5371   -0.0879    0.5977    3.9193    1.4849   -1.1865    0.5800    3.7360    0.1699    0.1296   -0.7107   -0.0022    0.0000    0.6657    0.5730    0.2500    0.0528 
   3.6927    0.0025   -0.3192    0.4245 -175.4865   -3.3777    0.7063    3.7202   -0.1055    0.6328    0.6843    5.9359   -1.4502    0.5800    3.7360    0.0051    0.0664   -1.0251    0.0341    0.0000    0.6747    0.5933    0.2500    0.0604 
   3.7218    0.0025   -0.2697    0.5610 -175.3999    2.1155    1.8659    4.0865   -0.0879    0.5977    1.3853   -1.3531   -0.6592    0.5800    3.7360    0.0898    0.0288   -0.8430    0.0341    0.0000    0.6347    0.6288    0.2500    0.0604 
   3.7510    0.0025   -0.2843    0.5231 -175.2952    1.3831    2.7204    4.2696   -0.0176    0.5801    2.8699   -0.0093   -1.8457    0.5800    3.7360    0.2124   -0.0264   -0.7393    0.0796    0.0000    0.6390    0.6233    0.2500    0.0705 
   3.7760    0.0025   -0.1928    0.5666 -175.1972    0.2234    2.9035    3.6592   -0.0527    0.5625    0.8563    2.5123   -1.0547    0.5800    3.7360   -0.2949    0.0684   -1.2517    0.0796    0.0000    0.6519    0.5706    0.2500    0.0705 
   3.8053    0.0025   -0.1870    0.6215 -175.0867   -4.1101   -3.5662    4.5137   -0.0527    0.5801    2.2618    2.8502   -2.1094    0.5800    3.7280   -0.2637   -0.0276   -0.9580    0.0273    0.0000    0.6946    0.5617    0.2500    0.0793 
   3.8346    0.0026   -0.2539    0.5426 -174.9857   -5.1477   -1.2469    3.2930   -0.0703    0.5625    3.6853    0.4793   -1.3184    0.5800    3.7360   -0.0195    0.0171   -0.9180   -0.0673    0.0000    0.6066    0.6246    0.2500    0.0880 
   3.8595    0.0025   -0.3674    0.5870 -174.9008   -4.1101    2.8425    2.3164   -0.0703    0.5977    4.2300    3.6423   -1.5820    0.5800    3.7280   -0.1523    0.0134   -1.2705   -0.0673    0.0000    0.6376    0.5863    0.2500    0.0880 
   3.8886    0.0025   -0.4006    0.5977 -174.8144    1.5662    4.3073    4.3306   -0.0879    0.5977    1.7693    3.4066   -1.5820    0.5800    3.7280   -0.2341   -0.1296   -0.1194   -0.0691    0.0000    0.6382    0.6597    0.2500    0.0928 
   3.9136    0.0025   -0.3820    0.6499 -174.7376    1.6882    2.5373    2.8047   -0.0703    0.5977    3.7678    2.3103   -1.5820    0.5800    3.7280   -0.1636    0.0146   -0.8669   -0.0779    0.0000    0.6460    0.6040    0.2500    0.1001 
   3.9429    0.0025   -0.4315    0.5849 -174.6609   -3.6218    3.3308    2.8658   -0.0352    0.6152    8.3002    5.8170   -1.8457    0.5800    3.7280   -0.1597    0.1182   -1.0122   -0.0779    0.0000    0.6823    0.5793    0.2500    0.1001 
   3.9720    0.0025   -0.5026    0.6727 -174.5739   -5.1477   -2.6507    2.8658   -0.0879    0.5625    6.0157   -0.4229   -1.4502    0.5800    3.7280   -0.0703    0.2339   -0.8530   -0.2016    0.0000    0.6849    0.5686    0.2500    0.1056 
   3.9970    0.0024   -0.4898    0.5663 -174.4850   -2.2180   -2.3455    3.2930   -0.0703    0.5977    4.1464    3.9713   -0.9229    0.5800    3.7280    0.5925    0.0588   -1.2788   -0.2016    0.0000    0.6245    0.6138    0.2500    0.1056 
   4.0263    0.0026   -0.5002    0.5271 -174.3959   -0.9363   -1.7352    2.8047   -0.0527    0.5801    7.9973    1.5137   -1.0547    0.5800    3.7280    0.4302    0.1199   -1.2510   -0.2165    0.0000    0.6343    0.5932    0.2500    0.1098 
   4.0554    0.0025   -0.5506    0.4341 -174.3244   -1.6687   -0.7586    2.0723   -0.1055    0.6152    5.4800    6.6060   -1.1865    0.5800    3.7280   -0.1013    0.1396   -1.3291   -0.1579    0.0000    0.6602    0.5803    0.2500    0.1145 
   4.0804    0.0025   -0.5725    0.4645 -174.2529    0.4675    0.9504    3.1099   -0.0879    0.5625    0.3866    0.0897   -0.5273    0.5800    3.7280    0.0034   -0.3157   -1.0486   -0.1579    0.0000    0.6038    0.6309    0.2500    0.1145 
   4.1097    0.0025   -0.5858    0.4723 -174.1790    6.0217    1.1945    3.1099   -0.1055    0.6328    2.4898    5.5591   -1.5820    0.5800    3.7280   -0.1633   -0.0479   -1.0652   -0.1582    0.0000    0.6337    0.6431    0.2500    0.1229 
   4.1347    0.0026   -0.4528    0.4997 -174.1313    2.9089    0.8894    1.5230   -0.0703    0.5977    2.9845    0.4635   -1.3184    0.5800    3.7280    0.4443    0.0098   -0.8176   -0.1629    0.0000    0.6336    0.6291    0.2500    0.1322 
   4.1639    0.0025   -0.4281    0.5698 -174.0858   -0.4480    4.3073    1.2178   -0.0879    0.6328    3.6583   -0.1459   -1.5820    0.5800    3.7280    0.1909    0.0320   -0.8701   -0.1629    0.0000    0.6264    0.6422    0.2500    0.1322 
   4.1930    0.0025   -0.4291    0.5495 -174.0526    1.0779   -3.0169    1.5230   -0.0879    0.5449    4.3334    0.6512   -1.0547    0.5800    3.7280   -0.0815    0.1406   -1.0452   -0.1328    0.0000    0.6439    0.6219    0.2500    0.1423 
   4.2180    0.0025   -0.3633    0.5151 -174.0400    2.7869   -6.6180   -0.5522   -0.1055    0.5977    0.9676    2.6340   -1.5820    0.5800    3.7200    0.2878   -0.1160   -1.0894   -0.1328    0.0000    0.6440    0.5835    0.2500    0.1423 
   4.2473    0.0025   -0.3111    0.4234 -174.0517    2.4817    3.3308   -1.5288   -0.1055    0.5977    2.4494    2.3979   -1.4502    0.5800    3.7280    0.1338    0.0107   -1.2397   -0.0890    0.0000    0.5849    0.6194    0.2500    0.1556 
   4.2765    0.0025   -0.3671    0.3638 -174.0941   -0.2039   -0.8196   -2.3222   -0.0527    0.5801    6.0509    4.4865   -1.1865    0.5800    3.7280   -0.0803    0.2285   -1.0718   -0.0478    0.0000    0.6321    0.5769    0.2500    0.1696 
   4.3015    0.0025   -0.3237    0.4017 -174.1267   -0.2039    0.9504   -1.1015   -0.0879    0.5449    2.2283    2.3256   -1.5820    0.5800    3.7280    0.2405    0.0085   -0.6692   -0.0478    0.0000    0.6250    0.6143    0.2500    0.1696 
   4.3306    0.0025   -0.3926    0.3341 -174.1849   -0.3259    4.9177   -2.8105   -0.1055    0.5977    3.3958    3.1126   -1.3184    0.5800    3.7200   -0.0862    0.0342   -1.3218    0.0452    0.0000    0.6225    0.5959    0.2500    0.1861 
   4.3556    0.0025   -0.4172    0.4130 -174.2527   -2.3401    4.4294   -2.6274   -0.0879    0.6328    4.2653    3.4517   -1.8457    0.5800    3.7200    0.4834    0.1187   -1.2224    0.1850    0.0000    0.6208    0.6178    0.2500    0.2042 
   4.3848    0.0025   -0.4632    0.4524 -174.3326   -0.9363    0.8894   -3.6040   -0.0703    0.6504    6.1819    3.0941   -1.4502    0.5800    3.7200   -0.0259    0.1960   -1.0146    0.1850    0.0000    0.6354    0.5846    0.2500    0.2042 
   4.4139    0.0025   -0.5114    0.4796 -174.4127    2.2986    0.7063   -2.5053   -0.1055    0.6152    7.4447    2.3874   -1.7139    0.5800    3.7200    0.2734    0.0510   -0.7681    0.2249    0.0000    0.6450    0.6136    0.2500    0.2264 
   4.4389    0.0025   -0.4201    0.4786 -174.4832    2.6648    0.5231   -2.6274   -0.0527    0.5977    3.3797    0.4748   -0.9229    0.5800    3.7200    0.2119    0.0188   -0.6675    0.2249    0.0000    0.6118    0.6082    0.2500    0.2264 
   4.4682    0.0025   -0.3632    0.4297 -174.5551    0.2844    1.9270   -3.4209   -0.0879    0.5977    2.6698    4.1131   -1.7139    0.5800    3.7200   -0.1589   -0.0898   -1.0620    0.3281    0.0000    0.6431    0.5878    0.2500    0.2466 
   4.4974    0.0025   -0.3109    0.4406 -174.6287   -1.0583   -0.0262   -2.6274   -0.0352    0.4219    2.0870   -0.0203   -1.5820    0.4970    3.7120   -0.3516   -0.1753   -0.9531    0.3917    0.0000    0.5674    0.4897    0.2500    0.2691 
   4.5224    0.0025   -0.3402    0.4220 -174.7009   -1.5466   -6.6180   -2.7495    0.0176   -0.6504    7.3513  -19.3232   -1.5820    0.4970    3.7760   -0.1169   -0.1064   -0.4236    0.3917    0.0000    0.5608    0.4929    0.2500    0.2691 
   4.5518    0.0025   -0.3096    0.1022 -174.7672   -0.5090  -15.8343   -2.7495    0.0879   -0.8438    5.0525   -1.6222   -1.4502    0.5275    3.7440   -0.1511    0.0518   -0.8743    0.2914    0.0000    0.6344    0.4918    0.2500    0.2907 
   4.5768    0.0025   -0.3186   -0.1419 -174.8425   -0.2649   -7.0452   -2.6274    0.0000   -1.4238    1.3166  -14.9219   -1.1865    0.5299    3.7440   -0.0198   -0.2349   -0.7224    0.2257    0.0000    0.5636    0.5540    0.2500    0.3088 
   4.6060    0.0025   -0.3463   -0.5745 -174.9276   -3.1335  -28.1634   -3.2988   -0.0176   -2.0215    4.3039   -8.4787   -1.4502    0.5299    3.7440    0.0583    0.0171   -0.5518    0.2257    0.0000    0.6384    0.4811    0.2500    0.3088 
   4.6351    0.0025   -0.2859   -1.0976 -175.0166   -2.4622  -18.7640   -3.6650   -0.0352   -3.6562    1.6656  -53.6696   -1.5820    0.5436    3.7280    0.1243   -0.0728   -0.9697    0.2074    0.0000    0.4280    0.7112    0.2500    0.3238 
   4.6601    0.0025   -0.3278   -1.8914 -175.1155   -0.9363  -37.9290   -3.2988    0.0000   -4.4121    2.0784  -16.4206   -1.7139    0.5436    3.7360   -0.0891   -0.2085   -0.7163    0.2074    0.0000    0.6272    0.5205    0.2500    0.3238 
   4.6893    0.0025   -0.3304   -2.5752 -175.2102   -6.6125  -21.5716   -4.1533   -0.0352   -5.0625    2.8845  -19.4693   -1.8457    0.5115    3.7600   -0.0151   -0.0518   -0.6433    0.3114    0.0000    0.5413    0.5107    0.2500    0.3396 
   4.7185    0.0025   -0.4203   -3.0928 -175.3094   -3.9270  -18.3367   -3.8481    0.0527   -5.2383   10.5072  -17.2353   -1.3184    0.5310    3.7600    0.1423    0.0151   -1.1628    0.2777    0.0000    0.5655    0.5583    0.2500    0.3577 
   4.7435    0.0025   -0.4400   -3.3642 -175.4055    0.1013  -14.9798   -3.8481    0.0176   -5.1680    5.3076  -10.4173   -1.4502    0.5310    3.7440    0.0745    0.1306   -0.9424    0.2777    0.0000    0.5742    0.5359    0.2500    0.3577 
   4.7727    0.0025   -0.3603   -3.6582 -175.4902    0.8948   -9.8528   -3.6650    0.0176   -5.2031    1.7642   -7.3447   -1.5820    0.5176    3.7520   -0.1465   -0.0935   -0.9402    0.2798    0.0000    0.5619    0.5023    0.2500    0.3752 
   4.7977    0.0025   -0.3858   -3.7442 -175.5910   -3.7439   -6.2518   -3.7871   -0.0352   -5.2910    5.1337  -16.0733   -1.4502    0.5586    3.7440    0.1382    0.0701   -0.5371    0.1470    0.0000    0.5679    0.6086    0.2500    0.3918 
   4.8269    0.0025   -0.3582   -3.9506 -175.6690    2.6648   -8.5101   -2.9936    0.0352   -5.3262    2.8839   -7.3936   -1.9775    0.5586    3.7200    0.1179   -0.0095   -1.0596    0.1470    0.0000    0.5787    0.5915    0.2500    0.3918 
   4.8560    0.0025   -0.3155   -4.1178 -175.7297    1.5662   -8.5711   -1.7119    0.0176   -5.3613    2.8002   -6.2216   -1.3184    0.5303    3.7440   -0.0862   -0.1968   -0.9478    0.2060    0.0000    0.6070    0.5301    0.2500    0.4060 
   4.8810    0.0025   -0.3025   -4.1431 -175.7741    0.6506   -7.5945   -1.8950   -0.0352   -5.5020    3.4088  -11.7832   -1.9775    0.5303    3.7440    0.0352    0.0010   -0.6782    0.2060    0.0000    0.5965    0.5454    0.2500    0.4060 
   4.9102    0.0025   -0.2400   -4.2096 -175.8043   -0.0818   -7.7166   -1.0405   -0.0527   -5.5723    1.6993  -11.1950   -1.5820    0.5601    3.7200    0.2952   -0.0908   -1.0254    0.1454    0.0000    0.6074    0.5905    0.2500    0.4215 
   4.9394    0.0025   -0.3203   -4.4033 -175.8161   -0.5090   -6.0076    1.3399   -0.1230   -5.7832   -0.0583  -12.9797   -2.2412    0.5261    3.7440   -0.0242    0.0706   -1.1763    0.2201    0.0000    0.5856    0.6028    0.2500    0.4353 
   4.9644    0.0025   -0.2940   -4.5341 -175.7940    3.2751  -11.9891    0.6075   -0.0879   -5.9062    3.6330   -7.7896   -1.7139    0.5261    3.7440   -0.1223    0.0359   -0.9214    0.2201    0.0000    0.6188    0.5073    0.2500    0.4353 
   4.9936    0.0025   -0.1360   -4.6409 -175.7841    4.9841   -5.0311   -0.4301   -0.0879   -5.8535    1.1190   -8.3818   -1.4502    0.5399    3.7360    0.2673    0.2002   -0.9358    0.2478    0.0000    0.5812    0.6067    0.2500    0.4521 
   5.0186    0.0025   -0.1707   -4.7174 -175.7834   -2.2180   -2.0403    0.1192   -0.1406   -5.8887    0.7102   -8.1480   -1.5820    0.5246    3.7360    0.1250   -0.1299   -0.8770    0.2317    0.0000    0.5747    0.5587    0.2500    0.4679 
   5.0478    0.0025   -0.2428   -4.7253 -175.7974   -3.0725   -9.0594   -0.6133   -0.1230   -5.8887    3.7861   -9.6508   -1.1865    0.5246    3.7440    0.0276    0.0110   -0.8052    0.2317    0.0000    0.6051    0.5134    0.2500    0.4679 
   5.0769    0.0025   -0.0989   -4.7911 -175.7954   -0.8142    0.0349   -0.1250   -0.1230   -5.7832    1.0243   -7.8784   -1.1865    0.5578    3.7280   -0.0969   -0.0811   -1.1133    0.1602    0.0000    0.5975    0.5814    0.2500    0.4826 
   5.1019    0.0025   -0.1333   -4.7899 -175.7974    0.2844   -0.6976    0.3633   -0.2988   -5.2910   -1.2120    1.8577   -1.5820    0.5578    3.7200   -0.2803   -0.0098   -1.0095    0.1602    0.0000    0.5964    0.6248    0.2500    0.4826 
   5.1312    0.0025   -0.2463   -4.4766 -175.8094   -5.7581   25.8527   -0.9795   -0.1758   -4.0254    4.2511    4.0111   -1.7139    0.5349    3.7360    0.0276    0.1113   -1.0808    0.1763    0.0000    0.4727    0.6651    0.2500    0.4934 
   5.1604    0.0025   -0.2359   -3.7460 -175.8118   -0.4480   28.1721   -0.4301   -0.1055   -2.8477    0.1332    7.1925   -1.5820    0.5744    3.7120    0.0220   -0.0981   -0.8838    0.0822    0.0000    0.5843    0.6203    0.2500    0.5042 
   5.1854    0.0025   -0.2145   -3.2527 -175.8204   -3.2556   11.9367   -0.3081   -0.1406   -2.4961   -0.8224    7.5756   -1.5820    0.5744    3.7040   -0.2405   -0.0364   -1.0088    0.0822    0.0000    0.6776    0.5368    0.2500    0.5042 
   5.2147    0.0026   -0.1286   -2.9651 -175.8128    7.9749    8.6408    1.2788   -0.1406   -2.4258   -2.9953    5.0867   -1.8457    0.6103    3.6880   -0.0281   -0.2925   -1.1060   -0.1885    0.0000    0.6644    0.6783    0.2500    0.5114 
   5.2395    0.0025   -0.0528   -2.7377 -175.8135    1.7493   14.1950   -0.4301   -0.0879   -2.0391    2.0186   11.5271   -1.1865    0.6094    3.6880   -0.1790   -0.0413   -1.1565   -0.1148    0.0000    0.6770    0.6142    0.2500    0.5106 
   5.2687    0.0025   -0.0550   -2.3752 -175.8038   -0.8752    6.8708   -0.8574   -0.0352   -1.9512    3.8226    0.8273   -1.5820    0.6094    3.6880   -0.2170    0.2148   -0.9304   -0.1148    0.0000    0.7277    0.5590    0.2500    0.5106 
   5.2980    0.0025    0.0632   -1.9949 -175.8125   -0.0818   15.2937   -0.5522    0.0527   -1.5469    1.2638    3.1028   -1.3184    0.6361    3.6640    0.2568   -0.0430   -0.7556   -0.3012    0.0000    0.6341    0.7290    0.2500    0.5138 
   5.3230    0.0025   -0.0159   -1.7775 -175.8164   -0.0818   14.9885    1.0347    0.0176   -1.4238   -0.1950    3.6606   -1.4502    0.6361    3.6720   -0.1067    0.0396   -0.9077   -0.3012    0.0000    0.6626    0.7616    0.2500    0.5138 
   5.3522    0.0025    0.0001   -1.4933 -175.8018    3.5193   16.1481    0.4854   -0.0527   -1.3359    0.6265   -2.1950   -1.3184    0.6155    3.6880    0.4126    0.1731   -0.3035   -0.1652    0.0000    0.6006    0.7103    0.2500    0.5108 
   5.3814    0.0025   -0.0345   -1.1447 -175.7933    0.8948   11.8757    0.3023   -0.1055   -1.2656    1.5857   -5.2168   -1.4502    0.6666    3.6880   -0.0420    0.3171   -0.8679   -0.4291    0.0000    0.7045    0.7085    0.2500    0.5123 
   5.4064    0.0025    0.0360   -0.9333 -175.7683    1.0779    8.4577    1.0957   -0.0527   -1.2129   -0.6929   -3.2158   -1.3184    0.6666    3.6560   -0.1987   -0.1743   -1.2483   -0.4291    0.0000    0.7131    0.7051    0.2500    0.5123 
   5.4356    0.0025    0.0424   -0.7672 -175.7480   -4.5984    7.6643    0.8516   -0.0176   -1.1602    4.6018   -4.5374   -1.3184    0.6478    3.6640   -0.0720    0.0442   -0.7168   -0.3477    0.0000    0.7282    0.6530    0.2500    0.5066 
   5.4606    0.0025   -0.1522   -0.5250 -175.7212   -8.4436    7.6032    1.0347   -0.1230   -1.0371    0.7820   -4.8247   -1.9775    0.6148    3.6640   -0.2649    0.0273   -1.3833   -0.1758    0.0000    0.7170    0.6463    0.2500    0.5054 
   5.4898    0.0025   -0.1483   -0.4194 -175.6883    3.6414    3.2697    1.7061   -0.0703   -0.9668   -0.4401   -5.4440   -1.0547    0.6148    3.6880    0.0410   -0.0632   -1.2983   -0.1758    0.0000    0.6595    0.6782    0.2500    0.5054 
   5.5189    0.0025   -0.0801   -0.2950 -175.6531    5.0452    4.6735    2.1944    0.0000   -0.9316    0.7946   -4.7534   -1.3184    0.6499    3.6640   -0.2175   -0.0911   -0.6147   -0.3378    0.0000    0.7218    0.6920    0.2500    0.5075 
   5.5439    0.0025   -0.0531   -0.1304 -175.6134   -1.5466    5.0397    1.2788   -0.0703   -0.6680    1.2125   -2.7289   -0.9229    0.6499    3.6640   -0.1384    0.3154   -0.9661   -0.3378    0.0000    0.7164    0.6689    0.2500    0.5075 
   5.5732    0.0025    0.0026   -0.0413 -175.5798   -2.1570    3.9411    1.5840   -0.1230   -0.4922   -0.0343    0.5585   -1.1865    0.6316    3.6720   -0.1016   -0.0427    0.9739   -0.2730    0.0000    0.7332    0.6391    0.2500    0.5049 
   5.6024    0.0025   -0.0438    0.0230 -175.5434   -2.5232    5.2229    1.7671   -0.0352   -0.1934    7.2579   10.2717   -1.7139    0.6108    3.6720   -0.1819   -0.0940   -1.2771   -0.1467    0.0000    0.7903    0.5898    0.2500    0.5051 
   5.6276    0.0025   -0.0484    0.1578 -175.5190    2.6648    8.9460    1.0957   -0.0527    0.1055    2.4432    2.1862   -1.4502    0.6108    3.6880    0.0046    0.1807   -1.7576   -0.1467    0.0000    0.6592    0.6513    0.2500    0.5051 
   5.6568    0.0025    0.0453    0.3357 -175.4966    0.1013    8.1525    0.4243   -0.0879    0.3516   -1.9843    0.6914   -1.1865    0.5404    3.7280   -0.3696   -0.1875   -1.0964    0.1716    0.0000    0.6222    0.5517    0.2500    0.5088 
   5.6818    0.0025    0.0591    0.6324 -175.4978   -1.8518    7.4812   -0.3691   -0.1230    0.4395    0.1413   -3.2238   -1.3184    0.5398    3.7280   -0.3086   -0.1008   -1.1028    0.2239    0.0000    0.6190    0.5386    0.2500    0.5199 
   5.7109    0.0025    0.0087    0.6956 -175.5050    3.0310    9.0070    0.1802   -0.0176    0.4746    0.9127   -0.8534   -1.1865    0.5398    3.7280   -0.1143   -0.0278   -1.1367    0.2239    0.0000    0.5577    0.6223    0.2500    0.5199 
   5.7401    0.0025   -0.0842    0.7654 -175.5095    1.6272    2.2932   -0.3081   -0.1055    0.4746    0.3184   -2.5638   -1.1865    0.5111    3.7440   -0.0344   -0.1736   -0.9587    0.3163    0.0000    0.5779    0.5330    0.2500    0.5291 
   5.7651    0.0025   -0.0235    0.8760 -175.5356    2.1765   10.0446   -1.8340   -0.0352    0.5273    0.0732   -5.9573   -1.1865    0.5111    3.7440    0.1692    0.0120   -0.6470    0.3163    0.0000    0.5020    0.5758    0.2500    0.5291 
   5.7944    0.0025    0.0343    0.9526 -175.5803    6.1438   -0.7586   -1.4067   -0.0879    0.5449   -3.6901   -0.9492   -1.0547    0.5309    3.7200   -0.2351   -0.1506   -0.9272    0.2753    0.0000    0.6266    0.5191    0.2500    0.5401 
   5.8237    0.0025    0.0990    1.0009 -175.6250    5.1672    8.0915   -1.9560   -0.1055    0.5098   -1.5342   -3.0486   -1.4502    0.5274    3.7280   -0.1409    0.0449   -0.6641    0.2360    0.0000    0.5526    0.5842    0.2500    0.5463 
   5.8487    0.0025    0.1605    1.0639 -175.6784    3.5803    5.8332   -1.6508   -0.1230    0.5273   -3.0923   -3.6729   -0.9229    0.5274    3.7280   -0.0513   -0.1377   -0.9143    0.2360    0.0000    0.5502    0.5953    0.2500    0.5463 
   5.8778    0.0025    0.1115    1.1331 -175.7295   -0.4480   -1.4910   -2.9326   -0.1230    0.4922    0.8936   -7.4204   -1.9775    0.5389    3.7120    0.0828    0.0149   -0.4871    0.2326    0.0000    0.5896    0.5530    0.2500    0.5536 
   5.9028    0.0025    0.1618    0.9612 -175.7942   -0.0818   -5.4583   -2.5664   -0.2109    0.4746   -4.9794   -1.6144   -1.1865    0.5613    3.7200   -0.0488   -0.1685   -0.5989    0.0763    0.0000    0.6515    0.5534    0.2500    0.5578 
   5.9320    0.0025    0.1283    0.8623 -175.8562   -1.6077   -0.8807   -1.5898   -0.1934    0.5098    0.0885   -0.7055   -1.7139    0.5613    3.7040   -0.1909    0.0347   -1.0381    0.0763    0.0000    0.6257    0.5895    0.2500    0.5578 
   5.9612    0.0025    0.0208    0.8216 -175.9104    1.5051   -2.3455   -1.2846   -0.3340    0.5098   -1.5205   -2.7022   -1.4502    0.5970    3.6800    0.2202    0.0381   -0.4443   -0.0600    0.0000    0.6442    0.6548    0.2500    0.5609 
   5.9862    0.0025   -0.0405    0.8382 -175.9507   -3.3777    4.2463   -1.8950   -0.8086    0.5801   -7.3467   -2.3898   -1.8457    0.5970    3.6800    0.0374    0.0784   -0.9819   -0.0600    0.0000    0.6351    0.6330    0.2500    0.5609 
   6.0155    0.0025   -0.2942    0.8173 -175.9936  -11.5564    3.6359   -1.8340   -0.8262    0.5449    1.2457   -3.1475   -1.3184    0.5949    3.6800   -0.8831   -0.0676   -0.5955   -0.0969    0.0000    0.6738    0.6126    0.2500    0.5578 
   6.0448    0.0026   -0.4704    0.9015 -176.0475   -4.7815    2.1711   -3.0547   -0.8086    0.6328    2.9064   -0.2396   -1.4502    0.6064    3.6800   -0.1438   -0.1641   -0.9814   -0.1091    0.0000    0.6627    0.6007    0.2500    0.5599 
   6.0697    0.0025   -0.5345    0.7633 -176.1138    2.6648   -7.4725   -2.3222   -0.7734    0.6504   -0.5017    2.1404   -1.4502    0.6064    3.6800   -0.1252    0.0957   -1.3665   -0.1091    0.0000    0.7073    0.5837    0.2500    0.5599 
   6.0990    0.0025   -0.4511    0.6683 -176.1872   -2.2180    5.0397   -3.2378   -0.8789    0.7383   -1.5471    3.0286   -1.1865    0.5660    3.6960   -0.2273    0.0833   -1.0803    0.0384    0.0000    0.5852    0.6232    0.2500    0.5603 
   6.1240    0.0025   -0.5545    0.7835 -176.2649   -3.3777    4.7346   -2.8716   -0.9668    0.8262   -5.6894    0.5046   -1.8457    0.5874    3.7040   -0.0747   -0.1028   -0.7888   -0.0033    0.0000    0.6088    0.6799    0.2500    0.5698 
   6.1532    0.0025   -0.6546    0.8663 -176.3461   -2.9504    4.5515   -3.3598   -0.9316    0.9141   -1.5408    2.7866   -0.3955    0.5874    3.6880    0.1565    0.1174   -1.4805   -0.0033    0.0000    0.5854    0.6078    0.2500    0.5698 
   6.1824    0.0025   -0.6631    0.8836 -176.4220   -7.1619   -1.4300   -3.4819   -0.8438    0.9844    4.8381    0.8276   -1.3184    0.5824    3.6880   -0.6646    0.1892   -0.9490   -0.0425    0.0000    0.6923    0.5250    0.2500    0.5748 
   6.2074    0.0025   -0.7337    0.8708 -176.4951   -2.7673    6.0773   -3.0547   -0.8965    1.0371    1.9162    0.6348   -0.9229    0.5824    3.6880    0.3828    0.2500   -0.8503   -0.0425    0.0000    0.5781    0.6557    0.2500    0.5748 
   6.2366    0.0025   -0.7120    0.8744 -176.5696    2.3596   -0.8807   -3.2988   -0.9141    1.0723   -2.3773    2.8398   -1.8457    0.5887    3.6800   -0.1245   -0.0105   -0.9753   -0.0150    0.0000    0.6430    0.6097    0.2500    0.5824 
   6.2658    0.0025   -0.6774    0.9373 -176.6587    0.5286    4.9787   -4.0312   -0.8438    1.1250    0.2497    0.8398   -1.4502    0.5764    3.6880    0.1770    0.1311   -1.1196   -0.0104    0.0000    0.5715    0.6275    0.2500    0.5879 
   6.2908    0.0025   -0.6613    0.9586 -176.7535    0.5896    3.2697   -3.6040   -0.7207    1.1250    1.8302    0.5096   -1.5820    0.5764    3.6960    0.1648    0.1760   -1.3223   -0.0104    0.0000    0.6096    0.6118    0.2500    0.5879 
   6.3200    0.0025   -0.5984    0.9291 -176.8474   -2.2180   -1.6741   -3.1157   -0.8965    1.1777   -2.8183    2.1064   -1.3184    0.5544    3.7120   -0.6709   -0.0647   -0.9395    0.1468    0.0000    0.6433    0.5558    0.2500    0.5960 
   6.3451    0.0025   -0.6691    0.8930 -176.9479   -6.6125   -5.2752   -4.7026   -0.9844    1.2305   -3.1121    6.9209   -1.4502    0.5546    3.7040   -0.2014    0.1106   -0.8535    0.1109    0.0000    0.6593    0.4845    0.2500    0.6054 
   6.3743    0.0025   -0.8052    0.8647 -177.0561   -6.3684    7.2981   -3.7260   -0.9844    1.3184   -0.7817    7.6226   -1.0547    0.5546    3.7040   -0.1089   -0.1125   -0.6492    0.1109    0.0000    0.5784    0.5855    0.2500    0.6054 
   6.4034    0.0025   -0.8500    0.9137 -177.1558    0.2234   -0.4534   -3.6650   -1.2305    1.2480  -11.6429    5.7875   -1.3184    0.5854    3.6880   -0.1492   -0.1592   -0.2966   -0.0044    0.0000    0.6247    0.5896    0.2500    0.6143 
   6.4284    0.0025   -0.7617    0.7641 -177.2407    1.8103   -4.5428   -2.8105   -1.2480    1.2480   -4.5236    6.2425   -1.5820    0.5854    3.6880   -0.2288   -0.1384   -0.8811   -0.0044    0.0000    0.6347    0.6006    0.2500    0.6143 
   6.4578    0.0025   -0.8282    0.6672 -177.3317   -7.2229    2.3542   -3.6650   -1.3887    1.2832   -3.0980    5.8385   -1.1865    0.5600    3.7040    0.0398   -0.1289   -1.1096    0.0729    0.0000    0.5960    0.5722    0.2500    0.6176 
   6.4869    0.0025   -1.0345    0.6971 -177.4274   -8.3826    3.2087   -3.7871   -1.4766    1.3008   -3.6412    7.5532   -1.8457    0.5722    3.7040   -0.1204    0.0413   -0.9382    0.0661    0.0000    0.6263    0.5908    0.2500    0.6249 
   6.5119    0.0025   -1.1126    0.6446 -177.5183   -4.3542    4.7346   -3.3598   -1.6348    1.2832   -5.5685    5.1385   -1.5820    0.5722    3.6960    0.0681   -0.0327   -1.0576    0.0661    0.0000    0.5732    0.6424    0.2500    0.6249 
   6.5411    0.0025   -1.1855    0.6661 -177.6085   -2.4011   -3.9324   -3.7260   -1.7402    1.3184   -5.2020    7.7903   -1.8457    0.6116    3.6720   -0.2764    0.1501   -0.7170   -0.1706    0.0000    0.7046    0.5713    0.2500    0.6305 
   6.5661    0.0025   -1.2689    0.6313 -177.6998   -5.5750    0.0959   -4.0923   -1.7051    1.3008   -0.3118    4.2380   -0.9229    0.6198    3.6640    1.1863    0.0574   -0.8938   -0.1859    0.0000    0.6525    0.6233    0.2500    0.6304 
   6.5953    0.0025   -1.3040    0.6360 -177.7766   -0.3259   -7.6556   -3.1157   -1.9863    1.3887   -9.9657   11.8305   -1.8457    0.6198    3.6560    0.0325   -0.1536   -1.2053   -0.1859    0.0000    0.7142    0.6075    0.2500    0.6304 
   6.6246    0.0026   -1.3686    0.5080 -177.8716   -3.4998    2.5983   -2.9936   -2.1270    1.3008   -5.1206    4.8010   -1.5820    0.6216    3.6640    0.1013    0.0464   -1.1572   -0.2191    0.0000    0.6309    0.7239    0.2500    0.6305 
   6.6495    0.0025   -1.4419    0.4991 -177.9582   -3.4998    5.1008   -3.6650   -2.1270    1.3359   -5.4503    6.9444   -1.8457    0.6216    3.6640   -0.1333   -0.1365   -1.1968   -0.2191    0.0000    0.6176    0.6701    0.2500    0.6305 
   6.6787    0.0025   -1.5171    0.4906 -178.0401    1.0168    0.5842   -2.2002   -2.1094    1.3535   -5.5126    7.5740   -1.4502    0.6472    3.6400   -0.2417   -0.1428   -1.2134   -0.3192    0.0000    0.7372    0.6469    0.2500    0.6317 
   6.7079    0.0025   -1.4517    0.4999 -178.1058    4.2517   -3.5662   -1.6508   -2.0742    1.3184   -4.6887    8.4259   -1.4502    0.5043    3.7360   -0.3660   -0.1228    1.1348    0.3234    0.0000    0.5814    0.5136    0.2500    0.6315 
   6.7329    0.0025   -1.3921    0.5512 -178.1910    1.9324    2.4763   -4.0923   -1.9863    1.3711   -1.9264    7.8269   -1.7139    0.5043    3.7440   -0.4658   -0.1487   -1.1487    0.3234    0.0000    0.5558    0.5030    0.2500    0.6315 
   6.7621    0.0025   -1.4068    0.6752 -178.3055   -1.7297   11.3874   -4.8247   -2.0742    1.3711   -6.5423    3.6078   -1.5820    0.5281    3.7200    0.1772   -0.1709   -1.0186    0.3140    0.0000    0.5007    0.5762    0.2500    0.6497 
   6.7871    0.0024   -1.4581    0.8317 -178.4278   -2.0349    7.9694   -4.5805   -2.0215    1.3535   -0.6959    2.9591   -1.7139    0.5258    3.7120    0.1460   -0.0544   -0.7097    0.2225    0.0000    0.5323    0.5832    0.2500    0.6633 
   6.8162    0.0025   -1.4251    0.9107 -178.5510    4.2517    5.6501   -5.8012   -2.0391    1.3535   -4.0835    1.7963   -1.4502    0.5258    3.7200    0.2000    0.0347   -0.7271    0.2225    0.0000    0.5080    0.5567    0.2500    0.6633 
   6.8454    0.0025   -1.2523    0.8364 -178.6876    1.3831    0.5842   -5.3130   -1.9512    1.2656   -5.1462    3.8007   -1.9775    0.5409    3.7040    0.0647   -0.1145   -1.0149    0.2419    0.0000    0.5686    0.5487    0.2500    0.6726 
   6.8704    0.0025   -1.3314    0.8134 -178.8162   -5.3308    0.2180   -5.3130   -2.0391    1.3359   -3.6681    6.1328   -1.9775    0.5409    3.7040    0.0859    0.1599   -0.9475    0.2419    0.0000    0.5840    0.5476    0.2500    0.6726 
   6.8997    0.0025   -1.4263    0.8329 -178.9446   -7.0398    1.7439   -5.7402   -1.9160    1.3711    2.2556    5.3945   -1.3184    0.5345    3.7120    0.3215    0.2297   -1.0854    0.1851    0.0000    0.5311    0.5567    0.2500    0.6813 
   6.9288    0.0025   -1.4367    0.8573 -179.0813    1.9934   -6.1907   -5.1909   -1.8633    1.3184   -3.1407    2.4730   -1.1865    0.5854    3.6800    0.1221   -0.0281   -1.0310    0.0246    0.0000    0.6450    0.5724    0.2500    0.6876 
   6.9538    0.0025   -1.3938    0.6599 -179.1984    4.3738   -8.7542   -4.5195   -1.7754    1.3008   -0.3689    8.7767   -1.4502    0.5854    3.6720   -0.1008   -0.0557   -1.0710    0.0246    0.0000    0.6438    0.5819    0.2500    0.6876 
   6.9831    0.0025   -1.2762    0.5144 -179.3219    0.3455   -0.5144   -5.6792   -1.7578    1.3359   -4.9220    9.7233   -1.4502    0.5694    3.6880    0.0469   -0.1516   -0.8525    0.0036    0.0000    0.5708    0.5856    0.2500    0.6888 
   7.0081    0.0025   -1.2967    0.3800 -179.4666   -0.0818   -6.7400   -5.9843   -1.7754    1.3535   -6.3505   14.3174   -1.8457    0.5941    3.6800   -0.0547   -0.0576   -0.9214   -0.0204    0.0000    0.6860    0.5336    0.2500    0.6905 
   7.0373    0.0024   -1.3607    0.5096 -179.5959   -2.9504   10.5329   -4.9467   -1.7578    1.2832   -2.3354    3.2246   -0.6592    0.5941    3.6720    0.1750    0.0476   -1.0144   -0.0204    0.0000    0.5898    0.6365    0.2500    0.6905 
   7.0664    0.0025   -1.5750    0.6323 -179.7321   -2.3401    0.6452   -6.1064   -1.7051    1.2480    3.8204    5.5536   -1.9775    0.5681    3.6880   -0.0740    0.0933   -0.8860    0.0083    0.0000    0.6258    0.5556    0.2500    0.6916 
   7.0915    0.0025   -1.4795    0.6863 -179.8579    8.2800    0.1569   -4.9467   -1.6172    1.2656   -2.6010    5.2779   -0.7910    0.5681    3.6880   -0.1113   -0.1970   -0.9795    0.0083    0.0000    0.6052    0.5787    0.2500    0.6916 
   7.1207    0.0025   -1.3466    0.6642 -179.9929    4.8010   -1.7962   -5.3130   -1.5469    1.3008   -2.9642    7.8885   -2.1094    0.5833    3.6800   -0.2451   -0.1165   -1.0024    0.0321    0.0000    0.6431    0.5686    0.2500    0.6947 
   7.1499    0.0025   -1.3788    0.7124 -180.1301    0.2234    2.7204   -5.2519   -1.5645    1.2832    1.0506    5.6003   -1.1865    0.5808    3.6720    0.2188    0.2915   -1.0332   -0.0472    0.0000    0.5780    0.6078    0.2500    0.6984 
   7.1749    0.0026   -1.3956    0.7607 -180.2578   -0.8752    5.6501   -5.7402   -1.5469    1.2480    2.3331    6.1310   -1.5820    0.5808    3.6800    0.2627    0.2622   -0.9512   -0.0472    0.0000    0.5559    0.6197    0.2500    0.6984 
   7.2041    0.0025   -1.3580    0.7992 -180.3858    1.7493    4.8566   -5.0688   -1.4941    1.2480   -1.3493    3.6968   -1.8457    0.5852    3.6800   -0.1592   -0.1951   -0.7812    0.0131    0.0000    0.6181    0.6009    0.2500    0.7006 
   7.2291    0.0025   -1.2679    0.8254 -180.5370   10.7825    0.2790   -6.7168   -1.4590    1.2305   -2.6963    4.8414   -1.1865    0.5736    3.6720   -0.0217   -0.2710   -0.9280   -0.0057    0.0000    0.5637    0.5609    0.2500    0.7033 
   7.2582    0.0024   -1.1864    0.7948 -180.7253   -3.1335    0.7063   -7.9985   -1.4238    1.2656   -1.2299    5.4580   -1.7139    0.5736    3.6800   -0.2224    0.1628   -0.9153   -0.0057    0.0000    0.6106    0.5171    0.2500    0.7033 
   7.2874    0.0024   -1.2429    0.8006 -180.9128    4.8621    3.6970   -7.2661   -1.4766    1.2305   -3.8994    4.0988   -1.4502    0.5890    3.6720    0.1702   -0.1084   -1.3206   -0.0081    0.0000    0.5846    0.6052    0.2500    0.7059 
   7.3124    0.0025   -1.1456    0.8536 -181.1059    6.8152    0.3400   -6.8388   -1.2832    1.1953    0.9306    3.1981   -1.8457    0.5890    3.6720   -0.0364   -0.0581   -1.0242   -0.0081    0.0000    0.6459    0.5650    0.2500    0.7059 
   7.3416    0.0025   -1.0535    0.8834 -181.2791    6.5100   -3.6272   -6.0454   -1.3711    1.2129   -4.3658    3.4811   -1.4502    0.6818    3.6160    0.1965   -0.1086    0.8198   -0.5155    0.0000    0.7161    0.6810    0.2500    0.7087 
   7.3707    0.0025   -0.8906    0.8425 -181.4253    5.3503   -3.0779   -5.1299   -1.3184    1.2305   -5.7002    3.3767   -1.5820    0.6689    3.6160    0.1479   -0.3086   -1.3040   -0.4425    0.0000    0.7036    0.6826    0.2500    0.6986 
   7.3958    0.0025   -0.7588    0.7379 -181.6053   10.2332   -4.6038   -6.8999   -1.3008    1.2305   -4.9074    6.7099   -0.6592    0.6689    3.6320    0.0388    0.1296   -1.2671   -0.4425    0.0000    0.6880    0.6883    0.2500    0.6986 
   7.4250    0.0025   -0.5878    0.6646 -181.7666    9.1345   -6.0686   -5.6792   -1.2656    1.2656  -10.6632    8.4852   -1.5820    0.6589    3.6400    0.0444   -0.1455   -1.5200   -0.3991    0.0000    0.6850    0.6613    0.2500    0.6932 
   7.4501    0.0025   -0.4470    0.5538 -181.9264    6.4490   -3.2000   -5.4961   -1.1777    1.2305   -4.3699    8.2104   -1.5820    0.6788    3.6320   -0.1348   -0.2937   -0.6167   -0.4844    0.0000    0.7458    0.6668    0.2500    0.6910 
   7.4793    0.0025   -0.3774    0.5556 -182.0790    1.8103   -2.8948   -5.8012   -1.2129    1.2656   -7.1299    7.4046   -1.8457    0.6788    3.6160    0.1382    0.0974   -1.3704   -0.4844    0.0000    0.6954    0.6618    0.2500    0.6910 
   7.5085    0.0025   -0.3779    0.4984 -182.2181   -1.1804    3.6970   -6.2895   -1.1426    1.2129   -4.7327    7.2057   -1.5820    0.7188    3.6000   -0.2461    0.2947   -1.1924   -0.6908    0.0000    0.7153    0.7038    0.2500    0.6862 
   7.5335    0.0025   -0.3795    0.6137 -182.3392    0.6506    6.2605   -4.4585   -1.1602    1.1953   -4.0430    2.6685   -1.5820    0.7188    3.6000    0.3853   -0.0193   -1.7815   -0.6908    0.0000    0.6962    0.7636    0.2500    0.6862 
   7.5627    0.0025   -0.3542    0.7716 -182.4470    2.7869    3.9411   -4.7636   -1.1777    1.2129   -5.3113    2.2555   -1.4502    0.6683    3.6320    0.1340    0.3303   -1.1614   -0.4583    0.0000    0.6900    0.6294    0.2500    0.6792 
   7.5919    0.0025   -0.2877    0.7397 -182.5354    2.4817    2.6594   -2.1391   -1.1777    1.1777   -7.1812    2.3400   -1.9775    0.6492    3.6400   -0.4600   -0.3994   -1.0298   -0.3367    0.0000    0.6880    0.6931    0.2500    0.6795 
   7.6169    0.0025   -0.3461    0.7023 -182.5957    0.0403   -1.9183   -1.4067   -1.1953    1.1953   -6.8328    6.4285   -1.5820    0.6492    3.6400   -0.3069   -0.2793   -0.9336   -0.3367    0.0000    0.6925    0.6856    0.2500    0.6795 
   7.6460    0.0025   -0.5008    0.6913 -182.6510   -1.7297    1.8659   -1.8950   -1.1602    1.2480   -3.1942    8.5274   -1.1865    0.6311    3.6400   -0.1536   -0.2605   -0.8193   -0.2686    0.0000    0.6502    0.6680    0.2500    0.6852 
   7.6710    0.0025   -0.6027    0.7576 -182.7014   -4.3542    3.2697   -2.5053   -1.1250    1.1777    0.2744    2.7030   -1.3184    0.6426    3.6480   -0.2607    0.3474   -0.7373   -0.2980    0.0000    0.6730    0.6189    0.2500    0.6913 
   7.7002    0.0025   -0.6484    0.7865 -182.7457    0.7727    3.2697   -2.0781   -1.1602    1.2129   -3.0163    5.2296   -1.5820    0.6426    3.6320   -0.1604    0.1272   -0.8699   -0.2980    0.0000    0.6671    0.6426    0.2500    0.6913 
   7.7295    0.0025   -0.6131    0.8661 -182.7782   -1.6687    2.3542   -2.3222   -1.1777    1.1953   -5.0223    4.6429   -1.1865    0.6079    3.6560   -0.2874    0.0803   -0.8638   -0.1620    0.0000    0.6398    0.5907    0.2500    0.6965 
   7.7546    0.0026   -0.6495    0.9810 -182.8316   -2.4011    6.3215   -1.5288   -1.1777    1.1953   -3.9650    1.4649   -1.4502    0.6079    3.6560    0.2126   -0.2864   -1.1050   -0.1620    0.0000    0.6334    0.6459    0.2500    0.6965 
   7.7837    0.0025   -0.7519    1.0288 -182.8622   -4.4763    1.9270   -0.6743   -1.1953    1.2129   -3.3037    0.7934   -1.8457    0.6049    3.6560    0.1140   -0.1885   -1.1770   -0.1053    0.0000    0.6794    0.5999    0.2500    0.7058 
   7.8129    0.0025   -0.7962    1.0910 -182.8990    2.1765    1.7439   -1.1015   -1.1250    1.1953   -1.2017    0.9448   -1.3184    0.5921    3.6560    0.1838    0.2454   -0.8396   -0.0809    0.0000    0.6430    0.6226    0.2500    0.7175 
   7.8379    0.0025   -0.7303    1.0571 -182.9305    3.8245   -2.5286   -0.2470   -1.1777    1.2129   -5.0547    2.8474   -1.8457    0.5921    3.6640    0.0864   -0.1086   -0.1980   -0.0809    0.0000    0.6310    0.6514    0.2500    0.7175 
   7.8671    0.0025   -0.8212    1.0215 -182.9452   -2.4011   -0.2703    0.8516   -1.1074    1.2129   -1.6400    3.3075   -1.1865    0.6189    3.6400    0.2014   -0.0471   -1.1216   -0.1695    0.0000    0.6385    0.6663    0.2500    0.7296 
   7.8921    0.0025   -0.9728    1.0248 -182.9360   -6.2463   -0.2703   -0.0639   -1.1250    1.2129   -0.5233    1.8750   -1.7139    0.6089    3.6480    0.0886    0.0774   -0.8210   -0.1693    0.0000    0.6378    0.6131    0.2500    0.7394 
   7.9212    0.0025   -1.0501    1.0291 -182.9207   -2.7673   -0.0872    1.4009   -1.0371    1.1953    0.1676    4.0482   -1.7139    0.6089    3.6480   -0.1560   -0.3291   -0.9136   -0.1693    0.0000    0.6721    0.6245    0.2500    0.7394 
   7.9504    0.0025   -1.1453    0.9984 -182.8718   -2.5842    2.8425    0.9126   -1.0195    1.1777    2.3355    3.6784   -1.8457    0.5903    3.6640    0.0552    0.2312   -1.2000   -0.0351    0.0000    0.6297    0.6073    0.2500    0.7511 
   7.9754    0.0025   -1.1974    1.1252 -182.8144   -1.8518    5.8332    1.9502   -1.0547    1.1602    3.0036    0.0451   -1.7139    0.5903    3.6640   -0.0095    0.1160   -0.9001   -0.0351    0.0000    0.6347    0.6113    0.2500    0.7511 
   8.0048    0.0026   -1.2057    1.1669 -182.7608    5.4114   11.3874    3.6592   -1.1074    1.1426   -2.1849   -1.9698   -1.3184    0.5764    3.6720    0.1050   -0.1682   -0.5645   -0.0001    0.0000    0.5630    0.7482    0.2500    0.7670 
   8.0338    0.0025   -1.1458    1.1641 -182.6944    0.7727   -0.6976    2.2554   -1.1250    1.1777   -3.8399    5.7106   -2.1094    0.5577    3.6800   -0.3044    0.0562   -0.8909    0.1221    0.0000    0.6573    0.5429    0.2500    0.7880 
   8.0589    0.0025   -1.1383    1.1722 -182.6417    1.3220   -2.1624    1.7671   -1.0898    1.0898   -0.4270   -0.1009   -1.7139    0.5577    3.6880    0.2983    0.1116   -1.0049    0.1221    0.0000    0.6119    0.5807    0.2500    0.7880 
   8.0880    0.0025   -1.1268    1.0299 -182.5821   -4.6594   -1.7352    2.1944   -1.1777    1.0898   -1.7121    4.4284   -1.4502    0.5459    3.6960   -0.0408    0.0947   -1.2065    0.1578    0.0000    0.6184    0.5509    0.2500    0.8073 
   8.1130    0.0025   -1.1577    0.9950 -182.5243   -0.3259   -5.2752    3.7202   -1.1426    1.0371   -0.5027    1.8957   -1.1865    0.5401    3.6960   -0.2236   -0.1379   -0.9199    0.2091    0.0000    0.6214    0.5895    0.2500    0.8328 
   8.1422    0.0025   -1.2615    0.9622 -182.4529   -6.3684    4.0632    2.3164   -1.1250    1.1250    3.0411    3.7866   -1.8457    0.5401    3.6960    0.2131    0.2410   -1.1855    0.2091    0.0000    0.5551    0.5907    0.2500    0.8328 
   8.1713    0.0025   -1.3160    0.8785 -182.3853   -5.0867    1.7439    2.7437   -1.1426    1.0547    1.9381    2.6755   -0.9229    0.5211    3.7040    0.0229    0.0239   -1.0618    0.2809    0.0000    0.5704    0.5366    0.2500    0.8538 
   8.1963    0.0025   -1.4208    0.9606 -182.3150   -2.8284    2.6594    1.8282   -1.1074    1.0723    5.2541    1.7779   -1.8457    0.5211    3.7040    0.1531    0.1287   -1.0913    0.2809    0.0000    0.5676    0.5352    0.2500    0.8538 
   8.2255    0.0025   -1.4081    1.0448 -182.2613   -1.4246   -0.8196    2.1333   -1.1602    1.0547   -0.1015    3.1317   -1.4502    0.5264    3.7040   -0.1687    0.1106   -1.0200    0.2815    0.0000    0.6078    0.5367    0.2500    0.8819 
   8.2547    0.0025   -1.3214    0.9961 -182.2282   -1.1194   -7.7776    1.8282   -1.1602    1.0547    3.7172    3.5737   -1.7139    0.5115    3.6960    0.1006    0.1140   -1.0168    0.3268    0.0000    0.6283    0.5009    0.2500    0.9042 
   8.2797    0.0025   -1.3006    0.9448 -182.2056    0.2844   -4.6038    0.9126   -1.1074    1.0371   -0.4252    3.1034   -1.5820    0.5115    3.7040   -0.0364   -0.0874   -0.4319    0.3268    0.0000    0.5831    0.4992    0.2500    0.9042 
   8.3088    0.0025   -1.2371    0.8757 -182.2031    0.9558    3.7580   -0.1250   -1.1426    1.0547   -1.2614    3.6610   -1.9775    0.5134    3.7040   -0.1509   -0.1704   -0.7556    0.3475    0.0000    0.5457    0.5311    0.2500    0.9334 
   8.3338    0.0025   -1.2133    0.8933 -182.2104    0.8337    2.9646   -0.3081   -1.1426    1.0723   -3.7971    4.6317   -1.8457    0.5118    3.7040    0.0415   -0.1084   -0.8020    0.3280    0.0000    0.5493    0.5457    0.2500    0.9580 
   8.3631    0.0025   -1.1865    0.9358 -182.2239    1.4441    1.4997   -1.0405   -1.2129    1.0547   -5.1847    2.4178   -1.1865    0.5118    3.7120   -0.1018    0.0369   -0.9099    0.3280    0.0000    0.5384    0.5298    0.2500    0.9580 
   8.3922    0.0025   -1.1545    0.8836 -182.2369   -1.7297   -3.0169   -1.5898   -1.2129    0.9668   -2.3847    2.4277   -1.5820    0.5141    3.7040   -0.0535    0.0623   -1.0396    0.3414    0.0000    0.5510    0.4884    0.2500    0.9835 
   8.4172    0.0024   -1.0744    0.8990 -182.2504    0.8948   -2.5896   -0.7964   -1.2305    1.0195   -4.2140    3.6379   -1.1865    0.5141    3.7040    0.0066   -0.1001   -0.8357    0.3414    0.0000    0.5612    0.4905    0.2500    0.9835 
   8.4465    0.0025   -1.0417    0.9118 -182.2584    1.8103   -2.1014   -0.9795   -1.2480    1.0371   -0.9206    2.8615   -0.6592    0.5021    3.7120    0.1504    0.0840   -1.0349    0.3756    0.0000    0.5224    0.5194    0.2500    1.0065 
   8.4757    0.0025   -1.0880    0.8355 -182.2700   -1.7297   -3.6272   -1.3457   -1.3008    1.0020   -0.8582    3.4522   -1.3184    0.5209    3.6960    0.0393    0.1074   -0.6689    0.3127    0.0000    0.5781    0.5072    0.2500    1.0311 
   8.5007    0.0024   -1.1239    0.7629 -182.2759   -1.1804   -5.3973   -0.7964   -1.3887    0.9141   -5.5728    3.7646   -1.7139    0.5209    3.7040    0.0730   -0.1750   -0.8386    0.3127    0.0000    0.5750    0.5138    0.2500    1.0311 
   8.5299    0.0025   -1.1803    0.6737 -182.2956   -0.5701    1.8049   -1.2846   -1.2832    0.8262    0.1396    0.9155   -1.5820    0.5019    3.7120    0.2383    0.0381   -0.9839    0.3701    0.0000    0.5277    0.5411    0.2500    1.0546 
   8.5551    0.0025   -1.1184    0.7353 -182.3359   -0.3870    2.8425   -2.4443   -1.2305    0.8262   -2.5477    1.0429   -3.0322    0.5084    3.7120    0.0427   -0.0251   -0.8999    0.3776    0.0000    0.5311    0.5358    0.2500    1.0785 
   8.5843    0.0025   -1.0298    0.7391 -182.4252    6.0217    0.3400   -4.7636   -1.1074    0.8262   -2.9678    1.4704   -3.2959    0.5084    3.7120    0.1313   -0.0500   -0.9536    0.3776    0.0000    0.5035    0.5298    0.2500    1.0785 
   8.6134    0.0025   -0.9673    0.6939 -182.5482    2.2986   -1.3079   -6.1064   -1.1250    0.7910   -2.4191    1.6435   -4.3506    0.4980    3.7120   -0.0107    0.1643   -0.9885    0.3898    0.0000    0.5164    0.5055    0.2500    1.1017 
   8.6384    0.0025   -0.9520    0.7756 -182.6914    0.7727   -2.4676   -6.1064   -1.1426    0.8262   -2.8273    1.4176   -4.0869    0.4980    3.7120    0.1904   -0.0378   -0.9644    0.3898    0.0000    0.5387    0.5037    0.2500    1.1017 
   8.6678    0.0025   -0.9459    0.7448 -182.8609   -1.8518   -2.2234   -8.2426   -1.3184    0.7734   -3.3381    2.5949   -4.2188    0.5136    3.7040    0.0317    0.1221   -0.9956    0.3542    0.0000    0.5412    0.5108    0.2500    1.1200 
   8.6970    0.0025   -0.9935    0.7668 -183.0465   -0.0818   -2.6507   -7.6323   -1.3184    0.8613   -3.9850    1.7780   -5.8008    0.5123    3.6960    0.2651    0.0498   -0.8279    0.3189    0.0000    0.5455    0.5153    0.2500    1.1391 
   8.7220    0.0025   -1.0066    0.6866 -183.2469    0.8948   -0.4534   -8.9140   -1.2656    0.8086   -1.7697    3.2091   -5.9326    0.5123    3.7040   -0.0884    0.0999   -0.9397    0.3189    0.0000    0.5474    0.4789    0.2500    1.1391 
   8.7512    0.0025   -1.0725    0.7159 -183.4542   -1.1194    1.0725   -8.2426   -1.2832    0.8613   -0.4426    1.1597   -6.1963    0.5387    3.6880    0.0664    0.0242   -0.4768    0.2312    0.0000    0.5814    0.5504    0.2500    1.1550 
   8.7762    0.0025   -1.0209    0.7465 -183.6800    0.9558   -1.1858   -8.4258   -1.2480    0.8262   -2.4023    2.0923   -5.4053    0.5317    3.6880   -0.2405   -0.0420   -0.9111    0.2180    0.0000    0.5851    0.5096    0.2500    1.1681 
   8.8053    0.0025   -0.9423    0.7510 -183.9048    2.6038   -2.5286   -9.2192   -1.3359    0.8438   -4.9979    3.3190   -5.6689    0.5317    3.6960   -0.0835    0.1843   -0.9521    0.2180    0.0000    0.5810    0.5127    0.2500    1.1681 
   8.8348    0.0026   -0.7577    0.7124 -184.1225    1.3220   -2.7117   -8.7920   -1.2656    0.8789   -5.6079    6.5603   -5.2734    0.5427    3.6880   -0.0276   -0.1284   -1.0161    0.2099    0.0000    0.6224    0.4874    0.2500    1.1789 
   8.8596    0.0025   -0.7949    0.7115 -184.3543    1.9324   -0.4534   -9.4633   -1.2832    0.8086   -3.9879    1.1513   -5.9326    0.5427    3.6800    0.2485    0.1396   -0.5732    0.2099    0.0000    0.5588    0.5555    0.2500    1.1789 
   8.8888    0.0025   -0.7694    0.7144 -184.5774    1.9934   -2.4676   -8.9140   -1.3535    0.7734   -6.1412    0.5252   -5.2734    0.5724    3.6640    0.2561    0.1074   -1.1687    0.0256    0.0000    0.5834    0.5715    0.2500    1.1869 
   8.9180    0.0025   -0.7349    0.6550 -184.7989   -2.7673   -4.0545   -8.6699   -1.3887    0.7910   -8.9403    3.7083   -5.8008    0.5825    3.6720   -0.0850   -0.2522   -1.1462    0.0008    0.0000    0.6503    0.5399    0.2500    1.1899 
   8.9430    0.0025   -0.8430    0.5840 -185.0270   -4.1101   -1.5520   -8.5478   -1.4062    0.7559   -0.6909    3.0029   -5.0098    0.5825    3.6560   -0.1086   -0.2764   -0.8816    0.0008    0.0000    0.6333    0.5627    0.2500    1.1899 
   8.9721    0.0025   -1.0236    0.5804 -185.2445   -3.7439   -4.2376   -8.5478   -1.4238    0.8438   -3.7892    4.7854   -5.0098    0.5828    3.6640    0.1909   -0.1008   -0.9976   -0.0258    0.0000    0.6225    0.5688    0.2500    1.1909 
   8.9971    0.0025   -1.0648    0.5510 -185.4502    1.5051   -7.9607   -7.6323   -1.1602    0.8086    0.9079    5.1544   -5.1416    0.5732    3.6640   -0.0498   -0.2209   -1.1746    0.0413    0.0000    0.6796    0.5096    0.2500    1.1928 
   9.0263    0.0025   -0.9143    0.5483 -185.6772    9.6228    0.8283   -9.4633   -1.0898    0.7383   -2.6345    1.8599   -5.4053    0.5732    3.6640    0.1848    0.1265   -0.9517    0.0413    0.0000    0.5628    0.6179    0.2500    1.1928 
   9.0554    0.0025   -0.7209    0.4425 -185.9012    5.9607   -1.1858   -8.4258   -1.1426    0.7559   -7.4110    7.8245   -5.0098    0.5682    3.6720   -0.4138    0.0066   -0.8706    0.0508    0.0000    0.6032    0.5539    0.2500    1.1909 
   9.0805    0.0025   -0.7530    0.5809 -186.1170   -3.7439    5.1618  -10.3178   -1.2305    0.7031   -2.7330    0.5463   -5.2734    0.5682    3.6640    0.1416    0.1865   -1.0042    0.0508    0.0000    0.5810    0.5017    0.2500    1.1909 
   9.1097    0.0025   -0.9032    0.6994 -186.3577   -0.0818    2.0490   -8.9751   -1.2129    0.6680   -1.6470    0.8639   -5.1416    0.5850    3.6560   -0.2222   -0.2246   -0.9329   -0.0132    0.0000    0.6137    0.6084    0.2500    1.1923 
   9.1388    0.0025   -0.9954    0.8747 -186.6021    4.0076    2.1101   -8.9751   -1.1777    0.6680    0.2724   -5.6456   -4.7461    0.5918    3.6560    0.3110    0.2207   -0.9897   -0.0675    0.0000    0.6178    0.6004    0.2500    1.1845 
   9.1638    0.0025   -0.8419    0.8352 -186.8492   17.6184   -4.4207  -10.0737   -1.2480    0.5625   -7.4484   -0.2516   -5.4053    0.5918    3.6480   -0.3074    0.1592   -0.3982   -0.0675    0.0000    0.5710    0.6188    0.2500    1.1845 
   9.1931    0.0025   -0.7819    0.7775 -187.1107   -2.6453   -9.4256  -10.3789   -1.2832    0.7207   -5.1524    0.9927   -4.7461    0.5861    3.6560   -0.2715    0.0847   -1.0159   -0.0250    0.0000    0.6431    0.5166    0.2500    1.1791 
   9.2181    0.0025   -0.8831    0.7393 -187.3802   -2.4622   -6.8621  -10.6841   -1.2129    0.7559   -1.6090    6.5157   -4.8779    0.6034    3.6560   -0.5471   -0.1223   -0.8533   -0.1170    0.0000    0.6920    0.4980    0.2500    1.1688 
   9.2472    0.0024   -0.9357    0.6920 -187.6535    0.7117    3.2087  -10.7451   -1.2656    0.7031   -2.5557    2.0324   -4.8779    0.6034    3.6480   -0.0549    0.1846   -0.4043   -0.1170    0.0000    0.5984    0.6022    0.2500    1.1688 
   9.2764    0.0025   -0.8681    0.7265 -187.9183    4.4959    1.1335  -11.5996   -1.1250    0.7734   -5.4214    3.3062   -5.4053    0.5943    3.6480    0.0195   -0.1731   -1.3425   -0.0738    0.0000    0.5755    0.5705    0.2500    1.1595 
   9.3014    0.0025   -0.7792    0.7794 -188.2034    4.1296    7.5422  -10.9892   -1.0371    0.7383   -4.7633   -0.9421   -5.0098    0.5943    3.6560    0.4055    0.0188   -0.8540   -0.0738    0.0000    0.5573    0.6234    0.2500    1.1595 
   9.3306    0.0025   -0.6898    0.7581 -188.4727    4.7400   -1.6741  -10.3789   -0.9668    0.7031   -4.2820    0.8354   -5.4053    0.5977    3.6480    0.1812    0.0540    0.3687   -0.0853    0.0000    0.6225    0.5692    0.2500    1.1486 
   9.3599    0.0025   -0.6209    0.7949 -188.7494    2.6648    1.6218  -10.9892   -0.9141    0.7031   -2.2600   -0.4100   -5.0098    0.5678    3.6720    0.1243    0.1348   -0.8235    0.0500    0.0000    0.5629    0.5571    0.2500    1.1389 
   9.3849    0.0025   -0.5678    0.7888 -189.0369   -0.6921    0.5842  -11.1723   -0.9316    0.7383   -5.4742    6.6039   -4.7461    0.5678    3.6640   -0.2686   -0.0903   -1.2761    0.0500    0.0000    0.6148    0.4997    0.2500    1.1389 
   9.4141    0.0025   -0.7358    0.9227 -189.3355   -7.8333    4.8566  -12.3320   -1.1777    0.6855   -3.4331   -2.3841   -4.3506    0.5915    3.6480   -0.0056    0.0542    0.6526   -0.0412    0.0000    0.5747    0.5690    0.2500    1.1324 
   9.4391    0.0025   -0.9511    0.9569 -189.6247   -9.9084   -1.7962  -11.9048   -1.6172    0.6504  -10.2441   -6.3861   -4.4824    0.5822    3.6560    0.1963   -0.1064   -1.1628   -0.0278    0.0000    0.5523    0.5821    0.2500    1.1216 
   9.4682    0.0025   -1.2480    0.9081 -189.9182   -4.9036   -0.2093  -12.2099   -1.5996    0.6152   -0.7634   -2.1407   -5.0098    0.5822    3.6560    0.3845    0.0688   -0.5618   -0.0278    0.0000    0.5414    0.5857    0.2500    1.1216 
   9.4974    0.0025   -1.3216    0.7520 -190.2144    3.9465   -9.4866  -11.7827   -1.5996    0.4922   -5.3549    1.5903   -4.8779    0.6054    3.6320    0.2349   -0.0947   -1.2407   -0.1056    0.0000    0.6237    0.5315    0.2500    1.1091 
   9.5224    0.0025   -1.1913    0.6054 -190.5139    8.0969   -0.8807  -12.0268   -1.5469    0.4922   -6.1441    4.3978   -5.4053    0.6054    3.6400   -0.0876    0.1636    1.0938   -0.1056    0.0000    0.6031    0.5792    0.2500    1.1091 
   9.5516    0.0025   -1.0253    0.6156 -190.8098   -0.1428    2.1711  -11.3554   -1.2129    0.2109   -1.7078   -5.2590   -5.2734    0.5316    3.6960    0.2693   -0.1003   -0.9573    0.2024    0.0000    0.5335    0.5063    0.2500    1.0950 
   9.5807    0.0025   -1.0709    0.5501 -191.0947   -3.1335   -3.7493  -11.5996   -1.0020   -0.1934    1.7737   -5.6065   -5.4053    0.5562    3.6800    0.1147    0.1111   -0.3867    0.1603    0.0000    0.5714    0.5188    0.2500    1.0897 
   9.6057    0.0025   -1.0553    0.3156 -191.3702    3.5193   -7.6556  -10.9892    0.1934   -0.5098   28.9160   -3.3171   -4.6143    0.5562    3.6640   -0.0127    0.1201   -0.7581    0.1603    0.0000    0.5322    0.5243    0.2500    1.0897 
   9.6349    0.0025   -0.7592    0.1790 -191.6175   18.2898   -2.4065   -9.4633    0.1055   -0.4746   -0.9855   -2.2914   -5.4053    0.5757    3.6560   -0.2310   -0.3120   -0.9099   -0.0092    0.0000    0.5809    0.5593    0.2500    1.0785 
   9.6599    0.0025   -0.3351    0.1912 -191.8572   14.4446    2.1101   -8.7920    0.1055   -0.5273   -2.1222   -5.6826   -4.8779    0.6010    3.6560    0.2297   -0.2244   -0.9902   -0.0713    0.0000    0.5964    0.6206    0.2500    1.0648 
   9.6890    0.0024   -0.2538    0.1687 -192.0915    0.6506    3.5749   -8.5478    0.0352   -0.4570   -1.5006   -3.7745   -5.2734    0.6010    3.6400    0.1587   -0.0288   -0.8547   -0.0713    0.0000    0.5739    0.6274    0.2500    1.0648 
   9.7182    0.0025   -0.3494    0.0670 -192.3205    2.5427   -6.0076   -9.1582    0.0527   -0.5098   -0.2360   -0.5114   -4.6143    0.6190    3.6320   -0.0771   -0.1084   -1.1494   -0.2194    0.0000    0.6307    0.5550    0.2500    1.0483 
   9.7432    0.0025   -0.3041   -0.0301 -192.5299    4.8010   -6.9231   -9.6465    0.0879   -0.4922    0.8015   -1.3702   -5.0098    0.6190    3.6320   -0.2261    0.1289   -0.5664   -0.2194    0.0000    0.6293    0.5370    0.2500    1.0483 
   9.7725    0.0025   -0.1728   -0.1815 -192.7574    5.1672   -5.5804   -9.1582    0.1230   -0.5098    4.5886    0.8804   -4.8779    0.7262    3.5680   -0.3049    0.3113   -0.6270   -0.6796    0.0000    0.7502    0.6869    0.2500    1.0304 
   9.8018    0.0025   -0.0655   -0.3471 -192.9707    3.8245   -1.9793   -7.5102    0.0176   -0.4746   -2.5935    4.3581   -5.5371    0.6875    3.5760   -0.7329   -0.2239   -1.3892   -0.5937    0.0000    0.7241    0.6957    0.2500    1.0014 
   9.8268    0.0025   -0.0258   -0.5770 -193.1866    1.9324   -4.2986   -9.4023    0.0703   -0.4922   -1.3828    3.5107   -5.1416    0.6875    3.6000    0.1990    0.1245   -0.5625   -0.5937    0.0000    0.6843    0.6304    0.2500    1.0014 
   9.8560    0.0025   -0.0355   -0.6375 -193.4158    1.3220   -1.6131  -10.1958    0.0703   -0.5098   -0.2512    2.3851   -5.2734    0.7263    3.5760   -0.3599   -0.0759   -0.3298   -0.6716    0.0000    0.7414    0.6573    0.2500    0.9800 
   9.8810    0.0025    0.0751   -0.4312 -193.6611    2.5427   -3.0169  -10.4399    0.1230   -0.4922    1.3974    1.0119   -4.8779    0.6697    3.5760    0.1440    0.3616   -1.4680   -0.5166    0.0000    0.7020    0.5575    0.2500    0.9563 
   9.9103    0.0025    0.0437   -0.3216 -193.9198   -5.3918   -2.7728   -9.8906    0.1055   -0.5273    1.9769   -2.7553   -5.2734    0.6697    3.6160    0.4709   -0.0186   -2.3501   -0.5166    0.0000    0.7031    0.6464    0.2500    0.9563 
   9.9394    0.0025    0.0070   -0.2978 -194.1936   -3.6829   -1.0638  -11.7216    0.1055   -0.4746    0.6819   -0.1206   -4.8779    0.7651    3.5440    0.1040   -0.0547   -1.5396   -0.8389    0.0000    0.7391    0.7616    0.2500    0.9390 
   9.9644    0.0025   -0.1673   -0.3648 -194.4596   -9.3591    5.1618  -11.2944    0.0879   -0.5098    7.2263    0.5830   -5.2734    0.7651    3.5440    0.3340    0.3711   -1.4084   -0.8389    0.0000    0.7662    0.6974    0.2500    0.9390 
   9.9937    0.0025   -0.2325   -0.4220 -194.7088   -2.8894    4.4904  -10.5620    0.0879   -0.4395    4.8323    5.7771   -5.4053    0.7001    3.5920   -0.5667    0.3682   -1.9309   -0.6943    0.0000    0.7416    0.6232    0.2500    0.9168 
  10.0229    0.0025   -0.2204   -0.4055 -194.9889    2.1155    1.8659  -12.7592    0.0703   -0.4395    2.3678    7.1750   -5.1416    0.6915    3.6000   -0.8140   -0.1614   -1.6860   -0.4780    0.0000    0.7243    0.5906    0.2500    0.8997 
  10.0479    0.0025   -0.2350   -0.4365 -195.2629   -4.2932    4.2463  -10.3178    0.0352   -0.5098    2.0562    2.8188   -3.2959    0.6915    3.5920   -1.4656   -0.0249    0.3945   -0.4780    0.0000    0.6895    0.6336    0.2500    0.8997 
  10.0770    0.0024   -0.3656   -0.3992 -195.4513   -6.6736   -2.1624   -7.2050    0.1055   -0.4922    5.7715    1.3986   -1.4502    0.8240    3.4800   -0.6951    0.0981    0.9192   -1.2519    0.0000    0.8882    0.7075    0.2500    0.8903 
