#PID Gain P Ti Td Eta    0.6000    0.7000    0.0100    0.1250    0.7500    0.7000    0.0250    0.1250    3.0000    0.8000    0.0100    0.1250    8.0000    4.0000    0.0400    0.1250    8.0000    4.0000    0.0400    0.1250    0.0000    0.0000    0.0000    0.0000 
   0.0027    0.0027   -0.0491   -0.0289 -180.0001   -0.0078   -0.0901   -0.0438    0.0000    0.0000    0.0000    0.0000    0.0000    0.0000    4.2000   -0.0056    0.0071   -1.0105   -0.0031    0.0000    0.0000    0.0000    0.2500    0.0137 
   0.0276    0.0025   -0.2976   -0.1233 -179.9998    0.0533   -0.0291    0.0172    0.0000    0.0000    0.0000    0.0000    0.0000    0.0000    4.2000   -0.0042    0.0056   -1.0103   -0.0031    0.0000    0.0000    0.0000    0.2500    0.0137 
   0.0568    0.0026   -0.4635   -0.1421 -179.9987    0.0533   -0.0901    0.1393    0.0000    0.0000    0.0000    0.0000    0.0000    0.0000    4.1920   -0.0029    0.0083   -1.0142   -0.0043    0.0000    0.0000    0.0000    0.2500    0.0134 
   0.0858    0.0025   -0.4310   -0.2303 -179.9986    0.0533    0.0930    0.0783    0.0000    0.0000    0.0000    0.0000    0.0000    0.0000    4.2080   -0.0066    0.0081   -1.0161   -0.0035    0.0000    0.0000    0.0000    0.2500    0.0135 
   0.1108    0.0025   -0.4188   -0.1142 -179.9969   -0.0078   -0.0291    0.0172    0.0000    0.0000    0.0000    0.0000    0.0000    0.0000    4.2000   -0.0015    0.0088   -1.0100   -0.0035    0.0000    0.0000    0.0000    0.2500    0.0135 
   0.1398    0.0025   -0.4272   -0.1458 -179.9971   -0.0688   -0.0291    0.0783    0.0000    0.0000    0.0000    0.0000    0.0000    0.0000    4.2000   -0.0029    0.0088   -1.0103   -0.0030    0.0000    0.0000    0.0000    0.2500    0.0132 
   0.1648    0.0025   -0.4280   -0.1442 -179.9956   -0.0688    0.0930    0.0783    0.0000    0.0000    0.0000    0.0000    0.0000    0.0000    4.2080   -0.0010    0.0078   -1.0112   -0.0011    0.0000    0.0000    0.0000    0.2500    0.0136 
   0.1938    0.0025   -0.3390   -0.1668 -179.9950    0.0533    0.0320   -0.0438    0.0000    0.0000    0.0000    0.0000    0.0000    0.0000    4.2080   -0.0029    0.0061   -1.0129   -0.0011    0.0000    0.0000    0.0000    0.2500    0.0136 
   0.2228    0.0025   -0.3386   -0.1274 -179.9954    0.0533    0.0320    0.0172    0.0000    0.0000    0.0000    0.0000    0.0000    0.0000    4.2000   -0.0032    0.0049   -1.0100   -0.0024    0.0000    0.0000    0.0000    0.2500    0.0134 
   0.2478    0.0025   -0.4491   -0.1907 -179.9964    0.0533   -0.0291    0.0172    0.0000    0.0000    0.0000    0.0000    0.0000    0.0000    4.2080   -0.0056    0.0090   -1.0051   -0.0024    0.0000    0.0000    0.0000    0.2500    0.0134 
   0.2770    0.0025   -0.3807   -0.1469 -179.9955   -0.0688   -0.0901    0.2003    0.0000    0.0000    0.0000    0.0000    0.0000    0.0000    4.2080   -0.0027    0.0068   -1.0115   -0.0015    0.0000    0.0000    0.0000    0.2500    0.0138 
   0.3060    0.0025   -0.4231   -0.1545 -179.9948   -0.0688   -0.0291    0.0783    0.0000    0.0000    0.0000    0.0000    0.0000    0.0000    4.2000   -0.0002    0.0046   -1.0110   -0.0025    0.0000    0.0000    0.0000    0.2500    0.0133 
   0.3310    0.0025   -0.4213   -0.2009 -179.9947   -0.0078   -0.0291   -0.0438    0.0000    0.0000    0.0000    0.0000    0.0000    0.0000    4.2000   -0.0061    0.0056   -1.0156   -0.0025    0.0000    0.0000    0.0000    0.2500    0.0133 
   0.3600    0.0025   -0.4482   -0.2124 -179.9955    0.0533    0.0930   -0.0438    0.0000    0.0000    0.0000    0.0000    0.0000    0.0000    4.2000   -0.0037    0.0066   -1.0083   -0.0012    0.0000    0.0000    0.0000    0.2500    0.0136 
   0.3850    0.0025   -0.3602   -0.1241 -179.9948   -0.0688   -0.0291    0.0172    0.0000    0.0000    0.0000    0.0000    0.0000    0.0000    4.2080   -0.0015    0.0083   -1.0112   -0.0029    0.0000    0.0000    0.0000    0.2500    0.0132 
   0.4140    0.0025   -0.3610   -0.1499 -179.9948   -0.0688    0.0320    0.0783    0.0000    0.0000    0.0000    0.0000    0.0000    0.0000    4.2000   -0.0046    0.0081   -1.0125   -0.0029    0.0000    0.0000    0.0000    0.2500    0.0132 
   0.4429    0.0025   -0.3960   -0.1455 -179.9928   -0.0078   -0.1511    0.0172    0.0000    0.0000    0.0000    0.0000    0.0000    0.0000    4.2000   -0.0032    0.0073   -1.0100   -0.0001    0.0000    0.0000    0.0000    0.2500    0.0136 
   0.4679    0.0025   -0.3448   -0.1482 -179.9933    0.0533    0.0320   -0.0438    0.0000    0.0000    0.0000    0.0000    0.0000    0.0000    4.2000   -0.0024    0.0037   -1.0132   -0.0001    0.0000    0.0000    0.0000    0.2500    0.0136 
   0.4972    0.0025   -0.3534   -0.1737 -179.9915    0.0533   -0.0291    0.1393    0.0000    0.0000    0.0000    0.0000    0.0000    0.0000    4.2000   -0.0032    0.0059   -1.0093   -0.0022    0.0000    0.0000    0.0000    0.2500    0.0132 
   0.5262    0.0025   -0.3735   -0.1701 -179.9899   -0.0078   -0.0901    0.0172    0.0000    0.0000    0.0000    0.0000    0.0000    0.0000    4.2000   -0.0029    0.0054   -1.0112   -0.0012    0.0000    0.0000    0.0000    0.2500    0.0136 
   0.5513    0.0025   -0.4343   -0.1321 -179.9889   -0.0078    0.0930    0.0172    0.0000    0.0000    0.0000    0.0000    0.0000    0.0000    4.1920   -0.0020    0.0085   -1.0132   -0.0012    0.0000    0.0000    0.0000    0.2500    0.0136 
   0.5802    0.0025   -0.4225   -0.1959 -179.9880   -0.0688   -0.0291   -0.0438    0.0000    0.0000    0.0000    0.0000    0.0000    0.0000    4.2000   -0.0046    0.0085   -1.0085   -0.0038    0.0000    0.0000    0.0000    0.2500    0.0132 
   0.6053    0.0025   -0.4391   -0.1412 -179.9864    0.0533    0.0320    0.0783    0.0000    0.0000    0.0000    0.0000    0.0000    0.0000    4.2000   -0.0007    0.0083   -1.0117   -0.0006    0.0000    0.0000    0.0000    0.2500    0.0138 
   0.6343    0.0025   -0.4464   -0.1536 -179.9861    0.1143   -0.0291    0.0783    0.0000    0.0000    0.0000    0.0000    0.0000    0.0000    4.2000   -0.0032    0.0068   -1.0107   -0.0006    0.0000    0.0000    0.0000    0.2500    0.0138 
   0.6632    0.0025   -0.4907   -0.1551 -179.9854   -0.0688   -0.2732   -0.0438    0.0000    0.0000    0.0000    0.0000    0.0000    0.0000    4.2080   -0.0027    0.0095   -1.0115   -0.0019    0.0000    0.0000    0.0000    0.2500    0.0133 
   0.6883    0.0025   -0.4137   -0.2044 -179.9839    0.0533   -0.0291    0.1393    0.0000    0.0000    0.0000    0.0000    0.0000    0.0000    4.2080   -0.0037    0.0073   -1.0151   -0.0019    0.0000    0.0000    0.0000    0.2500    0.0133 
   0.7173    0.0025   -0.3722   -0.1215 -179.9828   -0.0078    0.1540    0.0783    0.0000    0.0000    0.0000    0.0000    0.0000    0.0000    4.2000   -0.0024    0.0063   -1.0088   -0.0000    0.0000    0.0000    0.0000    0.2500    0.0139 
   0.7464    0.0025   -0.4100   -0.2095 -179.9823    0.0533   -0.1511    0.1393    0.0000    0.0000    0.0000    0.0000    0.0000    0.0000    4.1920   -0.0056    0.0098   -1.0107   -0.0017    0.0000    0.0000    0.0000    0.2500    0.0134 
   0.7714    0.0025   -0.4751   -0.1513 -179.9793    0.1143   -0.0291    0.0172    0.0000    0.0000    0.0000    0.0000    0.0000    0.0000    4.2000   -0.0034    0.0110   -1.0093   -0.0017    0.0000    0.0000    0.0000    0.2500    0.0134 
   0.8003    0.0025   -0.3990   -0.1040 -179.9764   -0.0078    0.0930    0.0172    0.0000    0.0000    0.0000    0.0000    0.0000    0.0000    4.2000   -0.0005    0.0105   -1.0090    0.0011    0.0000    0.0000    0.0000    0.2500    0.0140 
   0.8253    0.0025   -0.4898   -0.0951 -179.9767    0.0533   -0.0291   -0.1048    0.0000    0.0000    0.0000    0.0000    0.0000    0.0000    4.2000   -0.0017    0.0095   -1.0115    0.0000    0.0000    0.0000    0.0000    0.2500    0.0138 
   0.8544    0.0025   -0.4367   -0.1108 -179.9764    0.0533   -0.0901    0.0783    0.0000    0.0000    0.0000    0.0000    0.0000    0.0000    4.2000   -0.0005    0.0066   -1.0100    0.0000    0.0000    0.0000    0.0000    0.2500    0.0138 
   0.8834    0.0025   -0.3615   -0.1003 -179.9738    0.1143   -0.0901    0.2614    0.0000    0.0000    0.0000    0.0000    0.0000    0.0000    4.2000   -0.0010    0.0059   -1.0098    0.0023    0.0000    0.0000    0.0000    0.2500    0.0144 
   0.9084    0.0025   -0.4314   -0.1067 -179.9714   -0.0688   -0.0291    0.0783    0.0000    0.0000    0.0000    0.0000    0.0000    0.0000    4.2000   -0.0007    0.0068   -1.0144    0.0023    0.0000    0.0000    0.0000    0.2500    0.0144 
   0.9375    0.0025   -0.3803   -0.1244 -179.9703   -0.0078    0.0320    0.0172    0.0000    0.0000    0.0000    0.0000    0.0000    0.0000    4.2000   -0.0012    0.0059   -1.0103   -0.0002    0.0000    0.0000    0.0000    0.2500    0.0141 
   0.9666    0.0026   -0.4521   -0.1435 -179.9698    0.0533   -0.0291    0.0172    0.0000    0.0000    0.0000    0.0000    0.0000    0.0000    4.2000   -0.0034    0.0090   -1.0125    0.0026    0.0000    0.0000    0.0000    0.2500    0.0146 
   0.9915    0.0025   -0.4230   -0.1892 -179.9677   -0.1299   -0.0901    0.0172    0.0000    0.0000    0.0000    0.0000    0.0000    0.0000    4.2000   -0.0034    0.0078   -1.0098    0.0026    0.0000    0.0000    0.0000    0.2500    0.0146 
   1.0206    0.0025   -0.4045   -0.0922 -179.9658   -0.0078   -0.0291    0.1393    0.0000    0.0000    0.0000    0.0000    0.0000    0.0000    4.2000   -0.0007    0.0090   -1.0085    0.0016    0.0000    0.0000    0.0000    0.2500    0.0142 
   1.0456    0.0025   -0.3641   -0.1492 -179.9653   -0.0078   -0.0901    0.0172    0.0000    0.0000    0.0000    0.0000    0.0000    0.0000    4.2000   -0.0049    0.0100   -1.0110    0.0032    0.0000    0.0000    0.0000    0.2500    0.0147 
   1.0747    0.0025   -0.4111   -0.1401 -179.9629    0.1753   -0.0901    0.0172    0.0000    0.0000    0.0000    0.0000    0.0000    0.0000    4.2000   -0.0044    0.0090   -1.0139    0.0032    0.0000    0.0000    0.0000    0.2500    0.0147 
   1.1036    0.0025   -0.3733   -0.1490 -179.9616   -0.0078   -0.0901    0.2003    0.0000    0.0000    0.0000    0.0000    0.0000    0.0000    4.2000   -0.0010    0.0088   -1.0125    0.0019    0.0000    0.0000    0.0000    0.2500    0.0146 
   1.1286    0.0025   -0.4378   -0.1004 -179.9583   -0.1299   -0.0291    0.1393    0.0000    0.0000    0.0000    0.0000    0.0000    0.0000    4.2000   -0.0020    0.0078   -1.0146    0.0019    0.0000    0.0000    0.0000    0.2500    0.0146 
   1.1577    0.0025   -0.3999   -0.1141 -179.9551    0.1143   -0.0291    0.2003    0.0000    0.0000    0.0000    0.0000    0.0000    0.0000    4.2000   -0.0020    0.0071   -1.0127    0.0022    0.0000    0.0000    0.0000    0.2500    0.0148 
   1.1868    0.0025   -0.4053   -0.1532 -179.9532    0.0533    0.0320    0.1393    0.0000    0.0000    0.0000    0.0000    0.0000    0.0000    4.2000   -0.0017    0.0081   -1.0137   -0.0009    0.0000    0.0000    0.0000    0.2500    0.0144 
   1.2117    0.0025   -0.3868   -0.1508 -179.9513    0.2974    0.0930    0.0783    0.0000    0.0000    0.0000    0.0000    0.0000    0.0000    4.2000   -0.0042    0.0032   -1.0117   -0.0009    0.0000    0.0000    0.0000    0.2500    0.0144 
   1.2407    0.0025   -0.4106   -0.0832 -179.9499    0.0533   -0.0291   -0.0438    0.0000    0.0000    0.0000    0.0000    0.0000    0.0000    4.2000   -0.0032    0.0093   -1.0083   -0.0009    0.0000    0.0000    0.0000    0.2500    0.0145 
   1.2657    0.0025   -0.4027   -0.0742 -179.9476    0.0533   -0.0901    0.0783    0.0000    0.0000    0.0000    0.0000    0.0000    0.0000    4.2000   -0.0010    0.0071   -1.0117   -0.0023    0.0000    0.0000    0.0000    0.2500    0.0141 
   1.2948    0.0025   -0.4167   -0.1721 -179.9467    0.0533    0.0320    0.1393    0.0000    0.0000    0.0000    0.0000    0.0000    0.0000    4.2000   -0.0034    0.0068   -1.0129   -0.0023    0.0000    0.0000    0.0000    0.2500    0.0141 
   1.3238    0.0025   -0.4677   -0.1332 -179.9435   -0.0078    0.0930    0.0783    0.0000    0.0000    0.0000    0.0000    0.0000    0.0000    4.2000   -0.0012    0.0076   -1.0071   -0.0014    0.0000    0.0000    0.0000    0.2500    0.0143 
   1.3489    0.0025   -0.3739   -0.1217 -179.9415    0.0533   -0.0291    0.0783    0.0000    0.0000    0.0000    0.0000    0.0000    0.0000    4.1920   -0.0020    0.0063   -1.0095   -0.0014    0.0000    0.0000    0.0000    0.2500    0.0143 
   1.3779    0.0025   -0.4137   -0.1223 -179.9396   -0.1909    0.0320    0.0172    0.0000    0.0000    0.0000    0.0000    0.0000    0.0000    4.2000   -0.0024    0.0076   -1.0132   -0.0018    0.0000    0.0000    0.0000    0.2500    0.0139 
   1.4070    0.0025   -0.4386   -0.2398 -179.9379   -0.0688    0.1540    0.2003    0.0000    0.0000    0.0000    0.0000    0.0000    0.0000    4.2000   -0.0049    0.0073   -1.0112   -0.0013    0.0000    0.0000    0.0000    0.2500    0.0141 
   1.4322    0.0025   -0.3895   -0.1745 -179.9350   -0.0688    0.0930    0.1393    0.0000    0.0000    0.0000    0.0000    0.0000    0.0000    4.2000   -0.0010    0.0056   -1.0107   -0.0013    0.0000    0.0000    0.0000    0.2500    0.0141 
   1.4613    0.0025   -0.3508   -0.1318 -179.9333    0.0533   -0.0291   -0.0438    0.0000    0.0000    0.0000    0.0000    0.0000    0.0000    4.1920   -0.0024    0.0059   -1.0110   -0.0030    0.0000    0.0000    0.0000    0.2500    0.0138 
   1.4863    0.0025   -0.4333   -0.1345 -179.9311    0.0533    0.2151    0.2003    0.0000    0.0000    0.0000    0.0000    0.0000    0.0000    4.2000   -0.0042    0.0061   -1.0154   -0.0013    0.0000    0.0000    0.0000    0.2500    0.0138 
   1.5154    0.0025   -0.3664   -0.1716 -179.9290    0.0533    0.0320    0.0172    0.0000    0.0000    0.0000    0.0000    0.0000    0.0000    4.2000   -0.0032    0.0054   -1.0112   -0.0013    0.0000    0.0000    0.0000    0.2500    0.0138 
   1.5444    0.0025   -0.3980   -0.1741 -179.9263   -0.0078   -0.0291   -0.1048    0.0000    0.0000    0.0000    0.0000    0.0000    0.0000    4.2000   -0.0034    0.0073   -1.0103   -0.0011    0.0000    0.0000    0.0000    0.2500    0.0138 
   1.5694    0.0025   -0.4011   -0.1068 -179.9233    0.1753    0.0320    0.2003    0.0000    0.0000    0.0000    0.0000    0.0000    0.0000    4.1920   -0.0027    0.0088   -1.0107   -0.0011    0.0000    0.0000    0.0000    0.2500    0.0138 
   1.5985    0.0025   -0.4304   -0.1715 -179.9215    0.1753   -0.0901    0.1393    0.0000    0.0000    0.0000    0.0000    0.0000    0.0000    4.2000   -0.0032    0.0088   -1.0110   -0.0006    0.0000    0.0000    0.0000    0.2500    0.0138 
   1.6275    0.0025   -0.4148   -0.1392 -179.9203   -0.0078    0.0320    0.0783    0.0000    0.0000    0.0000    0.0000    0.0000    0.0000    4.2080   -0.0024    0.0061   -1.0132   -0.0014    0.0000    0.0000    0.0000    0.2500    0.0136 
   1.6525    0.0025   -0.4317   -0.0920 -179.9189   -0.0078    0.0320    0.0783    0.0000    0.0000    0.0000    0.0000    0.0000    0.0000    4.2000   -0.0020    0.0095   -1.0098   -0.0014    0.0000    0.0000    0.0000    0.2500    0.0136 
   1.6815    0.0025   -0.3557   -0.1066 -179.9177   -0.0688    0.0320    0.1393    0.0000    0.0000    0.0000    0.0000    0.0000    0.0000    4.2000   -0.0017    0.0059   -1.0085   -0.0013    0.0000    0.0000    0.0000    0.2500    0.0137 
   1.7065    0.0025   -0.4921   -0.1493 -179.9172   -0.1909   -0.0291    0.0783    0.0000    0.0000    0.0000    0.0000    0.0000    0.0000    4.2000   -0.0029    0.0093   -1.0078   -0.0021    0.0000    0.0000    0.0000    0.2500    0.0137 
   1.7356    0.0025   -0.4842   -0.0898 -179.9149    0.0533    0.0320    0.0172    0.0000    0.0000    0.0000    0.0000    0.0000    0.0000    4.2000   -0.0034    0.0068   -1.0105   -0.0021    0.0000    0.0000    0.0000    0.2500    0.0137 
   1.7646    0.0025   -0.4622   -0.1099 -179.9139   -0.0078    0.0320    0.1393    0.0000    0.0000    0.0000    0.0000    0.0000    0.0000    4.2000   -0.0017    0.0066   -1.0112   -0.0016    0.0000    0.0000    0.0000    0.2500    0.0140 
   1.7897    0.0025   -0.4324   -0.1102 -179.9111    0.1143   -0.0291    0.1393    0.0000    0.0000    0.0000    0.0000    0.0000    0.0000    4.2000   -0.0015    0.0068   -1.0100   -0.0016    0.0000    0.0000    0.0000    0.2500    0.0140 
   1.8187    0.0025   -0.4499   -0.1618 -179.9089    0.1143   -0.0901    0.2614    0.0000    0.0000    0.0000    0.0000    0.0000    0.0000    4.2000   -0.0032    0.0085   -1.0117   -0.0005    0.0000    0.0000    0.0000    0.2500    0.0139 
   1.8478    0.0025   -0.4188   -0.1469 -179.9052    0.1143   -0.0291    0.2003    0.0000    0.0000    0.0000    0.0000    0.0000    0.0000    4.2000   -0.0027    0.0066   -1.0112    0.0004    0.0000    0.0000    0.0000    0.2500    0.0142 
   1.8728    0.0025   -0.4111   -0.1430 -179.9025    0.1143   -0.1511    0.1393    0.0000    0.0000    0.0000    0.0000    0.0000    0.0000    4.2080   -0.0020    0.0068   -1.0146    0.0004    0.0000    0.0000    0.0000    0.2500    0.0142 
   1.9019    0.0025   -0.3597   -0.0927 -179.9005   -0.0078    0.0930   -0.0438    0.0000    0.0000    0.0000    0.0000    0.0000    0.0000    4.2000    0.0000    0.0081   -1.0132    0.0009    0.0000    0.0000    0.0000    0.2500    0.0144 
   1.9269    0.0025   -0.3454   -0.1221 -179.8979    0.0533    0.0320    0.2003    0.0000    0.0000    0.0000    0.0000    0.0000    0.0000    4.2000   -0.0020    0.0054   -1.0115    0.0015    0.0000    0.0000    0.0000    0.2500    0.0146 
   1.9559    0.0025   -0.4154   -0.1501 -179.8970    0.1143    0.0930    0.0783    0.0000    0.0000    0.0000    0.0000    0.0000    0.0000    4.2000   -0.0039    0.0073   -1.0095    0.0015    0.0000    0.0000    0.0000    0.2500    0.0146 
   1.9849    0.0025   -0.3593   -0.1279 -179.8947    0.0533   -0.0291    0.2003    0.0000    0.0000    0.0000    0.0000    0.0000    0.0000    4.2000    0.0015    0.0044   -1.0134    0.0018    0.0000    0.0000    0.0000    0.2500    0.0147 
   2.0099    0.0025   -0.3866   -0.1158 -179.8933    0.0533    0.0320   -0.0438    0.0000    0.0000    0.0000    0.0000    0.0000    0.0000    4.2000   -0.0027    0.0093   -1.0078    0.0018    0.0000    0.0000    0.0000    0.2500    0.0147 
   2.0390    0.0025   -0.3932   -0.1246 -179.8900    0.0533   -0.0291    0.1393    0.0000    0.0000    0.0000    0.0000    0.0000    0.0000    4.2000   -0.0034    0.0088   -1.0095    0.0033    0.0000    0.0000    0.0000    0.2500    0.0151 
   2.0680    0.0025   -0.4524   -0.0906 -179.8881   -0.0078   -0.0291    0.0783    0.0000    0.0000    0.0000    0.0000    0.0000    0.0000    4.2000   -0.0002    0.0051   -1.0142    0.0032    0.0000    0.0000    0.0000    0.2500    0.0152 
   2.0930    0.0025   -0.4376   -0.1689 -179.8863    0.1143    0.0320    0.0783    0.0000    0.0000    0.0000    0.0000    0.0000    0.0000    4.2000   -0.0022    0.0056   -1.0149    0.0032    0.0000    0.0000    0.0000    0.2500    0.0152 
   2.1221    0.0025   -0.4082   -0.1905 -179.8859   -0.0078   -0.0291    0.0172    0.0000    0.0000    0.0000    0.0000    0.0000    0.0000    4.2000   -0.0022    0.0029   -1.0164    0.0034    0.0000    0.0000    0.0000    0.2500    0.0152 
   2.1472    0.0025   -0.4368   -0.0684 -179.8831   -0.0078   -0.0901   -0.0438    0.0000    0.0000    0.0000    0.0000    0.0000    0.0000    4.1920   -0.0010    0.0100   -1.0078    0.0018    0.0000    0.0000    0.0000    0.2500    0.0152 
   2.1762    0.0025   -0.4099   -0.1586 -179.8830    0.1143   -0.0901    0.1393    0.0000    0.0000    0.0000    0.0000    0.0000    0.0000    4.2000   -0.0063    0.0083   -1.0120    0.0018    0.0000    0.0000    0.0000    0.2500    0.0152 
   2.2052    0.0025   -0.4235   -0.0732 -179.8798    0.1143   -0.0901    0.2003    0.0000    0.0000    0.0000    0.0000    0.0000    0.0000    4.2000   -0.0017    0.0063   -1.0120    0.0024    0.0000    0.0000    0.0000    0.2500    0.0155 
   2.2302    0.0025   -0.3981   -0.1324 -179.8767   -0.0078   -0.0291    0.2003    0.0000    0.0000    0.0000    0.0000    0.0000    0.0000    4.2000   -0.0010    0.0078   -1.0115    0.0024    0.0000    0.0000    0.0000    0.2500    0.0155 
   2.2593    0.0024   -0.4170   -0.1156 -179.8744    0.1143    0.1540   -0.1048    0.0000    0.0000    0.0000    0.0000    0.0000    0.0000    4.1920   -0.0010    0.0081   -1.0120    0.0020    0.0000    0.0000    0.0000    0.2500    0.0152 
   2.2883    0.0025   -0.4411   -0.1087 -179.8728    0.0533    0.0320    0.0172    0.0000    0.0000    0.0000    0.0000    0.0000    0.0000    4.2080   -0.0012    0.0095   -1.0117    0.0017    0.0000    0.0000    0.0000    0.2500    0.0152 
   2.3133    0.0025   -0.4166   -0.1533 -179.8723    0.1143   -0.0901    0.0783    0.0000    0.0000    0.0000    0.0000    0.0000    0.0000    4.2000   -0.0032    0.0073   -1.0095    0.0017    0.0000    0.0000    0.0000    0.2500    0.0152 
   2.3423    0.0025   -0.4924   -0.1700 -179.8695    0.1753   -0.0291    0.2003    0.0000    0.0000    0.0000    0.0000    0.0000    0.0000    4.2000   -0.0034    0.0098   -1.0110    0.0009    0.0000    0.0000    0.0000    0.2500    0.0149 
   2.3673    0.0025   -0.4436   -0.1504 -179.8691    0.0533    0.0320   -0.0438    0.0000    0.0000    0.0000    0.0000    0.0000    0.0000    4.1920   -0.0027    0.0078   -1.0090    0.0012    0.0000    0.0000    0.0000    0.2500    0.0152 
   2.3964    0.0025   -0.4185   -0.1189 -179.8675    0.1143   -0.0291    0.0172    0.0000    0.0000    0.0000    0.0000    0.0000    0.0000    4.2000    0.0000    0.0076   -1.0129    0.0012    0.0000    0.0000    0.0000    0.2500    0.0152 
   2.4253    0.0025   -0.4130   -0.1214 -179.8655    0.0533    0.0930    0.0783    0.0000    0.0000    0.0000    0.0000    0.0000    0.0000    4.2000   -0.0029    0.0117   -1.0100   -0.0018    0.0000    0.0000    0.0000    0.2500    0.0147 
   2.4504    0.0025   -0.3807   -0.1315 -179.8641   -0.0688    0.0930    0.0172    0.0000    0.0000    0.0000    0.0000    0.0000    0.0000    4.2000   -0.0017    0.0046   -1.0161   -0.0018    0.0000    0.0000    0.0000    0.2500    0.0147 
   2.4795    0.0025   -0.3949   -0.1345 -179.8617   -0.0078   -0.0901    0.2003    0.0000    0.0000    0.0000    0.0000    0.0000    0.0000    4.2000   -0.0020    0.0071   -1.0083   -0.0010    0.0000    0.0000    0.0000    0.2500    0.0150 
   2.5087    0.0025   -0.3206   -0.1777 -179.8596    0.0533    0.0320    0.2003    0.0000    0.0000    0.0000    0.0000    0.0000    0.0000    4.2000   -0.0054    0.0059   -1.0115   -0.0035    0.0000    0.0000    0.0000    0.2500    0.0145 
   2.5336    0.0025   -0.3548   -0.1339 -179.8564    0.1143   -0.0291    0.0783    0.0000    0.0000    0.0000    0.0000    0.0000    0.0000    4.2000   -0.0007    0.0073   -1.0073   -0.0035    0.0000    0.0000    0.0000    0.2500    0.0145 
   2.5627    0.0025   -0.3689   -0.1400 -179.8540    0.1143   -0.0291    0.0783    0.0000    0.0000    0.0000    0.0000    0.0000    0.0000    4.2000   -0.0034    0.0066   -1.0095   -0.0032    0.0000    0.0000    0.0000    0.2500    0.0145 
   2.5877    0.0025   -0.4433   -0.1796 -179.8522    0.0533   -0.1511    0.1393    0.0000    0.0000    0.0000    0.0000    0.0000    0.0000    4.2000   -0.0046    0.0073   -1.0115   -0.0036    0.0000    0.0000    0.0000    0.2500    0.0143 
   2.6168    0.0025   -0.3940   -0.1563 -179.8511   -0.0078   -0.1511    0.0783    0.0000    0.0000    0.0000    0.0000    0.0000    0.0000    4.2000   -0.0034    0.0076   -1.0125   -0.0036    0.0000    0.0000    0.0000    0.2500    0.0143 
   2.6458    0.0025   -0.4551   -0.1565 -179.8492    0.0533   -0.0901    0.0783    0.0000    0.0000    0.0000    0.0000    0.0000    0.0000    4.2000   -0.0032    0.0081   -1.0093   -0.0022    0.0000    0.0000    0.0000    0.2500    0.0144 
   2.6708    0.0025   -0.4653   -0.0737 -179.8458    0.1753    0.0320    0.0172    0.0000    0.0000    0.0000    0.0000    0.0000    0.0000    4.2000   -0.0010    0.0078   -1.0127   -0.0022    0.0000    0.0000    0.0000    0.2500    0.0144 
   2.6999    0.0025   -0.4133   -0.0600 -179.8433   -0.0688    0.0930    0.0172    0.0000    0.0000    0.0000    0.0000    0.0000    0.0000    4.2000   -0.0010    0.0056   -1.0127   -0.0043    0.0000    0.0000    0.0000    0.2500    0.0140 
   2.7289    0.0024   -0.4210   -0.1451 -179.8414    0.0533    0.0320    0.0783    0.0000    0.0000    0.0000    0.0000    0.0000    0.0000    4.2000   -0.0024    0.0076   -1.0125   -0.0031    0.0000    0.0000    0.0000    0.2500    0.0141 
   2.7539    0.0025   -0.4447   -0.1311 -179.8391    0.1143   -0.0291    0.0783    0.0000    0.0000    0.0000    0.0000    0.0000    0.0000    4.2080   -0.0022    0.0085   -1.0083   -0.0031    0.0000    0.0000    0.0000    0.2500    0.0141 
   2.7829    0.0025   -0.4360   -0.1426 -179.8386    0.2364    0.0320    0.0783    0.0000    0.0000    0.0000    0.0000    0.0000    0.0000    4.2000   -0.0032    0.0073   -1.0090   -0.0046    0.0000    0.0000    0.0000    0.2500    0.0138 
   2.8079    0.0025   -0.4578   -0.0994 -179.8368    0.0533    0.0930    0.0783    0.0000    0.0000    0.0000    0.0000    0.0000    0.0000    4.2000   -0.0029    0.0066   -1.0107   -0.0044    0.0000    0.0000    0.0000    0.2500    0.0137 
   2.8372    0.0025   -0.4168   -0.1420 -179.8344    0.0533    0.0930    0.0783    0.0000    0.0000    0.0000    0.0000    0.0000    0.0000    4.2000   -0.0034    0.0071   -1.0100   -0.0044    0.0000    0.0000    0.0000    0.2500    0.0137 
   2.8663    0.0025   -0.3849   -0.1261 -179.8320    0.1143   -0.0901    0.2003    0.0000    0.0000    0.0000    0.0000    0.0000    0.0000    4.2000    0.0000    0.0078   -1.0125   -0.0061    0.0000    0.0000    0.0000    0.2500    0.0134 
   2.8913    0.0025   -0.4415   -0.1115 -179.8299    0.1753   -0.0291    0.2003    0.0000    0.0000    0.0000    0.0000    0.0000    0.0000    4.2000   -0.0034    0.0059   -1.0112   -0.0061    0.0000    0.0000    0.0000    0.2500    0.0134 
   2.9204    0.0025   -0.4400   -0.1173 -179.8266    0.1143    0.0320    0.2614    0.0000    0.0000    0.0000    0.0000    0.0000    0.0000    4.2000   -0.0022    0.0083   -1.0115   -0.0053    0.0000    0.0000    0.0000    0.2500    0.0136 
   2.9494    0.0025   -0.4663   -0.1672 -179.8257   -0.1299    0.0930    0.0783    0.0000    0.0000    0.0000    0.0000    0.0000    0.0000    4.1920   -0.0024    0.0090   -1.0093   -0.0056    0.0000    0.0000    0.0000    0.2500    0.0133 
   2.9744    0.0025   -0.3488   -0.1430 -179.8241    0.0533    0.0320   -0.0438    0.0000    0.0000    0.0000    0.0000    0.0000    0.0000    4.2000   -0.0024    0.0056   -1.0093   -0.0056    0.0000    0.0000    0.0000    0.2500    0.0133 
   3.0034    0.0025   -0.4150   -0.1525 -179.8232    0.1143    0.0320    0.1393    0.0000    0.0000    0.0000    0.0000    0.0000    0.0000    4.2000   -0.0024    0.0095   -1.0117   -0.0046    0.0000    0.0000    0.0000    0.2500    0.0134 
   3.0284    0.0025   -0.3906   -0.1160 -179.8211    0.0533   -0.0291    0.0783    0.0000    0.0000    0.0000    0.0000    0.0000    0.0000    4.2000   -0.0032    0.0054   -1.0115   -0.0048    0.0000    0.0000    0.0000    0.2500    0.0132 
   3.0575    0.0026   -0.4082   -0.0728 -179.8179    0.1143    0.0320    0.0783    0.0000    0.0000    0.0000    0.0000    0.0000    0.0000    4.2000    0.0000    0.0078   -1.0115   -0.0048    0.0000    0.0000    0.0000    0.2500    0.0132 
   3.0866    0.0026   -0.3662   -0.1560 -179.8170   -0.0078   -0.0291    0.0783    0.0000    0.0000    0.0000    0.0000    0.0000    0.0000    4.2000   -0.0022    0.0059   -1.0100   -0.0039    0.0000    0.0000    0.0000    0.2500    0.0135 
   3.1116    0.0025   -0.4595   -0.1438 -179.8159    0.1753    0.0320   -0.1659    0.0000    0.0000    0.0000    0.0000    0.0000    0.0000    4.2000   -0.0024    0.0083   -1.0100   -0.0039    0.0000    0.0000    0.0000    0.2500    0.0135 
   3.1406    0.0025   -0.4230   -0.0998 -179.8156    0.0533   -0.0291    0.0783    0.0000    0.0000    0.0000    0.0000    0.0000    0.0000    4.2000   -0.0007    0.0076   -1.0083   -0.0045    0.0000    0.0000    0.0000    0.2500    0.0133 
   3.1696    0.0025   -0.3945   -0.1560 -179.8140    0.1753   -0.0291   -0.1048    0.0000    0.0000    0.0000    0.0000    0.0000    0.0000    4.2000   -0.0027    0.0125   -1.0110   -0.0034    0.0000    0.0000    0.0000    0.2500    0.0136 
   3.1947    0.0025   -0.4274   -0.0725 -179.8128    0.0533    0.1540   -0.0438    0.0000    0.0000    0.0000    0.0000    0.0000    0.0000    4.2000   -0.0005    0.0076   -1.0132   -0.0034    0.0000    0.0000    0.0000    0.2500    0.0136 
   3.2237    0.0025   -0.3387   -0.1432 -179.8112    0.0533    0.0320    0.0783    0.0000    0.0000    0.0000    0.0000    0.0000    0.0000    4.2000   -0.0042    0.0054   -1.0112   -0.0044    0.0000    0.0000    0.0000    0.2500    0.0134 
   3.2487    0.0025   -0.4045   -0.1734 -179.8101    0.1143    0.0320    0.1393    0.0000    0.0000    0.0000    0.0000    0.0000    0.0000    4.2000   -0.0015    0.0068   -1.0159   -0.0010    0.0000    0.0000    0.0000    0.2500    0.0137 
   3.2778    0.0025   -0.3451   -0.1719 -179.8093    0.1753   -0.0901    0.0172    0.0000    0.0000    0.0000    0.0000    0.0000    0.0000    4.1920   -0.0056    0.0063   -1.0149   -0.0010    0.0000    0.0000    0.0000    0.2500    0.0137 
   3.3068    0.0025   -0.3860   -0.1124 -179.8082   -0.0078    0.0320    0.0783    0.0000    0.0000    0.0000    0.0000    0.0000    0.0000    4.2000   -0.0020    0.0068   -1.0129   -0.0006    0.0000    0.0000    0.0000    0.2500    0.0137 
   3.3318    0.0025   -0.4714   -0.1353 -179.8071    0.1143   -0.0291    0.0783    0.0000    0.0000    0.0000    0.0000    0.0000    0.0000    4.2000   -0.0012    0.0110   -1.0103   -0.0006    0.0000    0.0000    0.0000    0.2500    0.0137 
   3.3609    0.0025   -0.4174   -0.1599 -179.8061    0.1143    0.0320    0.0783    0.0000    0.0000    0.0000    0.0000    0.0000    0.0000    4.2000   -0.0029    0.0073   -1.0125    0.0002    0.0000    0.0000    0.0000    0.2500    0.0140 
   3.3899    0.0025   -0.4153   -0.1694 -179.8050   -0.0078    0.0930    0.1393    0.0000    0.0000    0.0000    0.0000    0.0000    0.0000    4.2080   -0.0005    0.0071   -1.0112   -0.0005    0.0000    0.0000    0.0000    0.2500    0.0143 
   3.4149    0.0025   -0.4798   -0.1465 -179.8021    0.0533    0.0320    0.0783    0.0000    0.0000    0.0000    0.0000    0.0000    0.0000    4.2000    0.0010    0.0078   -1.0105   -0.0005    0.0000    0.0000    0.0000    0.2500    0.0143 
   3.4439    0.0025   -0.4127   -0.0991 -179.8004    0.1143   -0.1511    0.0172    0.0000    0.0000    0.0000    0.0000    0.0000    0.0000    4.2000    0.0005    0.0046   -1.0098    0.0012    0.0000    0.0000    0.0000    0.2500    0.0144 
   3.4689    0.0025   -0.3864   -0.1280 -179.7991    0.1143    0.0930   -0.0438    0.0000    0.0000    0.0000    0.0000    0.0000    0.0000    4.2000    0.0015    0.0078   -1.0125    0.0010    0.0000    0.0000    0.0000    0.2500    0.0144 
   3.4980    0.0025   -0.4340   -0.1128 -179.7980    0.0533    0.0320    0.1393    0.0000    0.0000    0.0000    0.0000    0.0000    0.0000    4.2000   -0.0017    0.0078   -1.0112    0.0010    0.0000    0.0000    0.0000    0.2500    0.0144 
   3.5271    0.0025   -0.4750   -0.1324 -179.7964   -0.0688    0.0930    0.1393    0.0000    0.0000    0.0000    0.0000    0.0000    0.0000    4.2000   -0.0010    0.0100   -1.0103    0.0014    0.0000    0.0000    0.0000    0.2500    0.0146 
   3.5522    0.0025   -0.3581   -0.1114 -179.7944    0.0533    0.0320    0.0172    0.0000    0.0000    0.0000    0.0000    0.0000    0.0000    4.2000   -0.0022    0.0046   -1.0125    0.0014    0.0000    0.0000    0.0000    0.2500    0.0146 
   3.5812    0.0025   -0.4015   -0.0978 -179.7927    0.1753   -0.0291    0.2003    0.0000    0.0000    0.0000    0.0000    0.0000    0.0000    4.2000   -0.0005    0.0068   -1.0122    0.0003    0.0000    0.0000    0.0000    0.2500    0.0144 
   3.6102    0.0025   -0.4187   -0.1441 -179.7913   -0.0078    0.0320    0.1393    0.0000    0.0000    0.0000    0.0000    0.0000    0.0000    4.2000   -0.0027    0.0054   -1.0132    0.0012    0.0000    0.0000    0.0000    0.2500    0.0148 
   3.6352    0.0025   -0.4665   -0.1374 -179.7893   -0.0078   -0.0901    0.0172    0.0000    0.0000    0.0000    0.0000    0.0000    0.0000    4.2000   -0.0017    0.0083   -1.0095    0.0012    0.0000    0.0000    0.0000    0.2500    0.0148 
   3.6642    0.0025   -0.4529   -0.0784 -179.7861    0.1143    0.1540    0.0783    0.0000    0.0000    0.0000    0.0000    0.0000    0.0000    4.2000   -0.0005    0.0076   -1.0137    0.0004    0.0000    0.0000    0.0000    0.2500    0.0144 
   3.6892    0.0024   -0.4098   -0.1156 -179.7861   -0.0078   -0.0901   -0.0438    0.0000    0.0000    0.0000    0.0000    0.0000    0.0000    4.2000   -0.0020    0.0059   -1.0090    0.0002    0.0000    0.0000    0.0000    0.2500    0.0146 
   3.7182    0.0025   -0.3291   -0.1710 -179.7850    0.1143   -0.0291    0.2003    0.0000    0.0000    0.0000    0.0000    0.0000    0.0000    4.2000   -0.0032    0.0054   -1.0107    0.0002    0.0000    0.0000    0.0000    0.2500    0.0146 
   3.7472    0.0025   -0.3760   -0.1395 -179.7828   -0.0078    0.0930    0.0783    0.0000    0.0000    0.0000    0.0000    0.0000    0.0000    4.2000   -0.0010    0.0056   -1.0098   -0.0009    0.0000    0.0000    0.0000    0.2500    0.0142 
   3.7722    0.0024   -0.4091   -0.1655 -179.7809    0.1753   -0.0291    0.1393    0.0000    0.0000    0.0000    0.0000    0.0000    0.0000    4.2000   -0.0056    0.0076   -1.0122   -0.0009    0.0000    0.0000    0.0000    0.2500    0.0142 
   3.8013    0.0025   -0.4345   -0.1271 -179.7793   -0.0078   -0.0291    0.0172    0.0000    0.0000    0.0000    0.0000    0.0000    0.0000    4.2000   -0.0032    0.0061   -1.0110    0.0014    0.0000    0.0000    0.0000    0.2500    0.0146 
   3.8303    0.0025   -0.4037   -0.1470 -179.7788    0.0533   -0.0901    0.0783    0.0000    0.0000    0.0000    0.0000    0.0000    0.0000    4.2000   -0.0022    0.0081   -1.0122    0.0003    0.0000    0.0000    0.0000    0.2500    0.0142 
   3.8553    0.0025   -0.3736   -0.1048 -179.7773    0.1143    0.0930    0.0172    0.0000    0.0000    0.0000    0.0000    0.0000    0.0000    4.2000   -0.0015    0.0066   -1.0146    0.0003    0.0000    0.0000    0.0000    0.2500    0.0142 
   3.8843    0.0025   -0.3782   -0.1850 -179.7768   -0.0688    0.0320    0.0172    0.0000    0.0000    0.0000    0.0000    0.0000    0.0000    4.2000   -0.0027    0.0078   -1.0122    0.0026    0.0000    0.0000    0.0000    0.2500    0.0149 
   3.9093    0.0024   -0.4084   -0.1241 -179.7747   -0.0078   -0.1511    0.0172    0.0000    0.0000    0.0000    0.0000    0.0000    0.0000    4.2000   -0.0022    0.0090   -1.0125   -0.0002    0.0000    0.0000    0.0000    0.2500    0.0143 
   3.9383    0.0025   -0.3721   -0.0927 -179.7734    0.1143    0.0320   -0.0438    0.0000    0.0000    0.0000    0.0000    0.0000    0.0000    4.2000   -0.0044    0.0085   -1.0090   -0.0002    0.0000    0.0000    0.0000    0.2500    0.0143 
   3.9673    0.0025   -0.4016   -0.1679 -179.7721   -0.0688    0.0320    0.0783    0.0000    0.0000    0.0000    0.0000    0.0000    0.0000    4.1920   -0.0022    0.0073   -1.0093    0.0029    0.0000    0.0000    0.0000    0.2500    0.0150 
   3.9923    0.0025   -0.4073   -0.1422 -179.7702   -0.0078   -0.0291   -0.1048    0.0000    0.0000    0.0000    0.0000    0.0000    0.0000    4.2000    0.0010    0.0076   -1.0134    0.0029    0.0000    0.0000    0.0000    0.2500    0.0150 
   4.0214    0.0025   -0.3978   -0.1561 -179.7699    0.0533   -0.0901   -0.0438    0.0000    0.0000    0.0000    0.0000    0.0000    0.0000    4.2000   -0.0020    0.0066   -1.0107    0.0000    0.0000    0.0000    0.0000    0.2500    0.0143 
   4.0504    0.0025   -0.4065   -0.1452 -179.7682   -0.0078    0.0320    0.0172    0.0000    0.0000    0.0000    0.0000    0.0000    0.0000    4.2000   -0.0002    0.0073   -1.0120    0.0032    0.0000    0.0000    0.0000    0.2500    0.0150 
   4.0754    0.0025   -0.4009   -0.1245 -179.7673    0.1753    0.0930   -0.1048    0.0000    0.0000    0.0000    0.0000    0.0000    0.0000    4.2000   -0.0017    0.0073   -1.0107    0.0032    0.0000    0.0000    0.0000    0.2500    0.0150 
   4.1044    0.0025   -0.3945   -0.1632 -179.7666    0.1143   -0.0901    0.0783    0.0000    0.0000    0.0000    0.0000    0.0000    0.0000    4.2000   -0.0027    0.0068   -1.0117    0.0016    0.0000    0.0000    0.0000    0.2500    0.0146 
   4.1294    0.0025   -0.3718   -0.1262 -179.7650    0.0533    0.0320    0.2003    0.0000    0.0000    0.0000    0.0000    0.0000    0.0000    4.2000   -0.0022    0.0066   -1.0137    0.0038    0.0000    0.0000    0.0000    0.2500    0.0150 
   4.1584    0.0025   -0.4409   -0.1474 -179.7639   -0.0688   -0.0901    0.0783    0.0000    0.0000    0.0000    0.0000    0.0000    0.0000    4.2000    0.0002    0.0083   -1.0127    0.0038    0.0000    0.0000    0.0000    0.2500    0.0150 
   4.1875    0.0025   -0.3872   -0.1815 -179.7631    0.0533    0.0930    0.0172    0.0000    0.0000    0.0000    0.0000    0.0000    0.0000    4.2000   -0.0042    0.0061   -1.0110    0.0013    0.0000    0.0000    0.0000    0.2500    0.0146 
   4.2125    0.0025   -0.3821   -0.1468 -179.7616    0.0533    0.0930   -0.0438    0.0000    0.0000    0.0000    0.0000    0.0000    0.0000    4.2000   -0.0007    0.0059   -1.0098    0.0013    0.0000    0.0000    0.0000    0.2500    0.0146 
   4.2416    0.0025   -0.4265   -0.1344 -179.7608   -0.0078    0.1540   -0.0438    0.0000    0.0000    0.0000    0.0000    0.0000    0.0000    4.1920   -0.0024    0.0054   -1.0110    0.0032    0.0000    0.0000    0.0000    0.2500    0.0152 
   4.2706    0.0025   -0.4064   -0.1299 -179.7576    0.1753   -0.0291    0.3835    0.0000    0.0000    0.0000    0.0000    0.0000    0.0000    4.2000   -0.0020    0.0081   -1.0076    0.0018    0.0000    0.0000    0.0000    0.2500    0.0150 
   4.2956    0.0025   -0.4265   -0.1146 -179.7552    0.1753   -0.0291    0.1393    0.0000    0.0000    0.0000    0.0000    0.0000    0.0000    4.2000   -0.0015    0.0083   -1.0127    0.0018    0.0000    0.0000    0.0000    0.2500    0.0150 
   4.3247    0.0025   -0.4671   -0.0967 -179.7531   -0.0078   -0.0291    0.0783    0.0000    0.0000    0.0000    0.0000    0.0000    0.0000    4.2000    0.0000    0.0081   -1.0127    0.0045    0.0000    0.0000    0.0000    0.2500    0.0155 
   4.3497    0.0025   -0.3836   -0.1769 -179.7515   -0.0688    0.0930    0.2614    0.0000    0.0000    0.0000    0.0000    0.0000    0.0000    4.1920   -0.0054    0.0046   -1.0144    0.0038    0.0000    0.0000    0.0000    0.2500    0.0153 
   4.3787    0.0025   -0.4293   -0.2076 -179.7501    0.0533    0.0320    0.0783    0.0000    0.0000    0.0000    0.0000    0.0000    0.0000    4.2000   -0.0037    0.0076   -1.0098    0.0038    0.0000    0.0000    0.0000    0.2500    0.0153 
   4.4078    0.0025   -0.3892   -0.1542 -179.7484    0.0533    0.0930    0.0172    0.0000    0.0000    0.0000    0.0000    0.0000    0.0000    4.2000   -0.0027    0.0068   -1.0073    0.0043    0.0000    0.0000    0.0000    0.2500    0.0156 
   4.4327    0.0025   -0.3819   -0.1356 -179.7464    0.1143   -0.0291    0.0172    0.0000    0.0000    0.0000    0.0000    0.0000    0.0000    4.2000   -0.0024    0.0068   -1.0110    0.0043    0.0000    0.0000    0.0000    0.2500    0.0156 
   4.4619    0.0025   -0.3876   -0.1524 -179.7449    0.1143    0.0320    0.0172    0.0000    0.0000    0.0000    0.0000    0.0000    0.0000    4.1920   -0.0027    0.0068   -1.0129    0.0033    0.0000    0.0000    0.0000    0.2500    0.0155 
   4.4909    0.0025   -0.4013   -0.0679 -179.7442   -0.0688   -0.1511   -0.0438    0.0000    0.0000    0.0000    0.0000    0.0000    0.0000    4.2000   -0.0012    0.0071   -1.0107    0.0025    0.0000    0.0000    0.0000    0.2500    0.0155 
   4.5159    0.0025   -0.4078   -0.1219 -179.7437    0.1143    0.1540    0.0172    0.0000    0.0000    0.0000    0.0000    0.0000    0.0000    4.2000    0.0002    0.0063   -1.0105    0.0025    0.0000    0.0000    0.0000    0.2500    0.0155 
   4.5450    0.0025   -0.3351   -0.1292 -179.7418    0.1143    0.0320    0.0172    0.0000    0.0000    0.0000    0.0000    0.0000    0.0000    4.2000   -0.0020    0.0063   -1.0083    0.0022    0.0000    0.0000    0.0000    0.2500    0.0157 
   4.5700    0.0025   -0.4278   -0.1392 -179.7408    0.1143    0.0320    0.1393    0.0000    0.0000    0.0000    0.0000    0.0000    0.0000    4.1920   -0.0017    0.0093   -1.0110    0.0002    0.0000    0.0000    0.0000    0.2500    0.0153 
   4.5990    0.0025   -0.3829   -0.1289 -179.7397   -0.1299    0.0320    0.1393    0.0000    0.0000    0.0000    0.0000    0.0000    0.0000    4.2000   -0.0024    0.0095   -1.0105    0.0002    0.0000    0.0000    0.0000    0.2500    0.0153 
   4.6280    0.0025   -0.3725   -0.1007 -179.7380    0.1753   -0.0291    0.0172    0.0000    0.0000    0.0000    0.0000    0.0000    0.0000    4.2000   -0.0015    0.0063   -1.0100   -0.0001    0.0000    0.0000    0.0000    0.2500    0.0152 
   4.6529    0.0025   -0.4596   -0.0654 -179.7360    0.0533    0.0320    0.0783    0.0000    0.0000    0.0000    0.0000    0.0000    0.0000    4.2000   -0.0020    0.0095   -1.0127   -0.0001    0.0000    0.0000    0.0000    0.2500    0.0152 
   4.6821    0.0025   -0.4573   -0.1152 -179.7353    0.1753   -0.0291    0.1393    0.0000    0.0000    0.0000    0.0000    0.0000    0.0000    4.1920   -0.0020    0.0085   -1.0146   -0.0003    0.0000    0.0000    0.0000    0.2500    0.0152 
   4.7112    0.0025   -0.3884   -0.1557 -179.7347    0.0533    0.0930    0.0172    0.0000    0.0000    0.0000    0.0000    0.0000    0.0000    4.2000   -0.0039    0.0066   -1.0073   -0.0005    0.0000    0.0000    0.0000    0.2500    0.0151 
   4.7362    0.0025   -0.3883   -0.1045 -179.7338   -0.0078    0.1540    0.0783    0.0000    0.0000    0.0000    0.0000    0.0000    0.0000    4.2000   -0.0010    0.0044   -1.0105   -0.0005    0.0000    0.0000    0.0000    0.2500    0.0151 
   4.7653    0.0025   -0.4405   -0.1771 -179.7337   -0.0078   -0.0291    0.0172    0.0000    0.0000    0.0000    0.0000    0.0000    0.0000    4.2000   -0.0046    0.0037   -1.0132    0.0000    0.0000    0.0000    0.0000    0.2500    0.0151 
   4.7903    0.0025   -0.5128   -0.1602 -179.7313   -0.1909   -0.0291    0.1393    0.0000    0.0000    0.0000    0.0000    0.0000    0.0000    4.2000   -0.0029    0.0093   -1.0107   -0.0023    0.0000    0.0000    0.0000    0.2500    0.0146 
   4.8197    0.0025   -0.4315   -0.1197 -179.7302    0.0533   -0.0291    0.0172    0.0000    0.0000    0.0000    0.0000    0.0000    0.0000    4.2000   -0.0012    0.0073   -1.0103   -0.0023    0.0000    0.0000    0.0000    0.2500    0.0146 
   4.8486    0.0025   -0.4319   -0.1186 -179.7282    0.0533    0.0320    0.1393    0.0000    0.0000    0.0000    0.0000    0.0000    0.0000    4.2000   -0.0022    0.0093   -1.0105   -0.0023    0.0000    0.0000    0.0000    0.2500    0.0146 
   4.8737    0.0025   -0.4041   -0.1358 -179.7280    0.0533   -0.0291    0.0172    0.0000    0.0000    0.0000    0.0000    0.0000    0.0000    4.2000   -0.0024    0.0068   -1.0117   -0.0023    0.0000    0.0000    0.0000    0.2500    0.0146 
   4.9028    0.0025   -0.4401   -0.1113 -179.7256    0.1143   -0.0901    0.0172    0.0000    0.0000    0.0000    0.0000    0.0000    0.0000    4.2000   -0.0012    0.0081   -1.0115   -0.0043    0.0000    0.0000    0.0000    0.2500    0.0141 
   4.9319    0.0025   -0.3924   -0.1187 -179.7230    0.1143    0.0930    0.0783    0.0000    0.0000    0.0000    0.0000    0.0000    0.0000    4.2080   -0.0012    0.0071   -1.0103   -0.0042    0.0000    0.0000    0.0000    0.2500    0.0140 
   4.9569    0.0025   -0.3321   -0.1583 -179.7229   -0.0078   -0.0291    0.0172    0.0000    0.0000    0.0000    0.0000    0.0000    0.0000    4.2000   -0.0024    0.0051   -1.0129   -0.0042    0.0000    0.0000    0.0000    0.2500    0.0140 
   4.9859    0.0025   -0.3868   -0.1275 -179.7211   -0.0078   -0.0291    0.0783    0.0000    0.0000    0.0000    0.0000    0.0000    0.0000    4.2000   -0.0027    0.0071   -1.0129   -0.0061    0.0000    0.0000    0.0000    0.2500    0.0134 
   5.0110    0.0025   -0.3958   -0.2144 -179.7210    0.0533    0.0930   -0.0438    0.0000    0.0000    0.0000    0.0000    0.0000    0.0100    4.2000   -0.0044    0.0068   -1.0103   -0.0045    0.0000    0.0000    0.0000    0.2500    0.0136 
   5.0401    0.0025   -0.3335   -0.1961 -179.7204   -0.0078   -0.0291    0.1393    0.0000    0.0000    0.0000    0.0000    0.0000    0.0225    4.2000   -0.0029    0.0049   -1.0076   -0.0045    0.0000    0.0000    0.0000    0.2500    0.0136 
   5.0692    0.0025   -0.3541   -0.1182 -179.7187    0.1753   -0.0901    0.0172    0.0000    0.0000    0.0000    0.0000    0.0000    0.0350    4.2000   -0.0012    0.0051   -1.0144   -0.0076    0.0000    0.0000    0.0000    0.2500    0.0128 
   5.0942    0.0025   -0.4271   -0.1527 -179.7172    0.0533   -0.0291    0.0783    0.0000    0.0000    0.0000    0.0000    0.0000    0.0475    4.2000   -0.0027    0.0090   -1.0120   -0.0076    0.0000    0.0000    0.0000    0.2500    0.0128 
   5.1234    0.0025   -0.4247   -0.1323 -179.7155   -0.0688    0.0320   -0.0438    0.0000    0.0000    0.0000    0.0000    0.0000    0.0600    4.2000   -0.0037    0.0061   -1.0107   -0.0056    0.0000    0.0000    0.0000    0.2500    0.0129 
   5.1525    0.0025   -0.4280   -0.1398 -179.7144    0.2364   -0.0291    0.1393    0.0000    0.0000    0.0000    0.0000    0.0000    0.0725    4.2000   -0.0020    0.0103   -1.0134   -0.0064    0.0000    0.0000    0.0000    0.2500    0.0126 
   5.1775    0.0025   -0.3845   -0.1304 -179.7132    0.1143    0.0320    0.0172    0.0000    0.0000    0.0000    0.0000    0.0000    0.0850    4.2000   -0.0010    0.0061   -1.0127   -0.0064    0.0000    0.0000    0.0000    0.2500    0.0126 
   5.2066    0.0025   -0.3985   -0.1349 -179.7137   -0.1299    0.0320    0.0172    0.0000    0.0000    0.0000    0.0000    0.0000    0.0975    4.2000   -0.0024    0.0066   -1.0127   -0.0046    0.0000    0.0000    0.0000    0.2500    0.0128 
   5.2317    0.0025   -0.3960   -0.1455 -179.7117    0.1753   -0.0901   -0.2879    0.0176    0.0176    1.4361    2.2088    0.6592    0.1100    4.1120   -0.0027    0.0044   -1.0264   -0.0002    0.0000    0.0795    0.1088    0.2500    0.0124 
   5.2609    0.0025   -0.3888   -0.1729 -179.7125    0.4805   -0.3342   -1.7528   -0.0176    0.0176    2.0101    3.6752   -0.3955    0.1225    4.0960   -0.0208    0.0264   -1.0154   -0.0002    0.0000    0.1206    0.0854    0.2500    0.0124 
   5.2901    0.0025   -0.3807   -0.1153 -179.7205   -0.1909   -0.0901    2.5197    0.0176   -0.0352    3.3574   -2.2768    0.3955    0.1350    4.0880    0.0278    0.0024   -1.0071   -0.0008    0.0000    0.1766    0.1963    0.2500    0.0126 
   5.3151    0.0025   -0.3897   -0.1514 -179.7540   -3.6089   -3.8743    0.3224    0.0000    0.0000    2.4443   -0.5486    0.0000    0.1475    4.0320    0.0642   -0.0032   -0.9912   -0.0008    0.0000    0.3755    0.3526    0.2500    0.0126 
   5.3444    0.0025   -0.3078   -0.1594 -179.6608    2.7388    7.3562   -7.1849    0.0000   -0.0176    0.6681    2.8596    0.6592    0.1600    4.0320   -0.0095   -0.3643   -1.0359    0.0155    0.0000    0.0000    0.1599    0.2500    0.0124 
   5.3739    0.0025   -0.3517   -0.1729 -179.7002    0.2974   -6.2547   -0.4100    0.0176    0.0176    4.4132    2.8298   -0.7910    0.1725    4.0080    0.0229    0.1975   -1.0371   -0.0178    0.0000    0.2111    0.0832    0.2500    0.0130 
   5.3989    0.0025   -0.3260   -0.1748 -179.6431  -17.1587    1.2527    6.7921    0.0176   -0.0352    3.4632   -1.7966    0.1318    0.1850    4.0400    0.1584   -0.1472   -1.0334   -0.0178    0.0000    0.3927    0.1856    0.2500    0.0130 
   5.4281    0.0025   -0.2889   -0.2176 -179.5604   10.2461   -2.0432    4.6559   -0.0176   -0.0352    1.0062    0.8201   -0.5273    0.1975    3.8480   -0.0630    0.1208   -1.0452   -0.0221    0.0000    0.2399    0.3036    0.2500    0.0123 
   5.4531    0.0025   -0.3286   -0.2008 -179.2516    4.2036    5.2810   24.7365    0.0527    0.0000    5.5823    2.2604    0.0000    0.2100    3.9920   -0.0786    0.0596   -1.0911    0.0076    0.0000    0.4102    0.5293    0.2500    0.0121 
   5.4823    0.0025   -0.3378   -0.2988 -179.0846    9.0865   -1.0056   -4.3773    0.0176   -0.0352    3.7944    4.5537   -0.2637    0.2225    4.0240   -0.1023    0.0701   -1.0063    0.0076    0.0000    0.1296    0.2057    0.2500    0.0121 
   5.5115    0.0025   -0.3364   -0.2291 -178.9470   -1.4726   -4.2405   14.7267    0.0176   -0.0176    1.8184    1.1765    0.0000    0.2350    4.0160    0.1663   -0.2068   -1.0618   -0.0095    0.0000    0.4341    0.3386    0.2500    0.0125 
   5.5365    0.0025   -0.4140   -0.2918 -178.9358    7.3775    2.0461   -7.6732   -0.0176   -0.0176    8.7245    0.8525   -0.3955    0.2475    4.0080   -0.0310    0.1865   -0.7922   -0.0095    0.0000    0.1828    0.2797    0.2500    0.0125 
   5.5658    0.0025   -0.3926   -0.3328 -179.1520   -0.7402   -1.0667   -9.0770   -0.0352   -0.0176    4.0732    3.7463   -0.2637    0.2600    3.9920   -0.1243    0.2131   -0.9324    0.0168    0.0000    0.1982    0.2527    0.2500    0.0127 
   5.5951    0.0025   -0.4027   -0.2652 -179.3063   -0.3130  -10.8323    4.2897   -0.0527   -0.0527    4.6024   -0.6161    0.1318    0.2725    3.9920   -0.0515    0.0366   -0.9219    0.0311    0.0000    0.4591    0.2840    0.2500    0.0132 
   5.6201    0.0025   -0.4424   -0.2310 -179.3993    0.5415   -4.5457   -1.2035   -0.0352   -0.0527    3.4471    0.9213   -0.2637    0.2850    3.9760    0.0039   -0.1736   -0.9670    0.0311    0.0000    0.2782    0.2278    0.2500    0.0132 
   5.6494    0.0024   -0.5066   -0.2383 -179.3053   -0.8012   13.2156    3.4962   -0.0352   -0.0352    7.8786   -1.6352   -0.1318    0.2975    3.9680    0.0024    0.0918   -1.0845   -0.0047    0.0000    0.2056    0.3915    0.2500    0.0145 
   5.6744    0.0025   -0.4456   -0.2226 -179.1847   -0.5571   -5.5833    1.1159   -0.1230    0.0176    0.5451    2.0715   -0.6592    0.3100    3.9440    0.0544    0.1277   -0.9856   -0.0138    0.0000    0.2909    0.1680    0.2500    0.0142 
   5.7035    0.0025   -0.4337   -0.1143 -179.1655   -5.0127   20.5398   -0.8983   -0.1055    0.0000    2.2879   -2.2581    0.0000    0.3225    3.9360    0.0625    0.0012   -1.0510   -0.0138    0.0000    0.1927    0.4704    0.2500    0.0142 
   5.7327    0.0025   -0.3668   -0.1649 -179.2008   -0.7402   -6.0105   -6.8797   -0.0703    0.0000    1.2825    3.8165   -0.6592    0.3350    3.9360   -0.0676   -0.1006   -1.0518   -0.0367    0.0000    0.3682    0.2751    0.2500    0.0143 
   5.7577    0.0025   -0.3934   -0.1224 -179.3628   -5.9892    8.0276   -7.0018   -0.0703    0.0176    1.8444   -0.0227    0.2637    0.3475    3.9200    0.0845    0.1172   -1.0583   -0.0367    0.0000    0.3720    0.3256    0.2500    0.0143 
   5.7871    0.0025   -0.3570   -0.1643 -179.4831    5.6685   -3.5691    1.1159   -0.1055   -0.0176   -1.8603    1.2550   -0.5273    0.3600    3.9200    0.0647    0.0344   -1.1008   -0.0418    0.0000    0.4808    0.5023    0.2500    0.0135 
   5.8164    0.0025   -0.3045   -0.2243 -179.5243    0.9077   -8.5130    0.8107   -0.0176   -0.0352    4.9466    7.0564   -0.2637    0.3725    3.9120   -0.0532    0.0464   -1.2075   -0.0829    0.0000    0.5518    0.3650    0.2500    0.0131 
   5.8414    0.0025   -0.2559   -0.2198 -179.5351    5.7295    7.2952   -0.8983   -0.0527   -0.0352    0.1337    0.4218   -0.2637    0.3850    3.9040   -0.1672   -0.0317   -0.9163   -0.0829    0.0000    0.4259    0.4284    0.2500    0.0131 
   5.8705    0.0025   -0.2067   -0.2636 -179.6207    7.9878  -13.7009   -1.9969   -0.0352   -0.0527    1.3837    2.2668   -0.1318    0.3975    3.8960    0.0913   -0.1687   -1.0522   -0.1029    0.0000    0.4551    0.3319    0.2500    0.0114 
   5.8955    0.0025   -0.2443   -0.3062 -179.6609   -8.6137   17.8542   -2.6683   -0.0703    0.0352    1.7865    5.7483   -0.3955    0.4100    3.8880   -0.0762    0.0674   -0.8000   -0.1661    0.0000    0.2724    0.4512    0.2500    0.0099 
   5.9249    0.0025   -0.1540   -0.3535 -179.6896  -10.4448    7.7834   -2.0580   -0.0176   -0.0352    1.3646    2.9679    0.1318    0.4225    3.8720   -0.0115   -0.1440   -0.8804   -0.1661    0.0000    0.3839    0.4290    0.2500    0.0099 
   5.9540    0.0025   -0.1861   -0.2500 -179.6078   -4.4633   -9.0623    7.5246   -0.0352   -0.0176    5.5558    0.7388   -0.2637    0.4350    3.8640    0.0095    0.1870   -0.9531   -0.1174    0.0000    0.5863    0.4114    0.2500    0.0071 
   5.9791    0.0025   -0.1035   -0.2683 -179.4569   19.7676   -0.3953    6.0597   -0.0703   -0.0527   -4.1942   -1.4176    0.2637    0.4475    3.8640    0.0103   -0.1226   -1.1750   -0.1174    0.0000    0.4611    0.4193    0.2500    0.0071 
   6.0084    0.0025   -0.1600   -0.3177 -179.2911    1.3960    2.1072    9.2946   -0.0352   -0.0703    4.6679   -0.3476   -0.2637    0.4600    3.8480   -0.0837    0.0366   -0.9480   -0.1607    0.0000    0.5091    0.5229    0.2500    0.0065 
   6.0376    0.0025   -0.0117   -0.2608 -178.9804    9.6968   -5.2781   13.3229   -0.0879   -0.0352   -2.6608    0.0812   -0.2637    0.4725    3.8320    0.0691    0.0283   -1.0459   -0.0751    0.0000    0.5366    0.4877    0.2500    0.0047 
   6.0626    0.0025    0.0088   -0.3403 -178.6085   -8.5527   -4.7898   16.3136   -0.0879   -0.0703    1.7845    0.1622   -0.3955    0.4850    3.8320    0.0061    0.0005   -1.0059   -0.0751    0.0000    0.5689    0.4954    0.2500    0.0047 
   6.0918    0.0025   -0.1586   -0.4644 -178.1627  -10.4448    8.6990   17.0461   -0.0176   -0.0527    4.0153    4.8535   -0.3955    0.4975    3.8160   -0.0303   -0.0017   -0.9573   -0.0388    0.0000    0.5391    0.5646    0.2500    0.0058 
   6.1169    0.0026   -0.4775   -0.1505 -177.7409    1.8843    8.0886   16.0085   -0.0352    0.0000    6.4011   -3.3429    0.0000    0.5100    3.8160   -0.0288   -0.1443   -0.8440   -0.0837    0.0000    0.5447    0.6105    0.2500    0.0074 
   6.1461    0.0025   -0.1666   -0.1074 -177.4168   20.8052   -1.3718   10.3322   -0.0352    0.0527   -6.2729    6.8223   -0.7910    0.5225    3.8000   -0.2637   -0.0615   -1.1077   -0.0837    0.0000    0.6044    0.5067    0.2500    0.0074 
   6.1753    0.0025    0.0990   -0.3964 -177.1139  -13.2524  -16.5086   13.0788    0.0176    0.0000    1.1946    9.8536    0.9229    0.5350    3.7920    0.0435   -0.1560   -0.9895    0.0339    0.0000    0.6555    0.4860    0.2500    0.0076 
   6.2003    0.0025   -0.5582   -0.8428 -176.8329  -26.4360  -17.2410   10.0880   -0.0527    0.0352   12.7175   13.4398   -0.2637    0.5475    3.7920    0.1389   -0.0261   -0.9373    0.0339    0.0000    0.6619    0.5314    0.2500    0.0076 
   6.2298    0.0026   -0.8310   -1.1786 -176.5541    4.4478  -18.0344   11.3698   -0.0352   -0.0352    5.1536   13.9072    0.0000    0.5600    3.7840    0.0813   -0.1089   -1.0317    0.0517    0.0000    0.6468    0.5725    0.2500    0.0104 
   6.2590    0.0025   -0.2769   -1.6760 -176.1893   35.2095  -19.7434   14.0553    0.0000   -0.0527   -7.8234   19.2724    0.0000    0.5725    3.7680    0.0325    0.1013   -1.3196    0.0916    0.0000    0.6393    0.6219    0.2500    0.0134 
   6.2840    0.0024    0.3713   -1.8558 -175.7251   14.1524   -0.5173   17.8395   -0.0527   -0.0176   -9.5670   16.1087   -0.1318    0.5800    3.7680    0.2061   -0.0063   -1.1777    0.0916    0.0000    0.6585    0.6579    0.2500    0.0134 
   6.3132    0.0025    0.1984   -1.8090 -175.2387  -26.4360    3.9382   19.6706   -0.0176   -0.0176    5.0005   13.9820    0.1318    0.5800    3.7600    0.1426   -0.0366   -1.1121    0.1634    0.0000    0.6971    0.6296    0.2500    0.0162 
   6.3383    0.0026   -0.4635   -1.6190 -174.7943  -23.0791    9.2483   17.9616    0.0176    0.0000   12.0877   14.4375   -0.2637    0.5800    3.7680   -0.0293    0.1987   -1.3545    0.2748    0.0000    0.7216    0.6304    0.2500    0.0207 
   6.3675    0.0025   -0.4439   -1.4798 -174.3612   13.9082    2.7175   17.0461    0.0352    0.0352    0.0813   15.1266   -0.2637    0.5800    3.7600   -0.4155   -0.1050   -1.0759    0.2748    0.0000    0.6709    0.6255    0.2500    0.0207 
   6.3967    0.0025   -0.0343   -1.3996 -173.9413   11.2837    2.6565   16.2526    0.0352    0.0527   -1.2089   16.6079   -0.1318    0.5800    3.7680    0.0300    0.2070   -1.1921    0.1976    0.0000    0.7184    0.6289    0.2500    0.0267 
   6.4217    0.0025    0.0082   -1.3658 -173.5257   -4.8296    2.9617   15.7643    0.0527   -0.0703    2.1518    9.9808   -0.3955    0.5800    3.7680   -0.1885    0.0723   -1.0989    0.1976    0.0000    0.6851    0.6175    0.2500    0.0267 
   6.4510    0.0024   -0.1994   -1.3583 -173.1548  -11.5434    4.1213   14.9098    0.1055   -0.0527    6.3260    8.9479    0.2637    0.5800    3.7680   -0.0415   -0.0586   -1.0642    0.1438    0.0000    0.6726    0.6347    0.2500    0.0304 
   6.4801    0.0025   -0.6074   -1.4309 -172.8175  -10.5058   -5.7664   12.5294    0.0703    0.0000   11.0484   16.0708    0.0000    0.5800    3.7520   -0.1167    0.1687   -1.2197    0.2015    0.0000    0.7101    0.5957    0.2500    0.0316 
   6.5052    0.0025   -0.6122   -1.3236 -172.4890    2.0064    0.7644   13.1398    0.1055   -0.0352    4.2214   11.0710   -0.6592    0.5800    3.7600   -0.0972   -0.2561   -1.0225    0.2015    0.0000    0.7343    0.5775    0.2500    0.0316 
   6.5344    0.0025   -0.4271   -1.1108 -172.1720   13.6031    7.6614   11.7360    0.1230   -0.0352    2.4697    5.3939   -0.1318    0.5800    3.7600    0.0862    0.0042   -0.5540    0.1068    0.0000    0.6150    0.6970    0.2500    0.0359 
   6.5597    0.0025   -0.2004   -0.8981 -171.8811    5.4243   12.9714   11.8581    0.0703    0.0176   -0.9473    5.1965   -0.3955    0.5800    3.7600    0.1445   -0.1704   -0.8787    0.0518    0.0000    0.6163    0.7096    0.2500    0.0372 
   6.5889    0.0025   -0.2612   -0.7884 -171.6381   -6.2334    5.5862    8.3791    0.1055   -0.0176    6.4705    4.9136    0.0000    0.5800    3.7600    0.0312    0.0120   -0.5989    0.0518    0.0000    0.6495    0.6306    0.2500    0.0372 
   6.6181    0.0025   -0.3742   -0.6934 -171.4063   -4.2802    2.4734    9.3556    0.0879   -0.0176    5.1666    5.4881   -0.7910    0.5800    3.7600   -0.2898    0.1589   -1.2009   -0.0022    0.0000    0.6847    0.6255    0.2500    0.0388 
   6.6431    0.0025   -0.3866   -0.6718 -171.1975    4.2647    1.9851    8.6842    0.1230   -0.0527    3.9691    5.3697    0.1318    0.5800    3.7520    0.0112   -0.2478   -0.8674   -0.0022    0.0000    0.6602    0.6579    0.2500    0.0388 
   6.6724    0.0025   -0.3270   -0.5864 -171.0146    4.2647    6.5017    7.0363    0.0527   -0.0352    3.7578    2.7446   -0.1318    0.5800    3.7600    0.1536    0.1091   -0.9551    0.0929    0.0000    0.6368    0.6679    0.2500    0.0400 
   6.7016    0.0025   -0.2761   -0.4537 -170.8515    2.0674    3.6941    6.0597    0.0879   -0.0527    3.6752    3.2992    0.5273    0.5800    3.7520    0.3994    0.0974   -0.7554    0.0279    0.0000    0.6387    0.6456    0.2500    0.0457 
   6.7267    0.0026   -0.2230   -0.4980 -170.6916   -0.2519    1.2527    6.4259    0.1230    0.0000    3.3636    8.2927   -0.3955    0.5800    3.7520   -0.1787   -0.0732   -1.1521    0.0279    0.0000    0.6833    0.6046    0.2500    0.0457 
   6.7560    0.0025   -0.2932   -0.5018 -170.5488   -0.3740    0.8254    6.1818    0.1230   -0.0352    5.6387    7.6217   -0.1318    0.5800    3.7520   -0.2095    0.0317   -1.0247    0.0400    0.0000    0.6799    0.5971    0.2500    0.0513 
   6.7810    0.0025   -0.2702   -0.5063 -170.4164    0.3584   -1.4939    4.4118    0.0879   -0.0352    3.1899    2.3882   -0.1318    0.5800    3.7520    0.1467    0.0222   -1.2883    0.1509    0.0000    0.6458    0.6056    0.2500    0.0568 
   6.8102    0.0025   -0.2944   -0.4671 -170.2870   -0.9843    6.2576    5.3883    0.1055   -0.0527    4.2067    3.2431   -0.3955    0.5800    3.7600    0.2605    0.0203   -1.2742    0.1509    0.0000    0.6143    0.6752    0.2500    0.0568 
   6.8394    0.0025   -0.2634   -0.5683 -170.1834    0.5415   -1.1887    2.9469    0.0879   -0.0527    3.5624    5.7056   -0.1318    0.5800    3.7520   -0.0532    0.0134   -1.1814    0.2501    0.0000    0.6400    0.6096    0.2500    0.0674 
   6.8647    0.0025   -0.2723   -0.5095 -170.0988   -2.1440    2.7785    3.9235    0.1406   -0.0176    4.1419    5.6669    0.5273    0.5800    3.7520   -0.2371   -0.0042   -0.5146    0.2501    0.0000    0.6866    0.6016    0.2500    0.0674 
   6.8939    0.0025   -0.2838   -0.4122 -170.0397   -1.0454    7.4783    2.1535    0.0879   -0.0352    4.6494    1.2067   -0.2637    0.5800    3.7360    0.2539    0.0281   -0.5459    0.3765    0.0000    0.6144    0.6640    0.2500    0.0791 
   6.9231    0.0025   -0.2847   -0.3243 -169.9821    0.7857    2.9006    2.4586    0.1055   -0.0879    4.5655   -0.9630    0.0000    0.5800    3.7440    0.2883    0.0417   -0.8232    0.3327    0.0000    0.6574    0.6304    0.2500    0.0948 
   6.9481    0.0025   -0.2453   -0.3507 -169.9241    0.0533    2.4734    2.0924    0.0527   -0.0176    2.2155    3.4951   -0.3955    0.5800    3.7520    0.0161    0.2000   -0.9978    0.3327    0.0000    0.6400    0.6038    0.2500    0.0948 
   6.9773    0.0025   -0.1935   -0.3338 -169.8774    0.9077   -1.2498    1.6042    0.0176    0.0176    0.9567    6.1074   -0.7910    0.5800    3.7440    0.0288    0.1970   -0.9219    0.3786    0.0000    0.6628    0.5825    0.2500    0.1063 
   7.0023    0.0025   -0.1655   -0.4492 -169.8441    4.6309    0.0930    1.2379    0.0879   -0.0703    2.9726    6.8734    0.3955    0.5800    3.7440   -0.3210   -0.0635   -1.1594    0.4293    0.0000    0.6319    0.6068    0.2500    0.1197 
   7.0316    0.0025   -0.2020   -0.4604 -169.8060    0.3584    0.3982    0.8107    0.0527    0.0527    2.4605    8.6239   -0.5273    0.5800    3.7520   -0.2000   -0.0920   -1.2698    0.4293    0.0000    0.6588    0.5883    0.2500    0.1197 
   7.0609    0.0025   -0.2301   -0.3525 -169.7822   -0.1909    0.2151    0.2614    0.1055   -0.0527    2.6572    2.8051    0.9229    0.5800    3.7440   -0.0486   -0.0408   -1.1335    0.5143    0.0000    0.6344    0.5884    0.2500    0.1320 
   7.0859    0.0025   -0.2146   -0.3579 -169.7470   -0.0078   -2.4705    0.9328    0.0527    0.0000    2.7585    3.1198   -0.3955    0.5800    3.7440    0.5625   -0.0366   -1.1680    0.5143    0.0000    0.6477    0.5961    0.2500    0.1320 
   7.1152    0.0025   -0.1839   -0.3808 -169.7295   -2.5713   -1.7381    1.1769    0.0176    0.0000    2.5104    7.3159   -0.3955    0.5800    3.7440   -0.4302   -0.0552   -0.9978    0.5093    0.0000    0.6702    0.5914    0.2500    0.1465 
   7.1445    0.0025   -0.2250   -0.4242 -169.7130    0.4195    1.4968    1.6042    0.0703    0.0000    3.3600    6.1542   -0.5273    0.5800    3.7440   -0.1123   -0.0559   -1.1399    0.5003    0.0000    0.6620    0.6208    0.2500    0.1582 
   7.1697    0.0025   -0.1994   -0.4090 -169.7007    4.3257    2.9617    1.0548    0.0703   -0.0176    1.3694    5.8962   -0.3955    0.5800    3.7360   -0.1111   -0.0876   -1.1677    0.5003    0.0000    0.6369    0.6467    0.2500    0.1582 
   7.1989    0.0025   -0.1303   -0.3711 -169.6936    9.1475   -1.2498    0.4445    0.1055   -0.0352    1.3024    3.1685   -0.2637    0.5800    3.7440   -0.0093   -0.0178   -1.3704    0.5023    0.0000    0.6224    0.6336    0.2500    0.1694 
   7.2239    0.0025   -0.0164   -0.3112 -169.7022    7.8658    0.8254    0.2614    0.1230   -0.0703    0.6959    2.4565    0.0000    0.5800    3.7440   -0.0652   -0.1643   -0.8577    0.4262    0.0000    0.6276    0.6603    0.2500    0.1812 
   7.2531    0.0025    0.0348   -0.2844 -169.7234   -0.2519    1.1916   -0.8983    0.0703   -0.0527    0.6239    3.7423   -0.2637    0.5800    3.7360   -0.0291   -0.0579   -1.2175    0.4262    0.0000    0.6390    0.6038    0.2500    0.1812 
   7.2823    0.0025   -0.0365   -0.3165 -169.7555   -6.3554   -2.4094   -1.4476    0.0879   -0.0527    3.9960    5.3392    0.1318    0.5800    3.7360   -0.0195    0.0598   -0.5947    0.3757    0.0000    0.6779    0.5356    0.2500    0.1908 
   7.3073    0.0025   -0.1759   -0.2376 -169.7888   -3.9751    0.2761   -1.5086    0.0879   -0.0352    2.2086    2.0719    0.1318    0.5800    3.7360    0.1208   -0.1790   -1.0664    0.3757    0.0000    0.6410    0.5769    0.2500    0.1908 
   7.3368    0.0026   -0.2230   -0.2527 -169.8294    0.3584    0.3371   -1.8138    0.0703   -0.0527    1.1510    4.9874   -0.2637    0.5800    3.7440   -0.2139   -0.0278   -0.7783    0.4004    0.0000    0.6590    0.5488    0.2500    0.2009 
   7.3660    0.0025   -0.1729   -0.1256 -169.8780    0.0533    5.4031   -3.2787    0.1230   -0.0176    5.7251    4.1945    0.0000    0.5800    3.7360   -0.0862    0.1711   -1.0073    0.3723    0.0000    0.6300    0.5298    0.2500    0.2119 
   7.3910    0.0025   -0.1550   -0.0610 -169.9460    3.7154    2.4734   -3.7059    0.0703   -0.0527    2.2961    1.3255    0.1318    0.5800    3.7360    0.1240    0.1670   -1.2996    0.3723    0.0000    0.6065    0.5807    0.2500    0.2119 
   7.4202    0.0025   -0.1246   -0.0669 -170.0106   -2.7544    4.6706   -2.6683    0.2461   -0.0352    6.6305    1.0462   -0.1318    0.5800    3.7360   -0.1658    0.0552   -0.9817    0.2692    0.0000    0.6364    0.5872    0.2500    0.2240 
   7.4452    0.0025   -0.1905    0.0638 -170.0788    0.2974    3.8772   -3.5838    0.4043   -0.0352    9.9097   -0.9291   -0.3955    0.5800    3.7360    0.0903    0.1794   -0.9153    0.2372    0.0000    0.6166    0.6184    0.2500    0.2335 
   7.4747    0.0025   -0.0935    0.0929 -170.1437    6.2178    1.3747   -2.3631    0.6855   -0.0176    9.5109    0.4899    0.2637    0.5800    3.7360   -0.2146   -0.1418   -0.3250    0.2372    0.0000    0.6487    0.5787    0.2500    0.2335 
   7.5038    0.0025    0.0466    0.0692 -170.2152    8.2930    0.0320   -3.9500    0.7383   -0.0352    3.8651    0.9965   -0.5273    0.5800    3.7360    0.1750   -0.1152   -1.0542    0.3154    0.0000    0.6115    0.6093    0.2500    0.2436 
   7.5289    0.0025    0.1623    0.0820 -170.3097    4.0205    0.7034   -3.2176    0.8789   -0.0352    6.2453    1.3220    0.0000    0.5800    3.7360   -0.2666   -0.2427   -1.0205    0.3154    0.0000    0.6378    0.5906    0.2500    0.2436 
   7.5582    0.0025    0.2677    0.0319 -170.3860    4.9971   -1.5549   -3.5838    0.8437    0.0176    4.0780    5.6167   -0.1318    0.2133    3.9840   -0.0378    0.0010   -0.8611    0.3667    0.0000    0.2695    0.1956    0.2500    0.2570 
   7.5874    0.0025    0.3628    0.1111 -170.4819    2.9219    3.2668   -4.3773    0.8613   -0.0527    1.0063    0.4539    0.0000    0.3233    3.9280   -0.0088   -0.0166   -0.6506    0.2567    0.0000    0.3566    0.3350    0.2500    0.2722 
   7.6124    0.0025    0.4300    0.2090 -170.5975    2.4336    5.1589   -5.1097    0.8262   -0.0527    6.1930   -2.3111   -0.3955    0.3233    3.9200    0.0217    0.0361   -0.6526    0.2567    0.0000    0.3502    0.3398    0.2500    0.2722 
   7.6418    0.0025    0.4648    0.2985 -170.7279    5.4243    4.2434   -5.4149    0.8789   -0.0879    2.5364   -4.2787    1.0547    0.4164    3.8400   -0.0046   -0.0154   -0.6064    0.1636    0.0000    0.4318    0.4343    0.2500    0.2847 
   7.6668    0.0025    0.5694    0.2516 -170.8427    6.5230   -0.3342   -4.3773    0.9668   -0.0703    7.2125    1.5821    0.7910    0.4981    3.8400   -0.0281   -0.0073   -0.7139    0.0819    0.0000    0.5673    0.4884    0.2500    0.2951 
   7.6960    0.0025    0.5602    0.0565 -170.9477    6.1568   -0.4563   -4.0721    1.0020   -0.0352    9.8180    4.0449    1.1865    0.4981    3.7760   -0.0149    0.0339   -0.8081    0.0819    0.0000    0.5826    0.4660    0.2500    0.2951 
   7.7252    0.0025    0.6660    0.1104 -171.0489    3.7154   -2.1043   -3.8280    0.9141   -0.0352    1.2496    4.1930    1.4502    0.5672    3.7200   -0.0369   -0.0149   -0.7756    0.0128    0.0000    0.6358    0.5358    0.2500    0.3043 
   7.7502    0.0025    0.6293   -0.0643 -171.1400   -2.8154   -3.8743   -3.5228    0.8789   -0.0352    4.1976    5.5992    1.0547    0.5672    3.7280   -0.0981    0.0337   -0.9441    0.0128    0.0000    0.6341    0.5419    0.2500    0.3043 
   7.7796    0.0025    0.4695   -0.1051 -171.2347   -8.4917   -3.4470   -4.1331    0.8789   -0.0527    6.7771    2.7836    0.9229    0.5840    3.7200   -0.0300    0.1611   -1.0718   -0.0040    0.0000    0.6633    0.5455    0.2500    0.3126 
   7.8089    0.0025    0.2683   -0.2493 -171.3235   -0.9233   -3.9964   -4.1942    0.8965    0.0176    7.0802    8.9713    0.7910    0.5638    3.7280   -0.2075    0.1406   -1.0681    0.0162    0.0000    0.6201    0.5442    0.2500    0.3220 
   7.8339    0.0025    0.3483   -0.2203 -171.4053    3.0440    1.9851   -3.8890    0.8789   -0.0176    6.1522    3.0020    0.7910    0.5638    3.7440    0.0376    0.2178   -0.9939    0.0162    0.0000    0.6035    0.5690    0.2500    0.3220 
   7.8631    0.0025    0.4723   -0.1957 -171.4752    1.5181   -1.0667   -2.5462    0.8965   -0.0703    4.3891    3.5443    0.5273    0.5070    3.7760   -0.0549   -0.0540   -0.8623    0.0730    0.0000    0.5732    0.5085    0.2500    0.3320 
   7.8881    0.0025    0.4709   -0.2091 -171.5481   -2.8764   -0.1511   -3.1566    0.8965   -0.0352    7.6078    3.9329    1.3184    0.5187    3.7840    0.1113    0.2151   -0.8840    0.0613    0.0000    0.5754    0.5049    0.2500    0.3422 
   7.9173    0.0025    0.5251   -0.2135 -171.6000    3.5933    2.9006   -1.7528    0.9141   -0.0176    4.3240    3.6735    0.2637    0.5187    3.7680    0.0410    0.1045   -1.2268    0.0613    0.0000    0.5332    0.5483    0.2500    0.3422 
   7.9467    0.0026    0.6773   -0.2783 -171.6501    3.6543   -2.9588   -1.6917    0.8789   -0.0176   -2.7440    7.4727    1.0547    0.5013    3.7840   -0.1479   -0.1194   -0.8879    0.0787    0.0000    0.5881    0.4896    0.2500    0.3521 
   7.9716    0.0025    0.7091   -0.1445 -171.6990    1.2740    2.2903   -2.2411    0.9141    0.0176    2.2949    1.1695    0.7910    0.5013    3.7760    0.0532   -0.0581   -0.8916    0.0787    0.0000    0.5342    0.5040    0.2500    0.3521 
   8.0009    0.0025    0.7315   -0.0705 -171.7284   -1.7168   -2.3484   -0.4100    0.8965   -0.0352    4.5394    4.1352    1.7139    0.6066    3.6960   -0.1929   -0.0352   -0.9509   -0.0266    0.0000    0.6945    0.5809    0.2500    0.3589 
   8.0301    0.0025    0.7071   -0.0864 -171.7337   -4.2802   -3.8743   -0.9593    0.8965   -0.0352    1.8100    3.5861    0.6592    0.5678    3.7040   -0.0132   -0.3218   -0.9248    0.0122    0.0000    0.6007    0.5729    0.2500    0.3623 
   8.0551    0.0025    0.5245   -0.1754 -171.7516   -5.5620   -1.0667   -0.1659    0.9141   -0.0527    8.5057    5.3215    0.7910    0.5678    3.7360   -0.2864   -0.2471   -0.3960    0.0122    0.0000    0.6599    0.5545    0.2500    0.3623 
   8.0843    0.0025    0.4391   -0.1081 -171.7565    0.0533    1.0696   -0.0438    0.8613    0.0176    4.7525    2.5040    0.1318    0.6813    3.6560    1.0540    0.1829   -1.2139   -0.1013    0.0000    0.7227    0.6927    0.2500    0.3633 
